    4 1.0000 1.0000
 -30.000   0.000   0.000   0.000   0.000   1.158 -30.000   1.158
    4 1.5869 1.5869
 -30.000   1.158   0.000   1.158   0.000   1.228 -30.000   1.228
    4 1.7114 1.7114
 -30.000   1.228   0.000   1.228   0.000   1.390 -30.000   1.390
    4 1.7750 1.7750
 -30.000   1.390   0.000   1.390   0.000   1.440 -30.000   1.440
    4 1.7223 1.7223
 -30.000   1.440   0.000   1.440   0.000   1.490 -30.000   1.490
    4 1.8405 1.8405
 -30.000   1.490   0.000   1.490   0.000   1.683 -30.000   1.683
    4 1.9404 1.9404
 -30.000   1.683   0.000   1.683   0.000   1.834 -30.000   1.834
    4 2.0316 2.0316
 -30.000   1.834   0.000   1.834   0.000   2.396 -30.000   2.396
    4 2.1969 2.1969
 -30.000   2.396   0.000   2.396   0.000   3.037 -30.000   3.037
    4 2.3926 2.3926
 -30.000   3.037   0.000   3.037   0.000   3.972 -30.000   3.972
    4 1.0000 1.0000
   0.000   0.000   0.887   0.000   0.887   1.157   0.000   1.158
    4 1.0000 1.0000
   0.887   0.000   1.495   0.000   1.495   1.152   0.887   1.157
    4 1.0000 1.0000
   1.495   0.000   3.339   0.000   3.339   1.138   1.495   1.152
    4 1.0000 1.0000
   3.339   0.000   4.488   0.000   4.488   1.124   3.339   1.138
    4 1.0000 1.0000
   4.488   0.000   5.764   0.000   5.764   1.107   4.488   1.124
    4 1.0000 1.0000
   5.764   0.000   7.346   0.000   7.346   1.089   5.764   1.107
    4 1.0000 1.0000
   7.346   0.000   9.236   0.000   9.236   1.078   7.346   1.089
    4 1.0000 1.0000
   9.236   0.000  11.839   0.000  11.839   1.068   9.236   1.078
    4 1.0000 1.0000
  11.839   0.000  13.679   0.000  13.679   1.060  11.839   1.068
    4 1.0000 1.0000
  13.679   0.000  14.960   0.000  14.960   1.058  13.679   1.060
    4 1.0000 1.0000
  14.960   0.000  16.475   0.000  16.475   1.055  14.960   1.058
    4 1.0000 1.0000
  16.475   0.000  19.158   0.000  19.158   1.055  16.475   1.055
    4 1.0000 1.0000
  19.158   0.000  21.127   0.000  21.127   1.051  19.158   1.055
    4 1.0000 1.0000
  21.127   0.000  22.442   0.000  22.442   1.049  21.127   1.051
    4 1.0000 1.0000
  22.442   0.000  23.692   0.000  23.692   1.039  22.442   1.049
    4 1.0000 1.0000
  23.692   0.000  25.738   0.000  25.738   1.035  23.692   1.039
    4 1.0000 1.0000
  25.738   0.000  27.000   0.000  27.000   1.033  25.738   1.035
    4 1.5869 1.5869
   0.000   1.158   0.887   1.157   0.887   1.226   0.000   1.228
    4 1.5869 1.5869
   0.887   1.157   1.495   1.152   1.495   1.225   0.887   1.226
    4 1.5869 1.5869
   1.495   1.152   2.480   1.144   2.480   1.223   1.495   1.225
    4 1.5869 1.5869
   2.480   1.144   3.339   1.138   3.339   1.216   2.480   1.223
    4 1.5869 1.5869
   3.339   1.138   4.488   1.124   4.488   1.207   3.339   1.216
    4 1.5869 1.5869
   4.488   1.124   5.356   1.113   5.356   1.200   4.488   1.207
    4 1.5869 1.5869
   5.356   1.113   5.764   1.107   5.764   1.196   5.356   1.200
    4 1.5869 1.5869
   5.764   1.107   7.346   1.089   7.346   1.181   5.764   1.196
    4 1.5869 1.5869
   7.346   1.089   8.353   1.083   8.353   1.171   7.346   1.181
    4 1.5869 1.5869
   8.353   1.083   9.236   1.078   9.236   1.170   8.353   1.171
    4 1.5869 1.5869
   9.236   1.078  11.661   1.068  11.661   1.165   9.236   1.170
    4 1.5869 1.5869
  11.661   1.068  11.839   1.068  11.839   1.164  11.661   1.165
    4 1.5869 1.5869
  11.839   1.068  13.679   1.060  13.679   1.158  11.839   1.164
    4 1.5869 1.5869
  13.679   1.060  14.960   1.058  14.960   1.153  13.679   1.158
    4 1.5869 1.5869
  14.960   1.058  16.004   1.056  16.004   1.149  14.960   1.153
    4 1.5869 1.5869
  16.004   1.056  16.475   1.055  16.475   1.150  16.004   1.149
    4 1.5869 1.5869
  16.475   1.055  18.462   1.055  18.462   1.154  16.475   1.150
    4 1.5869 1.5869
  18.462   1.055  19.158   1.055  19.158   1.149  18.462   1.154
    4 1.5869 1.5869
  19.158   1.055  20.107   1.053  20.107   1.142  19.158   1.149
    4 1.5869 1.5869
  20.107   1.053  20.791   1.052  20.791   1.144  20.107   1.142
    4 1.5869 1.5869
  20.791   1.052  21.127   1.051  21.127   1.144  20.791   1.144
    4 1.5869 1.5869
  21.127   1.051  21.950   1.050  21.950   1.143  21.127   1.144
    4 1.5869 1.5869
  21.950   1.050  22.442   1.049  22.442   1.141  21.950   1.143
    4 1.5869 1.5869
  22.442   1.049  23.692   1.039  23.692   1.134  22.442   1.141
    4 1.5869 1.5869
  23.692   1.039  24.851   1.037  24.851   1.127  23.692   1.134
    4 1.5869 1.5869
  24.851   1.037  25.738   1.035  25.738   1.121  24.851   1.127
    4 1.5869 1.5869
  25.738   1.035  27.000   1.033  27.000   1.113  25.738   1.121
    4 1.7114 1.7114
   0.000   1.228   2.480   1.223   2.480   1.369   0.000   1.390
    4 1.7114 1.7114
   2.480   1.223   4.892   1.204   4.892   1.348   2.480   1.369
    4 1.7114 1.7114
   4.892   1.204   5.356   1.200   5.356   1.332   4.892   1.348
    4 1.7114 1.7114
   5.356   1.200   6.875   1.185   6.875   1.278   5.356   1.332
    4 1.7114 1.7114
   6.875   1.185   8.353   1.171   8.353   1.285   6.875   1.278
    4 1.7114 1.7114
   8.353   1.171   9.571   1.169   9.571   1.290   8.353   1.285
    4 1.7114 1.7114
   9.571   1.169  11.661   1.165  11.661   1.275   9.571   1.290
    4 1.7114 1.7114
  11.661   1.165  11.844   1.164  11.844   1.274  11.661   1.275
    4 1.7114 1.7114
  11.844   1.164  15.524   1.151  15.524   1.250  11.844   1.274
    4 1.7114 1.7114
  15.524   1.151  16.004   1.149  16.004   1.250  15.524   1.250
    4 1.7114 1.7114
  16.004   1.149  18.462   1.154  18.462   1.246  16.004   1.250
    4 1.7114 1.7114
  18.462   1.154  18.573   1.153  18.573   1.246  18.462   1.246
    4 1.7114 1.7114
  18.573   1.153  20.107   1.142  20.107   1.248  18.573   1.246
    4 1.7114 1.7114
  20.107   1.142  20.125   1.142  20.125   1.248  20.107   1.248
    4 1.7114 1.7114
  20.125   1.142  20.791   1.144  20.791   1.250  20.125   1.248
    4 1.7114 1.7114
  20.791   1.144  21.068   1.144  21.068   1.250  20.791   1.250
    4 1.7114 1.7114
  21.068   1.144  21.950   1.143  21.950   1.245  21.068   1.250
    4 1.7114 1.7114
  21.950   1.143  22.397   1.141  22.397   1.242  21.950   1.245
    4 1.7114 1.7114
  22.397   1.141  24.851   1.127  24.851   1.240  22.397   1.242
    4 1.7114 1.7114
  24.851   1.127  25.132   1.125  25.132   1.239  24.851   1.240
    4 1.7114 1.7114
  25.132   1.125  27.000   1.113  27.000   1.228  25.132   1.239
    4 1.7750 1.7750
   0.000   1.390   2.828   1.366   2.828   1.435   0.000   1.440
    4 1.7750 1.7750
   2.828   1.366   4.892   1.348   4.892   1.404   2.828   1.435
    4 1.7750 1.7750
   4.892   1.348   6.875   1.278   6.875   1.375   4.892   1.404
    4 1.7750 1.7750
   6.875   1.278   7.362   1.280   7.362   1.368   6.875   1.375
    4 1.7750 1.7750
   7.362   1.280   9.571   1.290   9.571   1.355   7.362   1.368
    4 1.7750 1.7750
   9.571   1.290  11.844   1.274  11.844   1.342   9.571   1.355
    4 1.7750 1.7750
  11.844   1.274  14.230   1.259  14.230   1.329  11.844   1.342
    4 1.7750 1.7750
  14.230   1.259  15.524   1.250  15.524   1.328  14.230   1.329
    4 1.7750 1.7750
  15.524   1.250  18.573   1.246  18.573   1.325  15.524   1.328
    4 1.7750 1.7750
  18.573   1.246  19.645   1.247  19.645   1.324  18.573   1.325
    4 1.7750 1.7750
  19.645   1.247  20.125   1.248  20.125   1.324  19.645   1.324
    4 1.7750 1.7750
  20.125   1.248  21.068   1.250  21.068   1.324  20.125   1.324
    4 1.7750 1.7750
  21.068   1.250  22.397   1.242  22.397   1.324  21.068   1.324
    4 1.7750 1.7750
  22.397   1.242  25.132   1.239  25.132   1.323  22.397   1.324
    4 1.7750 1.7750
  25.132   1.239  27.000   1.228  27.000   1.323  25.132   1.323
    4 1.7223 1.7223
   0.000   1.440   2.828   1.435   2.828   1.465   0.000   1.490
    4 1.7223 1.7223
   2.828   1.435   2.852   1.434   2.852   1.465   2.828   1.465
    4 1.7041 1.7041
   2.852   1.434   7.362   1.368   7.362   1.369   2.852   1.465
    4 1.7041 1.7041
   7.362   1.368  12.601   1.338  12.601   1.355   7.362   1.368
    4 1.7223 1.7223
  12.601   1.338  14.179   1.329  14.179   1.376  12.601   1.355
    4 1.7223 1.7223
  14.179   1.329  14.230   1.329  14.230   1.376  14.179   1.376
    4 1.7223 1.7223
  14.230   1.329  19.645   1.324  19.645   1.370  14.230   1.376
    4 1.7223 1.7223
  19.645   1.324  19.733   1.324  19.733   1.370  19.645   1.370
    4 1.7223 1.7223
  19.733   1.324  27.000   1.323  27.000   1.353  19.733   1.370
    4 1.8405 1.8405
   0.000   1.490   2.852   1.465   2.852   1.603   0.000   1.683
    4 1.8405 1.8405
   2.852   1.465   3.565   1.450   3.565   1.584   2.852   1.603
    4 1.8405 1.8405
   3.565   1.450   6.945   1.377   6.945   1.503   3.565   1.584
    4 1.8405 1.8405
   6.945   1.377   7.362   1.368   7.362   1.502   6.945   1.503
    4 1.8405 1.8405
   7.362   1.368  12.601   1.355  12.601   1.492   7.362   1.502
    4 1.8405 1.8405
  12.601   1.355  14.179   1.376  14.179   1.488  12.601   1.492
    4 1.8405 1.8405
  14.179   1.376  16.012   1.374  16.012   1.485  14.179   1.488
    4 1.8405 1.8405
  16.012   1.374  19.733   1.370  19.733   1.475  16.012   1.485
    4 1.8405 1.8405
  19.733   1.370  20.131   1.369  20.131   1.474  19.733   1.475
    4 1.8405 1.8405
  20.131   1.369  27.000   1.353  27.000   1.465  20.131   1.474
    4 1.9404 1.9404
   0.000   1.683   3.565   1.584   3.565   1.762   0.000   1.834
    4 1.9404 1.9404
   3.565   1.584   6.945   1.503   6.945   1.693   3.565   1.762
    4 1.9404 1.9404
   6.945   1.503   8.459   1.500   8.459   1.662   6.945   1.693
    4 1.9404 1.9404
   8.459   1.500  16.012   1.485  16.012   1.653   8.459   1.662
    4 1.9404 1.9404
  16.012   1.485  17.587   1.481  17.587   1.651  16.012   1.653
    4 1.9404 1.9404
  17.587   1.481  20.131   1.474  20.131   1.638  17.587   1.651
    4 1.9404 1.9404
  20.131   1.474  27.000   1.465  27.000   1.605  20.131   1.638
    4 2.0316 2.0316
   0.000   1.834   8.459   1.662   8.459   2.395   0.000   2.396
    4 2.0316 2.0316
   8.459   1.662  12.793   1.657  12.793   2.395   8.459   2.395
    4 2.0316 2.0316
  12.793   1.657  17.587   1.651  17.587   2.387  12.793   2.395
    4 2.0316 2.0316
  17.587   1.651  27.000   1.605  27.000   2.372  17.587   2.387
    4 2.1969 2.1969
   0.000   2.396  12.793   2.395  12.793   3.039   0.000   3.037
    4 2.1969 2.1969
  12.793   2.395  12.800   2.394  12.800   3.039  12.793   3.039
    4 2.1969 2.1969
  12.800   2.394  27.000   2.372  27.000   3.028  12.800   3.039
    4 2.3926 2.3926
   0.000   3.037  12.800   3.039  12.800   3.976   0.000   3.972
    4 2.3926 2.3926
  12.800   3.039  27.000   3.028  27.000   3.980  12.800   3.976
