    12.830        -1
     0.000         0
     0.200         0
     0.400         0
     0.600         0
     0.800         0
     1.000         0
     1.200         0
     1.400         0
     1.600         0
     1.800         0
     2.000         0
     2.200         0
     2.400         0
     2.600         0
     2.800         0
     3.000         0
     3.200         0
     3.400         0
     3.600         0
     3.800         0
     4.000         0
     4.200         0
     4.400         0
     4.600         0
     4.800         0
     5.000         0
     5.200         0
     5.400         0
     5.600         0
     5.800         0
     6.000         0
     6.200         0
     6.400         0
     6.600         2
 0.40105E+01 0.27627E-01 0.00000E+00
 0.40106E+01 0.52902E-01 0.31216E+01
     6.800         2
 0.38953E+01 0.27151E-01 0.00000E+00
 0.38965E+01 0.52634E-01 0.29682E+01
     7.000         2
 0.37800E+01 0.26336E-01 0.00000E+00
 0.37823E+01 0.52366E-01 0.28147E+01
     7.200         2
 0.36647E+01 0.25418E-01 0.00000E+00
 0.36681E+01 0.52098E-01 0.26613E+01
     7.400         2
 0.35493E+01 0.24445E-01 0.00000E+00
 0.35540E+01 0.51831E-01 0.25078E+01
     7.600         2
 0.34338E+01 0.23478E-01 0.00000E+00
 0.34398E+01 0.51563E-01 0.23543E+01
     7.800         2
 0.33184E+01 0.22511E-01 0.00000E+00
 0.33256E+01 0.51295E-01 0.22009E+01
     8.000         2
 0.32029E+01 0.21542E-01 0.00000E+00
 0.32115E+01 0.51027E-01 0.20474E+01
     8.200         5
 0.30874E+01 0.20335E-01 0.00000E+00
 0.30973E+01 0.50759E-01 0.18940E+01
 0.30092E+01 0.10858E+00 0.00000E+00
 0.30092E+01 0.10858E+00 0.00000E+00
 0.30093E+01 0.70451E-01 0.31265E+01
     8.400         5
 0.29718E+01 0.19091E-01 0.00000E+00
 0.29831E+01 0.50491E-01 0.17405E+01
 0.29061E+01 0.10457E+00 0.00000E+00
 0.29061E+01 0.10457E+00 0.00000E+00
 0.29067E+01 0.84696E-01 0.29867E+01
     8.600         5
 0.28562E+01 0.17311E-01 0.00000E+00
 0.28690E+01 0.50224E-01 0.15870E+01
 0.28025E+01 0.97703E-01 0.00000E+00
 0.28025E+01 0.97703E-01 0.00000E+00
 0.28041E+01 0.98941E-01 0.28469E+01
     8.800         5
 0.27406E+01 0.15493E-01 0.00000E+00
 0.27548E+01 0.49956E-01 0.14336E+01
 0.26984E+01 0.89317E-01 0.00000E+00
 0.26984E+01 0.89317E-01 0.00000E+00
 0.27015E+01 0.11319E+00 0.27071E+01
     9.000         5
 0.26249E+01 0.13440E-01 0.00000E+00
 0.26406E+01 0.49688E-01 0.12801E+01
 0.25940E+01 0.79773E-01 0.00000E+00
 0.25940E+01 0.79773E-01 0.00000E+00
 0.25989E+01 0.12743E+00 0.25673E+01
     9.200         6
 0.25625E+01 0.17454E+00 0.30996E+01
 0.25092E+01 0.11268E-01 0.00000E+00
 0.25265E+01 0.49420E-01 0.11267E+01
 0.24893E+01 0.69218E-01 0.00000E+00
 0.24893E+01 0.69218E-01 0.00000E+00
 0.24963E+01 0.14167E+00 0.24275E+01
     9.400         6
 0.24373E+01 0.18883E+00 0.29502E+01
 0.23935E+01 0.90957E-02 0.00000E+00
 0.24123E+01 0.49152E-01 0.97320E+00
 0.23843E+01 0.57006E-01 0.00000E+00
 0.23843E+01 0.57006E-01 0.00000E+00
 0.23950E+01 0.16320E+00 0.21557E+01
     9.600        10
 0.23125E+01 0.21271E+00 0.27827E+01
 0.22777E+01 0.78234E-02-0.16645E+00
 0.22981E+01 0.48884E-01 0.81974E+00
 0.22791E+01 0.23045E+00 0.00000E+00
 0.22798E+01 0.10279E+00 0.31416E+01
 0.22855E+01 0.52103E-01 0.14946E+01
 0.22855E+01 0.52103E-01 0.14946E+01
 0.22791E+01 0.42811E-01 0.00000E+00
 0.22791E+01 0.42811E-01 0.00000E+00
 0.22941E+01 0.18724E+00 0.18383E+01
     9.800        10
 0.21880E+01 0.24951E+00 0.25907E+01
 0.21619E+01 0.68965E-02-0.39682E+00
 0.21840E+01 0.48617E-01 0.66628E+00
 0.21689E+01 0.14228E+00 0.00000E+00
 0.21715E+01 0.94379E-01 0.31416E+01
 0.21774E+01 0.82752E-01 0.13815E+01
 0.21774E+01 0.82752E-01 0.13815E+01
 0.21737E+01 0.27670E-01 0.00000E+00
 0.21737E+01 0.27670E-01 0.00000E+00
 0.21931E+01 0.21127E+00 0.15210E+01
    10.000        10
 0.20645E+01 0.29100E+00 0.23577E+01
 0.20460E+01 0.59697E-02-0.62718E+00
 0.20698E+01 0.48349E-01 0.51282E+00
 0.20579E+01 0.71213E-01 0.00000E+00
 0.20633E+01 0.86093E-01 0.31416E+01
 0.20699E+01 0.10542E+00 0.11073E+01
 0.20699E+01 0.10542E+00 0.11073E+01
 0.20683E+01 0.15373E-01 0.00000E+00
 0.20683E+01 0.15373E-01 0.00000E+00
 0.20932E+01 0.21739E+00 0.11549E+01
    10.200        10
 0.19417E+01 0.33608E+00 0.20935E+01
 0.19302E+01 0.50428E-02-0.85755E+00
 0.19556E+01 0.48081E-01 0.35936E+00
 0.19465E+01 0.37646E-01 0.00000E+00
 0.19567E+01 0.80224E-01 0.31416E+01
 0.19635E+01 0.11155E+00 0.49968E+00
 0.19635E+01 0.11155E+00 0.49968E+00
 0.19627E+01 0.65732E-02 0.00000E+00
 0.19627E+01 0.65732E-02 0.00000E+00
 0.19959E+01 0.17641E+00 0.66103E+00
    10.400         7
 0.18206E+01 0.35998E+00 0.16745E+01
 0.18143E+01 0.41159E-02-0.10879E+01
 0.18415E+01 0.47813E-01 0.20590E+00
 0.18501E+01 0.74356E-01 0.31416E+01
 0.18578E+01 0.11245E+00 0.00000E+00
 0.18578E+01 0.11245E+00 0.00000E+00
 0.18986E+01 0.13543E+00 0.16713E+00
    10.600         7
 0.17016E+01 0.35495E+00 0.10443E+01
 0.16985E+01 0.31891E-02-0.13183E+01
 0.17273E+01 0.47545E-01 0.52443E-01
 0.17466E+01 0.65071E-01 0.31416E+01
 0.17549E+01 0.89103E-01 0.00000E+00
 0.17549E+01 0.89103E-01 0.00000E+00
 0.18051E+01 0.95640E-01 0.00000E+00
    10.800         7
 0.15827E+01 0.34890E+00 0.42030E+00
 0.15826E+01 0.22622E-02-0.15486E+01
 0.16197E+01 0.47867E-01 0.00000E+00
 0.16434E+01 0.55385E-01 0.31416E+01
 0.16532E+01 0.66668E-01 0.00000E+00
 0.16532E+01 0.66668E-01 0.00000E+00
 0.17135E+01 0.56456E-01 0.00000E+00
    11.000         6
 0.14706E+01 0.26890E+00 0.24576E+00
 0.15155E+01 0.48494E-01 0.00000E+00
 0.15458E+01 0.45960E-01 0.31416E+01
 0.15561E+01 0.47652E-01 0.00000E+00
 0.15561E+01 0.47652E-01 0.00000E+00
 0.16256E+01 0.31498E-01 0.00000E+00
    11.200         6
 0.13586E+01 0.18890E+00 0.71214E-01
 0.14121E+01 0.48146E-01 0.00000E+00
 0.14499E+01 0.37764E-01 0.31416E+01
 0.14623E+01 0.33642E-01 0.00000E+00
 0.14623E+01 0.33642E-01 0.00000E+00
 0.15426E+01 0.25359E-01 0.00000E+00
    11.400         6
 0.12536E+01 0.12933E+00 0.00000E+00
 0.13177E+01 0.36395E-01 0.00000E+00
 0.13608E+01 0.35229E-01 0.31416E+01
 0.13746E+01 0.28784E-01 0.00000E+00
 0.13746E+01 0.28784E-01 0.00000E+00
 0.14639E+01 0.21728E-01 0.00000E+00
    11.600         6
 0.11533E+01 0.83839E-01 0.00000E+00
 0.12268E+01 0.26139E-01 0.00000E+00
 0.12772E+01 0.36780E-01 0.31416E+01
 0.12911E+01 0.26464E-01 0.00000E+00
 0.12911E+01 0.26464E-01 0.00000E+00
 0.13924E+01 0.22272E-01 0.00000E+00
    11.800         6
 0.10602E+01 0.59651E-01 0.00000E+00
 0.11436E+01 0.19286E-01 0.00000E+00
 0.12000E+01 0.43059E-01 0.31416E+01
 0.12171E+01 0.29751E-01 0.00000E+00
 0.12171E+01 0.29751E-01 0.00000E+00
 0.13283E+01 0.25237E-01 0.00000E+00
    12.000         6
 0.97823E+00 0.68600E-01 0.00000E+00
 0.10718E+01 0.23497E-01 0.00000E+00
 0.11357E+01 0.57085E-01 0.31416E+01
 0.11540E+01 0.36953E-01 0.00000E+00
 0.11540E+01 0.36953E-01 0.00000E+00
 0.12718E+01 0.30668E-01 0.00000E+00
    12.200         6
 0.90801E+00 0.84724E-01 0.00000E+00
 0.10111E+01 0.31324E-01 0.00000E+00
 0.10790E+01 0.73556E-01 0.31416E+01
 0.10978E+01 0.46208E-01 0.00000E+00
 0.10978E+01 0.46208E-01 0.00000E+00
 0.12283E+01 0.37108E-01 0.00000E+00
    12.400         6
 0.85196E+00 0.10949E+00 0.00000E+00
 0.96429E+00 0.41015E-01 0.00000E+00
 0.10375E+01 0.92569E-01 0.31416E+01
 0.10604E+01 0.57015E-01 0.00000E+00
 0.10604E+01 0.57015E-01 0.00000E+00
 0.11907E+01 0.44005E-01 0.00000E+00
    12.600         6
 0.81967E+00 0.13059E+00 0.00000E+00
 0.93342E+00 0.49785E-01 0.00000E+00
 0.10124E+01 0.10674E+00 0.31416E+01
 0.10350E+01 0.65723E-01 0.00000E+00
 0.10350E+01 0.65723E-01 0.00000E+00
 0.11733E+01 0.48588E-01 0.00000E+00
    12.800         3
 0.79749E+00 0.15012E+00 0.00000E+00
 0.10220E+01 0.72276E-01 0.00000E+00
 0.10220E+01 0.72276E-01 0.00000E+00
    13.000         6
 0.81374E+00 0.13337E+00 0.00000E+00
 0.92705E+00 0.51015E-01 0.00000E+00
 0.10075E+01 0.10839E+00 0.31416E+01
 0.10315E+01 0.67337E-01 0.00000E+00
 0.10315E+01 0.67337E-01 0.00000E+00
 0.11695E+01 0.48627E-01 0.00000E+00
    13.200         6
 0.83627E+00 0.11511E+00 0.00000E+00
 0.95200E+00 0.43477E-01 0.00000E+00
 0.10256E+01 0.96619E-01 0.31416E+01
 0.10498E+01 0.60428E-01 0.00000E+00
 0.10498E+01 0.60428E-01 0.00000E+00
 0.11832E+01 0.44952E-01 0.00000E+00
    13.400         6
 0.89077E+00 0.90733E-01 0.00000E+00
 0.99401E+00 0.33612E-01 0.00000E+00
 0.10647E+01 0.78109E-01 0.31416E+01
 0.10900E+01 0.50037E-01 0.00000E+00
 0.10900E+01 0.50037E-01 0.00000E+00
 0.12166E+01 0.38750E-01 0.00000E+00
    13.600         6
 0.95415E+00 0.71479E-01 0.00000E+00
 0.10504E+01 0.25031E-01 0.00000E+00
 0.11160E+01 0.61062E-01 0.31416E+01
 0.11383E+01 0.40014E-01 0.00000E+00
 0.11383E+01 0.40014E-01 0.00000E+00
 0.12548E+01 0.32170E-01 0.00000E+00
    13.800         6
 0.10349E+01 0.62241E-01 0.00000E+00
 0.11188E+01 0.19348E-01 0.00000E+00
 0.11760E+01 0.45229E-01 0.31416E+01
 0.12004E+01 0.31653E-01 0.00000E+00
 0.12004E+01 0.31653E-01 0.00000E+00
 0.13106E+01 0.26697E-01 0.00000E+00
    14.000         6
 0.11235E+01 0.76887E-01 0.00000E+00
 0.11997E+01 0.22190E-01 0.00000E+00
 0.12516E+01 0.38537E-01 0.31416E+01
 0.12729E+01 0.27443E-01 0.00000E+00
 0.12729E+01 0.27443E-01 0.00000E+00
 0.13705E+01 0.22527E-01 0.00000E+00
    14.200         6
 0.12228E+01 0.12424E+00 0.00000E+00
 0.12879E+01 0.28229E-01 0.00000E+00
 0.13320E+01 0.35534E-01 0.31416E+01
 0.13503E+01 0.25192E-01 0.00000E+00
 0.13503E+01 0.25192E-01 0.00000E+00
 0.14414E+01 0.21896E-01 0.00000E+00
    14.400         6
 0.13251E+01 0.18098E+00 0.39571E-01
 0.13806E+01 0.36237E-01 0.00000E+00
 0.14196E+01 0.38002E-01 0.31416E+01
 0.14392E+01 0.30207E-01 0.00000E+00
 0.14392E+01 0.30207E-01 0.00000E+00
 0.15169E+01 0.23984E-01 0.00000E+00
    14.600         6
 0.14364E+01 0.26509E+00 0.19454E+00
 0.14822E+01 0.39847E-01 0.00000E+00
 0.15134E+01 0.45636E-01 0.31416E+01
 0.15301E+01 0.37368E-01 0.00000E+00
 0.15301E+01 0.37368E-01 0.00000E+00
 0.15994E+01 0.30084E-01 0.00000E+00
    14.800         6
 0.15477E+01 0.34921E+00 0.34951E+00
 0.15851E+01 0.42790E-01 0.00000E+00
 0.16097E+01 0.55370E-01 0.31416E+01
 0.16271E+01 0.51181E-01 0.00000E+00
 0.16271E+01 0.51181E-01 0.00000E+00
 0.16854E+01 0.51076E-01 0.00000E+00
    15.000         7
 0.16652E+01 0.36439E+00 0.95337E+00
 0.16625E+01 0.32282E-02-0.13322E+01
 0.16918E+01 0.44968E-01 0.63273E-01
 0.17115E+01 0.65444E-01 0.31416E+01
 0.17265E+01 0.68986E-01 0.00000E+00
 0.17265E+01 0.68986E-01 0.00000E+00
 0.17764E+01 0.92754E-01 0.00000E+00
    15.200         7
 0.17836E+01 0.37018E+00 0.16184E+01
 0.17778E+01 0.42687E-02-0.10843E+01
 0.18053E+01 0.45784E-01 0.23892E+00
 0.18139E+01 0.75371E-01 0.31416E+01
 0.18291E+01 0.92570E-01 0.00000E+00
 0.18291E+01 0.92570E-01 0.00000E+00
 0.18689E+01 0.13559E+00 0.12816E+00
    15.400         8
 0.19040E+01 0.34808E+00 0.20780E+01
 0.18932E+01 0.53091E-02-0.83631E+00
 0.19188E+01 0.46601E-01 0.41457E+00
 0.19091E+01 0.37129E-01 0.00000E+00
 0.19197E+01 0.81403E-01 0.31416E+01
 0.19334E+01 0.10893E+00 0.29168E+00
 0.19334E+01 0.10893E+00 0.29168E+00
 0.19658E+01 0.18175E+00 0.62365E+00
    15.600        10
 0.20262E+01 0.30057E+00 0.23504E+01
 0.20085E+01 0.63495E-02-0.58835E+00
 0.20323E+01 0.47418E-01 0.59022E+00
 0.20198E+01 0.71320E-01 0.00000E+00
 0.20255E+01 0.87436E-01 0.31416E+01
 0.20393E+01 0.11830E+00 0.86580E+00
 0.20393E+01 0.11830E+00 0.86580E+00
 0.20385E+01 0.10320E-01 0.00000E+00
 0.20385E+01 0.10320E-01 0.00000E+00
 0.20627E+01 0.22791E+00 0.11191E+01
    15.800        10
 0.21492E+01 0.25652E+00 0.25900E+01
 0.21238E+01 0.73900E-02-0.34039E+00
 0.21458E+01 0.48234E-01 0.76587E+00
 0.21301E+01 0.14430E+00 0.00000E+00
 0.21328E+01 0.95769E-01 0.31416E+01
 0.21461E+01 0.10532E+00 0.12206E+01
 0.21461E+01 0.10532E+00 0.12206E+01
 0.21442E+01 0.23367E-01 0.00000E+00
 0.21442E+01 0.23367E-01 0.00000E+00
 0.21625E+01 0.21565E+00 0.15241E+01
    16.000        10
 0.22732E+01 0.21703E+00 0.27860E+01
 0.22391E+01 0.84304E-02-0.92432E-01
 0.22593E+01 0.49051E-01 0.94152E+00
 0.22395E+01 0.22961E+00 0.00000E+00
 0.22402E+01 0.10433E+00 0.31416E+01
 0.22535E+01 0.75713E-01 0.14123E+01
 0.22535E+01 0.75713E-01 0.14123E+01
 0.22497E+01 0.42212E-01 0.00000E+00
 0.22497E+01 0.42212E-01 0.00000E+00
 0.22629E+01 0.18833E+00 0.19057E+01
    16.200         6
 0.23977E+01 0.19204E+00 0.29520E+01
 0.23544E+01 0.10505E-01 0.00000E+00
 0.23728E+01 0.49868E-01 0.11172E+01
 0.23550E+01 0.66174E-01 0.00000E+00
 0.23550E+01 0.66174E-01 0.00000E+00
 0.23634E+01 0.16102E+00 0.22873E+01
    16.400         6
 0.25224E+01 0.17658E+00 0.30981E+01
 0.24696E+01 0.13195E-01 0.00000E+00
 0.24863E+01 0.50684E-01 0.12928E+01
 0.24596E+01 0.80805E-01 0.00000E+00
 0.24596E+01 0.80805E-01 0.00000E+00
 0.24651E+01 0.14233E+00 0.24972E+01
    16.600         5
 0.25849E+01 0.15868E-01 0.00000E+00
 0.25998E+01 0.51501E-01 0.14685E+01
 0.25638E+01 0.94957E-01 0.00000E+00
 0.25638E+01 0.94957E-01 0.00000E+00
 0.25671E+01 0.12580E+00 0.26643E+01
    16.800         5
 0.27001E+01 0.18255E-01 0.00000E+00
 0.27133E+01 0.52318E-01 0.16441E+01
 0.26675E+01 0.10985E+00 0.00000E+00
 0.26675E+01 0.10985E+00 0.00000E+00
 0.26692E+01 0.10927E+00 0.28314E+01
    17.000         5
 0.28153E+01 0.20575E-01 0.00000E+00
 0.28268E+01 0.53135E-01 0.18198E+01
 0.27707E+01 0.12088E+00 0.00000E+00
 0.27707E+01 0.12088E+00 0.00000E+00
 0.27712E+01 0.92733E-01 0.29985E+01
    17.200         2
 0.29304E+01 0.22290E-01 0.00000E+00
 0.29403E+01 0.53951E-01 0.19954E+01
    17.400         2
 0.30454E+01 0.23862E-01 0.00000E+00
 0.30538E+01 0.54768E-01 0.21711E+01
    17.600         2
 0.31605E+01 0.25264E-01 0.00000E+00
 0.31673E+01 0.55585E-01 0.23467E+01
    17.800         2
 0.32754E+01 0.26749E-01 0.00000E+00
 0.32808E+01 0.56401E-01 0.25224E+01
    18.000         2
 0.33905E+01 0.28342E-01 0.00000E+00
 0.33943E+01 0.57218E-01 0.26980E+01
    18.200         2
 0.35055E+01 0.29910E-01 0.00000E+00
 0.35078E+01 0.58035E-01 0.28737E+01
    18.400         2
 0.36206E+01 0.31134E-01 0.00000E+00
 0.36213E+01 0.58851E-01 0.30493E+01
    18.600         0
    18.800         0
    19.000         0
    19.200         0
    19.400         0
    19.600         0
    19.800         0
    20.000         0
    20.200         0
    20.400         0
    20.600         0
    20.800         0
    21.000         0
    21.200         0
    21.400         0
    21.600         0
    21.800         0
    22.000         0
    22.200         0
    22.400         0
    22.600         0
    22.800         0
    23.000         0
    23.200         0
    23.400         0
    23.600         0
    23.800         0
    24.000         0
    24.200         0
    24.400         0
    24.600         0
    24.800         0
    25.000         0
    25.200         0
    25.400         0
    25.600         0
    25.800         0
    26.000         0
    26.200         0
    26.400         0
    26.600         0
    26.800         0
    27.000         0
    27.200         0
    27.400         0
    27.600         0
    27.800         0
    28.000         0
    28.200         0
    28.400         0
    28.600         0
    28.800         0
    29.000         0
    29.200         0
    29.400         0
    29.600         0
    29.800         0
    30.000         0
