    12.830    -1.000     0.000         0
     7.817     3.459     0.010         1
     9.681     2.255     0.010         1
    10.888     1.518     0.010         1
    11.522     1.171     0.010         1
    11.934     0.981     0.010         1
    12.239     0.870     0.010         1
    12.468     0.811     0.010         1
    12.695     0.779     0.010         1
    12.912     0.776     0.010         1
    13.135     0.801     0.010         1
    10.701     1.575     0.010         2
    10.978     1.448     0.010         2
    11.202     1.347     0.010         2
    11.533     1.201     0.010         2
    11.814     1.092     0.010         2
    12.036     1.017     0.010         2
    12.282     0.951     0.010         2
    12.536     0.907     0.010         2
    12.797     0.892     0.010         2
    13.105     0.914     0.010         2
    11.263     1.319     0.010         3
    11.021     1.424     0.010         3
    10.847     1.500     0.010         3
    10.747     1.544     0.010         3
    10.662     1.581     0.010         3
    10.585     1.614     0.010         3
    10.512     1.646     0.010         3
    10.440     1.677     0.010         3
    10.369     1.708     0.010         3
    10.252     1.759     0.010         3
    10.305     1.735     0.010         4
    11.490     1.250     0.010         4
    11.798     1.141     0.010         4
    12.052     1.068     0.010         4
    12.241     1.024     0.010         4
    12.422     0.993     0.010         4
    12.589     0.975     0.010         4
    12.771     0.968     0.010         4
    12.912     0.971     0.010         4
    13.078     0.986     0.010         4
    11.060     1.417     0.010         5
     9.970     1.875     0.010         5
     9.413     2.109     0.010         5
     8.952     2.304     0.010         5
     8.508     2.484     0.010         5
     8.196     2.624     0.010         5
     7.948     2.735     0.010         5
     7.712     2.841     0.010         5
     7.470     2.950     0.010         5
     7.297     3.029     0.010         5
     7.311     3.022     0.010         6
     8.293     2.587     0.010         6
     9.843     1.952     0.010         6
    10.608     1.649     0.010         6
    11.123     1.461     0.010         6
    11.557     1.323     0.010         6
    11.892     1.232     0.010         6
    12.265     1.159     0.010         6
    12.600     1.125     0.010         6
    13.005     1.130     0.010         6
    10.105     1.848     0.010         7
     8.298     2.558     0.010         7
     7.406     2.936     0.010         7
     6.572     3.291     0.010         7
     5.646     3.663     0.010         7
     4.585     4.087     0.010         7
     3.467     4.549     0.010         7
     2.381     4.993     0.010         7
     1.212     5.468     0.010         7
     0.001     5.955     0.010         7
     0.063     5.932     0.010         8
     3.702     4.481     0.010         8
     6.486     3.409     0.010         8
     8.130     2.775     0.010         8
     9.360     2.358     0.010         8
    10.267     2.091     0.010         8
    11.006     1.905     0.010         8
    11.685     1.783     0.010         8
    12.324     1.719     0.010         8
    13.007     1.719     0.010         8
     0.063     5.932     0.010         9
     3.702     4.481     0.010         9
     6.486     3.409     0.010         9
     8.130     2.775     0.010         9
     9.360     2.358     0.010         9
    10.267     2.091     0.010         9
    11.006     1.905     0.010         9
    11.685     1.783     0.010         9
    12.324     1.719     0.010         9
    13.007     1.719     0.010         9
     8.542     2.623     0.010        10
     7.577     2.975     0.010        10
     6.664     3.308     0.010        10
     5.729     3.631     0.010        10
     4.731     3.974     0.010        10
     3.783     4.312     0.010        10
     2.866     4.638     0.010        10
     1.919     4.970     0.010        10
     0.968     5.302     0.010        10
     0.005     5.635     0.010        10
     8.542     2.623     0.010        11
     7.577     2.975     0.010        11
     6.664     3.308     0.010        11
     5.729     3.631     0.010        11
     4.731     3.974     0.010        11
     3.783     4.312     0.010        11
     2.866     4.638     0.010        11
     1.919     4.970     0.010        11
     0.968     5.302     0.010        11
     0.005     5.635     0.010        11
     0.001     5.791     0.010        12
     0.811     5.544     0.010        12
     2.572     5.017     0.010        12
     4.444     4.478     0.010        12
     6.221     4.025     0.010        12
     7.723     3.672     0.010        12
     9.161     3.391     0.010        12
    10.474     3.228     0.010        12
    11.778     3.136     0.010        12
    13.185     3.146     0.010        12
    12.830     1.000     0.000         0
    29.995    11.594     0.010         1
    19.015     4.240     0.010         1
    16.345     2.492     0.010         1
    15.199     1.775     0.010         1
    14.552     1.395     0.010         1
    14.125     1.167     0.010         1
    13.812     1.019     0.010         1
    13.566     0.920     0.010         1
    13.360     0.853     0.010         1
    13.178     0.809     0.010         1
    15.930     2.212     0.010         2
    15.609     2.032     0.010         2
    15.358     1.889     0.010         2
    14.883     1.624     0.010         2
    14.546     1.446     0.010         2
    14.232     1.292     0.010         2
    13.942     1.162     0.010         2
    13.670     1.057     0.010         2
    13.411     0.977     0.010         2
    13.157     0.922     0.010         2
    15.169     1.782     0.010         3
    15.295     1.853     0.010         3
    15.323     1.868     0.010         3
    15.267     1.838     0.010         4
    15.308     1.859     0.010         4
    15.426     1.922     0.010         4
    15.460     1.939     0.010         4
    15.486     1.953     0.010         4
    15.508     1.965     0.010         4
    15.526     1.974     0.010         4
    15.521     1.971     0.010         5
    14.705     1.555     0.010         5
    14.315     1.371     0.010         5
    14.096     1.277     0.010         5
    13.887     1.194     0.010         5
    13.707     1.131     0.010         5
    13.547     1.082     0.010         5
    13.401     1.044     0.010         5
    13.266     1.015     0.010         5
    13.137     0.993     0.010         5
    15.052     1.731     0.010         6
    15.794     2.106     0.010         6
    16.075     2.248     0.010         6
    16.323     2.374     0.010         6
    16.431     2.429     0.010         6
    16.583     2.505     0.010         6
    16.699     2.563     0.010         6
    16.800     2.614     0.010         6
    16.913     2.670     0.010         6
    17.001     2.715     0.010         6
    17.000     2.714     0.010         7
    16.052     2.244     0.010         7
    15.411     1.935     0.010         7
    14.972     1.732     0.010         7
    14.604     1.574     0.010         7
    14.305     1.454     0.010         7
    13.987     1.339     0.010         7
    13.669     1.244     0.010         7
    13.377     1.179     0.010         7
    13.080     1.136     0.010         7
    15.434     1.946     0.010         8
    16.292     2.353     0.010         8
    17.064     2.721     0.010         8
    17.764     3.046     0.010         8
    18.574     3.415     0.010         8
    19.312     3.755     0.010         8
    20.069     4.102     0.010         8
    20.968     4.515     0.010         8
    21.657     4.834     0.010         8
    22.576     5.268     0.010         8
    22.577     5.269     0.010         9
    19.787     4.001     0.010         9
    18.182     3.308     0.010         9
    17.007     2.827     0.010         9
    16.164     2.494     0.010         9
    15.459     2.239     0.010         9
    14.784     2.029     0.010         9
    14.225     1.889     0.010         9
    13.713     1.793     0.010         9
    13.159     1.729     0.010         9
    22.577     5.269     0.010        10
    19.787     4.001     0.010        10
    18.182     3.308     0.010        10
    17.007     2.827     0.010        10
    16.164     2.494     0.010        10
    15.459     2.239     0.010        10
    14.784     2.029     0.010        10
    14.225     1.889     0.010        10
    13.713     1.793     0.010        10
    13.159     1.729     0.010        10
    16.808     2.747     0.010        11
    18.197     3.290     0.010        11
    19.725     3.886     0.010        11
    21.222     4.480     0.010        11
    22.467     4.971     0.010        11
    23.913     5.495     0.010        11
    25.470     6.064     0.010        11
    26.825     6.560     0.010        11
    28.428     7.132     0.010        11
    29.999     7.677     0.010        11
    16.808     2.747     0.010        12
    18.197     3.290     0.010        12
    19.725     3.886     0.010        12
    21.222     4.480     0.010        12
    22.467     4.971     0.010        12
    23.913     5.495     0.010        12
    25.470     6.064     0.010        12
    26.825     6.560     0.010        12
    28.428     7.132     0.010        12
    29.999     7.677     0.010        12
    29.999     7.692     0.010        13
    27.377     6.817     0.010        13
    24.217     5.772     0.010        13
    21.822     5.027     0.010        13
    20.039     4.459     0.010        13
    18.433     4.014     0.010        13
    17.116     3.699     0.010        13
    15.942     3.466     0.010        13
    14.771     3.282     0.010        13
    13.623     3.173     0.010        13
     0.000     0.000     0.000        -1
