Microsoft (R) Help Compiler
HCRTF 4.01.0951
Copyright (c) Microsoft Corp 1990 - 1995. All rights reserved.
SeisWide.hpj
    HC1010: Note: 
	The following mapped Topic IDs were not used in any topic:
	HIDD_DEPTH
	HID_EDIT_NOLABLES
	HIDD_BOUND_NODES
	HIDD_PRINT
	HIDD_DLGNEWVELFILE
	HID_EDIT_SAVEDIG
	HID_DIGITIZE_FINISHDIGITIZING
	HIDD_DLG_LATSHIFT
	HID_PROCESSING_TRACEREORDER
	HID_PROCESSING_REVERSERANGE2
	HIDD_DIALOG_DIGITIZE
	HIDD_DLG_FILTER1
	AFX_HIDP_GET_NOT_SUPPORTED
	HIDD_DLGRAYTRACING1
	HID_SC_RESTORE
	HID_RECORD_FIRST
	HID_EDIT_SELECT_ALL
	HID_EDIT_DIGITIZE
	HID_EDIT_NONODES
	HID_PROCESSING_RAYTRACE
	AFX_HIDP_SQL_NO_DATA_FOUND
	AFX_HIDP_SQL_EMPTY_COLUMN_LIST
	HID_FILE_SEND_MAIL
	AFX_HIDP_SQL_ODBC_LOAD_FAILED
	HID_VIEW_BOTH
	HID_VIEW_CONV
	HID_VIEW_VELOCITYCOLORMAP
	AFX_HIDP_FAILED_TO_CREATE
	AFX_HIDD_BUSY
	AFX_HIDP_ARCH_NONE
	HID_RECORD_LAST
	HID_RECORD_NEXT
	HID_RECORD_PREV
	AFX_HIDD_OBJECTPROPERTIES
	AFX_HIDP_FILE_TOO_MANY_OPEN
	AFX_HIDP_FILE_ACCESS_DENIED
	HID_PROCESSING_LATERALSHIFT
	HID_VIEW_ADDRANGETOSEGY
	HID_EDIT_DISPLAYTUNEUP_ADDREMOVENODESANDBOUNDARIESINDISPLAY
	HID_PROCESSING_LOADZELTSMODEL
	HID_VIEW_DEPTHSECTION
	AFX_HIDP_ASK_TO_DISCARD
	HID_PROCESSING_DEFINESOURCEPOSITION
	AFX_HIDP_SQL_FIELD_SCHEMA_MISMATCH
	AFX_HIDP_SQL_LOCK_MODE_NOT_SUPPORTED
	HID_FORMAT_FONT
	AFX_HIDP_FILE_HARD_IO
	HIDP_OLE_INIT_FAILED
	AFX_HIDD_CHANGESOURCE
	HID_EDIT_TUNEUP_NOCOLORMAP
	HID_VIEW_TIMESECTION
	HID_EDIT_TUNEUP_NOBOUNDARY
	AFX_HIDP_FILE_NOT_FOUND
	AFX_HIDW_DOCKBAR_TOP
	AFX_HIDP_DAO_DFX_BIND
	HID_CANCEL_EDIT_CNTR
	HID_CANCEL_EDIT_SRVR
	HID_PROCESSING_COHMIX
	AFX_HIDP_SQL_ODBC_V2_REQUIRED
	AFX_HIDP_SQL_NO_ROWS_AFFECTED
	HID_OLE_EDIT_CONVERT
	HID_TOOLBAR_NEWMOD
	AFX_HIDP_SQL_SQL_CONFORMANCE
	HID_TOOLBAR_SAVEV
	HID_EDIT
	AFX_HIDP_SQL_RECORDSET_READONLY
	HID_INDICATOR_XY
	HIDD_LAYER_NODES
	AFX_HIDP_PARSE_RADIO_BUTTON
	HID_TOOLBAR_NEWLINE
	HID_TOOLBAR_ADD
	HIDD_DLGRAYTRACING
	HID_EDIT_PASTE_SPECIAL
	AFX_HIDP_DAO_ROWTOOSHORT
	AFX_HIDP_SQL_INCORRECT_ODBC
	AFX_HIDP_NO_ERROR_AVAILABLE
	AFX_HIDW_DOCKBAR_BOTTOM
	HIDD_CHANGE_RANGES
	AFX_HIDP_FILE_DIR_FULL
	HID_VIEW_SEGYINFO
	HIDD_DLG_SEGYINFO
	AFX_HIDP_DAO_BADBINDINFO
	AFX_HIDP_SQL_UPDATE_DELETE_FAILED
	AFX_HIDP_PARSE_DATETIME
	HID_OLE_EDIT_CHANGE_ICON
	AFX_HIDP_ARCH_ENDOFFILE
	AFX_HIDP_SQL_SQL_NO_TOTAL
	AFX_HIDP_SQL_CONNECT_FAIL
	HIDD_DLG_SEGYPREVIEW
	AFX_HIDP_SQL_API_CONFORMANCE
	HID_OLE_EDIT_PROPERTIES
	HIDR_SEISWITYPE_SRVR_EMB
	AFX_HIDP_FILE_DISKFULL
	HIDD_DLG_SOURCEPOS
	AFX_HIDW_DOCKBAR_LEFT
	AFX_HIDP_FILE_REMOVE_CURRENT
	AFX_HIDP_ARCH_BADCLASS
	AFX_HIDP_SQL_NO_POSITIONED_UPDATES
	AFX_HIDP_ARCH_BADINDEX
	HIDD_ADD_RANGES
	HID_WIZBACK
	HID_WIZNEXT
	AFX_HIDP_PARSE_CURRENCY
	AFX_HIDP_FILE_NONE
	HID_EDIT_VELOCITY
	AFX_HIDP_FAILED_TO_CONVERT
	HID_TOOLBAR_PICK
	HID_HELP_FINDER
	AFX_HIDP_FILE_EOF
	HID_EDIT_DISPLAYTUNEUP_ADDREMOVEOBSPOSITIONS
	AFX_HIDP_FILE_LOCKING
	AFX_HIDP_SQL_ILLEGAL_MODE
	AFX_HIDD_PREVIEW_TOOLBAR
	HID_TOOLBAR_DUPLICATE
	HID_TOOBAR_MOVE
	HID_TOOLBAR_SAVEASV
	AFX_HIDP_SQL_NO_CURRENT_RECORD
	AFX_HIDP_FILE_BAD_PATH
	AFX_HIDP_FILE_BAD_SEEK
	HIDR_SEISWITYPE_SRVR_IP
	HID_EDIT_NEWCURVE
	AFX_HIDP_SQL_ROW_UPDATE_NOT_SUPPORTED
	AFX_HIDP_FAILED_MAPI_LOAD
	AFX_HIDP_FAILED_MAPI_SEND
	AFX_HIDP_FILE_SHARING
	HID_TOOLBAR_DELLINE
	HID_PROCESSING_RAYTRACING
	HID_FILE_PRINT_DIRECT
	HIDD_DLGREORGANIZE
	HIDD_DLGCOHMIX
	AFX_HIDP_SQL_DYNASET_NOT_SUPPORTED
	AFX_HIDP_SQL_ROW_FETCH
	HID_PROCESSING_RAYPATH
	AFX_HIDP_SET_NOT_SUPPORTED
	AFX_HIDP_ARCH_BADSCHEMA
	HID_PROCESSING_REVERSERANGE
	AFX_HIDD_FILEBROWSE
	HIDD_TIMESEC
	HID_PROCESSING_DATAREDUCTIONANDFILTER
	HID_EDIT_TRAVELTIME
	HID_TOOLBAR__REMOVE
	HID_VIEW_CONTOURS
	HIDD_DLG_TIM2DPTH
	AFX_HIDP_SQL_DATA_TRUNCATED
	HID_WIZFINISH
	AFX_HIDP_INVALID_MAPI_DLL
	AFX_HIDD_PREVIEW_SHORTTOOLBAR
	AFX_HIDP_DAO_OBJECT_NOT_OPEN
	AFX_HIDP_ARCH_WRITEONLY
	HID_EDIT_BOUNDARY
	AFX_HIDP_SQL_MULTIPLE_ROWS_AFFECTED
	AFX_HIDP_DAO_ENGINE_INITIALIZATION
	AFX_HIDW_DOCKBAR_FLOAT
	AFX_HIDW_DOCKBAR_RIGHT
	AFX_HIDP_PARSE_BYTE
	AFX_HIDP_PARSE_UINT
	AFX_HIDP_ARCH_GENERIC
	HID_EDIT_TUNEUP_OBSPOSITIONS
	HID_PROCESSING_CHECKMODELINTEGRITY
	AFX_HIDP_SQL_SNAPSHOT_NOT_SUPPORTED
	HID_VIEW_RAYTRACE
	AFX_HIDP_FILE_GENERIC
	AFX_HIDP_FILE_INVALID_FILE
	AFX_HIDP_ARCH_READONLY
	AFX_HIDP_SQL_RECORDSET_FORWARD_ONLY
	AFX_HIDP_SQL_DYNAMIC_CURSOR_NOT_SUPPORTED
	HIDD_DLGNEWLAYER
	HIDD_DLGNEWMODEL
	HIDP_FAILED_TO_CREATE
	HIDR_SEISWITYPE_CNTR_IP
	HIDD_DLG_LOADZELT
	HIDD_VELOCITY
	AFX_HIDP_DAO_COLUMNUNAVAILABLE
	AFX_HIDD_REPLACE
93	Topics
82	Jumps
25	Keywords
18	Bitmaps


File size: 144,862
Compile time: 0 minutes, 0 seconds
1 note, 0 warnings
