-1
         0         6
 8
         1
-2
 1
    0.15000E+02    0.20000E+03         3
 1
    0.21500E+03    0.20000E+03         2
 1
    0.15000E+02    0.20000E+03         3
 1
    0.15000E+02    0.20250E+03         2
 1
    0.35000E+02    0.20000E+03         3
 1
    0.35000E+02    0.20250E+03         2
 1
    0.55000E+02    0.20000E+03         3
 1
    0.55000E+02    0.20250E+03         2
 1
    0.75000E+02    0.20000E+03         3
 1
    0.75000E+02    0.20250E+03         2
 1
    0.95000E+02    0.20000E+03         3
 1
    0.95000E+02    0.20250E+03         2
 1
    0.11500E+03    0.20000E+03         3
 1
    0.11500E+03    0.20250E+03         2
 1
    0.13500E+03    0.20000E+03         3
 1
    0.13500E+03    0.20250E+03         2
 1
    0.15500E+03    0.20000E+03         3
 1
    0.15500E+03    0.20250E+03         2
 1
    0.17500E+03    0.20000E+03         3
 1
    0.17500E+03    0.20250E+03         2
 1
    0.19500E+03    0.20000E+03         3
 1
    0.19500E+03    0.20250E+03         2
 1
    0.21500E+03    0.20000E+03         3
 1
    0.21500E+03    0.20250E+03         2
 2
    0.11250E+02    0.20375E+03    0.25000E+01    0.00000E+00    0.00000E+00        -1
 2
    0.31250E+02    0.20375E+03    0.25000E+01    0.10000E+02    0.00000E+00        -1
 2
    0.51250E+02    0.20375E+03    0.25000E+01    0.20000E+02    0.00000E+00        -1
 2
    0.71250E+02    0.20375E+03    0.25000E+01    0.30000E+02    0.00000E+00        -1
 2
    0.91250E+02    0.20375E+03    0.25000E+01    0.40000E+02    0.00000E+00        -1
 2
    0.11125E+03    0.20375E+03    0.25000E+01    0.50000E+02    0.00000E+00        -1
 2
    0.13125E+03    0.20375E+03    0.25000E+01    0.60000E+02    0.00000E+00        -1
 2
    0.15125E+03    0.20375E+03    0.25000E+01    0.70000E+02    0.00000E+00        -1
 2
    0.17125E+03    0.20375E+03    0.25000E+01    0.80000E+02    0.00000E+00        -1
 2
    0.19125E+03    0.20375E+03    0.25000E+01    0.90000E+02    0.00000E+00        -1
 2
    0.21125E+03    0.20375E+03    0.25000E+01    0.10000E+03    0.00000E+00        -1
 3
        13
    0.98750E+02    0.20750E+03    0.25000E+01    0.00000E+00DISTANCE (km)
 1
    0.15000E+02    0.11500E+03         3
 1
    0.15000E+02    0.20000E+03         2
 1
    0.15000E+02    0.11500E+03         3
 1
    0.12500E+02    0.11500E+03         2
 1
    0.15000E+02    0.12562E+03         3
 1
    0.12500E+02    0.12562E+03         2
 1
    0.15000E+02    0.13625E+03         3
 1
    0.12500E+02    0.13625E+03         2
 1
    0.15000E+02    0.14688E+03         3
 1
    0.12500E+02    0.14688E+03         2
 1
    0.15000E+02    0.15750E+03         3
 1
    0.12500E+02    0.15750E+03         2
 1
    0.15000E+02    0.16812E+03         3
 1
    0.12500E+02    0.16812E+03         2
 1
    0.15000E+02    0.17875E+03         3
 1
    0.12500E+02    0.17875E+03         2
 1
    0.15000E+02    0.18938E+03         3
 1
    0.12500E+02    0.18938E+03         2
 1
    0.15000E+02    0.20000E+03         3
 1
    0.12500E+02    0.20000E+03         2
 2
    0.11250E+02    0.11250E+03    0.25000E+01    0.15000E+02    0.90000E+02        -1
 2
    0.11250E+02    0.12312E+03    0.25000E+01    0.13125E+02    0.90000E+02        -1
 2
    0.11250E+02    0.13375E+03    0.25000E+01    0.11250E+02    0.90000E+02        -1
 2
    0.11250E+02    0.14438E+03    0.25000E+01    0.93750E+01    0.90000E+02        -1
 2
    0.11250E+02    0.15500E+03    0.25000E+01    0.75000E+01    0.90000E+02        -1
 2
    0.11250E+02    0.16562E+03    0.25000E+01    0.56250E+01    0.90000E+02        -1
 2
    0.11250E+02    0.17625E+03    0.25000E+01    0.37500E+01    0.90000E+02        -1
 2
    0.11250E+02    0.18688E+03    0.25000E+01    0.18750E+01    0.90000E+02        -1
 2
    0.11250E+02    0.19750E+03    0.25000E+01    0.00000E+00    0.90000E+02        -1
 3
        10
    0.75000E+01    0.14500E+03    0.25000E+01    0.90000E+02DEPTH (km)
 1
    0.15000E+02    0.11500E+03         3
 1
    0.21500E+03    0.11500E+03         2
 1
    0.21500E+03    0.20000E+03         2
 1
    0.15000E+02    0.20000E+03         2
 1
    0.15000E+02    0.11500E+03         2
 7
         8
 9
         2
    0.15000E+02    0.20000E+03
    0.21500E+03    0.20000E+03
 9
         2
    0.15000E+02    0.17167E+03
    0.21500E+03    0.17167E+03
 9
         2
    0.15000E+02    0.14333E+03
    0.21500E+03    0.14333E+03
 9
         2
    0.15000E+02    0.11500E+03
    0.21500E+03    0.11500E+03
 7
         1
 7
         6
 4
 7
         1
 9
        15
    0.15000E+02    0.20000E+03
    0.22500E+02    0.19270E+03
    0.30129E+02    0.18646E+03
    0.37868E+02    0.18129E+03
    0.45698E+02    0.17722E+03
    0.53600E+02    0.17425E+03
    0.61554E+02    0.17239E+03
    0.69526E+02    0.17167E+03
    0.77526E+02    0.17240E+03
    0.85513E+02    0.17427E+03
    0.93467E+02    0.17727E+03
    0.10137E+03    0.18141E+03
    0.10920E+03    0.18667E+03
    0.11693E+03    0.19305E+03
    0.12401E+03    0.20000E+03
 7
         6
 7
         1
 9
         7
    0.15000E+02    0.20000E+03
    0.22500E+02    0.18814E+03
    0.30209E+02    0.17733E+03
    0.34805E+02    0.17167E+03
    0.42805E+02    0.18210E+03
    0.50621E+02    0.19369E+03
    0.54398E+02    0.20000E+03
 7
         6
 7
         1
 9
         5
    0.15000E+02    0.20000E+03
    0.22500E+02    0.18256E+03
    0.27682E+02    0.17167E+03
    0.35682E+02    0.18910E+03
    0.40187E+02    0.20000E+03
 7
         6
 7
         1
 9
         5
    0.15000E+02    0.20000E+03
    0.21338E+02    0.17875E+03
    0.23572E+02    0.17167E+03
    0.30505E+02    0.19433E+03
    0.32144E+02    0.20000E+03
 7
         6
 7
         1
 9
         5
    0.15000E+02    0.20000E+03
    0.19262E+02    0.17875E+03
    0.20745E+02    0.17167E+03
    0.25379E+02    0.19433E+03
    0.26489E+02    0.20000E+03
 7
         6
 7
         1
 9
         5
    0.15000E+02    0.20000E+03
    0.17596E+02    0.17875E+03
    0.18493E+02    0.17167E+03
    0.21307E+02    0.19433E+03
    0.21986E+02    0.20000E+03
 7
         6
 7
         1
 9
         5
    0.15000E+02    0.20000E+03
    0.16136E+02    0.17875E+03
    0.16527E+02    0.17167E+03
    0.17757E+02    0.19433E+03
    0.18055E+02    0.20000E+03
 7
         6
 4
 7
         2
 9
        17
    0.15000E+02    0.20000E+03
    0.19690E+02    0.17875E+03
    0.21325E+02    0.17167E+03
    0.34658E+02    0.16242E+03
    0.47992E+02    0.15503E+03
    0.61325E+02    0.14946E+03
    0.74658E+02    0.14567E+03
    0.87992E+02    0.14363E+03
    0.93419E+02    0.14333E+03
    0.10675E+03    0.14466E+03
    0.12009E+03    0.14774E+03
    0.13342E+03    0.15258E+03
    0.14675E+03    0.15922E+03
    0.16009E+03    0.16771E+03
    0.16517E+03    0.17167E+03
    0.17034E+03    0.19433E+03
    0.17157E+03    0.20000E+03
 7
         6
 7
         2
 9
        13
    0.15000E+02    0.20000E+03
    0.19652E+02    0.17875E+03
    0.21273E+02    0.17167E+03
    0.34606E+02    0.16157E+03
    0.47940E+02    0.15336E+03
    0.61273E+02    0.14697E+03
    0.71804E+02    0.14333E+03
    0.85138E+02    0.14831E+03
    0.98471E+02    0.15508E+03
    0.11180E+03    0.16369E+03
    0.12194E+03    0.17167E+03
    0.12703E+03    0.19433E+03
    0.12824E+03    0.20000E+03
 7
         6
 7
         2
 9
        11
    0.15000E+02    0.20000E+03
    0.19538E+02    0.17875E+03
    0.21119E+02    0.17167E+03
    0.34452E+02    0.15928E+03
    0.47785E+02    0.14883E+03
    0.56315E+02    0.14333E+03
    0.69648E+02    0.15259E+03
    0.82981E+02    0.16373E+03
    0.91052E+02    0.17167E+03
    0.96039E+02    0.19433E+03
    0.97231E+02    0.20000E+03
 7
         6
 7
         2
 9
         9
    0.15000E+02    0.20000E+03
    0.19352E+02    0.17875E+03
    0.20866E+02    0.17167E+03
    0.34200E+02    0.15593E+03
    0.46465E+02    0.14333E+03
    0.59798E+02    0.15719E+03
    0.71935E+02    0.17167E+03
    0.76682E+02    0.19433E+03
    0.77818E+02    0.20000E+03
 7
         6
 7
         2
 9
         9
    0.15000E+02    0.20000E+03
    0.19098E+02    0.17875E+03
    0.20522E+02    0.17167E+03
    0.33856E+02    0.15172E+03
    0.40154E+02    0.14333E+03
    0.53488E+02    0.16223E+03
    0.59428E+02    0.17167E+03
    0.63974E+02    0.19433E+03
    0.65063E+02    0.20000E+03
 7
         6
 7
         2
 9
         9
    0.15000E+02    0.20000E+03
    0.18782E+02    0.17875E+03
    0.20095E+02    0.17167E+03
    0.33428E+02    0.14658E+03
    0.35341E+02    0.14333E+03
    0.48675E+02    0.16806E+03
    0.50433E+02    0.17167E+03
    0.54705E+02    0.19433E+03
    0.55730E+02    0.20000E+03
 7
         6
 7
         2
 9
         8
    0.15000E+02    0.20000E+03
    0.18411E+02    0.17875E+03
    0.19592E+02    0.17167E+03
    0.31617E+02    0.14333E+03
    0.38284E+02    0.15881E+03
    0.43434E+02    0.17167E+03
    0.47258E+02    0.19433E+03
    0.48177E+02    0.20000E+03
 7
         6
 7
         2
 9
         8
    0.15000E+02    0.20000E+03
    0.17989E+02    0.17875E+03
    0.19023E+02    0.17167E+03
    0.28459E+02    0.14333E+03
    0.34819E+02    0.16222E+03
    0.37895E+02    0.17167E+03
    0.41138E+02    0.19433E+03
    0.41918E+02    0.20000E+03
 7
         6
 7
         2
 9
         8
    0.15000E+02    0.20000E+03
    0.17522E+02    0.17875E+03
    0.18394E+02    0.17167E+03
    0.25718E+02    0.14333E+03
    0.30645E+02    0.16222E+03
    0.33043E+02    0.17167E+03
    0.35777E+02    0.19433E+03
    0.36436E+02    0.20000E+03
 7
         6
 7
         2
 9
         8
    0.15000E+02    0.20000E+03
    0.17014E+02    0.17875E+03
    0.17709E+02    0.17167E+03
    0.23193E+02    0.14333E+03
    0.26876E+02    0.16222E+03
    0.28676E+02    0.17167E+03
    0.30858E+02    0.19433E+03
    0.31385E+02    0.20000E+03
 7
         6
 7
         2
 9
         8
    0.15000E+02    0.20000E+03
    0.16466E+02    0.17875E+03
    0.16972E+02    0.17167E+03
    0.20778E+02    0.14333E+03
    0.23332E+02    0.16222E+03
    0.24584E+02    0.17167E+03
    0.26172E+02    0.19433E+03
    0.26556E+02    0.20000E+03
 7
         6
 7
         2
 9
         8
    0.15000E+02    0.20000E+03
    0.15878E+02    0.17875E+03
    0.16181E+02    0.17167E+03
    0.18389E+02    0.14333E+03
    0.19870E+02    0.16222E+03
    0.20597E+02    0.17167E+03
    0.21547E+02    0.19433E+03
    0.21777E+02    0.20000E+03
 7
         6
 4
 7
         3
 9
         9
    0.15000E+02    0.20000E+03
    0.18034E+02    0.17875E+03
    0.19084E+02    0.17167E+03
    0.28756E+02    0.14333E+03
    0.29173E+02    0.14333E+03
    0.29175E+02    0.14333E+03
    0.38730E+02    0.17167E+03
    0.42080E+02    0.19433E+03
    0.42887E+02    0.20000E+03
 7
         6
 7
         3
 9
        13
    0.15000E+02    0.20000E+03
    0.18022E+02    0.17875E+03
    0.19068E+02    0.17167E+03
    0.28677E+02    0.14333E+03
    0.42011E+02    0.14082E+03
    0.55344E+02    0.13954E+03
    0.68677E+02    0.13949E+03
    0.82011E+02    0.14066E+03
    0.95344E+02    0.14306E+03
    0.96353E+02    0.14333E+03
    0.10602E+03    0.17167E+03
    0.10931E+03    0.19433E+03
    0.11010E+03    0.20000E+03
 7
         6
 7
         3
 9
        15
    0.15000E+02    0.20000E+03
    0.18010E+02    0.17875E+03
    0.19052E+02    0.17167E+03
    0.28599E+02    0.14333E+03
    0.41932E+02    0.13952E+03
    0.55265E+02    0.13694E+03
    0.68599E+02    0.13559E+03
    0.81932E+02    0.13546E+03
    0.95265E+02    0.13654E+03
    0.10860E+03    0.13886E+03
    0.12193E+03    0.14240E+03
    0.12452E+03    0.14333E+03
    0.13413E+03    0.17167E+03
    0.13741E+03    0.19433E+03
    0.13820E+03    0.20000E+03
 7
         6
 7
         3
 9
        16
    0.15000E+02    0.20000E+03
    0.17998E+02    0.17875E+03
    0.19036E+02    0.17167E+03
    0.28520E+02    0.14333E+03
    0.41854E+02    0.13851E+03
    0.55187E+02    0.13493E+03
    0.68520E+02    0.13258E+03
    0.81854E+02    0.13144E+03
    0.95187E+02    0.13153E+03
    0.10852E+03    0.13283E+03
    0.12185E+03    0.13535E+03
    0.13519E+03    0.13910E+03
    0.14650E+03    0.14333E+03
    0.15600E+03    0.17167E+03
    0.15925E+03    0.19433E+03
    0.16004E+03    0.20000E+03
 7
         6
 7
         3
 9
        18
    0.15000E+02    0.20000E+03
    0.17986E+02    0.17875E+03
    0.19019E+02    0.17167E+03
    0.28442E+02    0.14333E+03
    0.41775E+02    0.13766E+03
    0.55109E+02    0.13322E+03
    0.68442E+02    0.13002E+03
    0.81775E+02    0.12804E+03
    0.95109E+02    0.12728E+03
    0.10844E+03    0.12772E+03
    0.12178E+03    0.12938E+03
    0.13511E+03    0.13226E+03
    0.14844E+03    0.13637E+03
    0.16178E+03    0.14172E+03
    0.16504E+03    0.14333E+03
    0.17454E+03    0.17167E+03
    0.17780E+03    0.19433E+03
    0.17858E+03    0.20000E+03
 7
         6
 7
         3
 9
        19
    0.15000E+02    0.20000E+03
    0.17974E+02    0.17875E+03
    0.19003E+02    0.17167E+03
    0.28364E+02    0.14333E+03
    0.41697E+02    0.13690E+03
    0.55030E+02    0.13171E+03
    0.68364E+02    0.12776E+03
    0.81697E+02    0.12503E+03
    0.95030E+02    0.12351E+03
    0.10836E+03    0.12321E+03
    0.12170E+03    0.12411E+03
    0.13503E+03    0.12622E+03
    0.14836E+03    0.12955E+03
    0.16170E+03    0.13411E+03
    0.17503E+03    0.13991E+03
    0.18150E+03    0.14333E+03
    0.19092E+03    0.17167E+03
    0.19416E+03    0.19433E+03
    0.19494E+03    0.20000E+03
 7
         6
 7
         3
 9
        20
    0.15000E+02    0.20000E+03
    0.17962E+02    0.17875E+03
    0.18987E+02    0.17167E+03
    0.28287E+02    0.14333E+03
    0.41620E+02    0.13620E+03
    0.54953E+02    0.13033E+03
    0.68287E+02    0.12570E+03
    0.81620E+02    0.12229E+03
    0.94953E+02    0.12010E+03
    0.10829E+03    0.11911E+03
    0.12162E+03    0.11932E+03
    0.13495E+03    0.12075E+03
    0.14829E+03    0.12337E+03
    0.16162E+03    0.12722E+03
    0.17495E+03    0.13230E+03
    0.18829E+03    0.13862E+03
    0.19657E+03    0.14333E+03
    0.20592E+03    0.17167E+03
    0.20914E+03    0.19433E+03
    0.20992E+03    0.20000E+03
 7
         6
 4
 1
    0.15000E+02    0.15000E+02         3
 1
    0.21500E+03    0.15000E+02         2
 1
    0.15000E+02    0.15000E+02         3
 1
    0.15000E+02    0.12500E+02         2
 1
    0.35000E+02    0.15000E+02         3
 1
    0.35000E+02    0.12500E+02         2
 1
    0.55000E+02    0.15000E+02         3
 1
    0.55000E+02    0.12500E+02         2
 1
    0.75000E+02    0.15000E+02         3
 1
    0.75000E+02    0.12500E+02         2
 1
    0.95000E+02    0.15000E+02         3
 1
    0.95000E+02    0.12500E+02         2
 1
    0.11500E+03    0.15000E+02         3
 1
    0.11500E+03    0.12500E+02         2
 1
    0.13500E+03    0.15000E+02         3
 1
    0.13500E+03    0.12500E+02         2
 1
    0.15500E+03    0.15000E+02         3
 1
    0.15500E+03    0.12500E+02         2
 1
    0.17500E+03    0.15000E+02         3
 1
    0.17500E+03    0.12500E+02         2
 1
    0.19500E+03    0.15000E+02         3
 1
    0.19500E+03    0.12500E+02         2
 1
    0.21500E+03    0.15000E+02         3
 1
    0.21500E+03    0.12500E+02         2
 2
    0.11250E+02    0.87500E+01    0.25000E+01    0.00000E+00    0.00000E+00        -1
 2
    0.31250E+02    0.87500E+01    0.25000E+01    0.10000E+02    0.00000E+00        -1
 2
    0.51250E+02    0.87500E+01    0.25000E+01    0.20000E+02    0.00000E+00        -1
 2
    0.71250E+02    0.87500E+01    0.25000E+01    0.30000E+02    0.00000E+00        -1
 2
    0.91250E+02    0.87500E+01    0.25000E+01    0.40000E+02    0.00000E+00        -1
 2
    0.11125E+03    0.87500E+01    0.25000E+01    0.50000E+02    0.00000E+00        -1
 2
    0.13125E+03    0.87500E+01    0.25000E+01    0.60000E+02    0.00000E+00        -1
 2
    0.15125E+03    0.87500E+01    0.25000E+01    0.70000E+02    0.00000E+00        -1
 2
    0.17125E+03    0.87500E+01    0.25000E+01    0.80000E+02    0.00000E+00        -1
 2
    0.19125E+03    0.87500E+01    0.25000E+01    0.90000E+02    0.00000E+00        -1
 2
    0.21125E+03    0.87500E+01    0.25000E+01    0.10000E+03    0.00000E+00        -1
 3
        13
    0.98750E+02    0.50000E+01    0.25000E+01    0.00000E+00DISTANCE (km)
 1
    0.15000E+02    0.15000E+02         3
 1
    0.15000E+02    0.10000E+03         2
 1
    0.15000E+02    0.15000E+02         3
 1
    0.12500E+02    0.15000E+02         2
 1
    0.15000E+02    0.25625E+02         3
 1
    0.12500E+02    0.25625E+02         2
 1
    0.15000E+02    0.36250E+02         3
 1
    0.12500E+02    0.36250E+02         2
 1
    0.15000E+02    0.46875E+02         3
 1
    0.12500E+02    0.46875E+02         2
 1
    0.15000E+02    0.57500E+02         3
 1
    0.12500E+02    0.57500E+02         2
 1
    0.15000E+02    0.68125E+02         3
 1
    0.12500E+02    0.68125E+02         2
 1
    0.15000E+02    0.78750E+02         3
 1
    0.12500E+02    0.78750E+02         2
 1
    0.15000E+02    0.89375E+02         3
 1
    0.12500E+02    0.89375E+02         2
 1
    0.15000E+02    0.10000E+03         3
 1
    0.12500E+02    0.10000E+03         2
 2
    0.11250E+02    0.13750E+02    0.25000E+01    0.00000E+00    0.90000E+02        -1
 2
    0.11250E+02    0.24375E+02    0.25000E+01    0.10000E+01    0.90000E+02        -1
 2
    0.11250E+02    0.35000E+02    0.25000E+01    0.20000E+01    0.90000E+02        -1
 2
    0.11250E+02    0.45625E+02    0.25000E+01    0.30000E+01    0.90000E+02        -1
 2
    0.11250E+02    0.56250E+02    0.25000E+01    0.40000E+01    0.90000E+02        -1
 2
    0.11250E+02    0.66875E+02    0.25000E+01    0.50000E+01    0.90000E+02        -1
 2
    0.11250E+02    0.77500E+02    0.25000E+01    0.60000E+01    0.90000E+02        -1
 2
    0.11250E+02    0.88125E+02    0.25000E+01    0.70000E+01    0.90000E+02        -1
 2
    0.11250E+02    0.98750E+02    0.25000E+01    0.80000E+01    0.90000E+02        -1
 3
         8
    0.75000E+01    0.47500E+02    0.25000E+01    0.90000E+02TIME (s)
 1
    0.15000E+02    0.15000E+02         3
 1
    0.21500E+03    0.15000E+02         2
 1
    0.21500E+03    0.10000E+03         2
 1
    0.15000E+02    0.10000E+03         2
 1
    0.15000E+02    0.15000E+02         2
 1
    0.62690E+02    0.19214E+03         3
 1
    0.54398E+02    0.16640E+03         3
 1
    0.48473E+02    0.14863E+03         3
 1
    0.43857E+02    0.13534E+03         3
 1
    0.40187E+02    0.12524E+03         3
 1
    0.37113E+02    0.11720E+03         3
 1
    0.34550E+02    0.11087E+03         3
 1
    0.32144E+02    0.10530E+03         3
 1
    0.30077E+02    0.10086E+03         3
 1
    0.28205E+02    0.97154E+02         3
 1
    0.26489E+02    0.94065E+02         2
 1
    0.24896E+02    0.91493E+02         2
 1
    0.23401E+02    0.89363E+02         2
 1
    0.21986E+02    0.87622E+02         2
 1
    0.20632E+02    0.86226E+02         2
 1
    0.19326E+02    0.85146E+02         2
 1
    0.18055E+02    0.84356E+02         2
 1
    0.16809E+02    0.83841E+02         2
 1
    0.14316E+03    0.31430E+03         3
 1
    0.12824E+03    0.28709E+03         3
 1
    0.11630E+03    0.26539E+03         3
 1
    0.10566E+03    0.24614E+03         3
 1
    0.97231E+02    0.23100E+03         3
 1
    0.89871E+02    0.21789E+03         3
 1
    0.83488E+02    0.20663E+03         3
 1
    0.77818E+02    0.19673E+03         3
 1
    0.73061E+02    0.18853E+03         3
 1
    0.68839E+02    0.18136E+03         3
 1
    0.65063E+02    0.17505E+03         3
 1
    0.61658E+02    0.16945E+03         3
 1
    0.58565E+02    0.16447E+03         3
 1
    0.55730E+02    0.16000E+03         3
 1
    0.53113E+02    0.15597E+03         3
 1
    0.50408E+02    0.15191E+03         3
 1
    0.48177E+02    0.14867E+03         3
 1
    0.46069E+02    0.14570E+03         3
 1
    0.43955E+02    0.14283E+03         3
 1
    0.41918E+02    0.14016E+03         3
 1
    0.40027E+02    0.13779E+03         3
 1
    0.38204E+02    0.13562E+03         3
 1
    0.36436E+02    0.13361E+03         3
 1
    0.34716E+02    0.13177E+03         3
 1
    0.33035E+02    0.13009E+03         3
 1
    0.31385E+02    0.12855E+03         3
 1
    0.29760E+02    0.12715E+03         3
 1
    0.28152E+02    0.12589E+03         3
 1
    0.26556E+02    0.12477E+03         3
 1
    0.24965E+02    0.12378E+03         3
 1
    0.23375E+02    0.12293E+03         3
 1
    0.21777E+02    0.12222E+03         3
 1
    0.20167E+02    0.12164E+03         3
 1
    0.97410E+02    0.21201E+03         3
 1
    0.11010E+03    0.22840E+03         3
 1
    0.12046E+03    0.24178E+03         3
 1
    0.12954E+03    0.25348E+03         3
 1
    0.13820E+03    0.26464E+03         3
 1
    0.14590E+03    0.27453E+03         3
 1
    0.15313E+03    0.28382E+03         3
 1
    0.16004E+03    0.29269E+03         3
 1
    0.16643E+03    0.30089E+03         3
 1
    0.17263E+03    0.30882E+03         3
 1
    0.17858E+03    0.31643E+03         3
 1
    0.18416E+03    0.32356E+03         3
 1
    0.18989E+03    0.33087E+03         3
 1
    0.19494E+03    0.33730E+03         3
 1
    0.20019E+03    0.34399E+03         3
 1
    0.20517E+03    0.35033E+03         3
 1
    0.20992E+03    0.35635E+03         3
 1
    0.21484E+03    0.36260E+03         3
 4
 6
