 &PLTPAR
 IPLOT   =           0,
 IMOD    =           1,
 IBND    =           0,
 IDASH   =           0,
 IVEL    =           0,
 IRAY    =           2,
 IRAYS   =           0,
 IRAYPS  =           0,
 IDOT    =           0,
 ITX     =           1,
 IDATA   =           0,
 ISZERO  =           0,
 ITXOUT  =           1,
 ISTEP   =           0,
 IBREAK  = 30*1,
 IDUMP   =           0,
 ISUM    =           1,
 SYMHT   =  0.1000000    ,
 VELHT   =  5.0000001E-02,
 NSKIP   =           0,
 NRSKIP  =           3,
 VRED    =  0.0000000E+00,
 DVMAX   =  1.0000000E+10,
 DSMAX   =  1.0000000E+10,
 ISEP    =           0,
 IROUTE  =           1,
 ITCOL   =           3,
 IRCOL   =           3,
 MCOL    =           8,          14,           1,           4,          14,
 ITXBOX  =           1,
 ISEG    =           0,
 XWNDOW  =  0.0000000E+00,
 YWNDOW  =  0.0000000E+00,
 COLOUR  =           1,           2,           3,           4,           5,           6,           7,           8,           9,
           10,          11,          12,          13,          14,          15,          16,          17, 3*-1,
 IBCOL   =           0,
 IFCOL   =           6,
 MODOUT  =           0,
 DXMOD   =  0.0000000E+00,
 DZMOD   =  0.0000000E+00,
 MODI    = 25*0,
 FRZ     =  0.0000000E+00,
 XMMIN   =  -999999.0    ,
 XMMAX   =  -999999.0    ,
 XMIN1D  =  -999999.0    ,
 XMAX1D  =  -999999.0    
 /
 &AXEPAR
 IAXLAB  =           1,
 ITREV   =           0,
 ALBHT   =   2.500000    ,
 ORIG    =   15.00000    ,
 SEP     =   15.00000    ,
 XMIN    =  0.0000000E+00,
 XMAX    =   100.0000    ,
 XTMIN   =  0.0000000E+00,
 XTMAX   =   100.0000    ,
 XMM     =   200.0000    ,
 NTICKX  =           0,
 NDECIX  =          -1,
 XMINT   =  0.0000000E+00,
 XMAXT   =   100.0000    ,
 XTMINT  =  0.0000000E+00,
 XTMAXT  =   100.0000    ,
 XMMT    =  -9999.000    ,
 NTCKXT  =          -1,
 NDECXT  =          -2,
 ZMIN    =  0.0000000E+00,
 ZMAX    =   15.00000    ,
 ZTMIN   =  0.0000000E+00,
 ZTMAX   =   15.00000    ,
 ZMM     =   85.00000    ,
 NTICKZ  =           0,
 NDECIZ  =          -1,
 TMIN    =  0.0000000E+00,
 TMAX    =   8.000000    ,
 TTMIN   =  0.0000000E+00,
 TTMAX   =   8.000000    ,
 TMM     =   85.00000    ,
 NTICKT  =           0,
 NDECIT  =          -1
 /
 &TRAPAR
 ISHOT   =           2, 99*0,
 IRAYSL  =           1,
 IRAYT   = 6000*1,
 ITURN   = 16*0, 14*1,
 ISRCH   =           1,
 ISTOP   =           0,
 IBSMTH  =           0,
 IMODF   =           1,
 XSHOT   = 100*0.0000000E+00  ,
 ZSHOT   =  0.0000000E+00, 99*-9999.000      ,
 RAY     =   1.200000    ,   2.200000    ,   3.100000    ,   3.200000    ,   4.100000    ,   4.200000    ,   5.100000    ,
    5.200000    ,   6.100000    ,   6.200000    ,   7.100000    ,   7.200000    ,   8.100000    ,   8.200000    ,   9.100000    ,
    9.200000    , 14*0.0000000E+00  ,
 NRAY    =          20,          35,          20,          15,          20,          15,          20,          30,          15,
           20,          30,          15,          20,          30,          15,          30, 14*-1,
 SPACE   =   1.000000    ,   2.000000    , 3*1.000000       , 11*2.000000       , 14*0.0000000E+00  ,
 AMIN    = 6000*181.0000       ,
 AMAX    = 6000*181.0000       ,
 NSMAX   =          45, 29*-1,
 AAMIN   =  5.0000001E-02,
 AAMAX   =   85.00000    ,
 STOL    =  -1.000000    ,
 XSMAX   =  0.0000000E+00,
 STEP    =  5.0000001E-02,
 SMIN    =  -1.000000    ,
 SMAX    =  -1.000000    ,
 NRBND   = 30*0,
 RBND    = 150*0,
 NCBND   = 30*-1,
 CBND    = 150*-99,
 POIS    =  0.5000000    , 8*0.2500000      , 16*-99.00000      ,
 POISB   = 50*0,
 POISL   = 50*0,
 POISBL  = 50*-99.00000      ,
 CRIT    =  0.0000000E+00,
 HWS     =   1.000000    ,
 NPBND   =         100,
 NBSMTH  =           0,
 NHRAY   =          30,
 FRBND   = 30*0,
 I2PT    =           0,
 N2PT    =         100,
 X2PT    =  -1.000000    ,
 IFAST   =           1,
 NTAN    =          90,
 IS_ANISOTROPY   =           0,
 ANISOTROPY      = 25*0.0000000E+00  
 /
 &INVPAR
 INVR    =           0,
 IVRAY   =           2, 13*0,           8, 15*0,
 XIMAX   =   2.000000    ,
 TTUNC   =  9.9999998E-03,
 VELUNC  =  5.0000001E-02,
 BNDUNC  =  7.9999998E-02
 /
shot  ray i.angle  f.angle   dist     depth red.time  npts code
   1   1   20.368  -20.355    54.50616    0.00  35.58612    15   1.2
   1   2   23.770  -23.747    30.50266    0.00  20.68522     9   1.2
   1   3   27.171  -27.153    23.84497    0.00  16.67247     9   1.2
   1   4   30.573  -30.513    19.69912    0.00  14.24905     7   1.2
   1   5   33.975  -33.947    16.73626    0.00  12.57700     7   1.2
   1   6   37.376  -37.354    14.42841    0.00  11.32574     5   1.2
   1   7   40.778  -40.739    12.59368    0.00  10.37559     5   1.2
   1   8   44.180  -44.144    11.05671    0.00   9.61923     5   1.2
   1   9   47.582  -47.567     9.77507    0.00   9.02289     5   1.2
   1  10   50.983  -50.983     8.57191    0.00   8.49845     5   1.2
   1  11   54.385  -54.385     7.53846    0.00   8.08047     5   1.2
   1  12   57.787  -57.787     6.60270    0.00   7.73215     5   1.2
   1  13   61.188  -61.188     5.74444    0.00   7.44145     5   1.2
   1  14   64.590  -64.590     4.94794    0.00   7.19931     5   1.2
   1  15   67.992  -67.992     4.20072    0.00   6.99888     5   1.2
   1  16   71.393  -71.393     3.49280    0.00   6.83499     5   1.2
   1  17   74.795  -74.795     2.81583    0.00   6.70367     5   1.2
   1  18   78.197  -78.197     2.16275    0.00   6.60194     5   1.2
   1  19   81.598  -81.598     1.52744    0.00   6.52761     5   1.2
   1  20   85.000  -85.000     0.90433    0.00   6.47911     5   1.2
   1   1   58.857  -58.563    78.28502    0.00  33.06424    17   2.2
   1   2   58.879  -58.833    71.80990    0.00  30.83190    15   2.2
   1   3   58.947  -58.600    64.07800    0.00  28.16959    15   2.2
   1   4   59.060  -58.938    56.62124    0.00  25.60809    13   2.2
   1   5   59.218  -58.841    50.65109    0.00  23.56570    13   2.2
   1   6   59.422  -59.383    45.32850    0.00  21.75410    11   2.2
   1   7   59.671  -59.433    41.11531    0.00  20.32985    11   2.2
   1   8   59.965  -59.534    37.43535    0.00  19.09583    11   2.2
   1   9   60.304  -59.683    34.24400    0.00  18.03571    11   2.2
   1  10   60.688  -60.625    31.40876    0.00  17.10389     9   2.2
   1  11   61.118  -60.916    29.03072    0.00  16.33254     9   2.2
   1  12   61.593  -61.254    26.91958    0.00  15.65743     9   2.2
   1  13   62.113  -61.640    25.03169    0.00  15.06323     9   2.2
   1  14   62.679  -62.071    23.32912    0.00  14.53674     9   2.2
   1  15   63.289  -62.548    21.78260    0.00  14.06775     9   2.2
   1  16   63.945  -63.069    20.36485    0.00  13.64695     9   2.2
   1  17   64.646  -63.635    19.05625    0.00  13.26763     9   2.2
   1  18   65.392  -64.822    17.70413    0.00  12.88599     8   2.2
   1  19   66.184  -65.505    16.58834    0.00  12.58081     8   2.2
   1  20   67.021  -66.232    15.53438    0.00  12.30138     8   2.2
   1  21   67.903  -67.008    14.47742    0.00  12.03082     8   2.2
   1  22   68.830  -68.830    13.45907    0.00  11.77964     8   2.2
   1  23   69.802  -69.802    12.51326    0.00  11.55683     8   2.2
   1  24   70.820  -70.820    11.60176    0.00  11.35201     8   2.2
   1  25   71.883  -71.883    10.71816    0.00  11.16357     8   2.2
   1  26   72.991  -72.991     9.85809    0.00  10.99048     8   2.2
   1  27   74.145  -74.144     9.01758    0.00  10.83191     8   2.2
   1  28   75.343  -75.343     8.19257    0.00  10.68712     8   2.2
   1  29   76.587  -76.587     7.37976    0.00  10.55566     8   2.2
   1  30   77.876  -77.876     6.57595    0.00  10.43717     8   2.2
   1  31   79.210  -79.210     5.77784    0.00  10.33144     8   2.2
   1  32   80.590  -80.590     4.98264    0.00  10.23844     8   2.2
   1  33   82.015  -82.015     4.18731    0.00  10.15822     8   2.2
   1  34   83.485  -83.485     3.38871    0.00  10.09100     8   2.2
   1  35   85.000  -85.000     2.58361    0.00  10.03713     8   2.2
   1   1   68.540  -68.199    13.94326    0.00  11.89730     9   3.1
   1   2   68.566  -68.562    33.10191    0.00  16.56847    10   3.1
   1   3   68.591  -68.210    41.20493    0.00  18.54178    12   3.1
   1   4   68.617  -68.551    47.54923    0.00  20.08480    13   3.1
   1   5   68.642  -68.632    52.73191    0.00  21.34392    13   3.1
   1   6   68.668  -68.630    57.26908    0.00  22.44500    14   3.1
   1   7   68.693  -68.617    61.60085    0.00  23.49506    15   3.1
   1   8   68.719  -68.698    65.44852    0.00  24.42662    15   3.1
   1   9   68.745  -68.672    69.06279    0.00  25.30076    16   3.1
   1  10   68.770  -68.754    72.51830    0.00  26.13547    16   3.1
   1  11   68.796  -68.716    75.71702    0.00  26.90732    17   3.1
   1  12   68.821  -68.798    78.81561    0.00  27.65409    17   3.1
   1  13   68.847  -68.749    81.79076    0.00  28.37035    18   3.1
   1  14   68.873  -68.830    84.57977    0.00  29.04093    18   3.1
   1  15   68.898  -68.771    87.44508    0.00  29.72916    19   3.1
   1  16   68.924  -68.851    89.96818    0.00  30.33441    19   3.1
   1  17   68.949  -68.933    92.59554    0.00  30.96395    19   3.1
   1  18   68.975  -68.862    95.08613    0.00  31.56011    20   3.1
   1  19   69.001  -68.943    97.45869    0.00  32.12726    20   3.1
   1  20   69.026  -69.026    99.92139    0.00  32.71531    20   3.1
***    shot#   1 ray code  3.2 no rays traced  ***
***    shot#   1 ray code  4.1 no rays traced  ***
***    shot#   1 ray code  4.2 no rays traced  ***
***    shot#   1 ray code  5.1 no rays traced  ***
***    shot#   1 ray code  5.2 no rays traced  ***
***    shot#   1 ray code  6.1 no rays traced  ***
***    shot#   1 ray code  6.2 no rays traced  ***
***    shot#   1 ray code  7.1 no rays traced  ***
***    shot#   1 ray code  7.2 no rays traced  ***
***    shot#   1 ray code  8.1 no rays traced  ***
***    shot#   1 ray code  8.2 no rays traced  ***
***    shot#   1 ray code  9.1 no rays traced  ***
***    shot#   1 ray code  9.2 no rays traced  ***

***  less than nray rays traced for   13 ray groups  ***

|----------------------------------------------------------------|
|                                                                |
|  total of   145 rays consisting of    1738 points were traced  |
|                                                                |
|           model consists of  3 layers and    3 blocks           |
|                                                                |
|----------------------------------------------------------------|

