 shot  ray#     dist   amplitude     phase  code
    1    1     9.240   0.130E-03    121.63  10.1
    1    2    10.377   0.417E-03    132.31  10.1
    1    3    10.392   0.740E-03    133.03  10.1
    1    4    10.779   0.844E-03    133.89  10.1
    1    6    12.333   0.939E-03    133.23  10.1
    1    7    13.051   0.119E-02    143.37  10.1
    1    8    13.851   0.132E-02    145.38  10.1
    1    9    14.736   0.120E-02    147.56  10.1
    1   10    17.788   0.114E-02    148.82  10.1
    1   11    18.974   0.141E-02    141.56  10.1
    1   12    19.976   0.189E-02    155.94  10.1
    1   13    20.709   0.221E-02    154.55  10.1
    1   14    21.728   0.223E-02    154.14  10.1
    1   15    22.686   0.215E-02    160.85  10.1
    1   16    24.035   0.234E-02    157.53  10.1
    1   17    24.533   0.278E-02    166.09  10.1
    1   18    25.354   0.297E-02    166.17  10.1
    1   19    26.146   0.292E-02    156.72  10.1
    1   20    26.992   0.287E-02    169.22  10.1
    1    1    12.419   0.537E-04    130.93  11.1
    1    2    13.280   0.111E-03    132.56  11.1
    1    3    14.273   0.187E-03    117.42  11.1
    1    4    15.287   0.291E-03    108.34  11.1
    1    5    16.150   0.454E-03    121.20  11.1
    1    6    17.113   0.642E-03    134.94  11.1
    1    7    18.196   0.803E-03    142.29  11.1
    1    8    19.129   0.923E-03    138.67  11.1
    1    9    20.010   0.991E-03    136.36  11.1
    1   10    21.024   0.103E-02    126.68  11.1
    1   11    22.051   0.108E-02    145.22  11.1
    1   12    23.283   0.117E-02    152.35  11.1
    1   13    24.167   0.130E-02    146.58  11.1
    1   14    25.179   0.140E-02    143.69  11.1
    1   15    26.165   0.146E-02    149.82  11.1
    1   16    27.157   0.152E-02    150.33  11.1
    1   17    28.145   0.155E-02    151.98  11.1
    1   18    29.144   0.159E-02    148.97  11.1
    1   19    30.144   0.162E-02    152.31  11.1
    1   20    31.128   0.164E-02    152.62  11.1
    1    1    14.936   0.235E-04    140.78  12.1
    1    2    16.018   0.679E-04    118.03  12.1
    1    3    17.336   0.139E-03    140.47  12.1
    1    4    18.713   0.199E-03    132.63  12.1
    1    5    19.947   0.251E-03    117.73  12.1
    1    6    21.315   0.345E-03    120.17  12.1
    1    7    22.848   0.459E-03    156.29  12.1
    1    8    24.090   0.514E-03    139.84  12.1
    1    9    25.410   0.549E-03    145.76  12.1
    1   10    26.742   0.660E-03    143.31  12.1
    1   11    28.069   0.772E-03    145.44  12.1
    1   12    29.402   0.830E-03    139.49  12.1
    1   13    30.728   0.875E-03    144.28  12.1
    1   14    32.036   0.913E-03    144.47  12.1
    1   15    33.398   0.913E-03    157.85  12.1
    1   16    34.671   0.899E-03    129.89  12.1
    1   17    35.993   0.932E-03    140.07  12.1
    1   18    37.324   0.989E-03    144.93  12.1
    1   19    38.672   0.102E-02    146.11  12.1
    1   20    39.996   0.104E-02    146.03  12.1
    1    1    20.709   0.266E-05    115.74  13.1
    1    2    21.577   0.559E-05     98.63  13.1
    1    3    22.648   0.895E-05    128.70  13.1
    1    4    23.589   0.111E-04     93.02  13.1
    1    5    24.648   0.148E-04    117.99  13.1
    1    6    25.668   0.222E-04     97.92  13.1
    1    7    26.703   0.305E-04     98.36  13.1
    1    8    27.721   0.363E-04    101.89  13.1
    1    9    28.762   0.410E-04     94.51  13.1
    1   10    29.795   0.483E-04    100.04  13.1
    1   11    30.799   0.567E-04    100.29  13.1
    1   12    31.824   0.641E-04    100.83  13.1
    1   13    32.860   0.652E-04    110.00  13.1
    1   14    33.855   0.571E-04    122.82  13.1
    1   15    34.893   0.533E-04    102.94  13.1
    1   16    35.901   0.619E-04     98.20  13.1
    1   17    36.929   0.714E-04    103.37  13.1
    1   18    37.968   0.779E-04    100.36  13.1
    1   19    38.983   0.890E-04    105.70  13.1
    1   20    39.999   0.985E-04    106.16  13.1
    1    1    39.999   0.941E-02    160.19   1.2
    1    2    37.270   0.993E-02    151.98   1.2
    1    3    33.256   0.114E-01    138.15   1.2
    1    4    29.063   0.146E-01    120.29   1.2
    1    5    25.080   0.200E-01     97.79   1.2
    1    6    21.774   0.258E-01     71.07   1.2
    1    7    18.843   0.269E-01     27.64   1.2
    1    8    16.229   0.220E-01      0.00   1.2
    1    9    14.016   0.177E-01      0.00   1.2
    1   10    12.051   0.174E-01      0.00   1.2
    1   11    10.308   0.196E-01      0.00   1.2
    1   12     8.789   0.231E-01      0.00   1.2
    1   13     7.421   0.280E-01      0.00   1.2
    1   14     6.176   0.338E-01      0.00   1.2
    1   15     5.070   0.401E-01      0.00   1.2
    1   16     3.948   0.471E-01      0.00   1.2
    1   17     2.908   0.546E-01      0.00   1.2
    1   18     1.930   0.611E-01      0.00   1.2
    1   19     1.040   0.645E-01      0.00   1.2
    1   20     0.000   0.650E-01      0.00   1.2
    1    1    18.334   0.145E-02      0.00   2.1
    1    2    18.447   0.546E-02      0.00   2.1
    1    3    18.544   0.103E-01      0.00   2.1
    1    4    18.622   0.144E-01      0.00   2.1
    1    5    18.667   0.180E-01      0.00   2.1
    1    6    18.707   0.212E-01      0.00   2.1
    1    7    18.730   0.239E-01      0.00   2.1
    1    8    18.735   0.258E-01      0.00   2.1
    1    9    18.725   0.431E-01     90.00   2.1
    1   10    18.698   0.452E-01     90.00   2.1
    1   11    18.663   0.477E-01     90.00   2.1
    1   12    18.608   0.499E-01     90.00   2.1
    1   13    18.542   0.517E-01     90.00   2.1
    1   14    18.465   0.534E-01     90.00   2.1
    1   15    18.378   0.549E-01     90.00   2.1
    1   16    18.283   0.563E-01     90.00   2.1
    1   17    18.181   0.576E-01     90.00   2.1
    1   18    18.073   0.588E-01     90.00   2.1
    1   19    17.960   0.599E-01     90.00   2.1
    1   20    17.843   0.607E-01     90.00   2.1
    1    3    15.799   0.232E-04      0.00   3.1
    1    4    15.873   0.242E-04      0.00   3.1
    1    5    16.003   0.256E-04      0.00   3.1
    1    6    16.086   0.269E-04      0.00   3.1
    1    7    16.266   0.280E-04      0.00   3.1
    1    8    16.524   0.288E-04      0.00   3.1
    1    9    16.959   0.292E-04      0.00   3.1
    1   10    17.160   0.297E-04      0.00   3.1
    1   11    17.659   0.323E-04      0.00   3.1
    1   12    18.124   0.367E-04      0.00   3.1
    1   13    18.449   0.394E-04      0.00   3.1
    1   14    18.833   0.397E-04      0.00   3.1
    1   15    19.161   0.392E-04      0.00   3.1
    1   16    19.590   0.383E-04      0.00   3.1
    1   17    20.424   0.370E-04      0.00   3.1
    1   18    21.196   0.356E-04      0.00   3.1
    1   19    21.891   0.342E-04      0.00   3.1
    1   20    22.962   0.332E-04      0.00   3.1
    1    1    13.171   0.483E-04      0.00   4.1
    1    2    13.465   0.790E-04      0.00   4.1
    1    3    13.822   0.133E-03      0.00   4.1
    1    4    14.150   0.198E-03      0.00   4.1
    1    5    14.495   0.270E-03      0.00   4.1
    1    6    14.857   0.355E-03      0.00   4.1
    1    7    15.171   0.467E-03      0.00   4.1
    1    8    15.462   0.607E-03      0.00   4.1
    1    9    15.703   0.760E-03      0.00   4.1
    1   10    15.955   0.917E-03      0.00   4.1
    1   11    16.210   0.107E-02      0.00   4.1
    1   12    16.475   0.119E-02      0.00   4.1
    1   13    16.751   0.129E-02      0.00   4.1
    1   14    17.036   0.136E-02      0.00   4.1
    1   15    17.324   0.145E-02      0.00   4.1
    1   16    17.626   0.161E-02      0.00   4.1
    1   17    17.961   0.183E-02      0.00   4.1
    1   18    18.191   0.205E-02      0.00   4.1
    1   19    18.426   0.221E-02      0.00   4.1
    1   20    18.665   0.230E-02      0.00   4.1
    1    1     9.245   0.124E-04      0.00   5.1
    1    2    10.602   0.403E-04      0.00   5.1
    1    3    10.912   0.923E-04      0.00   5.1
    1    4    11.225   0.150E-03      0.00   5.1
    1    5    11.528   0.199E-03      0.00   5.1
    1    6    11.816   0.238E-03      0.00   5.1
    1    7    12.143   0.271E-03      0.00   5.1
    1    8    12.545   0.327E-03      0.00   5.1
    1    9    12.901   0.457E-03      0.00   5.1
    1   10    13.301   0.682E-03      0.00   5.1
    1   11    13.485   0.907E-03      0.00   5.1
    1   12    13.667   0.103E-02      0.00   5.1
    1   13    13.856   0.110E-02      0.00   5.1
    1   14    14.045   0.119E-02      0.00   5.1
    1   15    14.267   0.134E-02      0.00   5.1
    1   16    14.435   0.151E-02      0.00   5.1
    1   17    14.607   0.163E-02      0.00   5.1
    1   18    14.779   0.172E-02      0.00   5.1
    1   19    14.955   0.182E-02      0.00   5.1
    1   20    15.127   0.188E-02      0.00   5.1
    1    1     8.965   0.286E-02      0.00   6.1
    1    2     9.165   0.556E-02      0.00   6.1
    1    3     9.289   0.898E-02      0.00   6.1
    1    4     9.412   0.119E-01      0.00   6.1
    1    5     9.531   0.143E-01      0.00   6.1
    1    6     9.647   0.165E-01      0.00   6.1
    1    7     9.759   0.185E-01      0.00   6.1
    1    8     9.869   0.206E-01      0.00   6.1
    1    9     9.977   0.228E-01      0.00   6.1
    1   10    10.082   0.254E-01      0.00   6.1
    1   11    10.184   0.282E-01      0.00   6.1
    1   12    10.285   0.314E-01      0.00   6.1
    1   13    10.383   0.348E-01      0.00   6.1
    1   14    10.478   0.384E-01      0.00   6.1
    1   15    10.572   0.418E-01      0.00   6.1
    1   16    10.664   0.447E-01      0.00   6.1
    1   17    10.754   0.470E-01      0.00   6.1
    1   18    10.842   0.484E-01      0.00   6.1
    1   19    10.931   0.490E-01      0.00   6.1
    1    1    11.255   0.266E-01      0.00   7.1
    1    2    11.279   0.267E-01      0.00   7.1
    1    3    11.339   0.269E-01      0.00   7.1
    1    4    11.412   0.271E-01      0.00   7.1
    1    5    11.513   0.272E-01      0.00   7.1
    1    6    11.624   0.273E-01      0.00   7.1
    1    7    11.745   0.274E-01      0.00   7.1
    1    8    11.880   0.275E-01      0.00   7.1
    1    9    12.016   0.277E-01      0.00   7.1
    1   10    12.139   0.280E-01      0.00   7.1
    1   11    12.248   0.284E-01      0.00   7.1
    1   12    12.336   0.288E-01      0.00   7.1
    1   13    12.449   0.291E-01      0.00   7.1
    1   14    12.482   0.295E-01      0.00   7.1
    1   15    12.485   0.297E-01      0.00   7.1
    1   17    11.996   0.294E-01    156.29   7.2
    1   18    11.726   0.297E-01    144.05   7.2
    1   19    11.521   0.301E-01    135.23   7.2
    1    1     9.864   0.694E-02      0.00   8.1
    1    2     9.893   0.726E-02      0.00   8.1
    1    3     9.970   0.790E-02      0.00   8.1
    1    4    10.082   0.870E-02      0.00   8.1
    1    5    10.219   0.957E-02      0.00   8.1
    1    6    10.374   0.104E-01      0.00   8.1
    1    7    10.539   0.113E-01      0.00   8.1
    1    8    10.710   0.122E-01      0.00   8.1
    1    9    10.876   0.131E-01      0.00   8.1
    1   10    11.040   0.140E-01      0.00   8.1
    1   11    11.185   0.145E-01      0.00   8.1
    1   12    11.313   0.150E-01      0.00   8.1
    1   13    11.722   0.167E-01      0.00   8.1
    1   14    11.815   0.179E-01      0.00   8.1
    1   15    11.877   0.183E-01      0.00   8.1
    1   16    11.807   0.164E-01    180.00   8.2
    1   17    11.443   0.162E-01    180.00   8.2
    1   18    11.009   0.160E-01    180.00   8.2
    1   19    11.762   0.143E-01    180.00   8.2
    1   20    11.137   0.135E-01    180.00   8.2
    1    1     4.626   0.365E-03      0.00   9.1
    1    2     4.807   0.502E-03      0.00   9.1
    1    3     5.526   0.660E-03      0.00   9.1
    1    4     8.293   0.941E-03      0.00   9.1
    1    5    11.223   0.249E-02      0.00   9.1
    1    6    11.682   0.478E-02      0.00   9.1
    1    7    12.172   0.458E-02      0.00   9.1
    1    8    12.733   0.400E-02      0.00   9.1
    1    9    13.375   0.405E-02      0.00   9.1
    1   10    14.203   0.450E-02      0.00   9.1
    1   11    14.851   0.550E-02      0.00   9.1
    1   12    15.364   0.656E-02      0.00   9.1
    1   13    15.718   0.682E-02      0.00   9.1
    1   14    16.199   0.568E-02      0.00   9.1
    1   15    17.010   0.406E-02      0.00   9.1
    1   16    18.945   0.341E-02      0.00   9.1
    1   17    18.627   0.482E-02      0.00   9.1
    1   18    19.878   0.498E-02      0.00   9.1
    1   19    20.811   0.490E-02      0.00   9.1
    1   20    21.689   0.441E-02      0.00   9.1
    1    1     4.724   0.928E-03      0.00  10.1
    1    2     5.991   0.371E-02      0.00  10.1
    1    3     6.195   0.615E-02     90.00  10.1
    1    4     7.243   0.518E-02      0.00  10.1
    1    5     7.771   0.358E-02      0.00  10.1
    1    6     8.570   0.312E-02      0.00  10.1
    1    7     9.266   0.305E-02      0.00  10.1
    1    8    10.927   0.352E-02      0.00  10.1
    1    9    11.622   0.425E-02      0.00  10.1
    1   10    12.393   0.439E-02      0.00  10.1
    1   11    13.284   0.391E-02      0.00  10.1
    1   12    14.146   0.334E-02      0.00  10.1
    1   13    15.879   0.339E-02      0.00  10.1
    1   14    16.930   0.387E-02      0.00  10.1
    1   15    18.209   0.418E-02      0.00  10.1
    1   16    19.363   0.438E-02      0.00  10.1
    1   17    20.582   0.456E-02      0.00  10.1
    1   18    21.573   0.462E-02      0.00  10.1
    1   19    22.993   0.467E-02      0.00  10.1
    1   20    24.189   0.482E-02      0.00  10.1
    1    1    10.996   0.592E-04      0.00  11.1
    1    2    11.650   0.138E-03      0.00  11.1
    1    3    12.569   0.259E-03      0.00  11.1
    1    4    13.707   0.413E-03      0.00  11.1
    1    5    14.697   0.604E-03      0.00  11.1
    1    6    15.413   0.793E-03      0.00  11.1
    1    7    16.199   0.969E-03      0.00  11.1
    1    8    17.840   0.118E-02      0.00  11.1
    1    9    18.041   0.139E-02      0.00  11.1
    1   10    19.043   0.153E-02      0.00  11.1
    1   11    20.035   0.173E-02      0.00  11.1
    1   12    20.753   0.187E-02      0.00  11.1
    1   13    21.200   0.178E-02      0.00  11.1
    1   14    22.966   0.174E-02      0.00  11.1
    1   15    24.024   0.192E-02      0.00  11.1
    1   16    24.831   0.209E-02      0.00  11.1
    1   17    25.821   0.214E-02      0.00  11.1
    1   18    26.799   0.217E-02      0.00  11.1
    1   19    27.875   0.226E-02      0.00  11.1
    1   20    28.794   0.235E-02      0.00  11.1
    1    1    13.270   0.355E-04      0.00  12.1
    1    2    14.958   0.135E-03      0.00  12.1
    1    3    16.323   0.295E-03      0.00  12.1
    1    4    18.143   0.496E-03      0.00  12.1
    1    5    20.002   0.701E-03      0.00  12.1
    1    6    21.061   0.804E-03      0.00  12.1
    1    7    23.706   0.897E-03      0.00  12.1
    1    8    25.373   0.109E-02      0.00  12.1
    1    9    27.275   0.120E-02      0.00  12.1
    1   10    29.023   0.129E-02      0.00  12.1
    1   11    30.829   0.132E-02      0.00  12.1
    1   12    33.144   0.147E-02      0.00  12.1
    1   13    34.496   0.164E-02      0.00  12.1
    1   14    36.261   0.162E-02      0.00  12.1
    1   15    38.082   0.163E-02      0.00  12.1
    1   16    39.894   0.166E-02      0.00  12.1
    1    1    18.172   0.124E-04      0.00  13.1
    1    2    20.803   0.401E-04      0.00  13.1
    1    3    24.496   0.935E-04      0.00  13.1
    1    4    27.433   0.160E-03      0.00  13.1
    1    5    30.595   0.214E-03      0.00  13.1
    1    6    33.902   0.266E-03      0.00  13.1
    1    7    37.099   0.306E-03      0.00  13.1
