    4 1.0000 1.0000
 -40.000   0.000   0.000   0.000   0.000   3.791 -40.000   3.791
    4 1.0000 1.0000
  40.000   0.000  80.000   0.000  80.000   3.782  40.000   3.782
    4 1.6275 1.6275
 -40.000   3.791   0.000   3.791   0.000   3.970 -40.000   3.970
    4 1.6275 1.6275
  40.000   3.782  80.000   3.782  80.000   3.966  40.000   3.966
    4 1.7007 1.7007
 -40.000   3.970   0.000   3.970   0.000   4.052 -40.000   4.052
    4 1.7007 1.7007
  40.000   3.966  80.000   3.966  80.000   4.048  40.000   4.048
    4 1.7299 1.7299
 -40.000   4.052   0.000   4.052   0.000   4.123 -40.000   4.123
    4 1.7299 1.7299
  40.000   4.048  80.000   4.048  80.000   4.092  40.000   4.092
    4 1.8928 1.8928
 -40.000   4.123   0.000   4.123   0.000   4.215 -40.000   4.215
    4 1.8928 1.8928
  40.000   4.092  80.000   4.092  80.000   4.189  40.000   4.189
    4 1.9566 1.9566
 -40.000   4.215   0.000   4.215   0.000   4.374 -40.000   4.374
    4 1.9566 1.9566
  40.000   4.189  80.000   4.189  80.000   4.334  40.000   4.334
    4 1.9827 1.9827
 -40.000   4.374   0.000   4.374   0.000   4.720 -40.000   4.720
    4 1.9827 1.9827
  40.000   4.334  80.000   4.334  80.000   4.761  40.000   4.761
    4 2.0764 2.0764
 -40.000   4.720   0.000   4.720   0.000   5.339 -40.000   5.339
    4 2.0764 2.0764
  40.000   4.761  80.000   4.761  80.000   5.267  40.000   5.267
    4 2.4728 2.4728
 -40.000   5.339   0.000   5.339   0.000   5.568 -40.000   5.568
    4 2.4728 2.4728
  40.000   5.267  80.000   5.267  80.000   5.827  40.000   5.827
    4 2.5506 2.5506
 -40.000   5.568   0.000   5.568   0.000   7.273 -40.000   7.273
    4 2.5506 2.5506
  40.000   5.827  80.000   5.827  80.000   7.298  40.000   7.298
    4 2.6719 2.6719
 -40.000   7.273   0.000   7.273   0.000   8.154 -40.000   8.154
    4 2.6719 2.6719
  40.000   7.298  80.000   7.298  80.000   8.179  40.000   8.179
    4 2.8000 2.8000
 -40.000   8.154   0.000   8.154   0.000  10.399 -40.000  10.399
    4 2.8000 2.8000
  40.000   8.179  80.000   8.179  80.000  10.424  40.000  10.424
    4 3.0794 3.0794
 -40.000  10.399   0.000  10.399   0.000  14.648 -40.000  14.648
    4 3.0794 3.0794
  40.000  10.424  80.000  10.424  80.000  14.678  40.000  14.678
    4 1.0000 1.0000
   0.000   0.000   0.757   0.000   0.757   3.795   0.000   3.791
    4 1.0000 1.0000
   0.757   0.000   1.475   0.000   1.475   3.790   0.757   3.795
    4 1.0000 1.0000
   1.475   0.000   2.142   0.000   2.142   3.789   1.475   3.790
    4 1.0000 1.0000
   2.142   0.000   2.878   0.000   2.878   3.791   2.142   3.789
    4 1.0000 1.0000
   2.878   0.000   3.610   0.000   3.610   3.791   2.878   3.791
    4 1.0000 1.0000
   3.610   0.000   4.794   0.000   4.794   3.791   3.610   3.791
    4 1.0000 1.0000
   4.794   0.000   5.665   0.000   5.665   3.790   4.794   3.791
    4 1.0000 1.0000
   5.665   0.000   7.227   0.000   7.227   3.791   5.665   3.790
    4 1.0000 1.0000
   7.227   0.000   8.685   0.000   8.685   3.790   7.227   3.791
    4 1.0000 1.0000
   8.685   0.000   9.537   0.000   9.537   3.791   8.685   3.790
    4 1.0000 1.0000
   9.537   0.000  10.873   0.000  10.873   3.790   9.537   3.791
    4 1.0000 1.0000
  10.873   0.000  11.500   0.000  11.500   3.791  10.873   3.790
    4 1.0000 1.0000
  11.500   0.000  12.438   0.000  12.438   3.789  11.500   3.791
    4 1.0000 1.0000
  12.438   0.000  13.453   0.000  13.453   3.787  12.438   3.789
    4 1.0000 1.0000
  13.453   0.000  14.873   0.000  14.873   3.787  13.453   3.787
    4 1.0000 1.0000
  14.873   0.000  15.489   0.000  15.489   3.788  14.873   3.787
    4 1.0000 1.0000
  15.489   0.000  16.567   0.000  16.567   3.787  15.489   3.788
    4 1.0000 1.0000
  16.567   0.000  17.515   0.000  17.515   3.787  16.567   3.787
    4 1.0000 1.0000
  17.515   0.000  18.606   0.000  18.606   3.788  17.515   3.787
    4 1.0000 1.0000
  18.606   0.000  19.462   0.000  19.462   3.787  18.606   3.788
    4 1.0000 1.0000
  19.462   0.000  20.781   0.000  20.781   3.791  19.462   3.787
    4 1.0000 1.0000
  20.781   0.000  20.982   0.000  20.982   3.787  20.781   3.791
    4 1.0000 1.0000
  20.982   0.000  21.393   0.000  21.393   3.788  20.982   3.787
    4 1.0000 1.0000
  21.393   0.000  21.847   0.000  21.847   3.791  21.393   3.788
    4 1.0000 1.0000
  21.847   0.000  23.085   0.000  23.085   3.788  21.847   3.791
    4 1.0000 1.0000
  23.085   0.000  25.229   0.000  25.229   3.784  23.085   3.788
    4 1.0000 1.0000
  25.229   0.000  26.047   0.000  26.047   3.785  25.229   3.784
    4 1.0000 1.0000
  26.047   0.000  26.294   0.000  26.294   3.788  26.047   3.785
    4 1.0000 1.0000
  26.294   0.000  27.211   0.000  27.211   3.785  26.294   3.788
    4 1.0000 1.0000
  27.211   0.000  28.139   0.000  28.139   3.783  27.211   3.785
    4 1.0000 1.0000
  28.139   0.000  29.232   0.000  29.232   3.785  28.139   3.783
    4 1.0000 1.0000
  29.232   0.000  30.010   0.000  30.010   3.781  29.232   3.785
    4 1.0000 1.0000
  30.010   0.000  30.414   0.000  30.414   3.786  30.010   3.781
    4 1.0000 1.0000
  30.414   0.000  31.223   0.000  31.223   3.784  30.414   3.786
    4 1.0000 1.0000
  31.223   0.000  32.175   0.000  32.175   3.784  31.223   3.784
    4 1.0000 1.0000
  32.175   0.000  33.049   0.000  33.049   3.783  32.175   3.784
    4 1.0000 1.0000
  33.049   0.000  33.373   0.000  33.373   3.782  33.049   3.783
    4 1.0000 1.0000
  33.373   0.000  34.274   0.000  34.274   3.781  33.373   3.782
    4 1.0000 1.0000
  34.274   0.000  34.909   0.000  34.909   3.782  34.274   3.781
    4 1.0000 1.0000
  34.909   0.000  35.000   0.000  35.000   3.782  34.909   3.782
    4 1.0000 1.0000
  35.000   0.000  40.000   0.000  40.000   3.782  35.000   3.782
    4 1.6275 1.6275
   0.000   3.791   0.757   3.795   0.757   3.970   0.000   3.970
    4 1.6275 1.6275
   0.757   3.795   1.475   3.790   1.475   3.969   0.757   3.970
    4 1.6275 1.6275
   1.475   3.790   2.142   3.789   2.142   3.969   1.475   3.969
    4 1.6275 1.6275
   2.142   3.789   2.878   3.791   2.878   3.968   2.142   3.969
    4 1.6275 1.6275
   2.878   3.791   3.610   3.791   3.610   3.968   2.878   3.968
    4 1.6275 1.6275
   3.610   3.791   4.794   3.791   4.794   3.967   3.610   3.968
    4 1.6275 1.6275
   4.794   3.791   5.377   3.791   5.377   3.967   4.794   3.967
    4 1.6275 1.6275
   5.377   3.791   5.665   3.790   5.665   3.965   5.377   3.967
    4 1.6275 1.6275
   5.665   3.790   7.227   3.791   7.227   3.957   5.665   3.965
    4 1.6275 1.6275
   7.227   3.791   8.610   3.791   8.610   3.950   7.227   3.957
    4 1.6275 1.6275
   8.610   3.791   8.685   3.790   8.685   3.950   8.610   3.950
    4 1.6275 1.6275
   8.685   3.790   9.537   3.791   9.537   3.951   8.685   3.950
    4 1.6275 1.6275
   9.537   3.791  10.873   3.790  10.873   3.952   9.537   3.951
    4 1.6275 1.6275
  10.873   3.790  11.183   3.791  11.183   3.952  10.873   3.952
    4 1.6275 1.6275
  11.183   3.791  11.500   3.791  11.500   3.953  11.183   3.952
    4 1.6275 1.6275
  11.500   3.791  12.438   3.789  12.438   3.956  11.500   3.953
    4 1.6275 1.6275
  12.438   3.789  13.453   3.787  13.453   3.960  12.438   3.956
    4 1.6275 1.6275
  13.453   3.787  14.873   3.787  14.873   3.965  13.453   3.960
    4 1.6275 1.6275
  14.873   3.787  15.489   3.788  15.489   3.967  14.873   3.965
    4 1.6275 1.6275
  15.489   3.788  16.164   3.788  16.164   3.969  15.489   3.967
    4 1.6275 1.6275
  16.164   3.788  16.567   3.787  16.567   3.969  16.164   3.969
    4 1.6275 1.6275
  16.567   3.787  17.515   3.787  17.515   3.969  16.567   3.969
    4 1.6275 1.6275
  17.515   3.787  18.606   3.788  18.606   3.969  17.515   3.969
    4 1.6275 1.6275
  18.606   3.788  19.462   3.787  19.462   3.969  18.606   3.969
    4 1.6275 1.6275
  19.462   3.787  20.781   3.791  20.781   3.968  19.462   3.969
    4 1.6275 1.6275
  20.781   3.791  20.982   3.787  20.982   3.968  20.781   3.968
    4 1.6275 1.6275
  20.982   3.787  21.393   3.788  21.393   3.968  20.982   3.968
    4 1.6275 1.6275
  21.393   3.788  21.847   3.791  21.847   3.968  21.393   3.968
    4 1.6275 1.6275
  21.847   3.791  23.085   3.788  23.085   3.968  21.847   3.968
    4 1.6275 1.6275
  23.085   3.788  25.229   3.784  25.229   3.967  23.085   3.968
    4 1.6275 1.6275
  25.229   3.784  26.047   3.785  26.047   3.967  25.229   3.967
    4 1.6275 1.6275
  26.047   3.785  26.294   3.788  26.294   3.967  26.047   3.967
    4 1.6275 1.6275
  26.294   3.788  27.211   3.785  27.211   3.967  26.294   3.967
    4 1.6275 1.6275
  27.211   3.785  28.139   3.783  28.139   3.967  27.211   3.967
    4 1.6275 1.6275
  28.139   3.783  29.232   3.785  29.232   3.967  28.139   3.967
    4 1.6275 1.6275
  29.232   3.785  30.010   3.781  30.010   3.967  29.232   3.967
    4 1.6275 1.6275
  30.010   3.781  30.414   3.786  30.414   3.967  30.010   3.967
    4 1.6275 1.6275
  30.414   3.786  31.223   3.784  31.223   3.966  30.414   3.967
    4 1.6275 1.6275
  31.223   3.784  32.175   3.784  32.175   3.966  31.223   3.966
    4 1.6275 1.6275
  32.175   3.784  33.049   3.783  33.049   3.966  32.175   3.966
    4 1.6275 1.6275
  33.049   3.783  33.373   3.782  33.373   3.966  33.049   3.966
    4 1.6275 1.6275
  33.373   3.782  34.274   3.781  34.274   3.966  33.373   3.966
    4 1.6275 1.6275
  34.274   3.781  34.909   3.782  34.909   3.966  34.274   3.966
    4 1.6275 1.6275
  34.909   3.782  35.000   3.782  35.000   3.966  34.909   3.966
    4 1.6275 1.6275
  35.000   3.782  40.000   3.782  40.000   3.966  35.000   3.966
    4 1.7007 1.7007
   0.000   3.970   5.377   3.967   5.377   4.035   0.000   4.052
    4 1.7007 1.7007
   5.377   3.967   8.610   3.950   8.610   4.015   5.377   4.035
    4 1.7007 1.7007
   8.610   3.950   8.812   3.950   8.812   4.014   8.610   4.015
    4 1.7007 1.7007
   8.812   3.950  11.183   3.952  11.183   4.008   8.812   4.014
    4 1.7007 1.7007
  11.183   3.952  11.365   3.953  11.365   4.008  11.183   4.008
    4 1.7007 1.7007
  11.365   3.953  16.164   3.969  16.164   4.036  11.365   4.008
    4 1.7007 1.7007
  16.164   3.969  16.184   3.969  16.184   4.036  16.164   4.036
    4 1.7007 1.7007
  16.184   3.969  35.000   3.966  35.000   4.048  16.184   4.036
    4 1.7007 1.7007
  35.000   3.966  40.000   3.966  40.000   4.048  35.000   4.048
    4 1.7299 1.7299
   0.000   4.052   4.684   4.037   4.684   4.108   0.000   4.123
    4 1.7299 1.7299
   4.684   4.037   5.374   4.035   5.374   4.102   4.684   4.108
    4 1.7299 1.7299
   5.374   4.035   6.429   4.028   6.429   4.091   5.374   4.102
    4 1.7299 1.7299
   6.429   4.028   7.510   4.022   7.510   4.080   6.429   4.091
    4 1.7299 1.7299
   7.510   4.022   8.708   4.015   8.708   4.061   7.510   4.080
    4 1.7299 1.7299
   8.708   4.015   8.812   4.014   8.812   4.061   8.708   4.061
    4 1.7299 1.7299
   8.812   4.014   9.620   4.012   9.620   4.064   8.812   4.061
    4 1.7299 1.7299
   9.620   4.012  10.531   4.010  10.531   4.075   9.620   4.064
    4 1.7299 1.7299
  10.531   4.010  11.365   4.008  11.365   4.057  10.531   4.075
    4 1.7299 1.7299
  11.365   4.008  11.573   4.009  11.573   4.052  11.365   4.057
    4 1.7299 1.7299
  11.573   4.009  12.459   4.014  12.459   4.055  11.573   4.052
    4 1.7299 1.7299
  12.459   4.014  13.696   4.021  13.696   4.068  12.459   4.055
    4 1.7299 1.7299
  13.696   4.021  16.184   4.036  16.184   4.084  13.696   4.068
    4 1.7299 1.7299
  16.184   4.036  17.460   4.037  17.460   4.093  16.184   4.084
    4 1.7299 1.7299
  17.460   4.037  35.000   4.048  35.000   4.092  17.460   4.093
    4 1.7299 1.7299
  35.000   4.048  40.000   4.048  40.000   4.092  35.000   4.092
    4 1.8928 1.8928
   0.000   4.123   4.508   4.109   4.508   4.205   0.000   4.215
    4 1.8928 1.8928
   4.508   4.109   4.684   4.108   4.684   4.202   4.508   4.205
    4 1.8928 1.8928
   4.684   4.108   6.429   4.091   6.429   4.175   4.684   4.202
    4 1.8928 1.8928
   6.429   4.091   7.244   4.083   7.244   4.162   6.429   4.175
    4 1.8928 1.8928
   7.244   4.083   7.510   4.080   7.510   4.157   7.244   4.162
    4 1.8928 1.8928
   7.510   4.080   8.708   4.061   8.708   4.136   7.510   4.157
    4 1.8928 1.8928
   8.708   4.061   9.620   4.064   9.620   4.120   8.708   4.136
    4 1.8928 1.8928
   9.620   4.064  10.531   4.075  10.531   4.128   9.620   4.120
    4 1.8928 1.8928
  10.531   4.075  11.573   4.052  11.573   4.137  10.531   4.128
    4 1.8928 1.8928
  11.573   4.052  12.459   4.055  12.459   4.144  11.573   4.137
    4 1.8928 1.8928
  12.459   4.055  13.696   4.068  13.696   4.154  12.459   4.144
    4 1.8928 1.8928
  13.696   4.068  14.955   4.076  14.955   4.165  13.696   4.154
    4 1.8928 1.8928
  14.955   4.076  17.460   4.093  17.460   4.172  14.955   4.165
    4 1.8928 1.8928
  17.460   4.093  18.800   4.093  18.800   4.176  17.460   4.172
    4 1.8928 1.8928
  18.800   4.093  22.187   4.093  22.187   4.181  18.800   4.176
    4 1.8928 1.8928
  22.187   4.093  33.609   4.092  33.609   4.189  22.187   4.181
    4 1.8928 1.8928
  33.609   4.092  35.000   4.092  35.000   4.189  33.609   4.189
    4 1.8928 1.8928
  35.000   4.092  40.000   4.092  40.000   4.189  35.000   4.189
    4 1.9566 1.9566
   0.000   4.215   2.818   4.209   2.818   4.375   0.000   4.374
    4 1.9566 1.9566
   2.818   4.209   4.139   4.206   4.139   4.366   2.818   4.375
    4 1.9566 1.9566
   4.139   4.206   4.508   4.205   4.508   4.358   4.139   4.366
    4 1.9566 1.9566
   4.508   4.205   5.727   4.186   5.727   4.330   4.508   4.358
    4 1.9566 1.9566
   5.727   4.186   6.836   4.168   6.836   4.300   5.727   4.330
    4 1.9566 1.9566
   6.836   4.168   7.244   4.162   7.244   4.285   6.836   4.300
    4 1.9566 1.9566
   7.244   4.162   7.898   4.150   7.898   4.262   7.244   4.285
    4 1.9566 1.9566
   7.898   4.150   9.378   4.125   9.378   4.178   7.898   4.262
    4 1.9566 1.9566
   9.378   4.125   9.620   4.120   9.620   4.179   9.378   4.178
    4 1.9566 1.9566
   9.620   4.120  10.532   4.128  10.532   4.186   9.620   4.179
    4 1.9566 1.9566
  10.532   4.128  12.165   4.142  12.165   4.227  10.532   4.186
    4 1.9566 1.9566
  12.165   4.142  14.097   4.158  14.097   4.299  12.165   4.227
    4 1.9566 1.9566
  14.097   4.158  14.955   4.165  14.955   4.306  14.097   4.299
    4 1.9566 1.9566
  14.955   4.165  15.867   4.167  15.867   4.313  14.955   4.306
    4 1.9566 1.9566
  15.867   4.167  17.503   4.172  17.503   4.325  15.867   4.313
    4 1.9566 1.9566
  17.503   4.172  18.800   4.176  18.800   4.325  17.503   4.325
    4 1.9566 1.9566
  18.800   4.176  19.795   4.177  19.795   4.325  18.800   4.325
    4 1.9566 1.9566
  19.795   4.177  21.020   4.179  21.020   4.307  19.795   4.325
    4 1.9566 1.9566
  21.020   4.179  22.187   4.181  22.187   4.310  21.020   4.307
    4 1.9566 1.9566
  22.187   4.181  22.244   4.181  22.244   4.310  22.187   4.310
    4 1.9566 1.9566
  22.244   4.181  25.727   4.183  25.727   4.320  22.244   4.310
    4 1.9566 1.9566
  25.727   4.183  33.609   4.189  33.609   4.329  25.727   4.320
    4 1.9566 1.9566
  33.609   4.189  35.025   4.189  35.025   4.330  33.609   4.329
    4 1.9566 1.9566
  35.025   4.189  40.000   4.189  40.000   4.334  35.025   4.330
    4 1.9827 1.9827
   0.000   4.374   2.818   4.375   2.818   4.706   0.000   4.720
    4 1.9827 1.9827
   2.818   4.375   3.589   4.370   3.589   4.703   2.818   4.706
    4 1.9827 1.9827
   3.589   4.370   4.139   4.366   4.139   4.672   3.589   4.703
    4 1.9827 1.9827
   4.139   4.366   5.539   4.334   5.539   4.594   4.139   4.672
    4 1.9827 1.9827
   5.539   4.334   5.727   4.330   5.727   4.590   5.539   4.594
    4 1.9827 1.9827
   5.727   4.330   6.836   4.300   6.836   4.564   5.727   4.590
    4 1.9827 1.9827
   6.836   4.300   7.167   4.288   7.167   4.557   6.836   4.564
    4 1.9827 1.9827
   7.167   4.288   7.898   4.262   7.898   4.406   7.167   4.557
    4 1.9827 1.9827
   7.898   4.262   8.392   4.233   8.392   4.304   7.898   4.406
    4 1.9827 1.9827
   8.392   4.233   9.292   4.182   9.292   4.210   8.392   4.304
    4 1.9827 1.9827
   9.292   4.182   9.378   4.178   9.378   4.209   9.292   4.210
    4 1.9827 1.9827
   9.378   4.178  10.532   4.186  10.532   4.223   9.378   4.209
    4 1.9827 1.9827
  10.532   4.186  10.611   4.188  10.611   4.224  10.532   4.223
    4 1.9827 1.9827
  10.611   4.188  11.434   4.209  11.434   4.242  10.611   4.224
    4 1.9827 1.9827
  11.434   4.209  12.046   4.224  12.046   4.280  11.434   4.242
    4 1.9827 1.9827
  12.046   4.224  12.165   4.227  12.165   4.294  12.046   4.280
    4 1.9827 1.9827
  12.165   4.227  12.525   4.241  12.525   4.337  12.165   4.294
    4 1.9827 1.9827
  12.525   4.241  13.194   4.266  13.194   4.440  12.525   4.337
    4 1.9827 1.9827
  13.194   4.266  13.653   4.283  13.653   4.505  13.194   4.440
    4 1.9827 1.9827
  13.653   4.283  14.097   4.299  14.097   4.531  13.653   4.505
    4 1.9827 1.9827
  14.097   4.299  14.247   4.300  14.247   4.540  14.097   4.531
    4 1.9827 1.9827
  14.247   4.300  14.897   4.305  14.897   4.541  14.247   4.540
    4 1.9827 1.9827
  14.897   4.305  15.701   4.312  15.701   4.525  14.897   4.541
    4 1.9827 1.9827
  15.701   4.312  15.867   4.313  15.867   4.548  15.701   4.525
    4 1.9827 1.9827
  15.867   4.313  16.103   4.315  16.103   4.581  15.867   4.548
    4 1.9827 1.9827
  16.103   4.315  17.212   4.323  17.212   4.619  16.103   4.581
    4 1.9827 1.9827
  17.212   4.323  17.503   4.325  17.503   4.624  17.212   4.619
    4 1.9827 1.9827
  17.503   4.325  19.260   4.325  19.260   4.654  17.503   4.624
    4 1.9827 1.9827
  19.260   4.325  19.795   4.325  19.795   4.639  19.260   4.654
    4 1.9827 1.9827
  19.795   4.325  20.350   4.317  20.350   4.623  19.795   4.639
    4 1.9827 1.9827
  20.350   4.317  21.020   4.307  21.020   4.620  20.350   4.623
    4 1.9827 1.9827
  21.020   4.307  21.766   4.309  21.766   4.616  21.020   4.620
    4 1.9827 1.9827
  21.766   4.309  22.244   4.310  22.244   4.625  21.766   4.616
    4 1.9827 1.9827
  22.244   4.310  22.627   4.311  22.627   4.633  22.244   4.625
    4 1.9827 1.9827
  22.627   4.311  23.373   4.314  23.373   4.661  22.627   4.633
    4 1.9827 1.9827
  23.373   4.314  24.674   4.317  24.674   4.661  23.373   4.661
    4 1.9827 1.9827
  24.674   4.317  25.707   4.320  25.707   4.680  24.674   4.661
    4 1.9827 1.9827
  25.707   4.320  25.727   4.320  25.727   4.680  25.707   4.680
    4 1.9827 1.9827
  25.727   4.320  27.334   4.322  27.334   4.683  25.727   4.680
    4 1.9827 1.9827
  27.334   4.322  29.534   4.324  29.534   4.702  27.334   4.683
    4 1.9827 1.9827
  29.534   4.324  31.141   4.326  31.141   4.691  29.534   4.702
    4 1.9827 1.9827
  31.141   4.326  32.442   4.328  32.442   4.715  31.141   4.691
    4 1.9827 1.9827
  32.442   4.328  33.131   4.328  33.131   4.743  32.442   4.715
    4 1.9827 1.9827
  33.131   4.328  34.643   4.330  34.643   4.757  33.131   4.743
    4 1.9827 1.9827
  34.643   4.330  35.025   4.330  35.025   4.761  34.643   4.757
    4 1.9827 1.9827
  35.025   4.330  36.192   4.331  36.192   4.774  35.025   4.761
    4 1.9827 1.9827
  36.192   4.331  38.010   4.332  38.010   4.769  36.192   4.774
    4 1.9827 1.9827
  38.010   4.332  40.000   4.334  40.000   4.761  38.010   4.769
    4 2.0764 2.0764
   0.000   4.720   1.542   4.712   1.542   5.337   0.000   5.339
    4 2.0764 2.0764
   1.542   4.712   2.901   4.706   2.901   5.286   1.542   5.337
    4 2.0764 2.0764
   2.901   4.706   3.589   4.703   3.589   5.235   2.901   5.286
    4 2.0764 2.0764
   3.589   4.703   3.812   4.690   3.812   5.218   3.589   5.235
    4 2.0764 2.0764
   3.812   4.690   4.489   4.653   4.489   5.130   3.812   5.218
    4 2.0764 2.0764
   4.489   4.653   4.916   4.629   4.916   5.051   4.489   5.130
    4 2.0764 2.0764
   4.916   4.629   5.539   4.594   5.539   4.878   4.916   5.051
    4 2.0764 2.0764
   5.539   4.594   6.341   4.576   6.341   4.806   5.539   4.878
    4 2.0764 2.0764
   6.341   4.576   7.167   4.557   7.167   4.729   6.341   4.806
    4 2.0764 2.0764
   7.167   4.557   7.303   4.529   7.303   4.716   7.167   4.729
    4 2.0764 2.0764
   7.303   4.529   7.730   4.441   7.730   4.607   7.303   4.716
    4 2.0764 2.0764
   7.730   4.441   8.392   4.304   8.392   4.427   7.730   4.607
    4 2.0764 2.0764
   8.392   4.304   8.734   4.268   8.734   4.334   8.392   4.427
    4 2.0764 2.0764
   8.734   4.268   9.292   4.210   9.292   4.240   8.734   4.334
    4 2.0764 2.0764
   9.292   4.210   9.378   4.209   9.378   4.243   9.292   4.240
    4 2.0764 2.0764
   9.378   4.209  10.611   4.224  10.611   4.286   9.378   4.243
    4 2.0764 2.0764
  10.611   4.224  11.434   4.242  11.434   4.315  10.611   4.286
    4 2.0764 2.0764
  11.434   4.242  11.886   4.270  11.886   4.331  11.434   4.315
    4 2.0764 2.0764
  11.886   4.270  12.046   4.280  12.046   4.354  11.886   4.331
    4 2.0764 2.0764
  12.046   4.280  12.525   4.337  12.525   4.421  12.046   4.354
    4 2.0764 2.0764
  12.525   4.337  12.539   4.339  12.539   4.423  12.525   4.421
    4 2.0764 2.0764
  12.539   4.339  13.194   4.440  13.194   4.545  12.539   4.423
    4 2.0764 2.0764
  13.194   4.440  13.494   4.483  13.494   4.601  13.194   4.545
    4 2.0764 2.0764
  13.494   4.483  13.653   4.505  13.653   4.621  13.494   4.601
    4 2.0764 2.0764
  13.653   4.505  14.053   4.529  14.053   4.671  13.653   4.621
    4 2.0764 2.0764
  14.053   4.529  14.247   4.540  14.247   4.682  14.053   4.671
    4 2.0764 2.0764
  14.247   4.540  14.897   4.541  14.897   4.716  14.247   4.682
    4 2.0764 2.0764
  14.897   4.541  14.980   4.539  14.980   4.720  14.897   4.716
    4 2.0764 2.0764
  14.980   4.539  15.694   4.526  15.694   4.715  14.980   4.720
    4 2.0764 2.0764
  15.694   4.526  15.701   4.525  15.701   4.718  15.694   4.715
    4 2.0764 2.0764
  15.701   4.525  16.103   4.581  16.103   4.884  15.701   4.718
    4 2.0764 2.0764
  16.103   4.581  16.154   4.583  16.154   4.906  16.103   4.884
    4 2.0764 2.0764
  16.154   4.583  17.212   4.619  17.212   4.953  16.154   4.906
    4 2.0764 2.0764
  17.212   4.619  17.420   4.623  17.420   4.962  17.212   4.953
    4 2.0764 2.0764
  17.420   4.623  17.936   4.632  17.936   5.010  17.420   4.962
    4 2.0764 2.0764
  17.936   4.632  18.435   4.640  18.435   5.062  17.936   5.010
    4 2.0764 2.0764
  18.435   4.640  19.130   4.652  19.130   5.119  18.435   5.062
    4 2.0764 2.0764
  19.130   4.652  19.260   4.654  19.260   5.117  19.130   5.119
    4 2.0764 2.0764
  19.260   4.654  20.145   4.629  20.145   5.105  19.260   5.117
    4 2.0764 2.0764
  20.145   4.629  20.350   4.623  20.350   5.040  20.145   5.105
    4 2.0764 2.0764
  20.350   4.623  20.555   4.622  20.555   4.975  20.350   5.040
    4 2.0764 2.0764
  20.555   4.622  21.341   4.618  21.341   4.981  20.555   4.975
    4 2.0764 2.0764
  21.341   4.618  21.766   4.616  21.766   4.987  21.341   4.981
    4 2.0764 2.0764
  21.766   4.616  21.900   4.619  21.900   4.989  21.766   4.987
    4 2.0764 2.0764
  21.900   4.619  22.532   4.631  22.532   5.019  21.900   4.989
    4 2.0764 2.0764
  22.532   4.631  22.627   4.633  22.627   5.037  22.532   5.019
    4 2.0764 2.0764
  22.627   4.633  23.048   4.649  23.048   5.115  22.627   5.037
    4 2.0764 2.0764
  23.048   4.649  23.373   4.661  23.373   5.115  23.048   5.115
    4 2.0764 2.0764
  23.373   4.661  24.651   4.661  24.651   5.114  23.373   5.115
    4 2.0764 2.0764
  24.651   4.661  24.674   4.661  24.674   5.114  24.651   5.114
    4 2.0764 2.0764
  24.674   4.661  25.595   4.678  25.595   5.102  24.674   5.114
    4 2.0764 2.0764
  25.595   4.678  25.707   4.680  25.707   5.105  25.595   5.102
    4 2.0764 2.0764
  25.707   4.680  27.092   4.683  27.092   5.145  25.707   5.105
    4 2.0764 2.0764
  27.092   4.683  27.334   4.683  27.334   5.146  27.092   5.145
    4 2.0764 2.0764
  27.334   4.683  28.071   4.689  28.071   5.147  27.334   5.146
    4 2.0764 2.0764
  28.071   4.689  28.784   4.696  28.784   5.149  28.071   5.147
    4 2.0764 2.0764
  28.784   4.696  29.229   4.699  29.229   5.153  28.784   5.149
    4 2.0764 2.0764
  29.229   4.699  29.534   4.702  29.534   5.153  29.229   5.153
    4 2.0764 2.0764
  29.534   4.702  30.102   4.698  30.102   5.154  29.534   5.153
    4 2.0764 2.0764
  30.102   4.698  30.636   4.695  30.636   5.137  30.102   5.154
    4 2.0764 2.0764
  30.636   4.695  31.064   4.692  31.064   5.079  30.636   5.137
    4 2.0764 2.0764
  31.064   4.692  31.141   4.691  31.141   5.097  31.064   5.079
    4 2.0764 2.0764
  31.141   4.691  31.382   4.695  31.382   5.153  31.141   5.097
    4 2.0764 2.0764
  31.382   4.695  32.239   4.711  32.239   5.214  31.382   5.153
    4 2.0764 2.0764
  32.239   4.711  32.442   4.715  32.442   5.221  32.239   5.214
    4 2.0764 2.0764
  32.442   4.715  32.845   4.731  32.845   5.237  32.442   5.221
    4 2.0764 2.0764
  32.845   4.731  33.131   4.743  33.131   5.244  32.845   5.237
    4 2.0764 2.0764
  33.131   4.743  34.020   4.751  34.020   5.268  33.131   5.244
    4 2.0764 2.0764
  34.020   4.751  34.643   4.757  34.643   5.267  34.020   5.268
    4 2.0764 2.0764
  34.643   4.757  35.000   4.761  35.000   5.267  34.643   5.267
    4 2.0764 2.0764
  35.000   4.761  35.911   4.771  35.911   5.300  35.000   5.267
    4 2.0764 2.0764
  35.911   4.771  36.192   4.774  36.192   5.300  35.911   5.300
    4 2.0764 2.0764
  36.192   4.774  37.719   4.769  37.719   5.298  36.192   5.300
    4 2.0764 2.0764
  37.719   4.769  38.010   4.769  38.010   5.293  37.719   5.298
    4 2.0764 2.0764
  38.010   4.769  39.101   4.765  39.101   5.275  38.010   5.293
    4 2.0764 2.0764
  39.101   4.765  40.000   4.761  40.000   5.267  39.101   5.275
    4 2.4728 2.4728
   0.000   5.339   1.542   5.337   1.542   5.575   0.000   5.568
    4 2.4728 2.4728
   1.542   5.337   2.901   5.286   2.901   5.581   1.542   5.575
    4 2.4728 2.4728
   2.901   5.286   3.612   5.233   3.612   5.585   2.901   5.581
    4 2.4728 2.4728
   3.612   5.233   3.812   5.218   3.812   5.605   3.612   5.585
    4 2.4728 2.4728
   3.812   5.218   4.489   5.130   4.489   5.673   3.812   5.605
    4 2.4728 2.4728
   4.489   5.130   4.662   5.098   4.662   5.691   4.489   5.673
    4 2.4728 2.4728
   4.662   5.098   4.916   5.051   4.916   5.728   4.662   5.691
    4 2.4728 2.4728
   4.916   5.051   5.539   4.878   5.539   5.819   4.916   5.728
    4 2.4728 2.4728
   5.539   4.878   6.341   4.806   6.341   5.936   5.539   5.819
    4 2.4728 2.4728
   6.341   4.806   7.303   4.716   7.303   6.076   6.341   5.936
    4 2.4728 2.4728
   7.303   4.716   7.730   4.607   7.730   6.139   7.303   6.076
    4 2.4728 2.4728
   7.730   4.607   8.011   4.530   8.011   6.180   7.730   6.139
    4 2.4728 2.4728
   8.011   4.530   8.734   4.334   8.734   6.190   8.011   6.180
    4 2.4728 2.4728
   8.734   4.334   9.292   4.240   9.292   6.198   8.734   6.190
    4 2.4728 2.4728
   9.292   4.240  11.689   4.324  11.689   6.233   9.292   6.198
    4 2.4728 2.4728
  11.689   4.324  11.886   4.331  11.886   6.230  11.689   6.233
    4 2.4728 2.4728
  11.886   4.331  12.539   4.423  12.539   6.221  11.886   6.230
    4 2.4728 2.4728
  12.539   4.423  13.494   4.601  13.494   6.208  12.539   6.221
    4 2.4728 2.4728
  13.494   4.601  14.053   4.671  14.053   6.200  13.494   6.208
    4 2.4728 2.4728
  14.053   4.671  14.980   4.720  14.980   6.186  14.053   6.200
    4 2.4728 2.4728
  14.980   4.720  15.366   4.718  15.366   6.181  14.980   6.186
    4 2.4728 2.4728
  15.366   4.718  15.694   4.715  15.694   6.163  15.366   6.181
    4 2.4728 2.4728
  15.694   4.715  16.154   4.906  16.154   6.138  15.694   6.163
    4 2.4728 2.4728
  16.154   4.906  17.420   4.962  17.420   6.070  16.154   6.138
    4 2.4728 2.4728
  17.420   4.962  17.936   5.010  17.936   6.042  17.420   6.070
    4 2.4728 2.4728
  17.936   5.010  18.435   5.062  18.435   6.015  17.936   6.042
    4 2.4728 2.4728
  18.435   5.062  18.682   5.082  18.682   6.002  18.435   6.015
    4 2.4728 2.4728
  18.682   5.082  19.130   5.119  19.130   5.996  18.682   6.002
    4 2.4728 2.4728
  19.130   5.119  20.145   5.105  20.145   5.982  19.130   5.996
    4 2.4728 2.4728
  20.145   5.105  20.555   4.975  20.555   5.976  20.145   5.982
    4 2.4728 2.4728
  20.555   4.975  21.341   4.981  21.341   5.965  20.555   5.976
    4 2.4728 2.4728
  21.341   4.981  21.900   4.989  21.900   5.958  21.341   5.965
    4 2.4728 2.4728
  21.900   4.989  22.532   5.019  22.532   5.949  21.900   5.958
    4 2.4728 2.4728
  22.532   5.019  23.048   5.115  23.048   5.942  22.532   5.949
    4 2.4728 2.4728
  23.048   5.115  24.651   5.114  24.651   5.920  23.048   5.942
    4 2.4728 2.4728
  24.651   5.114  25.019   5.109  25.019   5.915  24.651   5.920
    4 2.4728 2.4728
  25.019   5.109  25.595   5.102  25.595   5.912  25.019   5.915
    4 2.4728 2.4728
  25.595   5.102  27.092   5.145  27.092   5.905  25.595   5.912
    4 2.4728 2.4728
  27.092   5.145  28.071   5.147  28.071   5.900  27.092   5.905
    4 2.4728 2.4728
  28.071   5.147  28.233   5.147  28.233   5.899  28.071   5.900
    4 2.4728 2.4728
  28.233   5.147  28.784   5.149  28.784   5.894  28.233   5.899
    4 2.4728 2.4728
  28.784   5.149  29.229   5.153  29.229   5.889  28.784   5.894
    4 2.4728 2.4728
  29.229   5.153  29.668   5.153  29.668   5.885  29.229   5.889
    4 2.4728 2.4728
  29.668   5.153  30.102   5.154  30.102   5.885  29.668   5.885
    4 2.4728 2.4728
  30.102   5.154  30.636   5.137  30.636   5.885  30.102   5.885
    4 2.4728 2.4728
  30.636   5.137  30.797   5.115  30.797   5.885  30.636   5.885
    4 2.4728 2.4728
  30.797   5.115  31.064   5.079  31.064   5.882  30.797   5.885
    4 2.4728 2.4728
  31.064   5.079  31.382   5.153  31.382   5.877  31.064   5.882
    4 2.4728 2.4728
  31.382   5.153  32.239   5.214  32.239   5.865  31.382   5.877
    4 2.4728 2.4728
  32.239   5.214  32.845   5.237  32.845   5.857  32.239   5.865
    4 2.4728 2.4728
  32.845   5.237  34.020   5.268  34.020   5.841  32.845   5.857
    4 2.4728 2.4728
  34.020   5.268  35.000   5.267  35.000   5.828  34.020   5.841
    4 2.4728 2.4728
  35.000   5.267  35.911   5.300  35.911   5.828  35.000   5.828
    4 2.4728 2.4728
  35.911   5.300  37.719   5.298  37.719   5.828  35.911   5.828
    4 2.4728 2.4728
  37.719   5.298  39.101   5.275  39.101   5.828  37.719   5.828
    4 2.4728 2.4728
  39.101   5.275  40.000   5.267  40.000   5.827  39.101   5.828
    4 2.5506 2.5506
   0.000   5.568   3.612   5.585   3.612   7.275   0.000   7.273
    4 2.5506 2.5506
   3.612   5.585   4.662   5.691   4.662   7.276   3.612   7.275
    4 2.5506 2.5506
   4.662   5.691   8.011   6.180   8.011   7.279   4.662   7.276
    4 2.5506 2.5506
   8.011   6.180  11.689   6.233  11.689   7.281   8.011   7.279
    4 2.5506 2.5506
  11.689   6.233  15.366   6.181  15.366   7.284  11.689   7.281
    4 2.5506 2.5506
  15.366   6.181  18.682   6.002  18.682   7.286  15.366   7.284
    4 2.5506 2.5506
  18.682   6.002  25.019   5.915  25.019   7.291  18.682   7.286
    4 2.5506 2.5506
  25.019   5.915  28.233   5.899  28.233   7.293  25.019   7.291
    4 2.5506 2.5506
  28.233   5.899  29.668   5.885  29.668   7.295  28.233   7.293
    4 2.5506 2.5506
  29.668   5.885  30.797   5.885  30.797   7.295  29.668   7.295
    4 2.5506 2.5506
  30.797   5.885  35.000   5.828  35.000   7.298  30.797   7.295
    4 2.5506 2.5506
  35.000   5.828  40.000   5.827  40.000   7.298  35.000   7.298
    4 2.6719 2.6719
   0.000   7.273  35.000   7.298  35.000   8.179   0.000   8.154
    4 2.6719 2.6719
  35.000   7.298  40.000   7.298  40.000   8.179  35.000   8.179
    4 2.8000 2.8000
   0.000   8.154  35.000   8.179  35.000  10.424   0.000  10.399
    4 2.8000 2.8000
  35.000   8.179  40.000   8.179  40.000  10.424  35.000  10.424
    4 3.0794 3.0794
   0.000  10.399  35.000  10.424  35.000  14.678   0.000  14.648
    4 3.0794 3.0794
  35.000  10.424  40.000  10.424  40.000  14.678  35.000  14.678
