shot  ray i.angle  f.angle   dist     depth red.time  npts code
***  shot#   1 ray code  9.1 no rays traced  ***
   1   1   62.243  -57.564    9.240    0.00   7.403   172  10.1
   1   2   62.245  -57.096   10.377    0.00   7.666   177  10.1
   1   3   62.252  -58.821   10.392    0.00   7.671   178  10.1
   1   4   62.264  -59.244   10.779    0.00   7.754   188  10.1
***  ray stopped - converted ray cannot reflect/refract  ***
   1   5   62.280  -28.864    8.084    4.51   4.749   106  10.1
   1   6   62.301  -56.529   12.333    0.00   8.111   176  10.1
   1   7   62.326  -56.707   13.051    0.00   8.281   177  10.1
   1   8   62.356  -56.891   13.851    0.00   8.471   188  10.1
   1   9   62.391  -56.357   14.736    0.00   8.681   195  10.1
   1  10   62.431  -60.121   17.788    0.00   9.318   246  10.1
   1  11   62.475  -60.023   18.974    0.00   9.560   259  10.1
   1  12   62.523  -60.166   19.976    0.00   9.761   271  10.1
   1  13   62.576  -61.242   20.709    0.00   9.905   279  10.1
   1  14   62.634  -61.448   21.728    0.00  10.098   294  10.1
   1  15   62.697  -61.658   22.686    0.00  10.277   305  10.1
   1  16   62.764  -59.618   24.035    0.00  10.536   322  10.1
   1  17   62.836  -61.120   24.533    0.00  10.632   325  10.1
   1  18   62.912  -61.082   25.354    0.00  10.791   330  10.1
   1  19   62.993  -61.243   26.146    0.00  10.944   335  10.1
   1  20   63.079  -61.275   26.992    0.00  11.105   344  10.1
   1   1   64.782  -64.204   12.419    0.00   8.428   175  11.1
   1   2   64.784  -64.424   13.280    0.00   8.564   183  11.1
   1   3   64.787  -64.173   14.273    0.00   8.722   192  11.1
   1   4   64.793  -63.775   15.287    0.00   8.887   200  11.1
   1   5   64.802  -64.447   16.150    0.00   9.027   207  11.1
   1   6   64.813  -64.722   17.113    0.00   9.176   215  11.1
   1   7   64.826  -63.955   18.196    0.00   9.342   224  11.1
   1   8   64.842  -64.577   19.129    0.00   9.485   226  11.1
   1   9   64.860  -65.308   20.010    0.00   9.617   233  11.1
   1  10   64.880  -65.418   21.024    0.00   9.765   238  11.1
   1  11   64.903  -65.501   22.051    0.00   9.914   248  11.1
   1  12   64.928  -64.205   23.283    0.00  10.099   257  11.1
   1  13   64.956  -64.990   24.167    0.00  10.232   258  11.1
   1  14   64.986  -64.843   25.179    0.00  10.386   262  11.1
   1  15   65.019  -64.962   26.165    0.00  10.534   269  11.1
   1  16   65.054  -64.960   27.157    0.00  10.683   275  11.1
   1  17   65.091  -65.006   28.145    0.00  10.832   282  11.1
   1  18   65.131  -65.043   29.144    0.00  10.982   286  11.1
   1  19   65.173  -65.002   30.144    0.00  11.132   294  11.1
   1  20   65.218  -65.089   31.128    0.00  11.279   297  11.1
   1   1   66.775  -65.931   14.936    0.00   8.935   201  12.1
   1   2   66.776  -66.546   16.018    0.00   9.084   208  12.1
   1   3   66.779  -66.834   17.336    0.00   9.257   210  12.1
   1   4   66.785  -66.599   18.713    0.00   9.438   218  12.1
   1   5   66.792  -67.345   19.947    0.00   9.594   223  12.1
   1   6   66.802  -67.316   21.315    0.00   9.765   232  12.1
   1   7   66.813  -66.285   22.848    0.00   9.958   240  12.1
   1   8   66.827  -66.874   24.090    0.00  10.120   240  12.1
   1   9   66.843  -66.926   25.410    0.00  10.291   246  12.1
   1  10   66.861  -66.938   26.742    0.00  10.463   253  12.1
   1  11   66.881  -66.943   28.069    0.00  10.635   258  12.1
   1  12   66.903  -66.907   29.402    0.00  10.808   265  12.1
   1  13   66.928  -66.870   30.728    0.00  10.980   271  12.1
   1  14   66.954  -66.967   32.036    0.00  11.149   278  12.1
   1  15   66.983  -66.756   33.398    0.00  11.324   288  12.1
   1  16   67.014  -67.059   34.671    0.00  11.488   293  12.1
   1  17   67.046  -67.093   35.993    0.00  11.657   296  12.1
   1  18   67.081  -67.114   37.324    0.00  11.826   297  12.1
   1  19   67.119  -67.051   38.672    0.00  11.997   304  12.1
   1  20   67.158  -67.106   39.996    0.00  12.166   311  12.1
   1   1   69.418  -69.930   20.709    0.00   9.962   221  13.1
   1   2   69.419  -69.649   21.577    0.00  10.045   225  13.1
   1   3   69.419  -69.069   22.648    0.00  10.151   228  13.1
   1   4   69.420  -69.572   23.589    0.00  10.245   226  13.1
   1   5   69.420  -69.403   24.648    0.00  10.351   230  13.1
   1   6   69.421  -69.528   25.668    0.00  10.454   232  13.1
   1   7   69.423  -69.460   26.703    0.00  10.557   233  13.1
   1   8   69.424  -69.467   27.721    0.00  10.660   238  13.1
   1   9   69.426  -69.470   28.762    0.00  10.764   238  13.1
   1  10   69.428  -69.411   29.795    0.00  10.868   240  13.1
   1  11   69.430  -69.443   30.799    0.00  10.970   245  13.1
   1  12   69.433  -69.484   31.824    0.00  11.073   246  13.1
   1  13   69.435  -69.442   32.860    0.00  11.177   249  13.1
   1  14   69.438  -69.503   33.855    0.00  11.277   250  13.1
   1  15   69.441  -69.436   34.893    0.00  11.381   254  13.1
   1  16   69.445  -69.529   35.901    0.00  11.482   255  13.1
   1  17   69.448  -69.531   36.929    0.00  11.585   255  13.1
   1  18   69.452  -69.419   37.968    0.00  11.689   256  13.1
   1  19   69.456  -69.449   38.983    0.00  11.791   258  13.1
   1  20   69.460  -69.468   39.999    0.00  11.894   261  13.1
   1   1   18.157  -18.226   39.999    0.00  21.764   196   1.2
   1   2   18.356  -18.530   37.270    0.00  20.355   186   1.2
   1   3   18.953  -19.096   33.256    0.00  18.289   164   1.2
   1   4   19.948  -20.061   29.063    0.00  16.144   145   1.2
   1   5   21.341  -21.552   25.080    0.00  14.127   123   1.2
   1   6   23.132  -23.256   21.774    0.00  12.476   108   1.2
   1   7   25.322  -25.380   18.843    0.00  11.039    94   1.2
   1   8   27.909  -28.023   16.229    0.00   9.790    81   1.2
   1   9   30.894  -30.920   14.016    0.00   8.767    71   1.2
   1  10   34.277  -34.293   12.051    0.00   7.898    61   1.2
   1  11   38.058  -38.151   10.308    0.00   7.170    53   1.2
   1  12   42.237  -42.280    8.789    0.00   6.581    45   1.2
   1  13   46.815  -46.851    7.421    0.00   6.099    39   1.2
   1  14   51.790  -51.860    6.176    0.00   5.713    37   1.2
   1  15   57.163  -56.860    5.070    0.00   5.422    38   1.2
   1  16   62.935  -63.216    3.948    0.00   5.192    38   1.2
   1  17   69.104  -69.776    2.908    0.00   5.051    37   1.2
   1  18   75.671  -76.342    1.930    0.00   4.993    36   1.2
   1  19   82.637  -82.049    1.040    0.00   5.004    35   1.2
   1  20   90.000  -89.372    0.000    0.00   5.100    35   1.2
   1   1   25.776  -25.833   18.334    0.00  10.793    93   2.1
   1   2   25.785  -25.842   18.447    0.00  10.847   101   2.1
   1   3   25.812  -25.870   18.544    0.00  10.894   108   2.1
   1   4   25.858  -25.915   18.622    0.00  10.932   117   2.1
   1   5   25.922  -26.003   18.667    0.00  10.953   126   2.1
   1   6   26.004  -26.086   18.707    0.00  10.973   133   2.1
   1   7   26.105  -26.186   18.730    0.00  10.984   142   2.1
   1   8   26.224  -26.304   18.735    0.00  10.986   148   2.1
   1   9   26.361  -26.440   18.725    0.00  10.981   156   2.1
   1  10   26.516  -26.594   18.698    0.00  10.969   165   2.1
   1  11   26.690  -26.788   18.663    0.00  10.952   175   2.1
   1  12   26.882  -26.979   18.608    0.00  10.926   181   2.1
   1  13   27.092  -27.189   18.542    0.00  10.894   188   2.1
   1  14   27.321  -27.418   18.465    0.00  10.857   195   2.1
   1  15   27.568  -27.667   18.378    0.00  10.817   203   2.1
   1  16   27.833  -27.935   18.283    0.00  10.772   211   2.1
   1  17   28.116  -28.224   18.181    0.00  10.724   220   2.1
   1  18   28.418  -28.533   18.073    0.00  10.673   227   2.1
   1  19   28.738  -28.862   17.960    0.00  10.620   236   2.1
   1  20   29.077  -29.212   17.843    0.00  10.566   243   2.1
   1   1   32.944  -33.128   15.799    0.00   9.605   129   3.1
   1   2   32.944  -33.316   13.648    0.00   8.664   124   2.2
   1   3   32.944  -33.128   15.799    0.00   9.605   129   3.1
   1   4   32.944  -33.128   15.873    0.00   9.638   129   3.1
   1   5   32.944  -33.137   16.003    0.00   9.695   130   3.1
   1   6   32.944  -33.138   16.086    0.00   9.731   130   3.1
   1   7   32.944  -33.139   16.266    0.00   9.810   130   3.1
   1   8   32.944  -33.139   16.524    0.00   9.923   129   3.1
   1   9   32.944  -33.139   16.959    0.00  10.114   129   3.1
   1  10   32.944  -33.139   17.160    0.00  10.203   129   3.1
   1  11   32.944  -33.114   17.659    0.00  10.421   130   3.1
   1  12   32.944  -33.060   18.124    0.00  10.625   131   3.1
   1  13   32.944  -33.083   18.449    0.00  10.768   132   3.1
   1  14   32.945  -33.088   18.833    0.00  10.937   132   3.1
   1  15   32.945  -33.086   19.161    0.00  11.080   131   3.1
   1  16   32.945  -33.084   19.590    0.00  11.269   132   3.1
   1  17   32.945  -33.049   20.424    0.00  11.635   131   3.1
   1  18   32.945  -33.048   21.196    0.00  11.974   132   3.1
   1  19   32.945  -33.024   21.891    0.00  12.279   133   3.1
   1  20   32.945  -33.071   22.962    0.00  12.750   134   3.1
   1   1   34.812  -35.242   13.171    0.00   8.470   115   4.1
   1   2   34.812  -35.244   13.465    0.00   8.594   115   4.1
   1   3   34.813  -35.244   13.822    0.00   8.746   115   4.1
   1   4   34.813  -35.247   14.150    0.00   8.885   117   4.1
   1   5   34.814  -35.263   14.495    0.00   9.031   118   4.1
   1   6   34.815  -35.158   14.857    0.00   9.185   120   4.1
   1   7   34.816  -35.145   15.171    0.00   9.318   122   4.1
   1   8   34.818  -35.097   15.462    0.00   9.442   123   4.1
   1   9   34.820  -35.101   15.703    0.00   9.544   125   4.1
   1  10   34.821  -35.103   15.955    0.00   9.652   126   4.1
   1  11   34.824  -35.107   16.210    0.00   9.760   128   4.1
   1  12   34.826  -35.109   16.475    0.00   9.872   129   4.1
   1  13   34.829  -35.098   16.751    0.00   9.990   129   4.1
   1  14   34.831  -35.096   17.036    0.00  10.111   132   4.1
   1  15   34.835  -35.094   17.324    0.00  10.233   133   4.1
   1  16   34.838  -35.078   17.626    0.00  10.362   134   4.1
   1  17   34.841  -34.953   17.961    0.00  10.504   136   4.1
   1  18   34.845  -34.973   18.191    0.00  10.602   137   4.1
   1  19   34.849  -34.983   18.426    0.00  10.702   137   4.1
   1  20   34.853  -34.986   18.665    0.00  10.804   138   4.1
   1   1   44.050  -44.324    9.245    0.00   6.946    80   5.1
   1   2   44.050  -44.587   10.602    0.00   7.423    82   5.1
   1   3   44.051  -44.588   10.912    0.00   7.532    85   5.1
   1   4   44.051  -44.591   11.225    0.00   7.642    86   5.1
   1   5   44.052  -44.599   11.528    0.00   7.749    87   5.1
   1   6   44.053  -44.604   11.816    0.00   7.850    88   5.1
   1   7   44.054  -44.799   12.143    0.00   7.965    90   5.1
   1   8   44.055  -44.802   12.545    0.00   8.105    93   5.1
   1   9   44.056  -44.769   12.901    0.00   8.229    96   5.1
   1  10   44.058  -44.128   13.301    0.00   8.370    99   5.1
   1  11   44.060  -44.124   13.485    0.00   8.436   100   5.1
   1  12   44.062  -44.131   13.667    0.00   8.500    99   5.1
   1  13   44.064  -44.135   13.856    0.00   8.567   100   5.1
   1  14   44.066  -44.139   14.045    0.00   8.635   102   5.1
   1  15   44.068  -43.926   14.267    0.00   8.713   104   5.1
   1  16   44.071  -43.930   14.435    0.00   8.773   105   5.1
   1  17   44.074  -43.934   14.607    0.00   8.835   106   5.1
   1  18   44.077  -43.939   14.779    0.00   8.896   107   5.1
   1  19   44.080  -43.944   14.955    0.00   8.959   109   5.1
   1  20   44.084  -43.947   15.127    0.00   9.021   111   5.1
   1   1   46.531  -46.924    8.965    0.00   6.869    76   6.1
   1   2   46.534  -47.153    9.165    0.00   6.935    89   6.1
   1   3   46.543  -47.198    9.289    0.00   6.976    97   6.1
   1   4   46.558  -47.222    9.412    0.00   7.016   105   6.1
   1   5   46.579  -47.252    9.531    0.00   7.055   112   6.1
   1   6   46.606  -47.287    9.647    0.00   7.093   119   6.1
   1   7   46.639  -47.329    9.759    0.00   7.130   126   6.1
   1   8   46.678  -47.378    9.869    0.00   7.166   134   6.1
   1   9   46.723  -47.433    9.977    0.00   7.201   141   6.1
   1  10   46.774  -47.496   10.082    0.00   7.236   149   6.1
   1  11   46.831  -47.565   10.184    0.00   7.269   156   6.1
   1  12   46.894  -47.642   10.285    0.00   7.302   162   6.1
   1  13   46.963  -47.725   10.383    0.00   7.333   172   6.1
   1  14   47.037  -47.818   10.478    0.00   7.364   177   6.1
   1  15   47.118  -47.917   10.572    0.00   7.395   186   6.1
   1  16   47.205  -48.025   10.664    0.00   7.424   192   6.1
   1  17   47.298  -48.140   10.754    0.00   7.453   200   6.1
   1  18   47.397  -48.269   10.842    0.00   7.481   208   6.1
   1  19   47.501  -48.405   10.931    0.00   7.509   214   6.1
   1  20   47.612  -48.560   11.220    0.00   7.601   225   7.1
   1   1   47.616  -48.567   11.255    0.00   7.612   224   7.1
   1   2   47.619  -48.572   11.279    0.00   7.620   227   7.1
   1   3   47.627  -48.606   11.339    0.00   7.639   226   7.1
   1   4   47.642  -48.729   11.412    0.00   7.662   227   7.1
   1   5   47.662  -48.765   11.513    0.00   7.694   229   7.1
   1   6   47.688  -48.811   11.624    0.00   7.728   231   7.1
   1   7   47.719  -48.862   11.745    0.00   7.766   234   7.1
   1   8   47.757  -48.914   11.880    0.00   7.809   234   7.1
   1   9   47.800  -48.978   12.016    0.00   7.851   238   7.1
   1  10   47.848  -49.078   12.139    0.00   7.890   243   7.1
   1  11   47.903  -49.206   12.248    0.00   7.924   248   7.1
   1  12   47.963  -49.410   12.336    0.00   7.951   255   7.1
   1  13   48.029  -49.347   12.449    0.00   7.986   266   7.1
   1  14   48.101  -49.754   12.482    0.00   7.996   275   7.1
   1  15   48.179  -50.302   12.485    0.00   7.997   289   7.1
   1  16   48.262  -50.917   12.478    0.00   7.995   304   7.1
   1  17   48.351  -52.323   11.996    0.00   7.856   268   7.2
   1  18   48.446  -52.812   11.726    0.00   7.781   246   7.2
   1  19   48.546  -53.174   11.521    0.00   7.725   231   7.2
   1  20   48.653  -52.772   11.603    0.00   7.747   234   7.2
   1   1   51.103  -53.004    9.864    0.00   7.219   161   8.1
   1   2   51.105  -53.004    9.893    0.00   7.227   163   8.1
   1   3   51.110  -53.006    9.970    0.00   7.248   164   8.1
   1   4   51.120  -53.011   10.082    0.00   7.279   166   8.1
   1   5   51.133  -53.023   10.219    0.00   7.317   170   8.1
   1   6   51.151  -53.044   10.374    0.00   7.359   174   8.1
   1   7   51.172  -53.083   10.539    0.00   7.404   181   8.1
   1   8   51.197  -53.131   10.710    0.00   7.451   189   8.1
   1   9   51.226  -53.252   10.876    0.00   7.496   194   8.1
   1  10   51.258  -53.367   11.040    0.00   7.541   202   8.1
   1  11   51.295  -53.566   11.185    0.00   7.580   211   8.1
   1  12   51.335  -57.175   11.313    0.00   7.602   260   8.1
   1  13   51.380  -55.690   11.722    0.00   7.700   279   8.1
   1  14   51.428  -55.970   11.815    0.00   7.723   290   8.1
   1  15   51.480  -56.422   11.877    0.00   7.738   306   8.1
   1  16   51.535  -57.147   11.807    0.00   7.722   307   8.2
   1  17   51.595  -57.684   11.443    0.00   7.638   276   8.2
   1  18   51.658  -59.332   11.009    0.00   7.543   254   8.2
   1  19   51.726  -56.998   11.762    0.00   7.712   299   8.2
   1  20   51.797  -57.827   11.137    0.00   7.567   252   8.2
   1   1   69.641  -72.115    4.626    0.00   6.463   120   9.1
   1   2   69.643  -72.124    4.807    0.00   6.475   125   9.1
   1   3   69.650  -73.514    5.526    0.00   6.516   149   9.1
   1   4   69.660  -74.170    8.293    0.00   6.585   191   9.1
   1   5   69.675  -70.293   11.223    0.00   6.633   199   9.1
   1   6   69.693  -70.244   11.682    0.00   6.675   202   9.1
   1   7   69.716  -70.395   12.172    0.00   6.720   208   9.1
   1   8   69.743  -70.320   12.733    0.00   6.771   208   9.1
   1   9   69.775  -69.963   13.375    0.00   6.831   210   9.1
   1  10   69.810  -67.059   14.203    0.00   6.924   217   9.1
   1  11   69.850  -65.749   14.851    0.00   7.010   218   9.1
   1  12   69.893  -65.686   15.364    0.00   7.084   222   9.1
   1  13   69.941  -67.438   15.718    0.00   7.134   225   9.1
   1  14   69.993  -69.553   16.199    0.00   7.192   229   9.1
   1  15   70.049  -71.286   17.010    0.00   7.270   233   9.1
   1  16   70.110  -61.953   18.945    0.00   7.522   242   9.1
   1  17   70.174  -69.644   18.627    0.00   7.474   244   9.1
   1  18   70.243  -68.555   19.878    0.00   7.600   251   9.1
   1  19   70.316  -68.834   20.811    0.00   7.705   259   9.1
   1  20   70.393  -71.651   21.689    0.00   7.786   270   9.1
   1   1   72.716  -75.342    4.724    0.00   6.507   143  10.1
   1   2   72.718  -77.829    5.991    0.00   6.533   160  10.1
   1   3   72.725  -80.424    6.195    0.00   6.529   165  10.1
   1   4   72.736  -75.296    7.243    0.00   6.531   167  10.1
   1   5   72.752  -75.333    7.771    0.00   6.549   168  10.1
   1   6   72.772  -75.840    8.570    0.00   6.575   175  10.1
   1   7   72.796  -80.342    9.266    0.00   6.547   177  10.1
   1   8   72.825  -71.744   10.927    0.00   6.574   171  10.1
   1   9   72.858  -71.589   11.622    0.00   6.627   178  10.1
   1  10   72.895  -71.731   12.393    0.00   6.685   185  10.1
   1  11   72.938  -71.398   13.284    0.00   6.753   194  10.1
   1  12   72.984  -69.927   14.146    0.00   6.831   210  10.1
   1  13   73.035  -70.558   15.879    0.00   7.005   236  10.1
   1  14   73.090  -73.952   16.930    0.00   7.068   257  10.1
   1  15   73.150  -72.711   18.209    0.00   7.188   272  10.1
   1  16   73.214  -72.304   19.363    0.00   7.261   288  10.1
   1  17   73.283  -72.597   20.582    0.00   7.344   308  10.1
   1  18   73.356  -74.862   21.573    0.00   7.389   320  10.1
   1  19   73.433  -73.998   22.993    0.00   7.421   331  10.1
   1  20   73.515  -73.210   24.189    0.00   7.485   342  10.1
   1   1   75.086  -74.476   10.996    0.00   6.728   177  11.1
   1   2   75.087  -74.910   11.650    0.00   6.756   187  11.1
   1   3   75.089  -75.081   12.569    0.00   6.789   192  11.1
   1   4   75.092  -72.638   13.707    0.00   6.845   202  11.1
   1   5   75.097  -71.629   14.697    0.00   6.916   209  11.1
   1   6   75.103  -73.187   15.413    0.00   6.965   215  11.1
   1   7   75.110  -74.811   16.199    0.00   6.998   222  11.1
   1   8   75.119  -68.588   17.840    0.00   7.081   229  11.1
   1   9   75.129  -74.878   18.041    0.00   7.099   235  11.1
   1  10   75.141  -74.338   19.043    0.00   7.136   241  11.1
   1  11   75.154  -74.154   20.035    0.00   7.181   249  11.1
   1  12   75.168  -76.536   20.753    0.00   7.209   253  11.1
   1  13   75.184  -83.044   21.200    0.00   7.219   264  11.1
   1  14   75.201  -75.759   22.966    0.00   7.230   266  11.1
   1  15   75.219  -74.978   24.024    0.00   7.266   271  11.1
   1  16   75.239  -76.073   24.831    0.00   7.309   277  11.1
   1  17   75.260  -76.114   25.821    0.00   7.332   284  11.1
   1  18   75.282  -76.299   26.799    0.00   7.354   293  11.1
   1  19   75.306  -75.533   27.875    0.00   7.385   296  11.1
   1  20   75.331  -76.049   28.794    0.00   7.411   301  11.1
   1   1   76.915  -74.065   13.270    0.00   6.878   198  12.1
   1   2   76.916  -73.019   14.958    0.00   6.974   209  12.1
   1   3   76.920  -77.151   16.323    0.00   7.017   215  12.1
   1   4   76.925  -76.167   18.143    0.00   7.093   225  12.1
   1   5   76.933  -75.627   20.002    0.00   7.146   234  12.1
   1   6   76.943  -83.781   21.061    0.00   7.170   244  12.1
   1   7   76.955  -76.123   23.706    0.00   7.175   247  12.1
   1   8   76.970  -77.115   25.373    0.00   7.221   253  12.1
   1   9   76.987  -76.520   27.275    0.00   7.244   265  12.1
   1  10   77.005  -77.029   29.023    0.00   7.273   271  12.1
   1  11   77.027  -77.144   30.829    0.00   7.297   282  12.1
   1  12   77.050  -73.023   33.144    0.00   7.332   290  12.1
   1  13   77.076  -76.654   34.496    0.00   7.362   299  12.1
   1  14   77.103  -77.179   36.261    0.00   7.387   304  12.1
   1  15   77.133  -77.239   38.082    0.00   7.414   313  12.1
   1  16   77.166  -77.571   39.894    0.00   7.430   321  12.1
   1  17   77.200  -46.798   40.000    5.70   4.188   267  12.1
   1  18   77.237  -36.336   40.000    7.17   4.009   259  12.1
   1  19   77.276  -24.355   40.000    8.11   3.936   253  12.1
   1  20   77.317  -12.677   40.000    8.60   3.917   252  12.1
   1   1   78.550  -77.822   18.172    0.00   7.260   218  13.1
   1   2   78.550  -79.006   20.803    0.00   7.277   224  13.1
   1   3   78.552  -75.322   24.496    0.00   7.258   230  13.1
   1   4   78.555  -78.109   27.433    0.00   7.238   237  13.1
   1   5   78.560  -78.665   30.595    0.00   7.227   245  13.1
   1   6   78.566  -77.839   33.902    0.00   7.224   247  13.1
   1   7   78.573  -77.932   37.099    0.00   7.220   254  13.1
   1   8   78.581  -78.802   40.000    1.14   6.428   258  13.1
   1   9   78.590  -35.935   40.000    7.56   3.680   189  13.1
   1  10   78.601  -27.325   40.000    9.46   3.526   180  13.1
   1  11   78.613   -5.483   40.000   10.56   3.458   175  13.1
   1  12   78.627   -4.881   40.000   10.89   3.454   175  13.1
   1  13   78.641   -4.280   40.000   11.22   3.450   175  13.1
   1  14   78.657   -3.680   40.000   11.55   3.447   175  13.1
   1  15   78.675   -3.080   40.000   11.89   3.444   174  13.1
   1  16   78.693   -2.482   40.000   12.22   3.442   173  13.1
   1  17   78.713   -1.883   40.000   12.55   3.440   173  13.1
   1  18   78.734   -1.286   40.000   12.89   3.439   173  13.1
   1  19   78.756   -0.687   40.000   13.23   3.438   173  13.1
   1  20   78.780   -0.090   40.000   13.57   3.438   173  13.1

***  less than nray rays traced for    1 ray groups  ***

|----------------------------------------------------------------|
|                                                                |
|  total of  1112 rays consisting of  164132 points were traced  |
|                                                                |
|           model consists of 13 layers and 351 blocks           |
|                                                                |
|----------------------------------------------------------------|

