     0.000        -1
     0.000         0
     0.500         1
 0.51251E+01 0.64795E-01 0.00000E+00
     1.000         1
 0.51501E+01 0.64552E-01 0.00000E+00
     1.500         1
 0.52122E+01 0.62779E-01 0.00000E+00
     2.000         1
 0.52826E+01 0.60669E-01 0.00000E+00
     2.500         1
 0.53840E+01 0.57314E-01 0.00000E+00
     3.000         1
 0.54923E+01 0.53912E-01 0.00000E+00
     3.500         1
 0.56316E+01 0.50300E-01 0.00000E+00
     4.000         1
 0.57744E+01 0.46742E-01 0.00000E+00
     4.500         1
 0.59484E+01 0.43652E-01 0.00000E+00
     5.000         3
 0.61223E+01 0.40562E-01 0.00000E+00
 0.72005E+01 0.54426E-03 0.00000E+00
 0.72270E+01 0.15327E-02 0.00000E+00
     5.500         3
 0.63210E+01 0.37658E-01 0.00000E+00
 0.73001E+01 0.65431E-03 0.00000E+00
 0.73087E+01 0.26292E-02 0.00000E+00
     6.000         3
 0.65238E+01 0.34786E-01 0.00000E+00
 0.73849E+01 0.70807E-03 0.00000E+00
 0.73900E+01 0.38160E-02 0.70953E-01
     6.500         3
 0.67418E+01 0.32266E-01 0.00000E+00
 0.74688E+01 0.75879E-03 0.00000E+00
 0.74581E+01 0.58673E-02 0.11133E+01
     7.000         3
 0.69682E+01 0.29937E-01 0.00000E+00
 0.75528E+01 0.80951E-03 0.00000E+00
 0.75308E+01 0.54041E-02 0.36387E+00
     7.500         3
 0.71980E+01 0.27697E-01 0.00000E+00
 0.76367E+01 0.86022E-03 0.00000E+00
 0.76115E+01 0.44028E-02 0.00000E+00
     8.000         3
 0.74456E+01 0.25932E-01 0.00000E+00
 0.77207E+01 0.91094E-03 0.00000E+00
 0.76996E+01 0.34510E-02 0.00000E+00
     8.500         3
 0.76932E+01 0.24168E-01 0.00000E+00
 0.78029E+01 0.10505E-02 0.00000E+00
 0.77874E+01 0.31607E-02 0.00000E+00
     9.000         4
 0.79483E+01 0.22648E-01 0.00000E+00
 0.81665E+01 0.33343E-02 0.00000E+00
 0.78826E+01 0.13156E-02 0.00000E+00
 0.78433E+01 0.30747E-02 0.00000E+00
     9.500         6
 0.88200E+01 0.19571E-03 0.21655E+01
 0.82137E+01 0.21465E-01 0.00000E+00
 0.83931E+01 0.17692E-04 0.00000E+00
 0.84023E+01 0.13683E-01 0.00000E+00
 0.79622E+01 0.15807E-02 0.00000E+00
 0.79077E+01 0.31134E-02 0.00000E+00
    10.000         7
 0.90071E+01 0.32163E-03 0.22475E+01
 0.84790E+01 0.20282E-01 0.00000E+00
 0.86403E+01 0.27971E-04 0.00000E+00
 0.86375E+01 0.23394E-01 0.00000E+00
 0.86849E+01 0.81159E-02 0.00000E+00
 0.80419E+01 0.18458E-02 0.00000E+00
 0.79874E+01 0.32558E-02 0.00000E+00
    10.500         7
 0.91939E+01 0.76917E-03 0.23260E+01
 0.87502E+01 0.19315E-01 0.00000E+00
 0.88875E+01 0.38251E-04 0.00000E+00
 0.88714E+01 0.39204E-01 0.00000E+00
 0.88936E+01 0.11124E-01 0.00000E+00
 0.81216E+01 0.21109E-02 0.00000E+00
 0.80672E+01 0.33983E-02 0.00000E+00
    11.000         7
 0.93759E+01 0.85729E-03 0.23351E+01
 0.90305E+01 0.18695E-01 0.00000E+00
 0.91346E+01 0.10849E-03 0.00000E+00
 0.91015E+01 0.13818E-01 0.00000E+00
 0.82012E+01 0.23760E-02 0.00000E+00
 0.81512E+01 0.35968E-02 0.00000E+00
 0.83001E+01 0.59756E-04 0.00000E+00
    11.500        10
 0.95622E+01 0.88811E-03 0.23314E+01
 0.93108E+01 0.18075E-01 0.00000E+00
 0.93817E+01 0.19485E-03 0.00000E+00
 0.93323E+01 0.27185E-01 0.00000E+00
 0.92896E+01 0.15794E-01 0.00000E+00
 0.92937E+01 0.16197E-01 0.31416E+01
 0.92943E+01 0.13969E-01 0.31416E+01
 0.83017E+01 0.38729E-02 0.00000E+00
 0.82606E+01 0.41212E-02 0.00000E+00
 0.83927E+01 0.11957E-03 0.00000E+00
    12.000         7
 0.97486E+01 0.91893E-03 0.23278E+01
 0.95911E+01 0.17455E-01 0.00000E+00
 0.96286E+01 0.25646E-03 0.00000E+00
 0.95605E+01 0.27706E-01 0.00000E+00
 0.84188E+01 0.46488E-02 0.00000E+00
 0.83698E+01 0.43175E-02 0.00000E+00
 0.84831E+01 0.18367E-03 0.00000E+00
    12.500         7
 0.99362E+01 0.99876E-03 0.23665E+01
 0.10227E+02 0.59053E-04 0.22878E+01
 0.98825E+01 0.17470E-01 0.00000E+00
 0.98750E+01 0.32060E-03 0.00000E+00
 0.85356E+01 0.42423E-02 0.00000E+00
 0.84789E+01 0.43313E-02 0.00000E+00
 0.85724E+01 0.24962E-03 0.00000E+00
    13.000         7
 0.10126E+02 0.11762E-02 0.24898E+01
 0.10377E+02 0.92320E-04 0.23044E+01
 0.10175E+02 0.17557E-01 0.00000E+00
 0.10121E+02 0.51235E-03 0.00000E+00
 0.86529E+01 0.40208E-02 0.00000E+00
 0.85885E+01 0.40622E-02 0.00000E+00
 0.86674E+01 0.31722E-03 0.00000E+00
    13.500         9
 0.10316E+02 0.12659E-02 0.25220E+01
 0.10527E+02 0.12774E-03 0.22552E+01
 0.10468E+02 0.17644E-01 0.00000E+00
 0.10538E+02 0.84339E-04 0.00000E+00
 0.10369E+02 0.91661E-03 0.00000E+00
 0.87733E+01 0.41147E-02 0.00000E+00
 0.87011E+01 0.37668E-02 0.00000E+00
 0.87632E+01 0.38508E-03 0.00000E+00
 0.88197E+01 0.49169E-04 0.00000E+00
    14.000         9
 0.10506E+02 0.13008E-02 0.25438E+01
 0.10678E+02 0.16590E-03 0.21221E+01
 0.10761E+02 0.17731E-01 0.00000E+00
 0.10821E+02 0.16803E-03 0.00000E+00
 0.10618E+02 0.11704E-02 0.00000E+00
 0.89014E+01 0.43903E-02 0.00000E+00
 0.88179E+01 0.34370E-02 0.00000E+00
 0.88658E+01 0.46959E-03 0.00000E+00
 0.89195E+01 0.78765E-04 0.00000E+00
    14.500         9
 0.10697E+02 0.12297E-02 0.25652E+01
 0.10830E+02 0.21006E-03 0.20139E+01
 0.11063E+02 0.18677E-01 0.00000E+00
 0.11105E+02 0.27092E-03 0.00000E+00
 0.10868E+02 0.15555E-02 0.00000E+00
 0.90353E+01 0.49598E-02 0.00000E+00
 0.89381E+01 0.33517E-02 0.00000E+00
 0.89731E+01 0.56582E-03 0.00000E+00
 0.90192E+01 0.10836E-03 0.00000E+00
    15.000        10
 0.10879E+02 0.11913E-02 0.25773E+01
 0.10983E+02 0.26145E-03 0.19357E+01
 0.11087E+02 0.26133E-04 0.24337E+01
 0.11365E+02 0.19650E-01 0.00000E+00
 0.11388E+02 0.40635E-03 0.00000E+00
 0.11118E+02 0.18333E-02 0.00000E+00
 0.91746E+01 0.58087E-02 0.00000E+00
 0.90598E+01 0.33670E-02 0.00000E+00
 0.90794E+01 0.68384E-03 0.00000E+00
 0.91179E+01 0.14036E-03 0.00000E+00
    15.500         9
 0.11055E+02 0.11821E-02 0.25809E+01
 0.11136E+02 0.33131E-03 0.19463E+01
 0.11227E+02 0.46630E-04 0.22502E+01
 0.11667E+02 0.20623E-01 0.00000E+00
 0.11672E+02 0.63162E-03 0.00000E+00
 0.93174E+01 0.66592E-02 0.00000E+00
 0.91815E+01 0.33823E-02 0.00000E+00
 0.91829E+01 0.81251E-03 0.00000E+00
 0.92051E+01 0.19864E-03 0.00000E+00
    16.000        10
 0.11231E+02 0.11728E-02 0.25845E+01
 0.11288E+02 0.42600E-03 0.20763E+01
 0.11367E+02 0.67128E-04 0.20667E+01
 0.11970E+02 0.21596E-01 0.00000E+00
 0.11979E+02 0.25577E-04 0.00000E+00
 0.11956E+02 0.94266E-03 0.00000E+00
 0.94539E+01 0.61494E-02 0.00000E+00
 0.92982E+01 0.34483E-02 0.00000E+00
 0.92756E+01 0.92459E-03 0.00000E+00
 0.92923E+01 0.25691E-03 0.00000E+00
    16.500        10
 0.11407E+02 0.11636E-02 0.25881E+01
 0.11438E+02 0.52256E-03 0.22025E+01
 0.11505E+02 0.93882E-04 0.22032E+01
 0.12277E+02 0.22547E-01 0.49938E-01
 0.12270E+02 0.28739E-04 0.00000E+00
 0.12240E+02 0.12001E-02 0.00000E+00
 0.95780E+01 0.50771E-02 0.00000E+00
 0.93993E+01 0.36738E-02 0.00000E+00
 0.93706E+01 0.10084E-02 0.00000E+00
 0.93813E+01 0.31420E-03 0.00000E+00
    17.000        10
 0.11582E+02 0.11543E-02 0.25917E+01
 0.11587E+02 0.61992E-03 0.23272E+01
 0.11642E+02 0.12088E-03 0.23519E+01
 0.12587E+02 0.23478E-01 0.14221E+00
 0.12561E+02 0.29316E-04 0.00000E+00
 0.12524E+02 0.13546E-02 0.00000E+00
 0.96974E+01 0.40782E-02 0.00000E+00
 0.95028E+01 0.38848E-02 0.00000E+00
 0.94672E+01 0.10735E-02 0.00000E+00
 0.94737E+01 0.36967E-03 0.00000E+00
    17.500        10
 0.11758E+02 0.11451E-02 0.25953E+01
 0.11735E+02 0.69959E-03 0.24011E+01
 0.11779E+02 0.14612E-03 0.24353E+01
 0.12897E+02 0.24410E-01 0.23448E+00
 0.12852E+02 0.31500E-04 0.00000E+00
 0.12808E+02 0.15436E-02 0.00000E+00
 0.98338E+01 0.38948E-02 0.00000E+00
 0.96214E+01 0.40069E-02 0.00000E+00
 0.95637E+01 0.11387E-02 0.00000E+00
 0.95661E+01 0.42514E-03 0.00000E+00
    18.000        11
 0.11933E+02 0.11885E-02 0.25747E+01
 0.11883E+02 0.77412E-03 0.24602E+01
 0.11916E+02 0.16778E-03 0.23856E+01
 0.13208E+02 0.25341E-01 0.32676E+00
 0.13211E+02 0.59468E-01 0.15708E+01
 0.13142E+02 0.35517E-04 0.00000E+00
 0.13092E+02 0.18673E-02 0.00000E+00
 0.99705E+01 0.37274E-02 0.00000E+00
 0.97400E+01 0.41290E-02 0.00000E+00
 0.96671E+01 0.13447E-02 0.00000E+00
 0.96585E+01 0.48061E-03 0.00000E+00
    18.500        13
 0.12106E+02 0.13034E-02 0.25213E+01
 0.12031E+02 0.84229E-03 0.24629E+01
 0.12053E+02 0.18944E-03 0.23359E+01
 0.13518E+02 0.26273E-01 0.41903E+00
 0.13516E+02 0.80996E-02 0.00000E+00
 0.13517E+02 0.52647E-01 0.15708E+01
 0.13433E+02 0.39411E-04 0.00000E+00
 0.13376E+02 0.22421E-02 0.00000E+00
 0.10107E+02 0.35600E-02 0.00000E+00
 0.98493E+01 0.42312E-02 0.00000E+00
 0.97590E+01 0.14524E-02 0.00000E+00
 0.97461E+01 0.53572E-03 0.00000E+00
 0.99048E+01 0.15851E-04 0.00000E+00
    19.000        10
 0.12279E+02 0.14246E-02 0.24771E+01
 0.12180E+02 0.90636E-03 0.24291E+01
 0.12188E+02 0.21092E-03 0.22543E+01
 0.13830E+02 0.26853E-01 0.52292E+00
 0.13724E+02 0.39444E-04 0.00000E+00
 0.10226E+02 0.48672E-02 0.00000E+00
 0.99521E+01 0.43191E-02 0.00000E+00
 0.98487E+01 0.15247E-02 0.00000E+00
 0.98318E+01 0.59069E-03 0.00000E+00
 0.99795E+01 0.21106E-04 0.00000E+00
    19.500        10
 0.12451E+02 0.16623E-02 0.26023E+01
 0.12326E+02 0.95158E-03 0.24034E+01
 0.12323E+02 0.23227E-03 0.21489E+01
 0.14147E+02 0.26667E-01 0.65222E+00
 0.14015E+02 0.38490E-04 0.00000E+00
 0.10347E+02 0.49316E-02 0.00000E+00
 0.10056E+02 0.44033E-02 0.00000E+00
 0.99425E+01 0.16218E-02 0.00000E+00
 0.99176E+01 0.64565E-03 0.00000E+00
 0.10054E+02 0.26362E-04 0.00000E+00
    20.000        10
 0.12623E+02 0.18992E-02 0.27208E+01
 0.12472E+02 0.99022E-03 0.23805E+01
 0.12458E+02 0.25498E-03 0.20564E+01
 0.14463E+02 0.26481E-01 0.78153E+00
 0.14306E+02 0.37676E-04 0.00000E+00
 0.10471E+02 0.49701E-02 0.00000E+00
 0.10161E+02 0.44779E-02 0.00000E+00
 0.10037E+02 0.17212E-02 0.00000E+00
 0.10003E+02 0.70062E-03 0.00000E+00
 0.10129E+02 0.31617E-04 0.00000E+00
    20.500        10
 0.12793E+02 0.21198E-02 0.27043E+01
 0.12617E+02 0.10095E-02 0.22983E+01
 0.12592E+02 0.28910E-03 0.20720E+01
 0.14780E+02 0.26294E-01 0.91083E+00
 0.14597E+02 0.36886E-04 0.00000E+00
 0.10598E+02 0.49278E-02 0.00000E+00
 0.10267E+02 0.45525E-02 0.00000E+00
 0.10128E+02 0.18175E-02 0.00000E+00
 0.10086E+02 0.74912E-03 0.00000E+00
 0.10204E+02 0.36873E-04 0.00000E+00
    21.000        11
 0.12960E+02 0.22183E-02 0.26953E+01
 0.12762E+02 0.10284E-02 0.22149E+01
 0.12725E+02 0.32322E-03 0.20875E+01
 0.12990E+02 0.36406E-05 0.19200E+01
 0.15096E+02 0.26108E-01 0.10401E+01
 0.14888E+02 0.35953E-04 0.00000E+00
 0.10722E+02 0.47965E-02 0.00000E+00
 0.10363E+02 0.45881E-02 0.00000E+00
 0.10214E+02 0.18171E-02 0.00000E+00
 0.10168E+02 0.79759E-03 0.00000E+00
 0.10276E+02 0.42912E-04 0.00000E+00
    21.500        11
 0.13126E+02 0.22292E-02 0.26918E+01
 0.12906E+02 0.10534E-02 0.23609E+01
 0.12859E+02 0.35855E-03 0.21733E+01
 0.13109E+02 0.53298E-05 0.17478E+01
 0.15413E+02 0.25922E-01 0.11694E+01
 0.15179E+02 0.34968E-04 0.00000E+00
 0.10840E+02 0.45182E-02 0.00000E+00
 0.10457E+02 0.46160E-02 0.00000E+00
 0.10292E+02 0.17709E-02 0.00000E+00
 0.10242E+02 0.81911E-03 0.00000E+00
 0.10345E+02 0.50154E-04 0.00000E+00
    22.000        10
 0.13292E+02 0.22092E-02 0.27234E+01
 0.13050E+02 0.10786E-02 0.25185E+01
 0.12994E+02 0.39595E-03 0.23789E+01
 0.13230E+02 0.69182E-05 0.19286E+01
 0.15731E+02 0.25422E-01 0.12722E+01
 0.15470E+02 0.34068E-04 0.00000E+00
 0.10542E+02 0.46363E-02 0.00000E+00
 0.10367E+02 0.17602E-02 0.00000E+00
 0.10315E+02 0.83686E-03 0.00000E+00
 0.10414E+02 0.57395E-04 0.00000E+00
    22.500        10
 0.13457E+02 0.21633E-02 0.27846E+01
 0.13196E+02 0.11146E-02 0.25799E+01
 0.13128E+02 0.43334E-03 0.25846E+01
 0.13351E+02 0.84882E-05 0.21735E+01
 0.16053E+02 0.24542E-01 0.13428E+01
 0.15761E+02 0.33598E-04 0.00000E+00
 0.10624E+02 0.46554E-02 0.00000E+00
 0.10442E+02 0.17495E-02 0.00000E+00
 0.10387E+02 0.85461E-03 0.00000E+00
 0.10482E+02 0.64636E-04 0.00000E+00
    23.000         9
 0.13623E+02 0.21917E-02 0.27939E+01
 0.13342E+02 0.11519E-02 0.26305E+01
 0.13263E+02 0.46607E-03 0.26928E+01
 0.13472E+02 0.97743E-05 0.20133E+01
 0.16374E+02 0.23662E-01 0.14133E+01
 0.10707E+02 0.46750E-02 0.00000E+00
 0.10517E+02 0.17455E-02 0.00000E+00
 0.10459E+02 0.87237E-03 0.00000E+00
 0.10551E+02 0.71878E-04 0.00000E+00
    23.500         9
 0.13791E+02 0.22643E-02 0.27724E+01
 0.13489E+02 0.12045E-02 0.26344E+01
 0.13400E+02 0.48809E-03 0.25772E+01
 0.13594E+02 0.10941E-04 0.16822E+01
 0.16695E+02 0.22782E-01 0.14838E+01
 0.10805E+02 0.47352E-02 0.00000E+00
 0.10605E+02 0.18319E-02 0.00000E+00
 0.10532E+02 0.89012E-03 0.00000E+00
 0.10620E+02 0.79119E-04 0.00000E+00
    24.000         9
 0.13958E+02 0.23368E-02 0.27509E+01
 0.13636E+02 0.12770E-02 0.25773E+01
 0.13537E+02 0.51012E-03 0.24615E+01
 0.13715E+02 0.12573E-04 0.17928E+01
 0.17016E+02 0.21902E-01 0.15544E+01
 0.10903E+02 0.47955E-02 0.00000E+00
 0.10693E+02 0.19184E-02 0.00000E+00
 0.10612E+02 0.93060E-03 0.00000E+00
 0.10689E+02 0.86361E-04 0.00000E+00
    24.500         8
 0.14126E+02 0.27544E-02 0.28888E+01
 0.13783E+02 0.13341E-02 0.25417E+01
 0.13673E+02 0.52508E-03 0.24728E+01
 0.13837E+02 0.14305E-04 0.19985E+01
 0.17337E+02 0.21022E-01 0.16249E+01
 0.10791E+02 0.20217E-02 0.00000E+00
 0.10697E+02 0.98703E-03 0.00000E+00
 0.10758E+02 0.93633E-04 0.00000E+00
    25.000         8
 0.14294E+02 0.28873E-02 0.28996E+01
 0.13930E+02 0.13835E-02 0.25168E+01
 0.13809E+02 0.53850E-03 0.25120E+01
 0.13958E+02 0.17368E-04 0.19385E+01
 0.17658E+02 0.20142E-01 0.16954E+01
 0.10884E+02 0.20984E-02 0.00000E+00
 0.10782E+02 0.10435E-02 0.00000E+00
 0.10826E+02 0.10493E-03 0.00000E+00
    25.500         8
 0.14462E+02 0.29573E-02 0.28699E+01
 0.14077E+02 0.14217E-02 0.25427E+01
 0.13945E+02 0.55698E-03 0.25412E+01
 0.14080E+02 0.20989E-04 0.17668E+01
 0.17982E+02 0.19432E-01 0.17481E+01
 0.10967E+02 0.21209E-02 0.00000E+00
 0.10865E+02 0.10934E-02 0.00000E+00
 0.10894E+02 0.11622E-03 0.00000E+00
    26.000         8
 0.14630E+02 0.29291E-02 0.27657E+01
 0.14223E+02 0.14538E-02 0.25970E+01
 0.14082E+02 0.59857E-03 0.25251E+01
 0.14201E+02 0.24881E-04 0.17114E+01
 0.18307E+02 0.18753E-01 0.17975E+01
 0.11051E+02 0.21414E-02 0.00000E+00
 0.10942E+02 0.11245E-02 0.00000E+00
 0.10962E+02 0.12752E-03 0.00000E+00
    26.500         8
 0.14797E+02 0.29016E-02 0.28265E+01
 0.14370E+02 0.14815E-02 0.26179E+01
 0.14217E+02 0.64015E-03 0.25090E+01
 0.14322E+02 0.28911E-04 0.17152E+01
 0.18632E+02 0.18075E-01 0.18468E+01
 0.11133E+02 0.21584E-02 0.00000E+00
 0.11020E+02 0.11556E-02 0.00000E+00
 0.11030E+02 0.13881E-03 0.00000E+00
    27.000         7
 0.14517E+02 0.15071E-02 0.26224E+01
 0.14354E+02 0.68199E-03 0.25085E+01
 0.14444E+02 0.32228E-04 0.17347E+01
 0.18956E+02 0.17396E-01 0.18961E+01
 0.11217E+02 0.21850E-02 0.00000E+00
 0.11097E+02 0.11867E-02 0.00000E+00
 0.11098E+02 0.15011E-03 0.00000E+00
    27.500         7
 0.14663E+02 0.15287E-02 0.26338E+01
 0.14490E+02 0.72406E-03 0.25225E+01
 0.14566E+02 0.35058E-04 0.17650E+01
 0.19281E+02 0.16718E-01 0.19454E+01
 0.11302E+02 0.22261E-02 0.00000E+00
 0.11176E+02 0.12147E-02 0.00000E+00
 0.11166E+02 0.16103E-03 0.00000E+00
    28.000         7
 0.14810E+02 0.15484E-02 0.26484E+01
 0.14626E+02 0.76613E-03 0.25365E+01
 0.14688E+02 0.37562E-04 0.17439E+01
 0.19606E+02 0.16040E-01 0.19947E+01
 0.11388E+02 0.22691E-02 0.00000E+00
 0.11256E+02 0.12388E-02 0.00000E+00
 0.11236E+02 0.16955E-03 0.00000E+00
    28.500         7
 0.14957E+02 0.15658E-02 0.26339E+01
 0.14762E+02 0.79071E-03 0.25049E+01
 0.14809E+02 0.39808E-04 0.16820E+01
 0.19930E+02 0.15361E-01 0.20440E+01
 0.11474E+02 0.23183E-02 0.00000E+00
 0.11336E+02 0.12629E-02 0.00000E+00
 0.11306E+02 0.17807E-03 0.00000E+00
    29.000         6
 0.15103E+02 0.15821E-02 0.26075E+01
 0.14899E+02 0.81247E-03 0.24659E+01
 0.14931E+02 0.42674E-04 0.16718E+01
 0.20255E+02 0.14683E-01 0.20933E+01
 0.11416E+02 0.12870E-02 0.00000E+00
 0.11375E+02 0.18659E-03 0.00000E+00
    29.500         6
 0.15249E+02 0.15981E-02 0.26207E+01
 0.15035E+02 0.83334E-03 0.24408E+01
 0.15053E+02 0.46222E-04 0.17185E+01
 0.20582E+02 0.14265E-01 0.21320E+01
 0.11494E+02 0.12971E-02 0.00000E+00
 0.11445E+02 0.19511E-03 0.00000E+00
    30.000         6
 0.15396E+02 0.16141E-02 0.26499E+01
 0.15171E+02 0.85051E-03 0.24723E+01
 0.15175E+02 0.50034E-04 0.17470E+01
 0.20909E+02 0.13884E-01 0.21691E+01
 0.11572E+02 0.13064E-02 0.00000E+00
 0.11515E+02 0.20363E-03 0.00000E+00
    30.500         6
 0.15542E+02 0.16261E-02 0.26602E+01
 0.15307E+02 0.86767E-03 0.25038E+01
 0.15297E+02 0.54222E-04 0.17492E+01
 0.21236E+02 0.13504E-01 0.22063E+01
 0.11650E+02 0.13157E-02 0.00000E+00
 0.11584E+02 0.21215E-03 0.00000E+00
    31.000         6
 0.15689E+02 0.16366E-02 0.26630E+01
 0.15444E+02 0.88329E-03 0.25189E+01
 0.15418E+02 0.58180E-04 0.17523E+01
 0.21564E+02 0.13123E-01 0.22435E+01
 0.11728E+02 0.13325E-02 0.00000E+00
 0.11655E+02 0.22015E-03 0.00000E+00
    31.500         5
 0.15580E+02 0.89760E-03 0.25201E+01
 0.15540E+02 0.61795E-04 0.17568E+01
 0.21891E+02 0.12743E-01 0.22806E+01
 0.11807E+02 0.13637E-02 0.00000E+00
 0.11726E+02 0.22803E-03 0.00000E+00
    32.000         5
 0.15716E+02 0.91192E-03 0.25214E+01
 0.15662E+02 0.64323E-04 0.17870E+01
 0.22218E+02 0.12362E-01 0.23178E+01
 0.11886E+02 0.13949E-02 0.00000E+00
 0.11797E+02 0.23591E-03 0.00000E+00
    32.500         5
 0.15851E+02 0.91307E-03 0.26010E+01
 0.15783E+02 0.64854E-04 0.18642E+01
 0.22545E+02 0.11982E-01 0.23549E+01
 0.11965E+02 0.14261E-02 0.00000E+00
 0.11868E+02 0.24379E-03 0.00000E+00
    33.000         5
 0.15987E+02 0.91319E-03 0.26868E+01
 0.15905E+02 0.64092E-04 0.19514E+01
 0.22873E+02 0.11601E-01 0.23921E+01
 0.12044E+02 0.14572E-02 0.00000E+00
 0.11939E+02 0.25167E-03 0.00000E+00
    33.500         5
 0.16123E+02 0.91214E-03 0.27158E+01
 0.16027E+02 0.60016E-04 0.20638E+01
 0.23201E+02 0.11317E-01 0.24258E+01
 0.12126E+02 0.15109E-02 0.00000E+00
 0.12010E+02 0.25955E-03 0.00000E+00
    34.000         5
 0.16259E+02 0.90653E-03 0.25242E+01
 0.16149E+02 0.56590E-04 0.20952E+01
 0.23529E+02 0.11133E-01 0.24558E+01
 0.12208E+02 0.15737E-02 0.00000E+00
 0.12081E+02 0.26712E-03 0.00000E+00
    34.500         5
 0.16394E+02 0.90092E-03 0.23326E+01
 0.16270E+02 0.54758E-04 0.19280E+01
 0.23858E+02 0.10950E-01 0.24859E+01
 0.12290E+02 0.16360E-02 0.00000E+00
 0.12152E+02 0.27341E-03 0.00000E+00
    35.000         5
 0.16530E+02 0.90717E-03 0.23112E+01
 0.16392E+02 0.54228E-04 0.17878E+01
 0.24187E+02 0.10766E-01 0.25160E+01
 0.12369E+02 0.16318E-02 0.00000E+00
 0.12223E+02 0.27970E-03 0.00000E+00
    35.500         5
 0.16665E+02 0.91960E-03 0.23784E+01
 0.16513E+02 0.58470E-04 0.17468E+01
 0.24516E+02 0.10583E-01 0.25461E+01
 0.12447E+02 0.16276E-02 0.00000E+00
 0.12293E+02 0.28599E-03 0.00000E+00
    36.000         5
 0.16801E+02 0.93215E-03 0.24450E+01
 0.16635E+02 0.62791E-04 0.17225E+01
 0.24844E+02 0.10399E-01 0.25761E+01
 0.12526E+02 0.16234E-02 0.00000E+00
 0.12364E+02 0.29228E-03 0.00000E+00
    36.500         5
 0.16935E+02 0.95349E-03 0.24769E+01
 0.16756E+02 0.67437E-04 0.17665E+01
 0.25173E+02 0.10216E-01 0.26062E+01
 0.12605E+02 0.16226E-02 0.00000E+00
 0.12435E+02 0.29857E-03 0.00000E+00
    37.000         5
 0.17070E+02 0.97482E-03 0.25088E+01
 0.16878E+02 0.71867E-04 0.18006E+01
 0.25502E+02 0.10032E-01 0.26363E+01
 0.12684E+02 0.16254E-02 0.00000E+00
 0.12506E+02 0.30486E-03 0.00000E+00
    37.500         4
 0.17205E+02 0.99315E-03 0.25322E+01
 0.16999E+02 0.74987E-04 0.17753E+01
 0.25831E+02 0.98889E-02 0.26646E+01
 0.12763E+02 0.16283E-02 0.00000E+00
    38.000         4
 0.17340E+02 0.10059E-02 0.25398E+01
 0.17121E+02 0.78257E-04 0.17545E+01
 0.26161E+02 0.97931E-02 0.26909E+01
 0.12842E+02 0.16311E-02 0.00000E+00
    38.500         4
 0.17475E+02 0.10187E-02 0.25474E+01
 0.17243E+02 0.83738E-04 0.18004E+01
 0.26490E+02 0.96974E-02 0.27171E+01
 0.12918E+02 0.16387E-02 0.00000E+00
    39.000         4
 0.17611E+02 0.10262E-02 0.25497E+01
 0.17364E+02 0.89191E-04 0.18450E+01
 0.26820E+02 0.96017E-02 0.27434E+01
 0.12994E+02 0.16473E-02 0.00000E+00
    39.500         4
 0.17746E+02 0.10308E-02 0.25492E+01
 0.17486E+02 0.93831E-04 0.18489E+01
 0.27149E+02 0.95060E-02 0.27696E+01
 0.13070E+02 0.16558E-02 0.00000E+00
    40.000         0
