     0.000     1.000     0.000         0
     9.240     8.723     0.010         1
    10.377     9.148     0.010         1
    10.392     9.155     0.010         1
    10.779     9.294     0.010         1
    12.333     9.873     0.010         1
    13.051    10.146     0.010         1
    13.851    10.449     0.010         1
    14.736    10.787     0.010         1
    17.788    11.859     0.010         1
    18.974    12.270     0.010         1
    19.976    12.615     0.010         1
    20.709    12.864     0.010         1
    21.728    13.202     0.010         1
    22.686    13.518     0.010         1
    24.035    13.970     0.010         1
    24.533    14.137     0.010         1
    25.354    14.413     0.010         1
    26.146    14.679     0.010         1
    26.992    14.961     0.010         1
    12.419    10.203     0.010         2
    13.280    10.461     0.010         2
    14.273    10.761     0.010         2
    15.287    11.071     0.010         2
    16.150    11.334     0.010         2
    17.113    11.620     0.010         2
    18.196    11.941     0.010         2
    19.129    12.218     0.010         2
    20.010    12.475     0.010         2
    21.024    12.768     0.010         2
    22.051    13.064     0.010         2
    23.283    13.425     0.010         2
    24.167    13.685     0.010         2
    25.179    13.982     0.010         2
    26.165    14.272     0.010         2
    27.157    14.563     0.010         2
    28.145    14.853     0.010         2
    29.144    15.145     0.010         2
    30.144    15.438     0.010         2
    31.128    15.726     0.010         2
    14.936    11.069     0.010         3
    16.018    11.373     0.010         3
    17.336    11.734     0.010         3
    18.713    12.111     0.010         3
    19.947    12.444     0.010         3
    21.315    12.810     0.010         3
    22.848    13.222     0.010         3
    24.090    13.561     0.010         3
    25.410    13.921     0.010         3
    26.742    14.283     0.010         3
    28.069    14.645     0.010         3
    29.402    15.008     0.010         3
    30.728    15.369     0.010         3
    32.036    15.726     0.010         3
    33.398    16.095     0.010         3
    34.671    16.441     0.010         3
    35.993    16.799     0.010         3
    37.324    17.158     0.010         3
    38.672    17.522     0.010         3
    39.996    17.880     0.010         3
    20.709    12.921     0.010         4
    21.577    13.127     0.010         4
    22.648    13.387     0.010         4
    23.589    13.615     0.010         4
    24.648    13.873     0.010         4
    25.668    14.120     0.010         4
    26.703    14.372     0.010         4
    27.721    14.620     0.010         4
    28.762    14.873     0.010         4
    29.795    15.125     0.010         4
    30.799    15.370     0.010         4
    31.824    15.619     0.010         4
    32.860    15.871     0.010         4
    33.855    16.114     0.010         4
    34.893    16.366     0.010         4
    35.901    16.611     0.010         4
    36.929    16.860     0.010         4
    37.968    17.113     0.010         4
    38.983    17.360     0.010         4
    39.999    17.608     0.010         4
    39.999    27.478     0.010         5
    37.270    25.679     0.010         5
    33.256    23.040     0.010         5
    29.063    20.296     0.010         5
    25.080    17.710     0.010         5
    21.774    15.587     0.010         5
    18.843    13.731     0.010         5
    16.229    12.109     0.010         5
    14.016    10.770     0.010         5
    12.051     9.620     0.010         5
    10.308     8.643     0.010         5
     8.789     7.836     0.010         5
     7.421     7.159     0.010         5
     6.176     6.595     0.010         5
     5.070     6.147     0.010         5
     3.948     5.756     0.010         5
     2.908     5.467     0.010         5
     1.930     5.268     0.010         5
     1.040     5.152     0.010         5
     0.000     5.100     0.010         5
    18.334    13.412     0.010         6
    18.447    13.483     0.010         6
    18.544    13.543     0.010         6
    18.622    13.592     0.010         6
    18.667    13.620     0.010         6
    18.707    13.645     0.010         6
    18.730    13.659     0.010         6
    18.735    13.663     0.010         6
    18.725    13.656     0.010         7
    18.698    13.640     0.010         7
    18.663    13.618     0.010         7
    18.608    13.584     0.010         7
    18.542    13.543     0.010         7
    18.465    13.495     0.010         7
    18.378    13.442     0.010         7
    18.283    13.384     0.010         7
    18.181    13.321     0.010         7
    18.073    13.255     0.010         7
    17.960    13.186     0.010         7
    17.843    13.115     0.010         7
    15.799    11.863     0.010         8
    13.648    10.614     0.010         9
    15.799    11.863     0.010        10
    15.873    11.905     0.010        10
    16.003    11.981     0.010        10
    16.086    12.029     0.010        10
    16.266    12.134     0.010        10
    16.524    12.284     0.010        10
    16.959    12.537     0.010        10
    17.160    12.654     0.010        10
    17.659    12.944     0.010        10
    18.124    13.214     0.010        10
    18.449    13.403     0.010        10
    18.833    13.627     0.010        10
    19.161    13.818     0.010        10
    19.590    14.067     0.010        10
    20.424    14.553     0.010        10
    21.196    15.002     0.010        10
    21.891    15.407     0.010        10
    22.962    16.030     0.010        10
    13.171    10.352     0.010        11
    13.465    10.518     0.010        11
    13.822    10.721     0.010        11
    14.150    10.907     0.010        11
    14.495    11.102     0.010        11
    14.857    11.307     0.010        11
    15.171    11.485     0.010        11
    15.462    11.651     0.010        11
    15.703    11.787     0.010        11
    15.955    11.931     0.010        11
    16.210    12.076     0.010        11
    16.475    12.226     0.010        11
    16.751    12.383     0.010        11
    17.036    12.544     0.010        11
    17.324    12.708     0.010        11
    17.626    12.880     0.010        11
    17.961    13.070     0.010        11
    18.191    13.201     0.010        11
    18.426    13.334     0.010        11
    18.665    13.470     0.010        11
     9.245     8.267     0.010        12
    10.602     8.938     0.010        12
    10.912     9.091     0.010        12
    11.225     9.246     0.010        12
    11.528     9.395     0.010        12
    11.816     9.538     0.010        12
    12.143     9.699     0.010        12
    12.545     9.897     0.010        12
    12.901    10.072     0.010        12
    13.301    10.270     0.010        12
    13.485    10.362     0.010        12
    13.667    10.453     0.010        12
    13.856    10.547     0.010        12
    14.045    10.641     0.010        12
    14.267    10.752     0.010        12
    14.435    10.836     0.010        12
    14.607    10.922     0.010        12
    14.779    11.008     0.010        12
    14.955    11.095     0.010        12
    15.127    11.182     0.010        12
     8.965     8.150     0.010        13
     9.165     8.244     0.010        13
     9.289     8.303     0.010        13
     9.412     8.361     0.010        13
     9.531     8.417     0.010        13
     9.647     8.471     0.010        13
     9.759     8.524     0.010        13
     9.869     8.576     0.010        13
     9.977     8.627     0.010        13
    10.082     8.676     0.010        13
    10.184     8.724     0.010        13
    10.285     8.771     0.010        13
    10.383     8.817     0.010        13
    10.478     8.861     0.010        13
    10.572     8.905     0.010        13
    10.664     8.948     0.010        13
    10.754     8.989     0.010        13
    10.842     9.030     0.010        13
    10.931     9.071     0.010        13
    11.220     9.204     0.010        14
    11.255     9.220     0.010        15
    11.279     9.231     0.010        15
    11.339     9.258     0.010        15
    11.412     9.292     0.010        15
    11.513     9.338     0.010        15
    11.624     9.389     0.010        15
    11.745     9.444     0.010        15
    11.880     9.506     0.010        15
    12.016     9.568     0.010        15
    12.139     9.624     0.010        15
    12.248     9.673     0.010        15
    12.336     9.713     0.010        15
    12.449     9.764     0.010        15
    12.482     9.779     0.010        15
    12.485     9.780     0.010        15
    12.478     9.777     0.010        16
    11.996     9.570     0.010        17
    11.726     9.456     0.010        17
    11.521     9.370     0.010        17
    11.603     9.405     0.010        18
     9.864     8.628     0.010        19
     9.893     8.640     0.010        19
     9.970     8.672     0.010        19
    10.082     8.719     0.010        19
    10.219     8.776     0.010        19
    10.374     8.841     0.010        19
    10.539     8.910     0.010        19
    10.710     8.981     0.010        19
    10.876     9.050     0.010        19
    11.040     9.118     0.010        19
    11.185     9.178     0.010        19
    11.313     9.218     0.010        19
    11.722     9.374     0.010        19
    11.815     9.411     0.010        19
    11.877     9.435     0.010        19
    11.807     9.408     0.010        20
    11.443     9.272     0.010        20
    11.009     9.116     0.010        20
    11.762     9.392     0.010        21
    11.137     9.158     0.010        21
     4.626     7.123     0.010        22
     4.807     7.162     0.010        22
     5.526     7.305     0.010        22
     8.293     7.770     0.010        22
    11.223     8.237     0.010        22
    11.682     8.344     0.010        22
    12.172     8.459     0.010        22
    12.733     8.590     0.010        22
    13.375     8.741     0.010        22
    14.203     8.953     0.010        22
    14.851     9.132     0.010        22
    15.364     9.278     0.010        22
    15.718     9.380     0.010        22
    16.199     9.506     0.010        22
    17.010     9.700     0.010        22
    18.945    10.229     0.010        22
    18.627    10.135     0.010        23
    19.878    10.439     0.010        23
    20.811    10.678     0.010        23
    21.689    10.885     0.010        23
     4.724     7.182     0.010        24
     5.991     7.389     0.010        24
     6.195     7.414     0.010        24
     7.243     7.566     0.010        24
     7.771     7.659     0.010        24
     8.570     7.800     0.010        24
     9.266     7.870     0.010        24
    10.927     8.135     0.010        24
    11.622     8.287     0.010        24
    12.393     8.456     0.010        24
    13.284     8.651     0.010        24
    14.146     8.852     0.010        24
    15.879     9.274     0.010        24
    16.930     9.486     0.010        24
    18.209     9.790     0.010        24
    19.363    10.027     0.010        24
    20.582    10.284     0.010        24
    21.573    10.471     0.010        24
    22.993    10.706     0.010        24
    24.189    10.940     0.010        24
    10.996     8.299     0.010        25
    11.650     8.421     0.010        25
    12.569     8.585     0.010        25
    13.707     8.803     0.010        25
    14.697     9.015     0.010        25
    15.413     9.167     0.010        25
    16.199     9.312     0.010        25
    17.840     9.629     0.010        25
    18.041     9.677     0.010        25
    19.043     9.856     0.010        25
    20.035    10.043     0.010        25
    20.753    10.174     0.010        25
    21.200    10.247     0.010        25
    22.966    10.511     0.010        25
    24.024    10.697     0.010        25
    24.831    10.856     0.010        25
    25.821    11.021     0.010        25
    26.799    11.183     0.010        25
    27.875    11.367     0.010        25
    28.794    11.525     0.010        25
    13.270     8.774     0.010        26
    14.958     9.111     0.010        26
    16.323     9.349     0.010        26
    18.143     9.685     0.010        26
    20.002    10.004     0.010        26
    21.061    10.179     0.010        26
    23.706    10.562     0.010        26
    25.373    10.845     0.010        26
    27.275    11.140     0.010        26
    29.023    11.420     0.010        26
    30.829    11.701     0.010        26
    33.144    12.067     0.010        26
    34.496    12.290     0.010        26
    36.261    12.567     0.010        26
    38.082    12.855     0.010        26
    39.894    13.129     0.010        26
    18.172     9.856     0.010        27
    20.803    10.249     0.010        27
    24.496    10.757     0.010        27
    27.433    11.157     0.010        27
    30.595    11.597     0.010        27
    33.902    12.067     0.010        27
    37.099    12.520     0.010        27
     0.000     0.000     0.000        -1
