    4 1.5363 1.5363
 -70.000   0.000   0.000   0.000   0.000   4.860 -70.000   4.860
    4 1.5363 1.5363
  70.000   0.000 140.000   0.000 140.000   5.130  70.000   5.130
    4 1.7985 1.7985
 -70.000   4.860   0.000   4.860   0.000   5.030 -70.000   5.030
    4 1.7985 1.7985
  70.000   5.130 140.000   5.130 140.000   5.470  70.000   5.470
    4 2.0198 2.0198
 -70.000   5.030   0.000   5.030   0.000   5.440 -70.000   5.440
    4 2.0198 2.0198
  70.000   5.470 140.000   5.470 140.000   6.080  70.000   6.080
    4 2.2672 2.2672
 -70.000   5.440   0.000   5.440   0.000   6.310 -70.000   6.310
    4 2.2672 2.2672
  70.000   6.080 140.000   6.080 140.000   7.580  70.000   7.580
    4 2.4264 2.4264
 -70.000   6.310   0.000   6.310   0.000   6.420 -70.000   6.420
    4 2.4264 2.4264
  70.000   7.580 140.000   7.580 140.000   7.900  70.000   7.900
    4 2.6641 2.6641
 -70.000   6.420   0.000   6.420   0.000   8.800 -70.000   8.800
    4 2.5924 2.5924
  70.000   7.900 140.000   7.900 140.000   9.550  70.000   9.550
    4 3.1505 3.1505
 -70.000   8.800   0.000   8.800   0.000  11.600 -70.000  11.600
    4 3.1505 3.1505
  70.000   9.550 140.000   9.550 140.000  12.590  70.000  12.590
    4 3.2980 3.2980
 -70.000  11.600   0.000  11.600   0.000  15.880 -70.000  15.880
    4 3.2980 3.2980
  70.000  12.590 140.000  12.590 140.000  15.880  70.000  15.880
    4 1.5363 1.5363
   0.000   0.000   3.790   0.000   3.790   4.920   0.000   4.860
    4 1.5363 1.5363
   3.790   0.000   8.870   0.000   8.870   4.940   3.790   4.920
    4 1.5363 1.5363
   8.870   0.000  13.360   0.000  13.360   4.990   8.870   4.940
    4 1.5363 1.5363
  13.360   0.000  19.740   0.000  19.740   5.100  13.360   4.990
    4 1.5363 1.5363
  19.740   0.000  32.910   0.000  32.910   5.130  19.740   5.100
    4 1.5363 1.5363
  32.910   0.000  41.580   0.000  41.580   5.150  32.910   5.130
    4 1.5363 1.5363
  41.580   0.000  52.150   0.000  52.150   5.150  41.580   5.150
    4 1.5363 1.5363
  52.150   0.000  61.920   0.000  61.920   5.130  52.150   5.150
    4 1.5363 1.5363
  61.920   0.000  70.000   0.000  70.000   5.130  61.920   5.130
    4 1.7985 1.7985
   0.000   4.860   2.390   4.898   2.390   5.070   0.000   5.030
    4 1.7985 1.7985
   2.390   4.898   3.790   4.920   3.790   5.130   2.390   5.070
    4 1.7985 1.7985
   3.790   4.920   4.250   4.922   4.250   5.150   3.790   5.130
    4 1.7985 1.7985
   4.250   4.922   8.500   4.939   8.500   5.180   4.250   5.150
    4 1.7985 1.7985
   8.500   4.939   8.870   4.940   8.870   5.182   8.500   5.180
    4 1.7985 1.7985
   8.870   4.940  11.980   4.975  11.980   5.200   8.870   5.182
    4 1.7985 1.7985
  11.980   4.975  13.360   4.990  13.360   5.218  11.980   5.200
    4 1.7985 1.7985
  13.360   4.990  19.740   5.100  19.740   5.300  13.360   5.218
    4 1.7985 1.7985
  19.740   5.100  20.480   5.102  20.480   5.310  19.740   5.300
    4 1.7985 1.7985
  20.480   5.102  32.910   5.130  32.910   5.448  20.480   5.310
    4 1.7985 1.7985
  32.910   5.130  36.700   5.139  36.700   5.490  32.910   5.448
    4 1.7985 1.7985
  36.700   5.139  41.580   5.150  41.580   5.493  36.700   5.490
    4 1.7985 1.7985
  41.580   5.150  52.150   5.150  52.150   5.499  41.580   5.493
    4 1.7985 1.7985
  52.150   5.150  53.510   5.147  53.510   5.500  52.150   5.499
    4 1.7985 1.7985
  53.510   5.147  61.920   5.130  61.920   5.485  53.510   5.500
    4 1.7985 1.7985
  61.920   5.130  70.000   5.130  70.000   5.470  61.920   5.485
    4 2.0198 2.0198
   0.000   5.030   1.470   5.055   1.470   5.440   0.000   5.440
    4 2.0198 2.0198
   1.470   5.055   2.390   5.070   2.390   5.478   1.470   5.440
    4 2.0198 2.0198
   2.390   5.070   4.250   5.150   4.250   5.555   2.390   5.478
    4 2.0198 2.0198
   4.250   5.150   5.110   5.156   5.110   5.590   4.250   5.555
    4 2.0198 2.0198
   5.110   5.156   8.500   5.180   8.500   5.604   5.110   5.590
    4 2.0198 2.0198
   8.500   5.180   9.830   5.188   9.830   5.610   8.500   5.604
    4 2.0198 2.0198
   9.830   5.188  11.980   5.200  11.980   5.570   9.830   5.610
    4 2.0198 2.0198
  11.980   5.200  12.000   5.200  12.000   5.570  11.980   5.570
    4 2.0198 2.0198
  12.000   5.200  16.260   5.255  16.260   5.680  12.000   5.570
    4 2.0198 2.0198
  16.260   5.255  20.480   5.310  20.480   5.734  16.260   5.680
    4 2.0198 2.0198
  20.480   5.310  22.530   5.333  22.530   5.760  20.480   5.734
    4 2.0198 2.0198
  22.530   5.333  36.700   5.490  36.700   5.867  22.530   5.760
    4 2.0198 2.0198
  36.700   5.490  49.090   5.497  49.090   5.960  36.700   5.867
    4 2.0198 2.0198
  49.090   5.497  53.510   5.500  53.510   5.981  49.090   5.960
    4 2.0198 2.0198
  53.510   5.500  61.870   5.485  61.870   6.020  53.510   5.981
    4 2.0198 2.0198
  61.870   5.485  70.000   5.470  70.000   6.080  61.870   6.020
    4 2.2672 2.2672
   0.000   5.440   1.290   5.440   1.290   6.290   0.000   6.310
    4 2.2672 2.2672
   1.290   5.440   1.470   5.440   1.470   6.309   1.290   6.290
    4 2.2672 2.2672
   1.470   5.440   3.220   5.512   3.220   6.490   1.470   6.309
    4 2.2672 2.2672
   3.220   5.512   5.110   5.590   5.110   6.595   3.220   6.490
    4 2.2672 2.2672
   5.110   5.590   5.380   5.591   5.380   6.610   5.110   6.595
    4 2.2672 2.2672
   5.380   5.591   7.630   5.601   7.630   6.620   5.380   6.610
    4 2.2672 2.2672
   7.630   5.601   8.830   5.606   8.830   6.590   7.630   6.620
    4 2.2672 2.2672
   8.830   5.606   9.830   5.610   9.830   6.394   8.830   6.590
    4 2.2672 2.2672
   9.830   5.610  10.770   5.593  10.770   6.210   9.830   6.394
    4 2.2672 2.2672
  10.770   5.593  11.880   5.572  11.880   6.130  10.770   6.210
    4 2.2672 2.2672
  11.880   5.572  12.000   5.570  12.000   6.134  11.880   6.130
    4 2.2672 2.2672
  12.000   5.570  13.250   5.602  13.250   6.170  12.000   6.134
    4 2.2672 2.2672
  13.250   5.602  15.840   5.669  15.840   6.750  13.250   6.170
    4 2.2672 2.2672
  15.840   5.669  16.260   5.680  16.260   6.772  15.840   6.750
    4 2.2672 2.2672
  16.260   5.680  17.530   5.696  17.530   6.840  16.260   6.772
    4 2.2672 2.2672
  17.530   5.696  22.530   5.760  22.530   6.973  17.530   6.840
    4 2.2672 2.2672
  22.530   5.760  23.940   5.771  23.940   7.010  22.530   6.973
    4 2.2672 2.2672
  23.940   5.771  28.900   5.808  28.900   7.116  23.940   7.010
    4 2.2672 2.2672
  28.900   5.808  29.320   5.811  29.320   7.125  28.900   7.116
    4 2.2672 2.2672
  29.320   5.811  32.370   5.834  32.370   7.190  29.320   7.125
    4 2.2672 2.2672
  32.370   5.834  39.410   5.887  39.410   7.230  32.370   7.190
    4 2.2672 2.2672
  39.410   5.887  49.090   5.960  49.090   7.449  39.410   7.230
    4 2.2672 2.2672
  49.090   5.960  49.560   5.962  49.560   7.460  49.090   7.449
    4 2.2672 2.2672
  49.560   5.962  60.790   6.015  60.790   7.550  49.560   7.460
    4 2.2672 2.2672
  60.790   6.015  61.870   6.020  61.870   7.554  60.790   7.550
    4 2.2672 2.2672
  61.870   6.020  70.000   6.080  70.000   7.580  61.870   7.554
    4 2.4264 2.4264
   0.000   6.310   1.240   6.291   1.240   6.360   0.000   6.420
    4 2.4264 2.4264
   1.240   6.291   1.290   6.290   1.290   6.369   1.240   6.360
    4 2.4264 2.4264
   1.290   6.290   3.220   6.490   3.220   6.722   1.290   6.369
    4 2.4264 2.4264
   3.220   6.490   3.810   6.523   3.810   6.830   3.220   6.722
    4 2.4264 2.4264
   3.810   6.523   5.340   6.608   5.340   7.059   3.810   6.830
    4 2.4264 2.4264
   5.340   6.608   5.380   6.610   5.380   7.065   5.340   7.059
    4 2.4263 2.4263
   5.380   6.610   5.490   6.610   5.490   7.082   5.380   7.065
    4 2.4261 2.4261
   5.490   6.610   6.010   6.613   6.010   7.160   5.490   7.082
    4 2.4253 2.4253
   6.010   6.613   7.630   6.620   7.630   6.991   6.010   7.160
    4 2.4245 2.4245
   7.630   6.620   8.120   6.608   8.120   6.940   7.630   6.991
    4 2.4241 2.4241
   8.120   6.608   8.830   6.590   8.830   6.668   8.120   6.940
    4 2.4237 2.4237
   8.830   6.590   8.980   6.561   8.980   6.610   8.830   6.668
    4 2.4230 2.4230
   8.980   6.561  10.770   6.210  10.770   6.267   8.980   6.610
    4 2.4223 2.4223
  10.770   6.210  10.860   6.204  10.860   6.250  10.770   6.267
    4 2.4219 2.4219
  10.860   6.204  11.880   6.130  11.880   6.173  10.860   6.250
    4 2.4215 2.4215
  11.880   6.130  11.920   6.131  11.920   6.170  11.880   6.173
    4 2.4213 2.4213
  11.920   6.131  12.230   6.140  12.230   6.177  11.920   6.170
    4 2.4217 2.4217
  12.230   6.140  13.210   6.169  13.210   6.200  12.230   6.177
    4 2.4222 2.4222
  13.210   6.169  13.250   6.170  13.250   6.209  13.210   6.200
    4 2.4234 2.4234
  13.250   6.170  15.690   6.716  15.690   6.760  13.250   6.209
    4 2.4247 2.4247
  15.690   6.716  15.840   6.750  15.840   6.781  15.690   6.760
    4 2.4256 2.4256
  15.840   6.750  17.500   6.838  17.500   7.015  15.840   6.781
    4 2.4264 2.4264
  17.500   6.838  17.530   6.840  17.530   7.019  17.500   7.015
    4 2.4264 2.4264
  17.530   6.840  18.740   6.872  18.740   7.190  17.530   7.019
    4 2.4264 2.4264
  18.740   6.872  23.940   7.010  23.940   7.247  18.740   7.190
    4 2.4264 2.4264
  23.940   7.010  25.080   7.034  25.080   7.260  23.940   7.247
    4 2.4264 2.4264
  25.080   7.034  25.090   7.035  25.090   7.260  25.080   7.260
    4 2.4264 2.4264
  25.090   7.035  25.630   7.046  25.630   7.314  25.090   7.260
    4 2.4264 2.4264
  25.630   7.046  27.880   7.094  27.880   7.540  25.630   7.314
    4 2.4264 2.4264
  27.880   7.094  31.440   7.170  31.440   7.770  27.880   7.540
    4 2.4264 2.4264
  31.440   7.170  32.370   7.190  32.370   7.789  31.440   7.770
    4 2.4264 2.4264
  32.370   7.190  34.380   7.201  34.380   7.830  32.370   7.789
    4 2.4264 2.4264
  34.380   7.201  36.780   7.215  36.780   7.690  34.380   7.830
    4 2.4264 2.4264
  36.780   7.215  39.410   7.230  39.410   7.795  36.780   7.690
    4 2.4264 2.4264
  39.410   7.230  42.050   7.290  42.050   7.900  39.410   7.795
    4 2.4264 2.4264
  42.050   7.290  46.920   7.400  46.920   8.260  42.050   7.900
    4 2.4264 2.4264
  46.920   7.400  49.560   7.460  49.560   8.308  46.920   8.260
    4 2.4264 2.4264
  49.560   7.460  51.880   7.479  51.880   8.350  49.560   8.308
    4 2.4264 2.4264
  51.880   7.479  59.470   7.539  59.470   8.000  51.880   8.350
    4 2.4264 2.4264
  59.470   7.539  60.790   7.550  60.790   7.987  59.470   8.000
    4 2.4264 2.4264
  60.790   7.550  70.000   7.580  70.000   7.900  60.790   7.987
    4 2.6641 2.6641
   0.000   6.420   1.240   6.360   1.240   8.796   0.000   8.800
    4 2.6704 2.6704
   1.240   6.360   3.810   6.830   3.810   8.788   1.240   8.796
    4 2.6784 2.6784
   3.810   6.830   5.970   7.154   5.970   8.781   3.810   8.788
    4 2.6820 2.6820
   5.970   7.154   6.010   7.160   6.010   8.781   5.970   8.781
    4 2.6738 2.6738
   6.010   7.160   8.120   6.940   8.120   8.774   6.010   8.781
    4 2.6640 2.6640
   8.120   6.940   8.650   6.737   8.650   8.773   8.120   8.774
    4 2.6591 2.6591
   8.650   6.737   8.980   6.610   8.980   8.772   8.650   8.773
    4 2.6405 2.6405
   8.980   6.610  10.860   6.250  10.860   8.766   8.980   8.772
    4 2.6173 2.6173
  10.860   6.250  11.920   6.170  11.920   8.762  10.860   8.766
    4 2.6008 2.6008
  11.920   6.170  13.120   6.198  13.120   8.759  11.920   8.762
    4 2.5924 2.5924
  13.120   6.198  13.210   6.200  13.210   8.758  13.120   8.759
    4 2.5924 2.5924
  13.210   6.200  15.690   6.760  15.690   8.751  13.210   8.758
    4 2.5924 2.5924
  15.690   6.760  18.740   7.190  18.740   8.741  15.690   8.751
    4 2.5924 2.5924
  18.740   7.190  19.050   7.193  19.050   8.740  18.740   8.741
    4 2.5924 2.5924
  19.050   7.193  19.990   7.204  19.990   8.834  19.050   8.740
    4 2.5924 2.5924
  19.990   7.204  22.460   7.231  22.460   9.080  19.990   8.834
    4 2.5924 2.5924
  22.460   7.231  25.090   7.260  25.090   9.230  22.460   9.080
    4 2.5924 2.5924
  25.090   7.260  27.020   7.454  27.020   9.340  25.090   9.230
    4 2.5924 2.5924
  27.020   7.454  27.880   7.540  27.880   9.343  27.020   9.340
    4 2.5924 2.5924
  27.880   7.540  31.440   7.770  31.440   9.354  27.880   9.343
    4 2.5924 2.5924
  31.440   7.770  34.380   7.830  34.380   9.363  31.440   9.354
    4 2.5924 2.5924
  34.380   7.830  36.780   7.690  36.780   9.371  34.380   9.363
    4 2.5924 2.5924
  36.780   7.690  40.210   7.827  40.210   9.381  36.780   9.371
    4 2.5924 2.5924
  40.210   7.827  42.050   7.900  42.050   9.387  40.210   9.381
    4 2.5924 2.5924
  42.050   7.900  46.920   8.260  46.920   9.402  42.050   9.387
    4 2.5924 2.5924
  46.920   8.260  49.330   8.304  49.330   9.410  46.920   9.402
    4 2.5924 2.5924
  49.330   8.304  51.880   8.350  51.880   9.427  49.330   9.410
    4 2.5924 2.5924
  51.880   8.350  59.470   8.000  59.470   9.479  51.880   9.427
    4 2.5924 2.5924
  59.470   8.000  70.000   7.900  70.000   9.550  59.470   9.479
    4 3.1505 3.1505
   0.000   8.800   2.480   8.792   2.480  11.670   0.000  11.600
    4 3.1505 3.1505
   2.480   8.792   4.510   8.786   4.510  11.100   2.480  11.670
    4 3.1505 3.1505
   4.510   8.786  14.600   8.754  14.600  10.950   4.510  11.100
    4 3.1505 3.1505
  14.600   8.754  17.650   8.744  17.650  11.580  14.600  10.950
    4 3.1505 3.1505
  17.650   8.744  19.050   8.740  19.050  11.584  17.650  11.580
    4 3.1505 3.1505
  19.050   8.740  22.460   9.080  22.460  11.594  19.050  11.584
    4 3.1505 3.1505
  22.460   9.080  24.310   9.185  24.310  11.600  22.460  11.594
    4 3.1505 3.1505
  24.310   9.185  27.020   9.340  27.020  11.550  24.310  11.600
    4 3.1505 3.1505
  27.020   9.340  28.650   9.345  28.650  11.520  27.020  11.550
    4 3.1505 3.1505
  28.650   9.345  32.290   9.357  32.290  11.320  28.650  11.520
    4 3.1505 3.1505
  32.290   9.357  35.460   9.366  35.460  11.520  32.290  11.320
    4 3.1505 3.1505
  35.460   9.366  38.480   9.376  38.480  12.870  35.460  11.520
    4 3.1505 3.1505
  38.480   9.376  44.140   9.394  44.140  13.550  38.480  12.870
    4 3.1505 3.1505
  44.140   9.394  49.330   9.410  49.330  13.640  44.140  13.550
    4 3.1505 3.1505
  49.330   9.410  50.490   9.418  50.490  13.660  49.330  13.640
    4 3.1505 3.1505
  50.490   9.418  61.480   9.492  61.480  12.820  50.490  13.660
    4 3.1505 3.1505
  61.480   9.492  70.000   9.550  70.000  12.590  61.480  12.820
    4 3.2980 3.2980
   0.000  11.600   2.480  11.670   2.480  15.880   0.000  15.880
    4 3.2980 3.2980
   2.480  11.670   4.510  11.100   4.510  15.880   2.480  15.880
    4 3.2980 3.2980
   4.510  11.100  14.600  10.950  14.600  15.880   4.510  15.880
    4 3.2980 3.2980
  14.600  10.950  17.650  11.580  17.650  15.880  14.600  15.880
    4 3.2980 3.2980
  17.650  11.580  24.310  11.600  24.310  15.880  17.650  15.880
    4 3.2980 3.2980
  24.310  11.600  28.650  11.520  28.650  15.880  24.310  15.880
    4 3.2980 3.2980
  28.650  11.520  32.290  11.320  32.290  15.880  28.650  15.880
    4 3.2980 3.2980
  32.290  11.320  35.460  11.520  35.460  15.880  32.290  15.880
    4 3.2980 3.2980
  35.460  11.520  38.480  12.870  38.480  15.880  35.460  15.880
    4 3.2980 3.2980
  38.480  12.870  44.140  13.550  44.140  15.880  38.480  15.880
    4 3.2980 3.2980
  44.140  13.550  50.490  13.660  50.490  15.880  44.140  15.880
    4 3.2980 3.2980
  50.490  13.660  61.480  12.820  61.480  15.880  50.490  15.880
    4 3.2980 3.2980
  61.480  12.820  70.000  12.590  70.000  15.880  61.480  15.880
