shot  ray i.angle  f.angle   dist     depth red.time  npts code
  -1   1    0.000   -2.672    0.000    4.44  12.783    12   2.1
  -1   2    0.001   -2.670    0.000    4.44  12.783    12   2.1
  -1   3    0.002   -2.669    0.000    4.44  12.783    12   2.1
  -1   4    0.003   -2.661    0.000    4.45  12.783    12   2.1
  -1   5    0.003   -2.668    0.000    4.44  12.783    12   2.1
  -1   6    0.004   -2.670    0.000    4.44  12.783    12   2.1
  -1   7    0.005   -2.673    0.000    4.44  12.783    12   2.1
  -1   8    0.006   -2.667    0.000    4.44  12.783    12   2.1
  -1   9    0.007   -2.663    0.000    4.45  12.783    12   2.1
  -1  10    0.007   -2.674    0.000    4.44  12.783    12   2.1
  -1  11    0.008   -2.666    0.000    4.44  12.783    12   2.1
  -1  12    0.009   -2.660    0.000    4.45  12.783    12   2.1
  -1  13    0.010   -2.667    0.000    4.44  12.783    12   2.1
  -1  14    0.011   -2.666    0.000    4.44  12.783    12   2.1
  -1  15    0.011   -2.667    0.000    4.44  12.783    12   2.1
  -1  16    0.012   -2.662    0.000    4.45  12.783    12   2.1
  -1  17    0.013   -2.669    0.000    4.44  12.783    12   2.1
  -1  18    0.014   -2.670    0.000    4.44  12.783    12   2.1
  -1  19    0.015   -2.666    0.000    4.44  12.783    12   2.1
  -1  20    0.015   -2.661    0.000    4.45  12.783    12   2.1
  -1  21    0.016   -2.672    0.000    4.44  12.783    12   2.1
  -1  22    0.017   -2.673    0.000    4.44  12.783    12   2.1
  -1  23    0.018   -2.658    0.000    4.45  12.783    12   2.1
  -1  24    0.019   -2.659    0.000    4.45  12.783    12   2.1
  -1  25    0.019   -2.660    0.000    4.45  12.783    12   2.1
  -1  26    0.020   -2.657    0.000    4.45  12.783    12   2.1
  -1  27    0.021   -2.660    0.000    4.45  12.783    12   2.1
  -1  28    0.022   -2.673    0.000    4.44  12.783    12   2.1
  -1  29    0.022   -2.669    0.000    4.44  12.783    12   2.1
  -1  30    0.023   -2.671    0.000    4.44  12.783    12   2.1
  -1  31    0.024   -2.660    0.000    4.45  12.783    12   2.1
  -1  32    0.025   -2.661    0.000    4.44  12.783    12   2.1
  -1  33    0.026   -2.662    0.000    4.44  12.783    12   2.1
  -1  34    0.026   -2.662    0.000    4.44  12.783    12   2.1
  -1  35    0.027   -2.661    0.000    4.44  12.783    12   2.1
  -1  36    0.028   -2.674    0.000    4.44  12.783    12   2.1
  -1  37    0.029   -2.674    0.000    4.44  12.783    12   2.1
  -1  38    0.030   -2.664    0.000    4.44  12.783    12   2.1
  -1  39    0.030   -2.661    0.000    4.44  12.783    12   2.1
  -1  40    0.031   -2.670    0.000    4.44  12.783    12   2.1
  -1  41    0.032   -2.666    0.000    4.44  12.783    12   2.1
  -1  42    0.033   -2.665    0.000    4.44  12.783    12   2.1
  -1  43    0.034   -2.675    0.000    4.44  12.783    12   2.1
  -1  44    0.034   -2.663    0.000    4.44  12.783    12   2.1
  -1  45    0.035   -2.674    0.000    4.44  12.783    12   2.1
  -1  46    0.036   -2.664    0.000    4.44  12.783    12   2.1
  -1  47    0.037   -2.667    0.000    4.44  12.783    12   2.1
  -1  48    0.038   -2.661    0.000    4.44  12.783    12   2.1
  -1  49    0.038   -2.668    0.000    4.44  12.783    12   2.1
  -1  50    0.039   -2.660    0.000    4.44  12.783    12   2.1
  -1  51    0.040   -2.671    0.000    4.44  12.783    12   2.1
  -1  52    0.041   -2.673    0.000    4.44  12.783    12   2.1
  -1  53    0.042   -2.673    0.000    4.44  12.783    12   2.1
  -1  54    0.042   -2.669    0.000    4.44  12.783    12   2.1
  -1  55    0.043   -2.677    0.000    4.44  12.783    12   2.1
  -1  56    0.044   -2.670    0.000    4.44  12.783    12   2.1
  -1  57    0.045   -2.669    0.000    4.44  12.783    12   2.1
  -1  58    0.046   -2.661    0.000    4.44  12.783    12   2.1
  -1  59    0.046   -2.664    0.000    4.44  12.783    12   2.1
  -1  60    0.047   -2.668    0.000    4.44  12.783    12   2.1
  -1   1    4.450   -6.584    0.000    2.66  12.876    10   1.2
  -1   2    5.883   -8.019    0.000    2.04  12.928    10   1.2
  -1   3    7.316   -9.453    0.000    1.40  12.992    10   1.2
  -1   4    8.749  -10.888    0.000    0.77  13.066    10   1.2
  -1   5   10.182  -12.322    0.000    0.12  13.152    10   1.2
  -1   6   11.615  -13.587    2.169    0.00  12.081    10   1.2
  -1   7   13.049  -14.848    4.406    0.00  10.964     8   1.2
  -1   8   14.482  -16.136    6.295    0.00  10.028     8   1.2
  -1   9   15.915  -17.448    7.882    0.00   9.249     8   1.2
  -1  10   17.348  -18.776    9.242    0.00   8.587     7   1.2
  -1  11   18.781  -20.119   10.433    0.00   8.013     7   1.2
  -1  12   20.214  -21.473   11.470    0.00   7.519     7   1.2
  -1  13   21.647  -22.836   12.383    0.00   7.090     7   1.2
  -1  14   23.080  -24.207   13.194    0.00   6.713     7   1.2
  -1  15   24.513  -25.585   13.925    0.00   6.378     6   1.2
  -1  16   25.946  -26.968   14.585    0.00   6.081     6   1.2
  -1  17   27.379  -28.356   15.184    0.00   5.815     5   1.2
  -1  18   28.812  -29.748   15.734    0.00   5.575     5   1.2
  -1  19   30.245  -31.143   16.237    0.00   5.360     5   1.2
  -1  20   31.678  -32.542   16.701    0.00   5.165     5   1.2
  -1  21   33.111  -33.942   17.129    0.00   4.989     5   1.2
  -1  22   34.544  -35.346   17.526    0.00   4.830     5   1.2
  -1  23   35.977  -36.751   17.896    0.00   4.684     5   1.2
  -1  24   37.410  -38.158   18.242    0.00   4.552     5   1.2
  -1  25   38.843  -39.567   18.567    0.00   4.431     5   1.2
  -1  26   40.276  -40.977   18.872    0.00   4.320     5   1.2
  -1  27   41.709  -42.389   19.161    0.00   4.219     5   1.2
  -1  28   43.143  -43.801   19.434    0.00   4.126     5   1.2
  -1  29   44.576  -45.215   19.692    0.00   4.041     5   1.2
  -1  30   46.009  -46.630   19.939    0.00   3.962     4   1.2
  -1  31   47.442  -48.045   20.175    0.00   3.890     4   1.2
  -1  32   48.875  -49.462   20.401    0.00   3.824     4   1.2
  -1  33   50.308  -50.879   20.618    0.00   3.763     4   1.2
  -1  34   51.741  -52.296   20.826    0.00   3.707     4   1.2
  -1  35   53.174  -53.715   21.026    0.00   3.655     4   1.2
  -1  36   54.607  -55.133   21.220    0.00   3.609     4   1.2
  -1  37   56.040  -56.553   21.406    0.00   3.566     4   1.2
  -1  38   57.473  -57.972   21.587    0.00   3.527     4   1.2
  -1  39   58.906  -59.392   21.761    0.00   3.492     4   1.2
  -1  40   60.339  -60.813   21.931    0.00   3.460     4   1.2
  -1  41   61.772  -62.234   22.096    0.00   3.431     4   1.2
  -1  42   63.205  -63.655   22.257    0.00   3.406     4   1.2
  -1  43   64.638  -65.076   22.414    0.00   3.383     4   1.2
  -1  44   66.071  -66.498   22.568    0.00   3.364     4   1.2
  -1  45   67.504  -67.920   22.718    0.00   3.347     4   1.2
  -1  46   68.937  -69.342   22.865    0.00   3.332     4   1.2
  -1  47   70.370  -70.764   23.009    0.00   3.320     4   1.2
  -1  48   71.803  -72.187   23.151    0.00   3.311     4   1.2
  -1  49   73.236  -73.610   23.291    0.00   3.303     4   1.2
  -1  50   74.670  -75.032   23.428    0.00   3.298     4   1.2
  -1  51   76.103  -76.455   23.564    0.00   3.296     4   1.2
  -1  52   77.536  -77.879   23.698    0.00   3.295     4   1.2
  -1  53   78.969  -79.302   23.831    0.00   3.297     4   1.2
  -1  54   80.402  -80.725   23.962    0.00   3.300     4   1.2
  -1  55   81.835  -82.149   24.092    0.00   3.306     4   1.2
  -1  56   83.268  -83.572   24.222    0.00   3.314     4   1.2
  -1  57   84.701  -84.996   24.351    0.00   3.324     4   1.2
  -1  58   86.134  -86.419   24.479    0.00   3.336     4   1.2
  -1  59   87.567  -87.843   24.607    0.00   3.350     4   1.2
  -1  60   89.000  -89.261   24.800    0.00   3.375     4   1.2
  -1   1    2.315   -3.987    0.000    3.80  12.807    12   2.1
  -1   2    3.051   -5.001    0.000    3.36  12.830    13   2.1
  -1   3    3.786   -5.674    0.000    3.07  12.848    13   2.1
  -1   4    4.522   -6.509    0.000    2.70  12.873    14   2.1
  -1   5    5.258   -7.235    0.000    2.39  12.898    14   2.1
  -1   6    5.993   -8.005    0.000    2.05  12.927    15   2.1
  -1   7    6.729   -8.759    0.000    1.73  12.959    15   2.1
  -1   8    7.465   -9.496    0.000    1.40  12.992    16   2.1
  -1   9    8.200  -10.265    0.000    1.07  13.031    16   2.1
  -1  10    8.936  -10.983    0.000    0.75  13.069    17   2.1
  -1  11    9.672  -11.765    0.000    0.41  13.114    17   2.1
  -1  12   10.407  -12.469    0.000    0.10  13.157    18   2.1
  -1  13   11.143  -13.174    1.099    0.00  12.619    18   2.1
  -1  14   11.879  -13.776    2.305    0.00  12.014    19   2.1
  -1  15   12.614  -14.477    3.547    0.00  11.394    19   2.1
  -1  16   13.350  -15.090    4.527    0.00  10.907    18   2.1
  -1  17   14.086  -15.811    5.576    0.00  10.387    18   2.1
  -1  18   14.821  -16.432    6.389    0.00   9.986    19   2.1
  -1  19   15.557  -17.172    7.266    0.00   9.555    19   2.1
  -1  20   16.293  -17.800    7.944    0.00   9.224    20   2.1
  -1  21   17.028  -18.538    8.675    0.00   8.868    21   2.1
  -1  22   17.764  -19.185    9.270    0.00   8.580    20   2.1
  -1  23   18.500  -19.920    9.899    0.00   8.278    21   2.1
  -1  24   19.235  -20.585   10.423    0.00   8.027    21   2.1
  -1  25   19.971  -21.318   10.960    0.00   7.772    21   2.1
  -1  26   20.707  -21.998   11.422    0.00   7.553    21   2.1
  -1  27   21.442  -22.728   11.885    0.00   7.336    22   2.1
  -1  28   22.178  -23.421   12.296    0.00   7.144    22   2.1
  -1  29   22.914  -24.149   12.700    0.00   6.957    23   2.1
  -1  30   23.649  -24.853   13.067    0.00   6.788    23   2.1
  -1  31   24.385  -25.578   13.423    0.00   6.626    23   2.1
  -1  32   25.121  -26.292   13.757    0.00   6.475    23   2.1
  -1  33   25.856  -27.015   14.075    0.00   6.332    24   2.1
  -1  34   26.592  -27.739   14.376    0.00   6.198    24   2.1
  -1  35   27.328  -28.459   14.660    0.00   6.073    25   2.1
  -1  36   28.063  -29.192   14.934    0.00   5.953    25   2.1
  -1  37   28.799  -29.910   15.189    0.00   5.842    25   2.1
  -1  38   29.535  -30.650   15.441    0.00   5.734    25   2.1
  -1  39   30.270  -31.365   15.672    0.00   5.636    26   2.1
  -1  40   31.006  -32.114   15.902    0.00   5.539    26   2.1
  -1  41   31.742  -32.827   16.112    0.00   5.452    27   2.1
  -1  42   32.477  -33.582   16.323    0.00   5.365    27   2.1
  -1  43   33.213  -34.293   16.513    0.00   5.288    28   2.1
  -1  44   33.949  -35.053   16.708    0.00   5.210    29   2.1
  -1  45   34.684  -35.763   16.881    0.00   5.141    29   2.1
  -1  46   35.420  -36.520   17.059    0.00   5.071    30   2.1
  -1  47   36.156  -37.239   17.220    0.00   5.009    30   2.1
  -1  48   36.891  -37.992   17.382    0.00   4.947    31   2.1
  -1  49   37.627  -38.718   17.532    0.00   4.891    31   2.1
  -1  50   38.363  -39.468   17.680    0.00   4.836    32   2.1
  -1  51   39.098  -40.201   17.820    0.00   4.785    32   2.1
  -1  52   39.834  -40.947   17.956    0.00   4.736    33   2.1
  -1  53   40.570  -41.688   18.086    0.00   4.690    33   2.1
  -1  54   41.305  -42.432   18.212    0.00   4.646    34   2.1
  -1  55   42.041  -43.179   18.333    0.00   4.605    34   2.1
  -1  56   42.777  -43.921   18.449    0.00   4.566    35   2.1
  -1  57   43.512  -44.675   18.562    0.00   4.528    35   2.1
  -1  58   44.248  -45.414   18.665    0.00   4.495    36   2.1
  -1  59   44.984  -46.174   18.771    0.00   4.461    36   2.1
  -1  60   45.719  -46.919   18.870    0.00   4.430    37   2.1
  -1   1   45.885  -47.083   18.924    0.00   4.413    37   2.2
  -1   2   47.372  -48.577   19.444    0.00   4.256    30   2.2
  -1   3   48.859  -50.085   19.787    0.00   4.157    26   2.2
  -1   4   50.345  -51.578   20.084    0.00   4.075    24   2.2
  -1   5   51.832  -53.062   20.356    0.00   4.004    23   2.2
  -1   6   53.319  -54.552   20.610    0.00   3.941    22   2.2
  -1   7   54.805  -56.039   20.850    0.00   3.884    21   2.2
  -1   8   56.292  -57.528   21.078    0.00   3.834    20   2.2
  -1   9   57.779  -59.011   21.296    0.00   3.789    20   2.2
  -1  10   59.266  -60.493   21.504    0.00   3.750    20   2.2
  -1  11   60.752  -61.985   21.707    0.00   3.714    20   2.2
  -1  12   62.239  -63.468   21.902    0.00   3.683    20   2.2
  -1  13   63.726  -64.950   22.090    0.00   3.655    20   2.2
  -1  14   65.212  -66.431   22.273    0.00   3.631    20   2.2
  -1  15   66.699  -67.913   22.452    0.00   3.611    20   2.2
  -1  16   68.186  -69.393   22.626    0.00   3.594    20   2.2
  -1  17   69.673  -70.874   22.796    0.00   3.580    20   2.2
  -1  18   71.159  -72.354   22.962    0.00   3.569    20   2.2
  -1  19   72.646  -73.834   23.126    0.00   3.561    20   2.2
  -1  20   74.133  -75.313   23.287    0.00   3.555    20   2.2
  -1  21   75.620  -76.793   23.445    0.00   3.553    20   2.2
  -1  22   77.106  -78.272   23.601    0.00   3.553    20   2.2
  -1  23   78.593  -79.751   23.756    0.00   3.555    20   2.2
  -1  24   80.080  -81.229   23.908    0.00   3.560    20   2.2
  -1  25   81.566  -82.708   24.060    0.00   3.568    20   2.2
  -1  26   83.053  -84.186   24.210    0.00   3.578    20   2.2
  -1  27   84.540  -85.664   24.359    0.00   3.591    20   2.2
  -1  28   86.027  -87.141   24.508    0.00   3.606    20   2.2
  -1  29   87.513  -88.619   24.656    0.00   3.623    20   2.2
  -1  30   89.000   89.882   24.795    0.00   3.642    20   2.2
  -1   1   45.881  -47.071   18.653    0.00   4.497    39   3.1
  -1   2   45.961  -47.150   18.036    0.00   4.687    38   3.1
  -1   3   46.042  -47.240   17.597    0.00   4.822    39   3.1
  -1   4   46.122  -47.321   17.341    0.00   4.900    39   3.1
  -1   5   46.202  -47.381   17.135    0.00   4.963    38   3.1
  -1   6   46.282  -47.474   16.895    0.00   5.036    39   3.1
  -1   7   46.362  -47.556   16.692    0.00   5.098    39   3.1
  -1   8   46.442  -47.648   16.516    0.00   5.151    38   3.1
  -1   9   46.522  -47.711   16.376    0.00   5.194    39   3.1
  -1  10   46.603  -47.789   16.226    0.00   5.239    38   3.1
  -1  11   46.683  -47.880   16.069    0.00   5.287    39   3.1
  -1  12   46.763  -47.954   15.933    0.00   5.328    39   3.1
  -1  13   46.843  -48.049   15.789    0.00   5.371    40   3.1
  -1  14   46.923  -48.164   15.651    0.00   5.412    39   3.1
  -1  15   47.003  -48.262   15.539    0.00   5.446    41   3.1
  -1  16   47.083  -48.329   15.433    0.00   5.477    41   3.1
  -1  17   47.163  -48.406   15.323    0.00   5.510    41   3.1
  -1  18   47.244  -48.495   15.206    0.00   5.544    41   3.1
  -1  19   47.324  -48.813   15.133    0.00   5.566    41   3.1
  -1  20   47.404  -48.952   15.039    0.00   5.593    41   3.1
  -1  21   47.484  -49.047   14.932    0.00   5.625    40   3.1
  -1  22   47.564  -49.138   14.817    0.00   5.658    40   3.1
  -1  23   47.644  -49.217   14.712    0.00   5.688    41   3.1
  -1  24   47.724  -49.287   14.621    0.00   5.715    40   3.1
  -1  25   47.804  -49.365   14.527    0.00   5.742    40   3.1
  -1  26   47.885  -49.452   14.431    0.00   5.770    41   3.1
  -1  27   47.965  -49.533   14.338    0.00   5.796    42   3.1
  -1  28   48.045  -49.606   14.251    0.00   5.821    42   3.1
  -1  29   48.125  -49.686   14.162    0.00   5.847    42   3.1
  -1  30   48.205  -49.772   14.070    0.00   5.873    42   3.1
  -1   1   48.206  -49.770   14.125    0.00   5.857    42   3.2
  -1   2   49.406  -50.533   17.083    0.00   5.018    34   3.2
  -1   3   50.606  -51.684   17.936    0.00   4.785    30   3.2
  -1   4   51.806  -52.885   18.515    0.00   4.633    27   3.2
  -1   5   53.005  -54.058   18.956    0.00   4.522    26   3.2
  -1   6   54.205  -55.242   19.328    0.00   4.433    26   3.2
  -1   7   55.405  -56.436   19.658    0.00   4.357    26   3.2
  -1   8   56.605  -57.631   19.954    0.00   4.293    24   3.2
  -1   9   57.805  -58.826   20.227    0.00   4.237    24   3.2
  -1  10   59.005  -60.021   20.481    0.00   4.187    24   3.2
  -1  11   60.204  -61.211   20.726    0.00   4.143    23   3.2
  -1  12   61.404  -62.412   20.947    0.00   4.105    23   3.2
  -1  13   62.604  -63.603   21.162    0.00   4.071    23   3.2
  -1  14   63.804  -64.794   21.368    0.00   4.041    23   3.2
  -1  15   65.004  -65.985   21.567    0.00   4.015    23   3.2
  -1  16   66.203  -67.176   21.758    0.00   3.992    23   3.2
  -1  17   67.403  -68.368   21.943    0.00   3.972    23   3.2
  -1  18   68.603  -69.559   22.123    0.00   3.955    23   3.2
  -1  19   69.803  -70.751   22.299    0.00   3.940    23   3.2
  -1  20   71.003  -71.943   22.470    0.00   3.928    23   3.2
  -1  21   72.203  -73.134   22.638    0.00   3.919    23   3.2
  -1  22   73.402  -74.326   22.802    0.00   3.912    23   3.2
  -1  23   74.602  -75.518   22.963    0.00   3.907    23   3.2
  -1  24   75.802  -76.710   23.122    0.00   3.905    23   3.2
  -1  25   77.002  -77.902   23.279    0.00   3.904    23   3.2
  -1  26   78.202  -79.094   23.433    0.00   3.906    23   3.2
  -1  27   79.401  -80.286   23.585    0.00   3.910    23   3.2
  -1  28   80.601  -81.478   23.736    0.00   3.915    23   3.2
  -1  29   81.801  -82.670   23.886    0.00   3.923    23   3.2
  -1  30   83.001  -83.862   24.034    0.00   3.933    23   3.2
  -1  31   84.201  -85.054   24.181    0.00   3.944    23   3.2
  -1  32   85.401  -86.246   24.328    0.00   3.958    23   3.2
  -1  33   86.600  -87.438   24.474    0.00   3.973    23   3.2
  -1  34   87.800  -88.630   24.620    0.00   3.991    23   3.2
  -1  35   89.000  -89.699   24.785    0.00   4.013    23   3.2
  -1   1   56.732  -57.757   19.923    0.00   4.299    26   4.1
  -1   2   56.846  -57.999   18.257    0.00   4.649    29   4.1
  -1   3   56.960  -58.136   17.479    0.00   4.810    31   4.1
  -1   4   57.075  -58.278   16.935    0.00   4.922    32   4.1
  -1   5   57.189  -58.611   16.498    0.00   5.012    32   4.1
  -1   6   57.303  -58.740   16.104    0.00   5.091    33   4.1
  -1   7   57.418  -58.862   15.737    0.00   5.164    34   4.1
  -1   8   57.532  -58.994   15.389    0.00   5.234    35   4.1
  -1   9   57.647  -59.108   15.087    0.00   5.293    35   4.1
  -1  10   57.761  -59.236   14.787    0.00   5.352    36   4.1
  -1  11   57.875  -59.358   14.511    0.00   5.406    36   4.1
  -1  12   57.990  -59.484   14.243    0.00   5.458    37   4.1
  -1  13   58.104  -59.607   13.991    0.00   5.506    37   4.1
  -1  14   58.219  -59.732   13.748    0.00   5.553    38   4.1
  -1  15   58.333  -59.860   13.511    0.00   5.598    38   4.1
  -1  16   58.447  -59.990   13.282    0.00   5.641    40   4.1
  -1  17   58.562  -60.113   13.065    0.00   5.682    39   4.1
  -1  18   58.676  -60.262   12.846    0.00   5.723    40   4.1
  -1  19   58.790  -60.617   12.669    0.00   5.755    40   4.1
  -1  20   58.905  -60.760   12.462    0.00   5.793    40   4.1
  -1  21   59.019  -60.906   12.266    0.00   5.828    41   4.1
  -1  22   59.134  -61.063   12.072    0.00   5.863    41   4.1
  -1  23   59.248  -61.234   11.884    0.00   5.896    42   4.1
  -1  24   59.362  -61.418   11.705    0.00   5.927    42   4.1
  -1  25   59.477  -61.617   11.531    0.00   5.958    43   4.1
  -1  26   59.591  -61.829   11.367    0.00   5.986    43   4.1
  -1  27   59.706  -62.073   11.200    0.00   6.014    44   4.1
  -1  28   59.820  -62.318   11.049    0.00   6.039    44   4.1
  -1  29   59.934  -62.578   10.909    0.00   6.062    45   4.1
  -1  30   60.049  -62.829   10.767    0.00   6.085    44   4.1
  -1   1   60.051  -62.528   11.192    0.00   6.016    43   4.2
  -1   2   60.076  -62.357   11.530    0.00   5.961    42   4.2
  -1   3   60.151  -62.189   12.321    0.00   5.830    40   4.2
  -1   4   60.276  -62.072   13.005    0.00   5.716    40   4.2
  -1   5   60.452  -62.216   13.676    0.00   5.605    37   4.2
  -1   6   60.677  -62.463   14.334    0.00   5.496    36   4.2
  -1   7   60.953  -62.753   14.901    0.00   5.404    35   4.2
  -1   8   61.278  -63.100   15.464    0.00   5.315    34   4.2
  -1   9   61.654  -63.495   15.963    0.00   5.238    33   4.2
  -1  10   62.080  -63.949   16.434    0.00   5.167    32   4.2
  -1  11   62.555  -64.448   16.896    0.00   5.100    31   4.2
  -1  12   63.081  -64.936   17.302    0.00   5.043    32   4.2
  -1  13   63.657  -65.409   17.686    0.00   4.991    32   4.2
  -1  14   64.283  -66.062   18.076    0.00   4.941    31   4.2
  -1  15   64.959  -66.742   18.446    0.00   4.895    30   4.2
  -1  16   65.686  -67.498   18.796    0.00   4.855    29   4.2
  -1  17   66.462  -68.285   19.139    0.00   4.819    28   4.2
  -1  18   67.288  -69.131   19.459    0.00   4.787    28   4.2
  -1  19   68.165  -70.031   19.790    0.00   4.758    29   4.2
  -1  20   69.091  -70.974   20.123    0.00   4.732    28   4.2
  -1  21   70.068  -71.971   20.441    0.00   4.711    29   4.2
  -1  22   71.095  -72.967   20.744    0.00   4.693    29   4.2
  -1  23   72.172  -74.058   21.052    0.00   4.679    28   4.2
  -1  24   73.298  -75.200   21.361    0.00   4.669    28   4.2
  -1  25   74.475  -76.389   21.670    0.00   4.663    28   4.2
  -1  26   75.703  -77.627   21.979    0.00   4.661    28   4.2
  -1  27   76.980  -78.642   22.245    0.00   4.663    28   4.2
  -1  28   78.307  -79.969   22.555    0.00   4.669    28   4.2
  -1  29   79.684  -81.346   22.866    0.00   4.680    28   4.2
  -1  30   81.112  -82.773   23.180    0.00   4.696    28   4.2
  -1  31   82.589  -84.249   23.499    0.00   4.718    28   4.2
  -1  32   84.117  -85.773   23.823    0.00   4.746    28   4.2
  -1  33   85.694  -87.345   24.153    0.00   4.780    28   4.2
  -1  34   87.322  -88.965   24.490    0.00   4.821    28   4.2
  -1  35   89.000   89.020   24.752    0.00   4.857    28   4.2
  -1   1   66.272  -68.089   18.730    0.00   4.861    31   5.1
  -1   2   66.273  -68.089   18.712    0.00   4.863    30   5.1
  -1   3   66.276  -68.095   18.553    0.00   4.880    30   5.1
  -1   4   66.279  -68.096   18.484    0.00   4.887    30   5.1
  -1   5   66.285  -68.101   18.377    0.00   4.898    30   5.1
  -1   6   66.292  -68.125   18.205    0.00   4.916    31   5.1
  -1   7   66.300  -68.137   18.047    0.00   4.932    32   5.1
  -1   8   66.310  -68.144   17.923    0.00   4.945    31   5.1
  -1   9   66.322  -68.156   17.760    0.00   4.962    32   5.1
  -1  10   66.335  -68.349   17.602    0.00   4.978    32   5.1
  -1  11   66.350  -68.358   17.469    0.00   4.992    32   5.1
  -1  12   66.366  -68.374   17.309    0.00   5.008    32   5.1
  -1  13   66.384  -68.401   17.120    0.00   5.027    33   5.1
  -1  14   66.403  -68.413   16.981    0.00   5.041    33   5.1
  -1  15   66.424  -68.431   16.821    0.00   5.057    33   5.1
  -1  16   66.446  -68.458   16.634    0.00   5.076    33   5.1
  -1  17   66.470  -68.474   16.488    0.00   5.091    34   5.1
  -1  18   66.496  -68.494   16.328    0.00   5.107    34   5.1
  -1  19   66.523  -68.523   16.146    0.00   5.125    34   5.1
  -1  20   66.551  -68.545   15.986    0.00   5.141    35   5.1
  -1  21   66.581  -68.568   15.825    0.00   5.157    35   5.1
  -1  22   66.613  -68.598   15.645    0.00   5.174    35   5.1
  -1  23   66.646  -68.627   15.470    0.00   5.192    36   5.1
  -1  24   66.681  -68.654   15.302    0.00   5.208    36   5.1
  -1  25   66.717  -68.688   15.119    0.00   5.226    38   5.1
  -1  26   66.755  -68.722   14.962    0.00   5.241    37   5.1
  -1  27   66.795  -68.761   14.798    0.00   5.257    37   5.1
  -1  28   66.836  -68.826   14.609    0.00   5.276    38   5.1
  -1  29   66.878  -68.894   14.453    0.00   5.291    38   5.1
  -1  30   66.922  -68.976   14.294    0.00   5.306    38   5.1
  -1   1   66.923  -68.881   14.704    0.00   5.267    38   5.2
  -1   2   66.950  -68.864   15.287    0.00   5.211    36   5.2
  -1   3   67.028  -68.934   16.145    0.00   5.129    36   5.2
  -1   4   67.160  -69.039   16.752    0.00   5.071    34   5.2
  -1   5   67.343  -69.202   17.263    0.00   5.024    34   5.2
  -1   6   67.580  -69.419   17.699    0.00   4.984    32   5.2
  -1   7   67.868  -69.507   18.054    0.00   4.952    32   5.2
  -1   8   68.210  -69.826   18.393    0.00   4.922    33   5.2
  -1   9   68.604  -70.188   18.699    0.00   4.897    32   5.2
  -1  10   69.050  -70.621   18.993    0.00   4.873    32   5.2
  -1  11   69.549  -71.099   19.285    0.00   4.852    31   5.2
  -1  12   70.100  -71.629   19.553    0.00   4.833    33   5.2
  -1  13   70.704  -72.210   19.822    0.00   4.816    31   5.2
  -1  14   71.360  -72.850   20.086    0.00   4.802    31   5.2
  -1  15   72.069  -73.545   20.349    0.00   4.789    32   5.2
  -1  16   72.830  -74.286   20.619    0.00   4.778    31   5.2
  -1  17   73.644  -75.089   20.891    0.00   4.769    31   5.2
  -1  18   74.510  -75.896   21.159    0.00   4.763    32   5.2
  -1  19   75.429  -76.801   21.435    0.00   4.759    31   5.2
  -1  20   76.400  -77.724   21.706    0.00   4.758    32   5.2
  -1  21   77.424  -78.735   21.987    0.00   4.760    32   5.2
  -1  22   78.500  -79.802   22.275    0.00   4.766    31   5.2
  -1  23   79.629  -80.884   22.558    0.00   4.775    32   5.2
  -1  24   80.810  -82.051   22.853    0.00   4.788    31   5.2
  -1  25   82.044  -83.272   23.152    0.00   4.806    31   5.2
  -1  26   83.330  -84.550   23.457    0.00   4.828    31   5.2
  -1  27   84.669  -85.879   23.770    0.00   4.855    31   5.2
  -1  28   86.060  -87.260   24.091    0.00   4.888    31   5.2
  -1  29   87.504  -88.694   24.420    0.00   4.928    31   5.2
  -1  30   89.000   89.764   24.745    0.00   4.972    31   5.2
  -1   1   69.582  -71.137   19.243    0.00   4.855    32   6.1
  -1   2   69.587  -71.138   19.153    0.00   4.861    32   6.1
  -1   3   69.601  -71.150   18.965    0.00   4.874    32   6.1
  -1   4   69.625  -71.174   18.787    0.00   4.887    35   6.1
  -1   5   69.659  -71.224   18.620    0.00   4.899    37   6.1
  -1   6   69.703  -71.270   18.456    0.00   4.910    38   6.1
  -1   7   69.757  -71.327   18.296    0.00   4.921    38   6.1
  -1   8   69.820  -71.391   18.145    0.00   4.932    39   6.1
  -1   9   69.893  -71.561   18.011    0.00   4.941    39   6.1
  -1  10   69.975  -71.715   17.875    0.00   4.950    40   6.1
  -1  11   70.067  -71.811   17.735    0.00   4.959    41   6.1
  -1  12   70.169  -71.919   17.597    0.00   4.968    42   6.1
  -1  13   70.281  -72.040   17.461    0.00   4.976    42   6.1
  -1  14   70.402  -72.169   17.329    0.00   4.984    42   6.1
  -1  15   70.534  -72.309   17.199    0.00   4.992    43   6.1
  -1  16   70.674  -72.462   17.070    0.00   4.999    44   6.1
  -1  17   70.825  -72.630   16.941    0.00   5.006    46   6.1
  -1  18   70.985  -72.812   16.811    0.00   5.013    48   6.1
  -1  19   71.155  -73.005   16.683    0.00   5.020    49   6.1
  -1  20   71.335  -73.212   16.554    0.00   5.026    49   6.1
  -1  21   71.524  -73.433   16.424    0.00   5.032    50   6.1
  -1  22   71.723  -73.670   16.289    0.00   5.038    51   6.1
  -1  23   71.932  -73.923   16.155    0.00   5.044    54   6.1
  -1  24   72.151  -74.207   16.028    0.00   5.049    54   6.1
  -1  25   72.379  -75.201   16.039    0.00   5.049    55   6.1
  -1  26   72.617  -75.630   15.901    0.00   5.052    57   6.1
  -1  27   72.864  -76.041   15.756    0.00   5.055    58   6.1
  -1  28   73.122  -76.448   15.600    0.00   5.057    60   6.1
  -1  29   73.389  -77.021   15.460    0.00   5.058    62   6.1
  -1  30   73.666  -77.376   15.266    0.00   5.059    61   6.1
  -1  31   73.952  -77.721   15.052    0.00   5.059    63   6.1
  -1  32   74.248  -78.173   14.830    0.00   5.058    64   6.1
  -1  33   74.554  -78.504   14.572    0.00   5.055    67   6.1
  -1  34   74.870  -79.005   14.310    0.00   5.052    67   6.1
***  ray stopped - illegal reflection  ***
  -1  35   75.195   -2.547   19.567    8.79   0.944    34   6.2
  -1   1   75.229  -79.324   14.979    0.00   5.066    64   6.2
  -1   2   75.245  -79.350   15.095    0.00   5.068    64   6.2
  -1   3   75.294  -79.350   15.410    0.00   5.074    63   6.2
  -1   4   75.376  -79.483   15.777    0.00   5.082    61   6.2
  -1   5   75.491  -79.440   16.136    0.00   5.090    60   6.2
  -1   6   75.638  -79.554   16.511    0.00   5.098    58   6.2
  -1   7   75.818  -79.604   16.861    0.00   5.107    56   6.2
  -1   8   76.031  -79.309   17.136    0.00   5.112    54   6.2
  -1   9   76.277  -79.568   17.451    0.00   5.119    53   6.2
  -1  10   76.555  -79.899   17.820    0.00   5.128    52   6.2
  -1  11   76.866  -80.269   18.186    0.00   5.139    51   6.2
  -1  12   77.210  -80.671   18.551    0.00   5.151    51   6.2
  -1  13   77.587  -81.097   18.907    0.00   5.164    50   6.2
  -1  14   77.996  -81.410   19.251    0.00   5.178    48   6.2
  -1  15   78.438  -81.905   19.610    0.00   5.195    46   6.2
  -1  16   78.913  -82.409   19.960    0.00   5.214    47   6.2
  -1  17   79.421  -82.092   20.001    0.00   5.216    47   6.2
  -1  18   79.961  -82.630   20.368    0.00   5.236    47   6.2
  -1  19   80.534  -83.196   20.733    0.00   5.258    47   6.2
  -1  20   81.140  -83.792   21.098    0.00   5.283    46   6.2
  -1  21   81.779  -84.425   21.467    0.00   5.311    47   6.2
  -1  22   82.450  -85.114   21.844    0.00   5.342    46   6.2
  -1  23   83.154  -85.791   22.218    0.00   5.375    46   6.2
  -1  24   83.891  -86.545   22.602    0.00   5.413    46   6.2
  -1  25   84.661  -87.328   22.992    0.00   5.455    46   6.2
  -1  26   85.463  -88.141   23.388    0.00   5.502    46   6.2
  -1  27   86.298  -88.946   23.788    0.00   5.552    46   6.2
  -1  28   87.166  -89.625   24.240    0.00   5.614    46   6.2
  -1  29   88.067   89.019   24.550    0.00   5.659    46   6.2
  -1  30   89.000   88.359   25.072    0.00   5.662    46   6.2
  -1   1   76.576  -80.323   14.927    0.00   5.036    55   7.1
  -1   2   76.577  -80.324   14.883    0.00   5.034    55   7.1
  -1   3   76.581  -80.332   14.754    0.00   5.030    55   7.1
  -1   4   76.587  -80.479   14.551    0.00   5.024    55   7.1
  -1   5   76.596  -82.226   14.478    0.00   5.020    56   7.1
  -1   6   76.607  -82.415   14.087    0.00   4.999    58   7.1
  -1   7   76.621  -82.516   13.678    0.00   4.976    59   7.1
  -1   8   76.637  -82.582   13.139    0.00   4.945    59   7.1
  -1   9   76.656  -82.489   12.407    0.00   4.903    59   7.1
  -1  10   76.677  -80.038   11.427    0.00   4.868    59   7.1
  -1  11   76.701  -79.505   10.644    0.00   4.847    59   7.1
  -1  12   76.727  -78.075    9.748    0.00   4.839    59   7.1
  -1  13   76.756  -76.298    8.765    0.00   4.841    57   7.1
  -1  14   76.787  -76.243    8.063    0.00   4.851    57   7.1
  -1  15   76.821  -75.987    7.314    0.00   4.863    57   7.1
  -1  16   76.857  -76.121    6.645    0.00   4.876    58   7.1
  -1  17   76.896  -75.815    5.858    0.00   4.890    57   7.1
  -1  18   76.937  -77.649    5.486    0.00   4.888    56   7.1
  -1  19   76.981  -77.775    4.750    0.00   4.887    58   7.1
  -1  20   77.027  -77.895    4.076    0.00   4.885    58   7.1
  -1  21   77.076  -80.855    3.718    0.00   4.871    60   7.1
  -1  22   77.128  -81.367    2.883    0.00   4.836    60   7.1
  -1  23   77.181  -82.110    2.048    0.00   4.798    61   7.1
  -1  24   77.238  -81.931    1.056    0.00   4.748    60   7.1
  -1  25   77.296  -78.746    0.000    1.59   3.665    61   7.1
  -1  26   77.358  -67.115    0.000    5.61   1.231    49   7.1
  -1  27   77.422  -43.261    0.000    6.94   0.926    47   7.1
  -1  28   77.488  -39.235    0.000    7.74   0.835    46   7.1
  -1  29   77.557  -35.176    0.000    8.49   0.761    44   7.1
  -1  30   77.628  -19.788    0.000    9.01   0.724    43   7.1
  -1   1   77.628  -35.298    0.000    8.54   0.757    44   7.2
  -1   2   77.648  -58.070    0.000    6.40   1.001    49   7.2
  -1   3   77.707  -82.493    2.111    0.00   4.816    62   7.2
  -1   4   77.806  -78.851    8.570    0.00   4.956    54   7.2
  -1   5   77.944  -79.274    9.371    0.00   4.969    56   7.2
  -1   6   78.122  -81.318   10.444    0.00   5.008    59   7.2
  -1   7   78.339  -83.523   11.517    0.00   5.067    58   7.2
  -1   8   78.595  -83.796   12.364    0.00   5.126    56   7.2
  -1   9   78.892  -86.551   13.549    0.00   5.238    56   7.2
  -1  10   79.227  -80.211   10.262    0.00   5.016    58   7.2
  -1  11   79.602  -82.315   11.839    0.00   5.087    56   7.2
  -1  12   80.017  -85.024   13.471    0.00   5.206    57   7.2
  -1  13   80.471  -85.241   14.636    0.00   5.307    54   7.2
  -1  14   80.965  -83.770   15.405    0.00   5.368    53   7.2
  -1  15   81.498  -84.148   16.416    0.00   5.441    52   7.2
  -1  16   82.070  -84.491   17.324    0.00   5.511    51   7.2
  -1  17   82.682  -84.725   18.197    0.00   5.582    50   7.2
  -1  18   83.334  -85.340   19.038    0.00   5.654    51   7.2
  -1  19   84.025  -85.849   19.846    0.00   5.728    51   7.2
  -1  20   84.755  -86.536   20.651    0.00   5.807    51   7.2
  -1  21   85.525  -87.271   21.436    0.00   5.891    51   7.2
  -1  22   86.335  -87.871   22.175    0.00   5.976    50   7.2
  -1  23   87.184  -88.657   22.966    0.00   6.073    51   7.2
  -1  24   88.072  -89.253   23.824    0.00   6.187    51   7.2
  -1  25   89.000  -89.815   24.383    0.00   6.265    50   7.2
  -1   1   77.628  -11.128    0.000   10.40   0.673    42   8.1
  -1   2   77.628  -11.076    0.000   10.41   0.673    42   8.1
  -1   3   77.628  -10.941    0.000   10.43   0.673    42   8.1
  -1   4   77.628  -10.711    0.000   10.45   0.672    42   8.1
  -1   5   77.629  -10.342    0.000   10.50   0.671    42   8.1
  -1   6   77.629   -9.863    0.000   10.55   0.670    41   8.1
  -1   7   77.629   -9.201    0.000   10.62   0.668    41   8.1
  -1   8   77.630   -8.291    0.000   10.72   0.666    41   8.1
  -1   9   77.631   -7.519    0.000   10.79   0.665    41   8.1
  -1  10   77.631   -7.384    0.000   10.81   0.665    41   8.1
  -1  11   77.632   -7.236    0.000   10.83   0.664    41   8.1
  -1  12   77.633   -7.072    0.000   10.86   0.664    41   8.1
  -1  13   77.634   -6.895    0.000   10.89   0.663    41   8.1
  -1  14   77.635   -6.701    0.000   10.92   0.663    41   8.1
  -1  15   77.636   -6.490    0.000   10.95   0.662    41   8.1
  -1  16   77.637   -6.265    0.000   10.99   0.662    41   8.1
  -1  17   77.638   -6.023    0.000   11.02   0.661    41   8.1
  -1  18   77.640   -5.771    0.000   11.06   0.661    41   8.1
  -1  19   77.641   -5.496    0.000   11.11   0.660    41   8.1
  -1  20   77.643   -5.212    0.000   11.15   0.660    41   8.1
  -1  21   77.644   -4.912    0.000   11.20   0.659    40   8.1
  -1  22   77.646   -4.599    0.000   11.25   0.659    40   8.1
  -1  23   77.647   -4.271    0.000   11.30   0.658    40   8.1
  -1  24   77.649   -3.926    0.000   11.35   0.658    40   8.1
  -1  25   77.651   -3.568    0.000   11.41   0.657    40   8.1
  -1  26   77.653   -3.195    0.000   11.46   0.657    40   8.1
  -1  27   77.655   -2.811    0.000   11.52   0.657    40   8.1
  -1  28   77.657   -2.591    0.000   11.56   0.656    39   8.1
  -1  29   77.659   -2.368    0.000   11.59   0.656    39   8.1
  -1  30   77.662   -0.477    0.000   11.63   0.656    39   8.1
***  shot#  -1 ray code  8.2 no rays traced  ***
***  shot#  -1 ray code  9.1 no rays traced  ***
***  shot#  -1 ray code  9.2 no rays traced  ***
   1   1    0.000   -3.318   70.000    3.80  23.314    13   1.1
   1   2    0.006   -3.313   70.000    3.80  23.314    13   1.1
   1   3    0.011   -3.308   70.000    3.81  23.314    13   1.1
   1   4    0.017   -3.302   70.000    3.81  23.314    13   1.1
   1   5    0.022   -3.297   70.000    3.82  23.313    13   1.1
   1   6    0.027   -3.291   70.000    3.82  23.313    13   1.1
   1   7    0.033   -3.286   70.000    3.83  23.313    13   1.1
   1   8    0.038   -3.280   70.000    3.83  23.313    13   1.1
   1   9    0.044   -3.275   70.000    3.83  23.313    13   1.1
   1  10    0.049   -3.269   70.000    3.84  23.313    13   1.1
   1  11    0.055   -3.264   70.000    3.84  23.312    13   1.1
   1  12    0.060   -3.258   70.000    3.85  23.312    13   1.1
   1  13    0.066   -3.253   70.000    3.85  23.312    13   1.1
   1  14    0.071   -3.248   70.000    3.86  23.312    13   1.1
   1  15    0.076   -3.242   70.000    3.86  23.312    13   1.1
   1  16    0.082   -3.237   70.000    3.86  23.312    13   1.1
   1  17    0.087   -3.231   70.000    3.87  23.311    13   1.1
   1  18    0.093   -3.226   70.000    3.87  23.311    13   1.1
   1  19    0.098   -3.220   70.000    3.88  23.311    13   1.1
   1  20    0.104   -3.215   70.000    3.88  23.311    13   1.1
   1  21    0.109   -3.209   70.000    3.89  23.311    13   1.1
   1  22    0.114   -3.204   70.000    3.89  23.311    13   1.1
   1  23    0.120   -3.199   70.000    3.89  23.311    13   1.1
   1  24    0.125   -3.193   70.000    3.90  23.310    13   1.1
   1  25    0.131   -3.188   70.000    3.90  23.310    13   1.1
   1  26    0.136   -3.182   70.000    3.91  23.310    13   1.1
   1  27    0.142   -3.177   70.000    3.91  23.310    13   1.1
   1  28    0.147   -3.171   70.000    3.92  23.310    13   1.1
   1  29    0.153   -3.166   70.000    3.92  23.310    13   1.1
   1  30    0.158   -3.160   70.000    3.93  23.309    13   1.1
   1  31    0.163   -3.155   70.000    3.93  23.309    13   1.1
   1  32    0.169   -3.149   70.000    3.93  23.309    13   1.1
   1  33    0.174   -3.144   70.000    3.94  23.309    13   1.1
   1  34    0.180   -3.139   70.000    3.94  23.309    13   1.1
   1  35    0.185   -3.133   70.000    3.95  23.309    13   1.1
   1  36    0.191   -3.128   70.000    3.95  23.308    13   1.1
   1  37    0.196   -3.122   70.000    3.96  23.308    13   1.1
   1  38    0.202   -3.117   70.000    3.96  23.308    13   1.1
   1  39    0.207   -3.111   70.000    3.96  23.308    13   1.1
   1  40    0.212   -3.106   70.000    3.97  23.308    13   1.1
   1  41    0.218   -3.100   70.000    3.97  23.308    13   1.1
   1  42    0.223   -3.095   70.000    3.98  23.308    13   1.1
   1  43    0.229   -3.090   70.000    3.98  23.307    13   1.1
   1  44    0.234   -3.084   70.000    3.99  23.307    13   1.1
   1  45    0.240   -3.079   70.000    3.99  23.307    13   1.1
   1  46    0.245   -3.073   70.000    3.99  23.307    13   1.1
   1  47    0.250   -3.068   70.000    4.00  23.307    13   1.1
   1  48    0.256   -3.062   70.000    4.00  23.307    13   1.1
   1  49    0.261   -3.057   70.000    4.01  23.307    13   1.1
   1  50    0.267   -3.051   70.000    4.01  23.306    13   1.1
   1  51    0.272   -3.046   70.000    4.02  23.306    13   1.1
   1  52    0.278   -3.041   70.000    4.02  23.306    13   1.1
   1  53    0.283   -3.035   70.000    4.02  23.306    13   1.1
   1  54    0.289   -3.030   70.000    4.03  23.306    13   1.1
   1  55    0.294   -3.024   70.000    4.03  23.306    13   1.1
   1  56    0.299   -3.019   70.000    4.04  23.305    13   1.1
   1  57    0.305   -3.013   70.000    4.04  23.305    13   1.1
   1  58    0.310   -3.008   70.000    4.05  23.305    13   1.1
   1  59    0.316   -3.002   70.000    4.05  23.305    13   1.1
   1  60    0.321   -2.997   70.000    4.05  23.305    13   1.1
   1   1    4.450   -7.512   70.000    0.48  23.521    14   1.2
   1   2    5.883   -8.629   65.685    0.00  21.354    13   1.2
   1   3    7.316   -9.619   59.665    0.00  18.277    11   1.2
   1   4    8.749  -10.710   55.010    0.00  15.908    10   1.2
   1   5   10.182  -11.874   51.353    0.00  14.055     9   1.2
   1   6   11.615  -13.090   48.386    0.00  12.560     8   1.2
   1   7   13.049  -14.346   45.983    0.00  11.358     7   1.2
   1   8   14.482  -15.631   43.966    0.00  10.355     7   1.2
   1   9   15.915  -16.941   42.281    0.00   9.524     7   1.2
   1  10   17.348  -18.268   40.837    0.00   8.819     6   1.2
   1  11   18.781  -19.609   39.586    0.00   8.214     6   1.2
   1  12   20.214  -20.962   38.500    0.00   7.695     6   1.2
   1  13   21.647  -22.325   37.547    0.00   7.244     5   1.2
   1  14   23.080  -23.695   36.690    0.00   6.845     5   1.2
   1  15   24.513  -25.072   35.927    0.00   6.493     5   1.2
   1  16   25.946  -26.455   35.241    0.00   6.182     5   1.2
   1  17   27.379  -27.842   34.622    0.00   5.906     5   1.2
   1  18   28.812  -29.234   34.058    0.00   5.659     5   1.2
   1  19   30.245  -30.629   33.543    0.00   5.436     5   1.2
   1  20   31.678  -32.027   33.070    0.00   5.236     5   1.2
   1  21   33.111  -33.428   32.630    0.00   5.054     4   1.2
   1  22   34.544  -34.831   32.220    0.00   4.888     4   1.2
   1  23   35.977  -36.236   31.840    0.00   4.737     4   1.2
   1  24   37.410  -37.642   31.484    0.00   4.600     4   1.2
   1  25   38.843  -39.051   31.151    0.00   4.475     4   1.2
   1  26   40.276  -40.461   30.838    0.00   4.360     4   1.2
   1  27   41.709  -41.872   30.543    0.00   4.255     4   1.2
   1  28   43.143  -43.285   30.264    0.00   4.159     4   1.2
   1  29   44.576  -44.698   29.999    0.00   4.071     4   1.2
   1  30   46.009  -46.113   29.750    0.00   3.990     4   1.2
   1  31   47.442  -47.528   29.510    0.00   3.916     4   1.2
   1  32   48.875  -48.944   29.280    0.00   3.847     4   1.2
   1  33   50.308  -50.361   29.060    0.00   3.784     4   1.2
   1  34   51.741  -51.778   28.849    0.00   3.727     4   1.2
   1  35   53.174  -53.196   28.645    0.00   3.674     4   1.2
   1  36   54.607  -54.615   28.450    0.00   3.625     4   1.2
   1  37   56.040  -56.034   28.261    0.00   3.581     4   1.2
   1  38   57.473  -57.454   28.079    0.00   3.541     4   1.2
   1  39   58.906  -58.874   27.902    0.00   3.504     4   1.2
   1  40   60.339  -60.294   27.730    0.00   3.471     4   1.2
   1  41   61.772  -61.715   27.563    0.00   3.442     4   1.2
   1  42   63.205  -63.136   27.401    0.00   3.415     4   1.2
   1  43   64.638  -64.557   27.243    0.00   3.391     4   1.2
   1  44   66.071  -65.979   27.088    0.00   3.371     4   1.2
   1  45   67.504  -67.401   26.937    0.00   3.353     4   1.2
   1  46   68.937  -68.823   26.789    0.00   3.337     4   1.2
   1  47   70.370  -70.245   26.643    0.00   3.324     4   1.2
   1  48   71.803  -71.668   26.501    0.00   3.314     4   1.2
   1  49   73.236  -73.090   26.360    0.00   3.306     4   1.2
   1  50   74.670  -74.513   26.222    0.00   3.300     4   1.2
   1  51   76.103  -75.936   26.085    0.00   3.296     4   1.2
   1  52   77.536  -77.359   25.951    0.00   3.295     4   1.2
   1  53   78.969  -78.782   25.818    0.00   3.296     4   1.2
   1  54   80.402  -80.206   25.686    0.00   3.299     4   1.2
   1  55   81.835  -81.629   25.555    0.00   3.304     4   1.2
   1  56   83.268  -83.053   25.425    0.00   3.311     4   1.2
   1  57   84.701  -84.476   25.296    0.00   3.320     4   1.2
   1  58   86.134  -85.900   25.168    0.00   3.331     4   1.2
   1  59   87.567  -87.323   25.040    0.00   3.344     4   1.2
   1  60   89.000  -88.747   24.912    0.00   3.360     4   1.2
   1   1    2.315   -4.881   70.000    2.57  23.372    16   2.1
   1   2    3.068   -6.069   70.000    1.63  23.431    17   2.1
   1   3    3.821   -6.583   70.000    1.22  23.461    17   2.1
   1   4    4.574   -7.553   70.000    0.46  23.523    18   2.1
   1   5    5.326   -8.157   69.709    0.00  23.415    18   2.1
   1   6    6.079   -8.698   65.289    0.00  21.151    18   2.1
   1   7    6.832   -9.165   62.286    0.00  19.616    18   2.1
   1   8    7.585   -9.745   59.187    0.00  18.034    17   2.1
   1   9    8.338  -10.297   56.784    0.00  16.810    16   2.1
   1  10    9.091  -10.899   54.513    0.00  15.656    17   2.1
   1  11    9.843  -11.513   52.571    0.00  14.672    17   2.1
   1  12   10.596  -12.131   50.872    0.00  13.813    16   2.1
   1  13   11.349  -12.791   49.269    0.00  13.006    16   2.1
   1  14   12.102  -13.416   47.944    0.00  12.340    17   2.1
   1  15   12.855  -14.113   46.643    0.00  11.690    17   2.1
   1  16   13.608  -14.742   45.585    0.00  11.162    17   2.1
   1  17   14.360  -15.465   44.487    0.00  10.617    17   2.1
   1  18   15.113  -16.097   43.627    0.00  10.192    18   2.1
   1  19   15.866  -16.842   42.709    0.00   9.740    19   2.1
   1  20   16.619  -17.475   42.001    0.00   9.393    19   2.1
   1  21   17.372  -18.215   41.238    0.00   9.021    19   2.1
   1  22   18.125  -18.870   40.613    0.00   8.718    19   2.1
   1  23   18.877  -19.604   39.968    0.00   8.407    20   2.1
   1  24   19.630  -20.279   39.422    0.00   8.145    20   2.1
   1  25   20.383  -21.007   38.876    0.00   7.884    21   2.1
   1  26   21.136  -21.698   38.394    0.00   7.656    21   2.1
   1  27   21.889  -22.420   37.926    0.00   7.436    22   2.1
   1  28   22.642  -23.126   37.497    0.00   7.235    21   2.1
   1  29   23.394  -23.843   37.085    0.00   7.044    22   2.1
   1  30   24.147  -24.560   36.698    0.00   6.865    22   2.1
   1  31   24.900  -25.271   36.338    0.00   6.701    23   2.1
   1  32   25.653  -26.000   35.991    0.00   6.543    23   2.1
   1  33   26.406  -26.705   35.675    0.00   6.400    24   2.1
   1  34   27.158  -27.443   35.361    0.00   6.260    24   2.1
   1  35   27.911  -28.143   35.081    0.00   6.136    25   2.1
   1  36   28.664  -28.890   34.796    0.00   6.011    25   2.1
   1  37   29.417  -29.586   34.546    0.00   5.902    26   2.1
   1  38   30.170  -30.339   34.288    0.00   5.791    26   2.1
   1  39   30.923  -31.031   34.063    0.00   5.695    27   2.1
   1  40   31.675  -31.778   33.831    0.00   5.597    28   2.1
   1  41   32.428  -32.478   33.625    0.00   5.511    28   2.1
   1  42   33.181  -33.219   33.416    0.00   5.425    29   2.1
   1  43   33.934  -33.927   33.226    0.00   5.347    29   2.1
   1  44   34.687  -34.662   33.037    0.00   5.271    30   2.1
   1  45   35.440  -35.376   32.861    0.00   5.200    29   2.1
   1  46   36.192  -36.106   32.688    0.00   5.132    30   2.1
   1  47   36.945  -36.827   32.523    0.00   5.068    30   2.1
   1  48   37.698  -37.552   32.366    0.00   5.007    31   2.1
   1  49   38.451  -38.278   32.214    0.00   4.950    31   2.1
   1  50   39.204  -38.997   32.070    0.00   4.896    32   2.1
   1  51   39.957  -39.728   31.929    0.00   4.844    32   2.1
   1  52   40.709  -40.443   31.798    0.00   4.796    33   2.1
   1  53   41.462  -41.178   31.668    0.00   4.750    33   2.1
   1  54   42.215  -41.888   31.548    0.00   4.707    34   2.1
   1  55   42.968  -42.628   31.427    0.00   4.665    34   2.1
   1  56   43.721  -43.334   31.317    0.00   4.628    35   2.1
   1  57   44.474  -44.073   31.206    0.00   4.590    36   2.1
   1  58   45.226  -44.777   31.104    0.00   4.557    36   2.1
   1  59   45.979  -45.513   31.005    0.00   4.524    37   2.1
   1  60   46.732  -46.221   30.910    0.00   4.494    37   2.1
   1   1   46.740  -46.233   30.875    0.00   4.483    36   2.2
   1   2   48.197  -47.640   30.343    0.00   4.318    30   2.2
   1   3   49.655  -49.057   30.002    0.00   4.217    26   2.2
   1   4   51.112  -50.479   29.705    0.00   4.132    24   2.2
   1   5   52.569  -51.899   29.434    0.00   4.058    23   2.2
   1   6   54.026  -53.324   29.180    0.00   3.992    22   2.2
   1   7   55.483  -54.753   28.940    0.00   3.933    21   2.2
   1   8   56.941  -56.192   28.710    0.00   3.880    20   2.2
   1   9   58.398  -57.618   28.494    0.00   3.832    20   2.2
   1  10   59.855  -59.053   28.284    0.00   3.790    20   2.2
   1  11   61.312  -60.489   28.083    0.00   3.751    20   2.2
   1  12   62.770  -61.928   27.888    0.00   3.717    20   2.2
   1  13   64.227  -63.367   27.699    0.00   3.686    20   2.2
   1  14   65.684  -64.806   27.515    0.00   3.659    20   2.2
   1  15   67.141  -66.247   27.337    0.00   3.636    20   2.2
   1  16   68.599  -67.689   27.163    0.00   3.616    20   2.2
   1  17   70.056  -69.130   26.993    0.00   3.598    20   2.2
   1  18   71.513  -70.573   26.826    0.00   3.584    20   2.2
   1  19   72.970  -72.016   26.663    0.00   3.573    20   2.2
   1  20   74.428  -73.460   26.503    0.00   3.564    20   2.2
   1  21   75.885  -74.903   26.346    0.00   3.558    20   2.2
   1  22   77.342  -76.348   26.190    0.00   3.555    20   2.2
   1  23   78.799  -77.793   26.037    0.00   3.554    20   2.2
   1  24   80.257  -79.238   25.886    0.00   3.556    20   2.2
   1  25   81.714  -80.684   25.736    0.00   3.560    20   2.2
   1  26   83.171  -82.130   25.588    0.00   3.566    20   2.2
   1  27   84.628  -83.576   25.440    0.00   3.575    20   2.2
   1  28   86.086  -85.023   25.294    0.00   3.587    20   2.2
   1  29   87.543  -86.470   25.148    0.00   3.600    20   2.2
   1  30   89.000  -87.917   25.003    0.00   3.616    20   2.2
   1   1   46.751  -46.235   31.334    0.00   4.628    38   3.1
   1   2   46.831  -46.308   31.845    0.00   4.789    39   3.1
   1   3   46.910  -46.378   32.225    0.00   4.908    38   3.1
   1   4   46.990  -46.443   32.472    0.00   4.986    38   3.1
   1   5   47.069  -46.536   32.705    0.00   5.059    39   3.1
   1   6   47.148  -46.632   32.954    0.00   5.136    39   3.1
   1   7   47.228  -46.685   33.112    0.00   5.186    39   3.1
   1   8   47.307  -46.758   33.274    0.00   5.236    39   3.1
   1   9   47.387  -46.853   33.426    0.00   5.283    39   3.1
   1  10   47.466  -46.925   33.570    0.00   5.328    39   3.1
   1  11   47.546  -47.021   33.727    0.00   5.376    39   3.1
   1  12   47.625  -47.091   33.864    0.00   5.419    39   3.1
   1  13   47.705  -47.159   33.987    0.00   5.456    38   3.1
   1  14   47.784  -47.255   34.107    0.00   5.493    38   3.1
   1  15   47.864  -47.327   34.217    0.00   5.527    39   3.1
   1  16   47.943  -47.399   34.325    0.00   5.560    39   3.1
   1  17   48.023  -47.483   34.438    0.00   5.594    39   3.1
   1  18   48.102  -47.572   34.552    0.00   5.629    40   3.1
   1  19   48.182  -47.645   34.653    0.00   5.660    40   3.1
   1  20   48.261  -47.724   34.758    0.00   5.692    39   3.1
   1  21   48.341  -47.818   34.867    0.00   5.724    39   3.1
   1  22   48.420  -47.901   34.965    0.00   5.754    39   3.1
   1  23   48.499  -47.970   35.051    0.00   5.780    39   3.1
   1  24   48.579  -48.045   35.139    0.00   5.806    39   3.1
   1  25   48.658  -48.128   35.229    0.00   5.833    39   3.1
   1  26   48.738  -48.215   35.321    0.00   5.861    40   3.1
   1  27   48.817  -48.286   35.403    0.00   5.885    40   3.1
   1  28   48.897  -48.362   35.487    0.00   5.910    40   3.1
   1  29   48.976  -48.444   35.573    0.00   5.936    40   3.1
   1  30   49.056  -48.534   35.662    0.00   5.962    40   3.1
   1   1   49.065  -48.545   35.672    0.00   5.965    40   3.2
   1   2   50.240  -49.722   32.652    0.00   5.081    33   3.2
   1   3   51.415  -50.871   31.815    0.00   4.847    30   3.2
   1   4   52.589  -52.058   31.236    0.00   4.690    27   3.2
   1   5   53.764  -53.205   30.796    0.00   4.576    26   3.2
   1   6   54.938  -54.363   30.423    0.00   4.483    26   3.2
   1   7   56.113  -55.535   30.091    0.00   4.405    25   3.2
   1   8   57.287  -56.706   29.792    0.00   4.337    24   3.2
   1   9   58.462  -57.872   29.520    0.00   4.278    24   3.2
   1  10   59.636  -59.042   29.265    0.00   4.226    24   3.2
   1  11   60.811  -60.197   29.021    0.00   4.180    23   3.2
   1  12   61.985  -61.362   28.797    0.00   4.139    23   3.2
   1  13   63.160  -62.537   28.585    0.00   4.103    23   3.2
   1  14   64.335  -63.702   28.379    0.00   4.071    23   3.2
   1  15   65.509  -64.868   28.180    0.00   4.042    23   3.2
   1  16   66.684  -66.034   27.989    0.00   4.017    23   3.2
   1  17   67.858  -67.199   27.803    0.00   3.995    23   3.2
   1  18   69.033  -68.365   27.623    0.00   3.975    23   3.2
   1  19   70.207  -69.530   27.448    0.00   3.959    23   3.2
   1  20   71.382  -70.696   27.277    0.00   3.945    23   3.2
   1  21   72.556  -71.862   27.110    0.00   3.933    23   3.2
   1  22   73.731  -73.028   26.947    0.00   3.924    23   3.2
   1  23   74.905  -74.194   26.786    0.00   3.917    23   3.2
   1  24   76.080  -75.360   26.629    0.00   3.912    23   3.2
   1  25   77.255  -76.526   26.474    0.00   3.909    23   3.2
   1  26   78.429  -77.693   26.321    0.00   3.908    23   3.2
   1  27   79.604  -78.859   26.170    0.00   3.909    23   3.2
   1  28   80.778  -80.025   26.020    0.00   3.913    23   3.2
   1  29   81.953  -81.192   25.873    0.00   3.918    23   3.2
   1  30   83.127  -82.358   25.726    0.00   3.925    23   3.2
   1  31   84.302  -83.525   25.581    0.00   3.934    23   3.2
   1  32   85.476  -84.691   25.437    0.00   3.944    23   3.2
   1  33   86.651  -85.858   25.293    0.00   3.957    23   3.2
   1  34   87.825  -87.025   25.150    0.00   3.972    23   3.2
   1  35   89.000  -88.191   25.007    0.00   3.988    23   3.2
   1   1   57.540  -56.957   29.741    0.00   4.326    26   4.1
   1   2   57.665  -57.071   31.637    0.00   4.739    28   4.1
   1   3   57.791  -57.191   32.447    0.00   4.914    29   4.1
   1   4   57.917  -57.318   33.086    0.00   5.051    32   4.1
   1   5   58.042  -57.432   33.597    0.00   5.161    32   4.1
   1   6   58.168  -57.556   34.070    0.00   5.262    33   4.1
   1   7   58.294  -57.672   34.488    0.00   5.350    33   4.1
   1   8   58.420  -57.786   34.874    0.00   5.432    34   4.1
   1   9   58.545  -57.911   35.254    0.00   5.511    35   4.1
   1  10   58.671  -58.024   35.599    0.00   5.583    35   4.1
   1  11   58.797  -58.144   35.937    0.00   5.653    37   4.1
   1  12   58.922  -58.257   36.262    0.00   5.720    37   4.1
   1  13   59.048  -58.373   36.559    0.00   5.781    37   4.1
   1  14   59.174  -58.498   36.866    0.00   5.844    37   4.1
   1  15   59.300  -58.608   37.147    0.00   5.900    38   4.1
   1  16   59.425  -58.731   37.433    0.00   5.958    38   4.1
   1  17   59.551  -58.846   37.703    0.00   6.012    39   4.1
   1  18   59.677  -58.967   37.971    0.00   6.066    39   4.1
   1  19   59.802  -59.088   38.235    0.00   6.118    40   4.1
   1  20   59.928  -59.202   38.483    0.00   6.167    40   4.1
   1  21   60.054  -59.332   38.745    0.00   6.218    39   4.1
   1  22   60.179  -59.442   38.985    0.00   6.264    40   4.1
   1  23   60.305  -59.565   39.231    0.00   6.312    40   4.1
   1  24   60.431  -59.687   39.474    0.00   6.359    41   4.1
   1  25   60.557  -59.802   39.705    0.00   6.403    41   4.1
   1  26   60.682  -60.036   39.930    0.00   6.445    40   4.1
   1  27   60.808  -60.171   40.152    0.00   6.487    42   4.1
   1  28   60.934  -60.297   40.379    0.00   6.529    41   4.1
   1  29   61.059  -60.425   40.613    0.00   6.572    41   4.1
   1  30   61.185  -60.541   40.834    0.00   6.613    42   4.1
   1   1   61.198  -60.541   40.488    0.00   6.549    42   4.2
   1   2   61.222  -60.463   39.797    0.00   6.423    40   4.2
   1   3   61.295  -60.434   38.919    0.00   6.261    40   4.2
   1   4   61.415  -60.523   38.032    0.00   6.099    38   4.2
   1   5   61.583  -60.670   37.189    0.00   5.945    37   4.2
   1   6   61.800  -60.856   36.449    0.00   5.811    36   4.2
   1   7   62.064  -61.094   35.773    0.00   5.691    35   4.2
   1   8   62.377  -61.384   35.134    0.00   5.579    33   4.2
   1   9   62.738  -61.721   34.578    0.00   5.483    33   4.2
   1  10   63.146  -62.101   34.033    0.00   5.390    33   4.2
   1  11   63.603  -62.538   33.527    0.00   5.307    31   4.2
   1  12   64.108  -63.018   33.074    0.00   5.235    32   4.2
   1  13   64.662  -63.539   32.628    0.00   5.165    31   4.2
   1  14   65.263  -64.121   32.206    0.00   5.102    30   4.2
   1  15   65.912  -64.745   31.810    0.00   5.046    28   4.2
   1  16   66.610  -65.405   31.429    0.00   4.994    28   4.2
   1  17   67.355  -66.121   31.061    0.00   4.946    28   4.2
   1  18   68.149  -66.889   30.705    0.00   4.903    28   4.2
   1  19   68.991  -67.712   30.363    0.00   4.864    28   4.2
   1  20   69.880  -68.578   30.021    0.00   4.829    28   4.2
   1  21   70.818  -69.490   29.692    0.00   4.798    27   4.2
   1  22   71.804  -70.450   29.368    0.00   4.771    28   4.2
   1  23   72.839  -71.459   29.049    0.00   4.747    28   4.2
   1  24   73.921  -72.516   28.733    0.00   4.728    28   4.2
   1  25   75.051  -73.622   28.420    0.00   4.712    28   4.2
   1  26   76.230  -74.777   28.109    0.00   4.700    28   4.2
   1  27   77.456  -75.981   27.799    0.00   4.693    28   4.2
   1  28   78.731  -77.234   27.489    0.00   4.689    28   4.2
   1  29   80.053  -78.536   27.178    0.00   4.691    28   4.2
   1  30   81.424  -79.887   26.865    0.00   4.697    28   4.2
   1  31   82.843  -81.287   26.550    0.00   4.707    28   4.2
   1  32   84.310  -82.737   26.232    0.00   4.724    28   4.2
   1  33   85.825  -84.235   25.910    0.00   4.745    28   4.2
   1  34   87.389  -85.784   25.582    0.00   4.773    28   4.2
   1  35   89.000  -87.381   25.248    0.00   4.808    28   4.2
   1   1   67.772  -66.524   30.957    0.00   4.933    30   5.1
   1   2   67.773  -66.524   31.064    0.00   4.946    30   5.1
   1   3   67.776  -66.526   31.287    0.00   4.973    30   5.1
   1   4   67.780  -66.536   31.625    0.00   5.014    31   5.1
   1   5   67.787  -66.537   31.866    0.00   5.043    30   5.1
   1   6   67.796  -66.542   32.183    0.00   5.081    32   5.1
   1   7   67.806  -66.545   32.413    0.00   5.109    32   5.1
   1   8   67.819  -66.559   32.745    0.00   5.149    32   5.1
   1   9   67.834  -66.569   33.086    0.00   5.190    34   5.1
   1  10   67.850  -66.581   33.366    0.00   5.224    33   5.1
   1  11   67.868  -66.592   33.716    0.00   5.266    32   5.1
   1  12   67.889  -66.606   34.049    0.00   5.306    33   5.1
   1  13   67.911  -66.618   34.357    0.00   5.343    33   5.1
   1  14   67.935  -66.638   34.730    0.00   5.388    33   5.1
   1  15   67.961  -66.660   35.089    0.00   5.431    36   5.1
   1  16   67.989  -66.674   35.433    0.00   5.472    34   5.1
   1  17   68.019  -66.705   35.807    0.00   5.516    36   5.1
   1  18   68.051  -66.729   36.148    0.00   5.557    35   5.1
   1  19   68.085  -66.770   36.542    0.00   5.604    36   5.1
   1  20   68.121  -67.036   36.847    0.00   5.639    36   5.1
   1  21   68.158  -67.063   37.252    0.00   5.686    36   5.1
   1  22   68.198  -67.100   37.713    0.00   5.739    37   5.1
   1  23   68.239  -67.127   38.105    0.00   5.784    37   5.1
   1  24   68.283  -67.163   38.540    0.00   5.833    38   5.1
   1  25   68.328  -67.205   38.914    0.00   5.876    38   5.1
   1  26   68.376  -67.348   39.317    0.00   5.921    38   5.1
   1  27   68.425  -67.397   39.759    0.00   5.971    39   5.1
   1  28   68.476  -67.446   40.136    0.00   6.013    39   5.1
   1  29   68.529  -67.507   40.548    0.00   6.058    39   5.1
   1  30   68.584  -67.571   40.947    0.00   6.102    41   5.1
   1   1   68.587  -67.510   40.248    0.00   6.025    40   5.2
   1   2   68.611  -67.324   38.812    0.00   5.866    38   5.2
   1   3   68.684  -67.307   37.260    0.00   5.691    37   5.2
   1   4   68.805  -67.109   35.885    0.00   5.535    36   5.2
   1   5   68.975  -67.200   34.888    0.00   5.421    36   5.2
   1   6   69.193  -67.341   34.036    0.00   5.325    35   5.2
   1   7   69.460  -67.240   33.914    0.00   5.311    34   5.2
   1   8   69.776  -67.405   33.202    0.00   5.231    34   5.2
   1   9   70.140  -67.622   32.621    0.00   5.167    33   5.2
   1  10   70.553  -67.866   32.110    0.00   5.111    34   5.2
   1  11   71.014  -68.190   31.697    0.00   5.068    33   5.2
   1  12   71.524  -68.544   31.306    0.00   5.028    30   5.2
   1  13   72.082  -68.951   30.957    0.00   4.994    31   5.2
   1  14   72.689  -69.410   30.630    0.00   4.964    30   5.2
   1  15   73.344  -69.909   30.309    0.00   4.936    31   5.2
   1  16   74.048  -70.467   30.004    0.00   4.911    31   5.2
   1  17   74.800  -71.078   29.703    0.00   4.888    31   5.2
   1  18   75.601  -71.741   29.408    0.00   4.868    31   5.2
   1  19   76.451  -72.457   29.116    0.00   4.851    31   5.2
   1  20   77.349  -73.226   28.826    0.00   4.835    32   5.2
   1  21   78.296  -74.049   28.536    0.00   4.823    32   5.2
   1  22   79.291  -74.932   28.242    0.00   4.812    32   5.2
   1  23   80.335  -75.866   27.950    0.00   4.805    31   5.2
   1  24   81.427  -76.852   27.658    0.00   4.801    31   5.2
   1  25   82.568  -77.895   27.363    0.00   4.801    31   5.2
   1  26   83.757  -78.995   27.065    0.00   4.804    31   5.2
   1  27   84.995  -80.152   26.764    0.00   4.811    31   5.2
   1  28   86.281  -85.120   25.838    0.00   4.863    32   5.2
   1  29   87.616  -86.458   25.529    0.00   4.892    31   5.2
   1  30   89.000  -87.832   25.214    0.00   4.927    31   5.2
   1   1   71.948  -68.852   31.066    0.00   5.005    33   6.1
   1   2   71.953  -68.854   31.198    0.00   5.017    33   6.1
   1   3   71.969  -68.864   31.422    0.00   5.039    33   6.1
   1   4   71.995  -68.878   31.620    0.00   5.058    36   6.1
   1   5   72.031  -68.904   31.809    0.00   5.076    37   6.1
   1   6   72.078  -68.944   31.994    0.00   5.094    37   6.1
   1   7   72.135  -69.002   32.180    0.00   5.111    38   6.1
   1   8   72.202  -69.068   32.357    0.00   5.128    41   6.1
   1   9   72.280  -69.393   32.417    0.00   5.133    41   6.1
   1  10   72.368  -69.482   32.594    0.00   5.149    41   6.1
   1  11   72.467  -69.578   32.755    0.00   5.163    42   6.1
   1  12   72.576  -69.686   32.910    0.00   5.177    42   6.1
   1  13   72.695  -69.802   33.055    0.00   5.190    44   6.1
   1  14   72.825  -69.928   33.196    0.00   5.201    44   6.1
   1  15   72.965  -70.066   33.333    0.00   5.213    45   6.1
   1  16   73.115  -70.215   33.468    0.00   5.224    47   6.1
   1  17   73.276  -70.376   33.601    0.00   5.235    48   6.1
   1  18   73.447  -70.545   33.732    0.00   5.245    48   6.1
   1  19   73.629  -70.725   33.863    0.00   5.255    49   6.1
   1  20   73.821  -70.917   33.995    0.00   5.265    50   6.1
   1  21   74.023  -71.123   34.128    0.00   5.275    51   6.1
   1  22   74.236  -71.341   34.264    0.00   5.284    52   6.1
   1  23   74.459  -71.578   34.407    0.00   5.294    54   6.1
   1  24   74.692  -71.823   34.546    0.00   5.303    56   6.1
   1  25   74.936  -72.086   34.687    0.00   5.312    56   6.1
   1  26   75.190  -72.369   34.835    0.00   5.321    56   6.1
   1  27   75.455  -72.847   34.937    0.00   5.326    57   6.1
   1  28   75.730  -73.215   35.095    0.00   5.334    58   6.1
   1  29   76.015  -73.703   35.229    0.00   5.340    58   6.1
   1  30   76.311  -74.075   35.398    0.00   5.347    61   6.1
   1  31   76.617  -74.454   35.597    0.00   5.355    61   6.1
   1  32   76.934  -74.841   35.798    0.00   5.361    61   6.1
   1  33   77.260  -75.237   36.015    0.00   5.367    64   6.1
   1  34   77.598  -75.638   36.249    0.00   5.373    64   6.1
   1  35   77.945  -76.055   36.504    0.00   5.377    65   6.1
   1   1   77.971  -76.082   36.418    0.00   5.376    65   6.2
   1   2   77.984  -76.088   36.123    0.00   5.371    64   6.2
   1   3   78.023  -76.116   35.653    0.00   5.364    62   6.2
   1   4   78.089  -76.165   35.219    0.00   5.357    60   6.2
   1   5   78.180  -76.229   34.801    0.00   5.350    60   6.2
   1   6   78.298  -76.182   34.422    0.00   5.345    59   6.2
   1   7   78.443  -76.105   34.090    0.00   5.340    60   6.2
   1   8   78.613  -76.280   33.708    0.00   5.334    57   6.2
   1   9   78.810  -76.500   33.324    0.00   5.329    55   6.2
   1  10   79.033  -76.745   32.953    0.00   5.325    55   6.2
   1  11   79.282  -77.016   32.586    0.00   5.322    52   6.2
   1  12   79.557  -77.317   32.219    0.00   5.321    51   6.2
   1  13   79.859  -77.633   31.871    0.00   5.320    50   6.2
   1  14   80.187  -77.978   31.520    0.00   5.321    49   6.2
   1  15   80.541  -78.342   31.177    0.00   5.324    48   6.2
   1  16   80.921  -78.728   30.836    0.00   5.328    49   6.2
   1  17   81.328  -79.132   30.497    0.00   5.333    49   6.2
   1  18   81.761  -78.579   30.589    0.00   5.331    49   6.2
   1  19   82.220  -78.968   30.239    0.00   5.336    47   6.2
   1  20   82.705  -79.362   29.897    0.00   5.342    48   6.2
   1  21   83.216  -79.697   29.573    0.00   5.350    48   6.2
   1  22   83.754  -80.187   29.225    0.00   5.359    47   6.2
   1  23   84.318  -80.713   28.876    0.00   5.371    47   6.2
   1  24   84.908  -81.276   28.523    0.00   5.384    48   6.2
   1  25   85.525  -81.886   28.165    0.00   5.401    49   6.2
   1  26   86.167  -82.782   27.680    0.00   5.427    49   6.2
   1  27   86.836  -83.523   27.288    0.00   5.452    47   6.2
   1  28   87.531  -84.294   26.893    0.00   5.481    47   6.2
   1  29   88.252  -85.082   26.502    0.00   5.513    47   6.2
   1  30   89.000  -85.851   26.125    0.00   5.547    47   6.2
   1   1   79.386  -77.129   32.454    0.00   5.322    53   7.1
   1   2   79.387  -77.130   33.116    0.00   5.325    53   7.1
   1   3   79.390  -77.132   33.547    0.00   5.327    54   7.1
   1   4   79.396  -77.558   34.424    0.00   5.329    55   7.1
   1   5   79.404  -77.621   35.083    0.00   5.329    54   7.1
   1   6   79.415  -77.644   35.838    0.00   5.328    54   7.1
   1   7   79.428  -77.671   36.573    0.00   5.327    56   7.1
   1   8   79.443  -78.183   37.109    0.00   5.324    56   7.1
   1   9   79.461  -78.342   37.795    0.00   5.319    58   7.1
   1  10   79.481  -78.464   38.507    0.00   5.311    57   7.1
   1  11   79.503  -77.920   39.374    0.00   5.305    58   7.1
   1  12   79.528  -77.753   40.122    0.00   5.302    59   7.1
   1  13   79.554  -77.724   40.898    0.00   5.300    59   7.1
   1  14   79.584  -77.593   41.616    0.00   5.299    61   7.1
   1  15   79.615  -77.609   42.409    0.00   5.299    58   7.1
   1  16   79.649  -77.642   43.161    0.00   5.298    61   7.1
   1  17   79.686  -77.654   43.992    0.00   5.297    61   7.1
   1  18   79.725  -77.465   44.963    0.00   5.297    61   7.1
   1  19   79.766  -77.424   45.865    0.00   5.298    63   7.1
   1  20   79.809  -77.442   46.895    0.00   5.299    62   7.1
   1  21   79.855  -77.460   47.903    0.00   5.300    63   7.1
   1  22   79.903  -77.477   48.913    0.00   5.301    64   7.1
   1  23   79.953  -77.862   49.938    0.00   5.300    64   7.1
   1  24   80.006  -77.984   51.079    0.00   5.295    66   7.1
   1  25   80.061  -78.129   52.269    0.00   5.288    64   7.1
   1  26   80.118  -78.155   53.547    0.00   5.279    65   7.1
   1  27   80.178  -78.604   54.630    0.00   5.271    67   7.1
   1  28   80.240  -78.752   55.857    0.00   5.254    66   7.1
   1  29   80.305  -78.790   57.186    0.00   5.236    66   7.1
   1  30   80.372  -78.832   58.507    0.00   5.217    66   7.1
   1   1   80.373  -78.248   53.026    0.00   5.286    66   7.2
   1   2   80.388  -78.174   51.388    0.00   5.300    65   7.2
   1   3   80.433  -77.752   48.696    0.00   5.314    63   7.2
   1   4   80.508  -77.849   45.909    0.00   5.322    61   7.2
   1   5   80.613  -78.238   43.607    0.00   5.334    61   7.2
   1   6   80.747  -79.653   38.947    0.00   5.398    57   7.2
   1   7   80.912  -80.409   38.015    0.00   5.425    56   7.2
   1   8   81.107  -80.571   37.197    0.00   5.452    55   7.2
   1   9   81.332  -80.755   36.458    0.00   5.479    56   7.2
   1  10   81.586  -80.471   36.127    0.00   5.491    55   7.2
   1  11   81.871  -80.822   35.314    0.00   5.519    54   7.2
   1  12   82.185  -81.205   34.573    0.00   5.549    52   7.2
   1  13   82.530  -81.615   33.871    0.00   5.579    54   7.2
   1  14   82.904  -81.882   33.213    0.00   5.611    54   7.2
   1  15   83.309  -81.671   33.024    0.00   5.621    53   7.2
   1  16   83.743  -81.972   32.364    0.00   5.652    53   7.2
   1  17   84.207  -82.465   31.698    0.00   5.688    51   7.2
   1  18   84.701  -82.989   31.053    0.00   5.726    53   7.2
   1  19   85.226  -83.542   30.415    0.00   5.767    52   7.2
   1  20   85.780  -84.141   29.763    0.00   5.814    54   7.2
   1  21   86.364  -84.990   28.868    0.00   5.886    51   7.2
   1  22   86.978  -85.523   28.219    0.00   5.943    52   7.2
   1  23   87.622  -86.046   27.588    0.00   6.002    51   7.2
   1  24   88.296  -86.807   26.904    0.00   6.071    51   7.2
   1  25   89.000  -87.547   26.242    0.00   6.144    50   7.2
   1   1   80.374  -78.834   58.594    0.00   5.216    68   8.1
   1   2   80.374  -78.834   58.623    0.00   5.215    68   8.1
   1   3   80.375  -78.837   58.724    0.00   5.214    68   8.1
   1   4   80.377  -78.840   58.873    0.00   5.211    68   8.1
   1   5   80.379  -78.845   59.087    0.00   5.208    68   8.1
   1   6   80.382  -78.851   59.337    0.00   5.205    69   8.1
   1   7   80.385  -78.858   59.638    0.00   5.200    69   8.1
   1   8   80.390  -78.867   60.001    0.00   5.195    69   8.1
   1   9   80.395  -78.879   60.440    0.00   5.188    69   8.1
   1  10   80.400  -78.893   60.920    0.00   5.181    68   8.1
   1  11   80.406  -78.906   61.361    0.00   5.174    69   8.1
   1  12   80.413  -78.727   61.868    0.00   5.167    69   8.1
   1  13   80.421  -78.673   62.379    0.00   5.160    70   8.1
   1  14   80.429  -78.705   62.945    0.00   5.153    71   8.1
   1  15   80.438  -78.681   63.587    0.00   5.144    70   8.1
   1  16   80.447  -78.709   64.249    0.00   5.136    68   8.1
   1  17   80.458  -78.740   64.978    0.00   5.126    68   8.1
   1  18   80.468  -78.773   65.716    0.00   5.116    69   8.1
   1  19   80.480  -78.812   66.528    0.00   5.104    69   8.1
   1  20   80.492  -78.854   67.360    0.00   5.092    69   8.1
   1  21   80.505  -78.890   68.077    0.00   5.082    69   8.1
   1  22   80.518  -78.932   68.877    0.00   5.069    69   8.1
   1  23   80.532  -78.977   69.700    0.00   5.056    70   8.1
   1  24   80.547  -78.984   70.000    2.90   3.172    68   8.1
   1  25   80.562  -68.607   70.000    6.69   1.090    59   8.1
   1  26   80.578  -13.262   70.000   11.98   0.416    45   8.1
   1  27   80.595   -5.885   70.000   13.96   0.380    42   8.1
   1  28   80.612   -4.352   70.000   14.85   0.370    43   8.1
   1  29   80.631   -3.488   70.000   15.40   0.365    41   8.1
   1  30   80.649   -3.050   70.000   15.71   0.363    41   8.1
***  shot#   1 ray code  8.2 no rays traced  ***
***  shot#   1 ray code  9.1 no rays traced  ***
***  shot#   1 ray code  9.2 no rays traced  ***

***  less than nray rays traced for    6 ray groups  ***

|----------------------------------------------------------------|
|                                                                |
|  total of  1647 rays consisting of   47329 points were traced  |
|                                                                |
|           model consists of  8 layers and 167 blocks           |
|                                                                |
|----------------------------------------------------------------|

