 &PLTPAR
 IPLOT   =           0,
 IMOD    =           1,
 IBND    =           0,
 IDASH   =           0,
 IVEL    =           0,
 IRAY    =           2,
 IRAYS   =           0,
 IRAYPS  =           0,
 IDOT    =           0,
 ITX     =           1,
 IDATA   =           0,
 ISZERO  =           0,
 ITXOUT  =           1,
 ISTEP   =           0,
 IBREAK  = 30*1,
 IDUMP   =           0,
 ISUM    =           1,
 SYMHT   =  0.1000000    ,
 VELHT   =  5.0000001E-02,
 NSKIP   =           0,
 NRSKIP  =           3,
 VRED    =   7.000000    ,
 DVMAX   =  1.0000000E+10,
 DSMAX   =  1.0000000E+10,
 ISEP    =           0,
 IROUTE  =           1,
 ITCOL   =           3,
 IRCOL   =           3,
 MCOL    =           8,          14,           1,           4,          14,
 ITXBOX  =           1,
 ISEG    =           0,
 XWNDOW  =  0.0000000E+00,
 YWNDOW  =  0.0000000E+00,
 COLOUR  =          12,           3, 3*2,           6,           2,           9,           2,           4,           2,           4,
            7,          14,          10,          13, 4*-1,
 IBCOL   =           0,
 IFCOL   =           6,
 MODOUT  =           0,
 DXMOD   =  0.0000000E+00,
 DZMOD   =  0.0000000E+00,
 MODI    = 25*0,
 FRZ     =  0.0000000E+00,
 XMMIN   =  -999999.0    ,
 XMMAX   =  -999999.0    ,
 XMIN1D  =  -999999.0    ,
 XMAX1D  =  -999999.0    
 /
 &AXEPAR
 IAXLAB  =           1,
 ITREV   =           0,
 ALBHT   =   2.500000    ,
 ORIG    =   15.00000    ,
 SEP     =   15.00000    ,
 XMIN    =  0.0000000E+00,
 XMAX    =   140.0000    ,
 XTMIN   =  0.0000000E+00,
 XTMAX   =   140.0000    ,
 XMM     =   200.0000    ,
 NTICKX  =           0,
 NDECIX  =          -1,
 XMINT   =  0.0000000E+00,
 XMAXT   =   140.0000    ,
 XTMINT  =  0.0000000E+00,
 XTMAXT  =   140.0000    ,
 XMMT    =   200.0000    ,
 NTCKXT  =           0,
 NDECXT  =          -1,
 ZMIN    =   4.000000    ,
 ZMAX    =   16.00000    ,
 ZTMIN   =   4.000000    ,
 ZTMAX   =   16.00000    ,
 ZMM     =   85.00000    ,
 NTICKZ  =           0,
 NDECIZ  =          -1,
 TMIN    =   3.000000    ,
 TMAX    =   10.00000    ,
 TTMIN   =   3.000000    ,
 TTMAX   =   10.00000    ,
 TMM     =   85.00000    ,
 NTICKT  =           0,
 NDECIT  =          -1
 /
 &TRAPAR
 ISHOT   =           2, 39*0,
 IRAYSL  =           1,
 IRAYT   = 2400*1,
 ITURN   = 30*1,
 ISRCH   =           0,
 ISTOP   =           0,
 IBSMTH  =           0,
 IMODF   =           1,
 XSHOT   =   104.4000    , 39*0.0000000E+00  ,
 ZSHOT   =   4.900000    , 39*-9999.000      ,
 RAY     =   1.200000    ,   2.200000    ,   3.100000    ,   3.200000    ,   4.100000    ,   4.200000    ,   5.100000    ,
    5.200000    ,   6.100000    ,   6.200000    ,   7.100000    ,   7.200000    ,   8.100000    ,   8.200000    ,   9.100000    ,
    9.200000    , 14*0.0000000E+00  ,
 NRAY    =          20,          35,          20,          15,          20,          15,          20,          30,          15,
           20,          30,          15,          20,          30,          15,          30, 14*-1,
 SPACE   =   1.000000    ,   2.000000    , 3*1.000000       , 11*2.000000       , 14*0.0000000E+00  ,
 AMIN    = 2400*181.0000       ,
 AMAX    = 2400*181.0000       ,
 NSMAX   =          45, 29*-1,
 AAMIN   =  0.5000000    ,
 AAMAX   =   85.00000    ,
 STOL    =  -1.000000    ,
 XSMAX   =  0.0000000E+00,
 STEP    =  5.0000001E-02,
 SMIN    =  -1.000000    ,
 SMAX    =  -1.000000    ,
 NRBND   = 30*0,
 RBND    = 150*0,
 NCBND   = 30*-1,
 CBND    = 150*-99,
 POIS    =  0.5000000    , 8*0.2500000      , 16*-99.00000      ,
 POISB   = 50*0,
 POISL   = 50*0,
 POISBL  = 50*-99.00000      ,
 CRIT    =  0.0000000E+00,
 HWS     =   1.000000    ,
 NPBND   =         100,
 NBSMTH  =           0,
 NHRAY   =          30,
 FRBND   = 11*0,           2, 18*0,
 I2PT    =           0,
 N2PT    =           5,
 X2PT    =  -1.000000    ,
 IFAST   =           1,
 NTAN    =          90,
 IS_ANISOTROPY   =           0,
 ANISOTROPY      = 25*0.0000000E+00  
 /
 &INVPAR
 INVR    =           0,
 IVRAY   =           2, 13*0,           8, 15*0,
 XIMAX   =   2.000000    ,
 TTUNC   =  9.9999998E-03,
 VELUNC  =  5.0000001E-02,
 BNDUNC  =  7.9999998E-02
 /
shot  ray i.angle  f.angle   dist     depth red.time  npts code
  -1   1    0.655   -6.381   13.689    0.00  46.979    17   1.2
  -1   2    5.094   -7.969   59.855    0.00  23.217    12   1.2
  -1   3    9.533  -11.175   76.830    0.00  14.549     9   1.2
  -1   4   13.973  -15.009   85.034    0.00  10.425     7   1.2
  -1   5   18.412  -19.102   89.693    0.00   8.139     6   1.2
  -1   6   22.851  -23.316   92.708    0.00   6.707     5   1.2
  -1   7   27.290  -27.596   94.815    0.00   5.747     5   1.2
  -1   8   31.729  -31.917   96.384    0.00   5.069     4   1.2
  -1   9   36.169  -36.264   97.616    0.00   4.569     4   1.2
  -1  10   40.608  -40.628   98.611    0.00   4.195     4   1.2
  -1  11   45.047  -45.004   99.440    0.00   3.910     4   1.2
  -1  12   49.486  -49.390  100.147    0.00   3.693     4   1.2
  -1  13   53.925  -53.781  100.768    0.00   3.526     4   1.2
  -1  14   58.365  -58.178  101.323    0.00   3.400     4   1.2
  -1  15   62.804  -62.579  101.828    0.00   3.307     4   1.2
  -1  16   67.243  -66.983  102.295    0.00   3.241     4   1.2
  -1  17   71.682  -71.389  102.732    0.00   3.201     4   1.2
  -1  18   76.122  -75.796  103.146    0.00   3.183     4   1.2
  -1  19   80.561  -80.205  103.545    0.00   3.185     4   1.2
  -1  20   85.000  -84.615  103.933    0.00   3.206     4   1.2
  -1   1   46.496  -45.135   98.190    0.00   4.460    36   2.2
  -1   2   46.529  -46.429   98.430    0.00   4.383    36   2.2
  -1   3   46.629  -45.398   98.319    0.00   4.419    34   2.2
  -1   4   46.796  -46.696   98.586    0.00   4.335    34   2.2
  -1   5   47.029  -46.928   98.678    0.00   4.306    32   2.2
  -1   6   47.328  -46.694   98.692    0.00   4.302    31   2.2
  -1   7   47.695  -47.587   98.884    0.00   4.243    30   2.2
  -1   8   48.128  -48.028   99.004    0.00   4.207    29   2.2
  -1   9   48.627  -48.516   99.123    0.00   4.171    28   2.2
  -1  10   49.194  -49.087   99.257    0.00   4.132    27   2.2
  -1  11   49.827  -49.708   99.391    0.00   4.094    26   2.2
  -1  12   50.526  -50.407   99.536    0.00   4.053    25   2.2
  -1  13   51.292  -51.165   99.684    0.00   4.012    24   2.2
  -1  14   52.125  -51.988   99.838    0.00   3.971    23   2.2
  -1  15   53.024  -52.892  100.000    0.00   3.928    22   2.2
  -1  16   53.990  -53.846  100.163    0.00   3.887    22   2.2
  -1  17   55.023  -54.870  100.332    0.00   3.846    21   2.2
  -1  18   56.122  -55.971  100.507    0.00   3.806    21   2.2
  -1  19   57.288  -57.129  100.683    0.00   3.767    20   2.2
  -1  20   58.520  -58.352  100.862    0.00   3.729    20   2.2
  -1  21   59.819  -59.643  101.044    0.00   3.693    20   2.2
  -1  22   61.185  -61.006  101.231    0.00   3.658    19   2.2
  -1  23   62.617  -62.432  101.420    0.00   3.626    19   2.2
  -1  24   64.116  -63.922  101.611    0.00   3.596    19   2.2
  -1  25   65.681  -65.478  101.804    0.00   3.569    19   2.2
  -1  26   67.313  -67.103  102.001    0.00   3.545    19   2.2
  -1  27   69.012  -68.792  102.198    0.00   3.524    19   2.2
  -1  28   70.777  -70.549  102.399    0.00   3.506    19   2.2
  -1  29   72.609  -72.373  102.601    0.00   3.493    19   2.2
  -1  30   74.508  -74.261  102.806    0.00   3.483    19   2.2
  -1  31   76.473  -76.217  103.014    0.00   3.478    19   2.2
  -1  32   78.505  -78.238  103.225    0.00   3.477    19   2.2
  -1  33   80.603  -80.326  103.439    0.00   3.481    19   2.2
  -1  34   82.768  -82.480  103.656    0.00   3.491    19   2.2
  -1  35   85.000  -84.702  103.878    0.00   3.506    19   2.2
  -1   1   46.484  -46.282   97.891    0.00   4.552    49   3.1
  -1   2   46.606  -46.451   97.344    0.00   4.723    39   3.1
  -1   3   46.727  -45.369   96.767    0.00   4.904    38   3.1
  -1   4   46.849  -46.615   96.625    0.00   4.947    39   3.1
  -1   5   46.971  -46.548   96.305    0.00   5.046    38   3.1
  -1   6   47.093  -45.901   95.981    0.00   5.147    37   3.1
  -1   7   47.215  -46.794   95.899    0.00   5.171    39   3.1
  -1   8   47.337  -46.175   95.543    0.00   5.281    40   3.1
  -1   9   47.459  -46.883   95.492    0.00   5.296    38   3.1
  -1  10   47.580  -46.830   95.272    0.00   5.363    40   3.1
  -1  11   47.702  -46.326   95.051    0.00   5.431    39   3.1
  -1  12   47.824  -47.602   95.095    0.00   5.417    39   3.1
  -1  13   47.946  -47.315   94.865    0.00   5.486    40   3.1
  -1  14   48.068  -47.534   94.748    0.00   5.521    39   3.1
  -1  15   48.190  -47.379   94.540    0.00   5.584    41   3.1
  -1  16   48.312  -47.713   94.471    0.00   5.604    40   3.1
  -1  17   48.433  -48.043   94.391    0.00   5.628    39   3.1
  -1  18   48.555  -47.524   94.137    0.00   5.704    42   3.1
  -1  19   48.677  -47.905   94.080    0.00   5.720    41   3.1
  -1  20   48.799  -48.315   94.018    0.00   5.738    41   3.1
  -1   1   48.809  -48.258   94.039    0.00   5.732    41   3.2
  -1   2   51.394  -50.372   97.634    0.00   4.695    30   3.2
  -1   3   53.979  -53.329   98.702    0.00   4.414    26   3.2
  -1   4   56.564  -55.328   99.327    0.00   4.265    24   3.2
  -1   5   59.149  -57.416   99.841    0.00   4.153    24   3.2
  -1   6   61.734  -61.655  100.557    0.00   4.016    23   3.2
  -1   7   64.319  -64.234  101.002    0.00   3.946    23   3.2
  -1   8   66.904  -66.810  101.412    0.00   3.892    22   3.2
  -1   9   69.490  -69.387  101.796    0.00   3.852    22   3.2
  -1  10   72.075  -71.963  102.159    0.00   3.824    22   3.2
  -1  11   74.660  -74.538  102.505    0.00   3.807    22   3.2
  -1  12   77.245  -77.113  102.839    0.00   3.801    22   3.2
  -1  13   79.830  -79.687  103.162    0.00   3.804    22   3.2
  -1  14   82.415  -82.261  103.478    0.00   3.816    22   3.2
  -1  15   85.000  -84.835  103.789    0.00   3.838    22   3.2
  -1   1   55.880  -54.746   99.145    0.00   4.307    27   4.1
  -1   2   56.149  -54.912   97.560    0.00   4.668    29   4.1
  -1   3   56.417  -55.065   96.894    0.00   4.818    30   4.1
  -1   4   56.686  -55.065   96.351    0.00   4.939    32   4.1
  -1   5   56.954  -55.318   95.937    0.00   5.030    34   4.1
  -1   6   57.223  -56.537   95.699    0.00   5.080    37   4.1
  -1   7   57.491  -56.534   95.327    0.00   5.161    37   4.1
  -1   8   57.760  -55.756   94.864    0.00   5.261    38   4.1
  -1   9   58.029  -57.058   94.703    0.00   5.293    39   4.1
  -1  10   58.297  -57.059   94.392    0.00   5.358    40   4.1
  -1  11   58.566  -56.242   93.968    0.00   5.447    41   4.1
  -1  12   58.834  -56.297   93.668    0.00   5.509    42   4.1
  -1  13   59.103  -56.982   93.491    0.00   5.543    42   4.1
  -1  14   59.371  -57.004   93.205    0.00   5.600    43   4.1
  -1  15   59.640  -56.995   92.914    0.00   5.657    44   4.1
  -1  16   59.909  -56.992   92.621    0.00   5.714    44   4.1
  -1  17   60.177  -59.356   92.686    0.00   5.697    41   4.1
  -1  18   60.446  -59.276   92.397    0.00   5.752    42   4.1
  -1  19   60.714  -60.012   92.238    0.00   5.781    42   4.1
  -1  20   60.983  -59.901   91.954    0.00   5.834    43   4.1
  -1   1   60.999  -59.945   91.944    0.00   5.836    43   4.2
  -1   2   61.122  -59.951   93.256    0.00   5.595    42   4.2
  -1   3   61.489  -60.254   94.500    0.00   5.370    39   4.2
  -1   4   62.101  -60.576   95.491    0.00   5.195    36   4.2
  -1   5   62.958  -61.356   96.401    0.00   5.040    33   4.2
  -1   6   64.061  -62.835   97.278    0.00   4.898    31   4.2
  -1   7   65.408  -64.465   98.067    0.00   4.781    30   4.2
  -1   8   66.999  -65.172   98.658    0.00   4.702    30   4.2
  -1   9   68.836  -62.863   98.261    0.00   4.763    31   4.2
  -1  10   70.918  -65.159   99.121    0.00   4.640    30   4.2
  -1  11   73.245  -67.279   99.857    0.00   4.550    30   4.2
  -1  12   75.816  -69.377  100.524    0.00   4.482    30   4.2
  -1  13   78.632  -71.842  101.178    0.00   4.431    28   4.2
  -1  14   81.694  -74.618  101.827    0.00   4.400    28   4.2
  -1  15   85.000  -77.693  102.477    0.00   4.390    27   4.2
  -1   1   61.002  -60.590   85.336    0.00   7.117    58   5.2
  -1   2   61.003  -61.700   85.510    0.00   7.086    57   5.2
  -1   3   61.007  -62.162   85.580    0.00   7.074    56   5.2
  -1   4   61.013  -56.442   73.987    0.00   9.598   153   5.2
  -1   5   61.021  -55.258   81.731    0.00   7.834    87   5.1
  -1   6   61.032  -56.639   82.639    0.00   7.638    86   5.1
  -1   7   61.045  -56.169   82.300    0.00   7.709    84   5.1
  -1   8   61.060  -55.638   82.133    0.00   7.745    86   5.1
  -1   9   61.078  -55.390   81.656    0.00   7.849    89   5.1
  -1  10   61.098  -55.476   81.607    0.00   7.859    88   5.1
  -1  11   61.120  -54.476   80.316    0.00   8.151    96   5.1
  -1  12   61.145  -61.251   84.551    0.00   7.271    64   5.2
  -1  13   61.172  -60.986   85.048    0.00   7.162    60   5.2
  -1  14   61.202  -61.187   85.006    0.00   7.169    59   5.2
  -1  15   61.234  -60.271   84.827    0.00   7.201    60   5.2
  -1  16   61.268  -60.522   84.806    0.00   7.204    60   5.2
  -1  17   61.304  -61.037   84.762    0.00   7.212    60   5.2
  -1  18   61.343  -60.182   84.325    0.00   7.312    65   5.2
  -1  19   61.385  -60.215   84.314    0.00   7.314    65   5.2
  -1  20   61.428  -60.260   84.301    0.00   7.316    66   5.2
  -1   1   61.428  -60.674   84.160    0.00   7.361    71   5.2
  -1   2   61.456  -60.382   83.630    0.00   7.453    83   5.2
  -1   3   61.540  -63.370   88.037    0.00   6.683    53   5.2
  -1   4   61.681  -63.496   88.283    0.00   6.649    53   5.2
  -1   5   61.877  -63.146   88.003    0.00   6.689    52   5.2
  -1   6   62.129  -62.358   87.487    0.00   6.771    54   5.2
  -1   7   62.437  -60.895   86.366    0.00   6.956    60   5.2
  -1   8   62.802  -60.063   83.821    0.00   7.446    74   5.2
  -1   9   63.222  -59.713   92.888    0.00   5.708    44   5.2
  -1  10   63.699  -60.536   94.430    0.00   5.428    41   5.2
  -1  11   64.231  -60.974   95.139    0.00   5.303    40   5.2
  -1  12   64.820  -60.494   95.674    0.00   5.210    38   5.2
  -1  13   65.464  -61.618   96.282    0.00   5.106    37   5.2
  -1  14   66.165  -61.373   96.655    0.00   5.045    36   5.2
  -1  15   66.922  -61.344   97.006    0.00   4.988    36   5.2
  -1  16   67.735  -62.801   97.546    0.00   4.902    34   5.2
  -1  17   68.604  -62.949   97.910    0.00   4.847    34   5.2
  -1  18   69.528  -64.682   98.544    0.00   4.756    32   5.2
  -1  19   70.509  -64.996   98.848    0.00   4.716    33   5.2
  -1  20   71.547  -66.071   99.181    0.00   4.674    34   5.2
  -1  21   72.640  -65.220   99.073    0.00   4.689    33   5.2
  -1  22   73.789  -65.198   99.327    0.00   4.657    34   5.2
  -1  23   74.994  -66.450   99.696    0.00   4.612    33   5.2
  -1  24   76.255  -67.745  100.072    0.00   4.570    33   5.2
  -1  25   77.573  -69.467  100.546    0.00   4.524    33   5.2
  -1  26   78.946  -70.628  100.875    0.00   4.496    32   5.2
  -1  27   80.375  -71.872  101.203    0.00   4.474    31   5.2
  -1  28   81.861  -73.186  101.529    0.00   4.455    31   5.2
  -1  29   83.402  -74.572  101.853    0.00   4.442    31   5.2
  -1  30   85.000  -76.031  102.177    0.00   4.434    30   5.2
  -1   1   69.552  -63.106   98.163    0.00   4.811    35   6.1
  -1   2   69.555  -63.106   98.110    0.00   4.818    35   6.1
  -1   3   69.565  -63.107   98.007    0.00   4.832    35   6.1
  -1   4   69.581  -63.102   97.877    0.00   4.850    36   6.1
  -1   5   69.604  -64.380   97.968    0.00   4.835    35   6.1
  -1   6   69.633  -64.376   97.859    0.00   4.849    36   6.1
  -1   7   69.669  -64.370   97.744    0.00   4.865    37   6.1
  -1   8   69.711  -64.411   97.671    0.00   4.874    37   6.1
  -1   9   69.759  -64.408   97.569    0.00   4.888    38   6.1
  -1  10   69.814  -64.404   97.462    0.00   4.902    39   6.1
  -1  11   69.875  -64.464   97.400    0.00   4.910    39   6.1
  -1  12   69.943  -64.485   97.307    0.00   4.922    41   6.1
  -1  13   70.017  -64.684   97.316    0.00   4.920    41   6.1
  -1  14   70.098  -64.809   97.274    0.00   4.925    42   6.1
  -1  15   70.185  -64.538   97.034    0.00   4.957    44   6.1
  -1   1   70.189  -64.519   97.085    0.00   4.951    43   6.2
  -1   2   70.230  -64.568   97.411    0.00   4.908    40   6.2
  -1   3   70.353  -65.052   97.902    0.00   4.844    37   6.2
  -1   4   70.558  -65.055   98.105    0.00   4.818    37   6.2
  -1   5   70.845  -65.248   98.361    0.00   4.786    35   6.2
  -1   6   71.215  -65.341   98.542    0.00   4.764    35   6.2
  -1   7   71.666  -65.476   98.727    0.00   4.742    36   6.2
  -1   8   72.199  -67.027   99.083    0.00   4.699    37   6.2
  -1   9   72.815  -66.769   99.076    0.00   4.700    37   6.2
  -1  10   73.512  -67.162   99.333    0.00   4.672    36   6.2
  -1  11   74.292  -68.237   99.675    0.00   4.636    35   6.2
  -1  12   75.153  -68.527   99.853    0.00   4.619    36   6.2
  -1  13   76.097  -69.169  100.100    0.00   4.596    35   6.2
  -1  14   77.123  -70.154  100.409    0.00   4.570    35   6.2
  -1  15   78.230  -71.101  100.695    0.00   4.549    35   6.2
  -1  16   79.420  -72.931  101.129    0.00   4.523    34   6.2
  -1  17   80.692  -74.165  101.443    0.00   4.509    33   6.2
  -1  18   82.046  -75.479  101.762    0.00   4.499    33   6.2
  -1  19   83.482  -76.876  102.086    0.00   4.494    33   6.2
  -1  20   85.000  -78.364  102.418    0.00   4.495    32   6.2
  -1   1   76.759  -70.235  100.381    0.00   4.572    36   7.1
  -1   2   76.762  -70.860  100.200    0.00   4.585    36   7.1
  -1   3   76.771  -70.976   99.830    0.00   4.611    35   7.1
  -1   4   76.786  -71.003   99.391    0.00   4.642    35   7.1
  -1   5   76.807  -71.255   98.999    0.00   4.669    36   7.1
  -1   6   76.834  -69.763   98.423    0.00   4.714    37   7.1
  -1   7   76.867  -69.721   98.214    0.00   4.732    39   7.1
  -1   8   76.907  -69.667   97.966    0.00   4.753    39   7.1
  -1   9   76.952  -69.584   97.678    0.00   4.777    40   7.1
  -1  10   77.003  -69.667   97.415    0.00   4.800    40   7.1
  -1  11   77.060  -69.214   97.036    0.00   4.832    42   7.1
  -1  12   77.123  -69.707   96.801    0.00   4.852    41   7.1
  -1  13   77.193  -69.818   96.484    0.00   4.879    41   7.1
  -1  14   77.268  -69.869   96.139    0.00   4.907    44   7.1
  -1  15   77.349  -70.140   95.816    0.00   4.934    46   7.1
  -1  16   77.437  -70.611   95.533    0.00   4.955    46   7.1
  -1  17   77.530  -70.537   95.113    0.00   4.986    46   7.1
  -1  18   77.630  -68.268   93.848    0.00   5.093    48   7.1
  -1  19   77.735  -68.455   93.580    0.00   5.118    47   7.1
  -1  20   77.847  -67.908   93.077    0.00   5.167    50   7.1
  -1  21   77.964  -68.609   92.915    0.00   5.182    49   7.1
  -1  22   78.088  -69.343   92.721    0.00   5.198    52   7.1
  -1  23   78.217  -69.142   92.296    0.00   5.236    50   7.1
  -1  24   78.353  -69.090   91.885    0.00   5.272    52   7.1
  -1  25   78.494  -73.480   93.411    0.00   5.169    53   7.1
  -1  26   78.642  -74.015   92.842    0.00   5.192    54   7.1
  -1  27   78.796  -73.120   91.905    0.00   5.232    61   7.1
  -1  28   78.955  -73.769   91.221    0.00   5.255    62   7.1
  -1  29   79.121  -73.540   90.554    0.00   5.281    68   7.1
  -1  30   79.293  -80.465   92.024    0.00   5.246    73   7.1
  -1   1   79.321  -73.755   96.106    0.00   4.982    45   7.4
  -1   2   79.350  -73.791   96.162    0.00   4.979    45   7.4
  -1   3   79.437  -73.896   96.323    0.00   4.973    45   7.4
  -1   4   79.582  -74.064   96.571    0.00   4.964    46   7.4
  -1   5   79.785  -74.063   96.841    0.00   4.954    43   7.4
  -1   6   80.046  -74.198   97.149    0.00   4.943    42   7.4
  -1   7   80.364  -74.815   97.584    0.00   4.929    42   7.4
  -1   8   80.741  -75.116   97.957    0.00   4.919    42   7.4
  -1   9   81.176  -75.856   98.413    0.00   4.909    42   7.4
  -1  10   81.668  -76.571   98.856    0.00   4.903    41   7.4
  -1  11   82.219  -77.197   99.280    0.00   4.900    41   7.4
  -1  12   82.827  -78.068   99.741    0.00   4.901    41   7.4
  -1  13   83.493  -78.966  100.185    0.00   4.906    40   7.4
  -1  14   84.218  -80.561  100.739    0.00   4.921    39   7.4
  -1  15   85.000  -81.401  101.166    0.00   4.937    38   7.4
  -1   1   80.930  -74.610   96.177    0.00   5.045    48   8.1
  -1   2   80.931  -72.565   94.267    0.00   5.130    47   8.1
  -1   3   80.935  -76.123   93.713    0.00   5.152    49   8.1
  -1   4   80.941  -74.474   92.403    0.00   5.181    53   8.1
  -1   5   80.950  -75.553   92.163    0.00   5.190    54   8.1
  -1   6   80.961  -74.586   91.397    0.00   5.208    57   8.1
  -1   7   80.974  -79.317   92.351    0.00   5.207    60   8.1
  -1   8   80.990  -81.391   92.140    0.00   5.196    65   8.1
  -1   9   81.008  -81.133   91.659    0.00   5.173    65   8.1
  -1  10   81.029  -81.410   91.179    0.00   5.152    66   8.1
  -1  11   81.052  -81.355   90.439    0.00   5.117    67   8.1
  -1  12   81.078  -80.112   89.319    0.00   5.072    68   8.1
  -1  13   81.106  -80.110   88.102    0.00   5.028    68   8.1
  -1  14   81.136  -80.485   87.433    0.00   5.003    66   8.1
  -1  15   81.169  -71.770   83.242    0.00   5.022    66   8.1
  -1  16   81.205  -78.155   71.202    0.00   5.050    67   8.1
  -1  17   81.242  -78.780   69.508    0.00   5.032    68   8.1
  -1  18   81.283  -77.884   65.419    0.00   4.983    72   8.1
  -1  19   81.325  -77.749   63.916    0.00   4.975    70   8.1
  -1  20   81.371  -78.306   62.554    0.00   4.964    71   8.1
  -1   1   81.371  -77.836   63.897    0.00   4.976    71   8.2
  -1   2   81.375  -78.032   65.501    0.00   4.987    72   8.2
  -1   3   81.388  -80.273   70.204    0.00   5.056    67   8.2
  -1   4   81.410  -78.417   71.553    0.00   5.068    68   8.2
  -1   5   81.440  -82.862   74.695    0.00   5.193    65   8.2
  -1   6   81.479  -79.923   71.936    0.00   5.076    70   8.2
  -1   7   81.526  -78.014   74.937    0.00   5.211    64   8.2
  -1   8   81.582  -79.329   77.878    0.00   5.199    64   8.2
  -1   9   81.647  -75.397   78.977    0.00   5.223    60   8.2
  -1  10   81.720  -75.620   81.135    0.00   5.178    61   8.2
  -1  11   81.802  -77.043   85.048    0.00   5.038    69   8.2
  -1  12   81.893  -80.731   86.359    0.00   5.063    67   8.2
  -1  13   81.992  -81.418   87.940    0.00   5.148    61   8.2
  -1  14   82.100  -81.663   88.633    0.00   5.187    61   8.2
  -1  15   82.217  -82.110   89.334    0.00   5.227    61   8.2
  -1  16   82.342  -82.486   90.015    0.00   5.267    61   8.2
  -1  17   82.475  -83.517   90.782    0.00   5.318    61   8.2
  -1  18   82.618  -83.780   91.491    0.00   5.370    60   8.2
  -1  19   82.769  -83.771   92.080    0.00   5.414    62   8.2
  -1  20   82.929  -85.022   92.837    0.00   5.478    61   8.2
  -1  21   83.097  -84.326   93.139    0.00   5.504    60   8.2
  -1  22   83.274  -82.586   93.178    0.00   5.509    58   8.2
  -1  23   83.459  -78.797   92.614    0.00   5.488    56   8.2
  -1  24   83.654  -77.900   92.900    0.00   5.490    52   8.2
  -1  25   83.856  -78.714   93.486    0.00   5.495    50   8.2
  -1  26   84.068  -80.288   94.312    0.00   5.513    46   8.2
  -1  27   84.288  -80.842   94.860    0.00   5.533    48   8.2
  -1  28   84.517  -80.959   95.242    0.00   5.548    48   8.2
  -1  29   84.754  -77.728   94.825    0.00   5.544    48   8.2
  -1  30   85.000  -78.305   95.349    0.00   5.547    47   8.2
  -1   1   81.558  -76.073   76.020    0.00   5.215    67   9.1
  -1   2   81.559  -77.632   61.454    0.00   4.942    71   9.1
  -1   3   81.561  -77.632   57.786    0.00   4.933    72   9.1
  -1   4   81.566  -77.562   55.168    0.00   4.913    67   9.1
  -1   5   81.572  -78.159   53.101    0.00   4.885    68   9.1
  -1   6   81.580  -78.732   52.198    0.00   4.871    67   9.1
  -1   7   81.590  -80.417   48.594    0.00   4.741    65   9.1
  -1   8   81.602  -80.190   47.152    0.00   4.689    66   9.1
  -1   9   81.616  -77.690   43.892    0.00   4.635    67   9.1
  -1  10   81.631  -75.065   41.485    0.00   4.668    65   9.1
  -1  11   81.649  -76.219   39.292    0.00   4.715    66   9.1
  -1  12   81.668  -76.620   37.376    0.00   4.728    65   9.1
  -1  13   81.689  -78.483   35.260    0.00   4.702    66   9.1
  -1  14   81.711  -79.105   32.757    0.00   4.661    67   9.1
  -1  15   81.736  -83.936   30.526    0.00   4.555    69   9.1
***    shot#  -1 ray code  9.2 no rays traced  ***
   1   1    0.190   -2.640  140.000    4.14  18.348    11   1.2
   1   2    4.653   -7.836  140.000    0.93  18.542    11   1.2
   1   3    9.117  -11.596  130.903    0.00  14.007    10   1.2
   1   4   13.581  -15.451  123.189    0.00  10.138     7   1.2
   1   5   18.044  -19.567  118.720    0.00   7.952     5   1.2
   1   6   22.508  -23.806  115.815    0.00   6.578     4   1.2
   1   7   26.972  -28.111  113.760    0.00   5.648     4   1.2
   1   8   31.436  -32.457  112.232    0.00   4.992     4   1.2
   1   9   35.899  -36.829  111.039    0.00   4.512     4   1.2
   1  10   40.363  -41.218  110.072    0.00   4.153     4   1.2
   1  11   44.827  -45.619  109.263    0.00   3.879     4   1.2
   1  12   49.290  -50.029  108.562    0.00   3.667     4   1.2
   1  13   53.754  -54.446  107.946    0.00   3.505     4   1.2
   1  14   58.218  -58.868  107.396    0.00   3.383     4   1.2
   1  15   62.681  -63.293  106.894    0.00   3.294     4   1.2
   1  16   67.145  -67.721  106.431    0.00   3.233     4   1.2
   1  17   71.609  -72.152  105.995    0.00   3.196     4   1.2
   1  18   76.073  -76.584  105.582    0.00   3.181     4   1.2
   1  19   80.536  -81.017  105.183    0.00   3.187     4   1.2
   1  20   85.000  -85.451  104.794    0.00   3.212     4   1.2
   1   1   46.137  -45.541  110.546    0.00   4.435    36   2.2
   1   2   46.170  -45.581  110.516    0.00   4.426    36   2.2
   1   3   46.271  -45.702  110.430    0.00   4.399    34   2.2
   1   4   46.439  -45.826  110.360    0.00   4.377    34   2.2
   1   5   46.675  -46.044  110.267    0.00   4.348    32   2.2
   1   6   46.977  -47.119  110.039    0.00   4.278    31   2.2
   1   7   47.347  -46.706  110.058    0.00   4.284    30   2.2
   1   8   47.784  -47.552  109.872    0.00   4.227    29   2.2
   1   9   48.288  -47.648  109.813    0.00   4.209    28   2.2
   1  10   48.860  -48.496  109.635    0.00   4.157    27   2.2
   1  11   49.499  -48.872  109.536    0.00   4.128    26   2.2
   1  12   50.205  -50.148  109.304    0.00   4.061    24   2.2
   1  13   50.978  -50.375  109.232    0.00   4.042    23   2.2
   1  14   51.818  -52.139  108.942    0.00   3.963    22   2.2
   1  15   52.726  -52.275  108.885    0.00   3.948    21   2.2
   1  16   53.701  -53.155  108.729    0.00   3.909    21   2.2
   1  17   54.743  -55.197  108.425    0.00   3.834    20   2.2
   1  18   55.853  -55.716  108.325    0.00   3.811    20   2.2
   1  19   57.029  -56.563  108.186    0.00   3.780    19   2.2
   1  20   58.273  -57.834  107.998    0.00   3.740    19   2.2
   1  21   59.584  -59.178  107.807    0.00   3.701    19   2.2
   1  22   60.963  -60.599  107.612    0.00   3.664    19   2.2
   1  23   62.408  -62.079  107.415    0.00   3.630    19   2.2
   1  24   63.921  -63.627  107.217    0.00   3.599    19   2.2
   1  25   65.501  -65.246  107.016    0.00   3.571    19   2.2
   1  26   67.148  -66.932  106.814    0.00   3.545    19   2.2
   1  27   68.863  -68.688  106.609    0.00   3.524    19   2.2
   1  28   70.645  -70.511  106.402    0.00   3.506    19   2.2
   1  29   72.494  -72.404  106.192    0.00   3.492    19   2.2
   1  30   74.410  -74.366  105.981    0.00   3.482    19   2.2
   1  31   76.394  -76.395  105.766    0.00   3.477    19   2.2
   1  32   78.444  -78.495  105.549    0.00   3.477    19   2.2
   1  33   80.562  -80.662  105.328    0.00   3.482    19   2.2
   1  34   82.748  -82.900  105.103    0.00   3.493    19   2.2
   1  35   85.000  -85.206  104.874    0.00   3.510    19   2.2
   1   1   46.133  -46.457  111.117    0.00   4.611    49   3.1
   1   2   46.258  -46.354  112.654    0.00   5.087    43   3.1
   1   3   46.383  -45.733  113.630    0.00   5.390    43   3.1
   1   4   46.508  -46.821  112.183    0.00   4.940    38   3.1
   1   5   46.633  -46.864  112.478    0.00   5.030    38   3.1
   1   6   46.759  -46.598  112.800    0.00   5.129    40   3.1
   1   7   46.884  -47.035  112.933    0.00   5.169    39   3.1
   1   8   47.009  -46.982  113.202    0.00   5.251    40   3.1
   1   9   47.134  -47.418  113.324    0.00   5.288    38   3.1
   1  10   47.259  -47.243  113.569    0.00   5.362    40   3.1
   1  11   47.384  -47.642  113.665    0.00   5.390    39   3.1
   1  12   47.509  -46.509  114.073    0.00   5.514    40   3.1
   1  13   47.634  -46.532  114.217    0.00   5.557    39   3.1
   1  14   47.759  -47.051  114.301    0.00   5.581    39   3.1
   1  15   47.884  -46.790  114.536    0.00   5.651    39   3.1
   1  16   48.010  -48.278  114.433    0.00   5.618    39   3.1
   1  17   48.135  -47.669  114.673    0.00   5.690    39   3.1
   1  18   48.260  -47.348  114.906    0.00   5.758    41   3.1
   1  19   48.385  -47.779  114.970    0.00   5.776    40   3.1
   1  20   48.510  -48.236  115.039    0.00   5.796    40   3.1
   1   1   48.542  -48.441  115.041    0.00   5.796    40   3.2
   1   2   51.146  -50.242  111.214    0.00   4.702    31   3.2
   1   3   53.750  -52.738  110.198    0.00   4.435    27   3.2
   1   4   56.354  -55.240  109.490    0.00   4.265    25   3.2
   1   5   58.959  -57.905  108.883    0.00   4.134    23   3.2
   1   6   61.563  -61.189  108.295    0.00   4.022    22   3.2
   1   7   64.167  -63.869  107.834    0.00   3.949    22   3.2
   1   8   66.771  -66.504  107.416    0.00   3.893    22   3.2
   1   9   69.375  -69.144  107.024    0.00   3.852    22   3.2
   1  10   71.979  -71.790  106.654    0.00   3.823    22   3.2
   1  11   74.583  -74.439  106.300    0.00   3.806    22   3.2
   1  12   77.188  -77.092  105.958    0.00   3.800    22   3.2
   1  13   79.792  -79.748  105.627    0.00   3.804    22   3.2
   1  14   82.396  -82.407  105.303    0.00   3.817    22   3.2
   1  15   85.000  -85.069  104.985    0.00   3.840    22   3.2
   1   1   55.646  -54.942  109.957    0.00   4.371    28   4.1
   1   2   55.929  -55.126  110.911    0.00   4.587    31   4.1
   1   3   56.211  -55.190  111.441    0.00   4.705    32   4.1
   1   4   56.494  -55.362  111.837    0.00   4.793    33   4.1
   1   5   56.776  -55.342  112.222    0.00   4.877    35   4.1
   1   6   57.059  -55.591  112.521    0.00   4.941    37   4.1
   1   7   57.341  -55.731  112.809    0.00   5.002    36   4.1
   1   8   57.624  -55.607  113.115    0.00   5.067    37   4.1
   1   9   57.906  -55.661  113.387    0.00   5.124    38   4.1
   1  10   58.189  -56.132  113.557    0.00   5.157    38   4.1
   1  11   58.471  -56.327  113.787    0.00   5.204    39   4.1
   1  12   58.754  -56.601  114.003    0.00   5.246    40   4.1
   1  13   59.036  -57.637  114.115    0.00   5.266    41   4.1
   1  14   59.319  -57.547  114.335    0.00   5.310    42   4.1
   1  15   59.601  -58.496  114.444    0.00   5.329    43   4.1
   1  16   59.884  -57.802  114.781    0.00   5.395    45   4.1
   1  17   60.166  -60.092  114.688    0.00   5.373    42   4.1
   1  18   60.449  -57.759  115.205    0.00   5.473    44   4.1
   1  19   60.731  -58.588  115.319    0.00   5.490    45   4.1
   1  20   61.014  -59.190  115.478    0.00   5.517    45   4.1
   1   1   61.026  -58.738  115.284    0.00   5.484    46   4.2
   1   2   61.148  -59.949  114.300    0.00   5.307    42   4.2
   1   3   61.515  -60.159  113.271    0.00   5.122    39   4.2
   1   4   62.126  -59.785  112.486    0.00   4.984    37   4.2
   1   5   62.983  -60.904  111.652    0.00   4.839    36   4.2
   1   6   64.084  -62.626  110.830    0.00   4.704    33   4.2
   1   7   65.429  -62.865  110.310    0.00   4.624    32   4.2
   1   8   67.019  -64.699  109.638    0.00   4.529    30   4.2
   1   9   68.854  -66.969  108.978    0.00   4.447    28   4.2
   1  10   70.933  -68.974  108.395    0.00   4.387    28   4.2
   1  11   73.257  -71.274  107.813    0.00   4.341    29   4.2
   1  12   75.826  -82.652  106.008    0.00   4.324    29   4.2
   1  13   78.639  -85.971  105.440    0.00   4.368    27   4.2
   1  14   81.697  -89.017  104.807    0.00   4.443    27   4.2
   1  15   85.000   87.420  104.288    0.00   4.491    27   4.2
   1   1   61.025  -61.192  122.065    0.00   6.767    55   5.2
   1   2   61.028  -61.344  122.063    0.00   6.766    55   5.2
   1   3   61.034  -61.888  122.520    0.00   6.840    57   5.2
   1   4   61.045  -60.934  121.487    0.00   6.680    55   5.2
   1   5   61.060  -61.901  121.476    0.00   6.675    54   5.2
   1   6   61.079  -60.986  122.100    0.00   6.774    55   5.2
   1   7   61.103  -61.513  122.437    0.00   6.824    58   5.2
   1   8   61.131  -61.735  122.907    0.00   6.898    59   5.2
   1   9   61.164  -62.264  122.239    0.00   6.792    55   5.2
   1  10   61.201  -58.203  123.828    0.00   7.058    60   5.1
   1  11   61.242  -60.139  123.499    0.00   6.996    60   5.1
   1  12   61.287  -62.415  131.002    0.00   8.302   113   5.1
   1  13   61.337  -68.258  128.766    0.00   8.053    76   5.2
   1  14   61.391  -69.116  128.538    0.00   8.031    75   5.2
   1  15   61.450  -68.810  128.577    0.00   8.035    74   5.2
   1  16   61.513  -73.085  127.958    0.00   8.012    78   5.2
   1  17   61.580  -60.248  124.595    0.00   7.206    66   5.1
   1  18   61.651  -67.914  128.877    0.00   8.065    78   5.2
   1  19   61.727  -72.135  128.188    0.00   8.035    79   5.2
   1  20   61.807  -71.458  128.263    0.00   8.040    80   5.2
   1   1   61.808  -69.928  128.661    0.00   8.062    83   5.2
   1   2   61.835  -69.927  128.659    0.00   8.062    83   5.2
   1   3   61.918  -60.366  113.650    0.00   5.199    44   5.2
   1   4   62.056  -60.355  113.309    0.00   5.139    43   5.2
   1   5   62.249  -59.945  113.236    0.00   5.126    43   5.2
   1   6   62.497  -60.175  112.965    0.00   5.078    42   5.2
   1   7   62.800  -60.006  112.377    0.00   4.976    40   5.2
   1   8   63.159  -60.791  112.023    0.00   4.914    39   5.2
   1   9   63.573  -61.167  111.720    0.00   4.862    39   5.2
   1  10   64.041  -61.566  111.411    0.00   4.811    38   5.2
   1  11   64.565  -61.315  111.211    0.00   4.778    37   5.2
   1  12   65.145  -62.603  110.805    0.00   4.713    36   5.2
   1  13   65.779  -62.656  110.572    0.00   4.677    36   5.2
   1  14   66.468  -62.763  110.342    0.00   4.643    35   5.2
   1  15   67.213  -65.317  109.520    0.00   4.530    33   5.2
   1  16   68.013  -67.073  109.149    0.00   4.486    32   5.2
   1  17   68.867  -68.950  108.695    0.00   4.440    31   5.2
   1  18   69.777  -69.902  108.435    0.00   4.417    31   5.2
   1  19   70.743  -70.917  108.171    0.00   4.397    31   5.2
   1  20   71.763  -71.995  107.905    0.00   4.380    31   5.2
   1  21   72.839  -73.134  107.639    0.00   4.366    31   5.2
   1  22   73.969  -74.352  107.369    0.00   4.355    32   5.2
   1  23   75.155  -75.642  107.096    0.00   4.348    32   5.2
   1  24   76.396  -76.630  106.875    0.00   4.345    31   5.2
   1  25   77.692  -78.095  106.590    0.00   4.345    31   5.2
   1  26   79.043  -79.545  106.314    0.00   4.349    32   5.2
   1  27   80.450  -89.491  104.849    0.00   4.467    30   5.2
   1  28   81.911   88.759  104.616    0.00   4.502    30   5.2
   1  29   83.428   87.217  104.340    0.00   4.531    30   5.2
   1  30   85.000   85.638  104.054    0.00   4.502    30   5.2
   1   1   66.894  -64.865  109.770    0.00   4.560    34   6.1
   1   2   66.898  -64.867  109.777    0.00   4.561    34   6.1
   1   3   66.911  -64.874  109.797    0.00   4.564    34   6.1
   1   4   66.932  -64.890  109.841    0.00   4.569    34   6.1
   1   5   66.962  -64.926  109.983    0.00   4.587    34   6.1
   1   6   67.001  -64.955  110.234    0.00   4.618    36   6.1
   1   7   67.048  -65.030  110.466    0.00   4.647    36   6.1
   1   8   67.103  -65.070  110.697    0.00   4.676    37   6.1
   1   9   67.167  -65.729  110.868    0.00   4.697    38   6.1
   1  10   67.240  -61.074  112.257    0.00   4.898    43   6.1
   1  11   67.321  -61.807  112.276    0.00   4.899    42   6.1
   1  12   67.410  -62.342  112.335    0.00   4.907    41   6.1
   1  13   67.508  -61.819  112.608    0.00   4.950    43   6.1
   1  14   67.615  -62.415  112.673    0.00   4.959    43   6.1
   1  15   67.730  -61.901  112.848    0.00   4.986    44   6.1
   1   1   67.730  -62.630  112.649    0.00   4.955    44   6.2
   1   2   67.778  -61.476  112.536    0.00   4.940    44   6.2
   1   3   67.922  -63.277  111.848    0.00   4.836    42   6.2
   1   4   68.161  -66.754  110.641    0.00   4.675    40   6.2
   1   5   68.496  -66.871  110.306    0.00   4.638    38   6.2
   1   6   68.926  -67.244  109.989    0.00   4.603    35   6.2
   1   7   69.453  -67.324  109.764    0.00   4.579    35   6.2
   1   8   70.074  -68.308  109.393    0.00   4.542    35   6.2
   1   9   70.792  -68.676  109.158    0.00   4.520    33   6.2
   1  10   71.605  -69.474  108.862    0.00   4.494    33   6.2
   1  11   72.514  -71.359  108.381    0.00   4.458    33   6.2
   1  12   73.519  -71.972  108.144    0.00   4.444    33   6.2
   1  13   74.619  -72.900  107.861    0.00   4.430    33   6.2
   1  14   75.815  -74.610  107.481    0.00   4.415    34   6.2
   1  15   77.107  -81.054  106.378    0.00   4.418    32   6.2
   1  16   78.494  -82.623  106.068    0.00   4.434    33   6.2
   1  17   79.977  -84.365  105.737    0.00   4.457    33   6.2
   1  18   81.556  -87.150  105.250    0.00   4.503    33   6.2
   1  19   83.230  -89.836  104.765    0.00   4.565    32   6.2
   1  20   85.000   88.234  104.425    0.00   4.617    32   6.2
   1   1   73.623  -72.470  108.079    0.00   4.440    34   7.1
   1   2   73.627  -71.582  108.548    0.00   4.465    35   7.1
   1   3   73.638  -71.896  109.000    0.00   4.490    35   7.1
   1   4   73.656  -72.106  109.465    0.00   4.515    36   7.1
   1   5   73.682  -66.729  110.993    0.00   4.641    40   7.1
   1   6   73.715  -67.324  111.054    0.00   4.647    39   7.1
   1   7   73.756  -67.361  111.209    0.00   4.664    39   7.1
   1   8   73.803  -67.419  111.382    0.00   4.683    39   7.1
   1   9   73.859  -66.148  111.754    0.00   4.725    40   7.1
   1  10   73.921  -65.094  112.139    0.00   4.770    41   7.1
   1  11   73.991  -66.619  112.171    0.00   4.770    41   7.1
   1  12   74.068  -66.614  112.438    0.00   4.799    42   7.1
   1  13   74.153  -65.212  112.948    0.00   4.859    42   7.1
   1  14   74.245  -66.665  113.044    0.00   4.866    42   7.1
   1  15   74.344  -67.191  113.259    0.00   4.889    42   7.1
   1  16   74.451  -67.618  113.551    0.00   4.919    45   7.1
   1  17   74.565  -67.473  113.917    0.00   4.956    44   7.1
   1  18   74.686  -66.493  114.483    0.00   5.015    45   7.1
   1  19   74.815  -66.944  114.824    0.00   5.048    45   7.1
   1  20   74.951  -69.532  114.655    0.00   5.027    48   7.1
   1  21   75.095  -72.812  114.744    0.00   5.016    49   7.1
   1  22   75.245  -69.286  114.532    0.00   5.018    47   7.1
   1  23   75.404  -72.635  114.585    0.00   5.010    50   7.1
   1  24   75.569  -73.053  115.929    0.00   5.061    55   7.1
   1  25   75.742  -78.640  117.571    0.00   5.008    59   7.1
   1  26   75.922  -79.400  118.614    0.00   4.982    61   7.1
   1  27   76.110  -70.606  121.739    0.00   5.068    65   7.1
   1  28   76.305  -70.399  122.318    0.00   5.109    65   7.1
   1  29   76.507  -70.579  122.942    0.00   5.153    65   7.1
   1  30   76.717  -80.592  123.989    0.00   5.258    72   7.1
   1   1   76.717  -81.051  123.789    0.00   5.267    69   7.2
   1   2   76.759  -72.729  124.094    0.00   5.226    65   7.2
   1   3   76.886  -71.688  122.325    0.00   5.140    63   7.2
   1   4   77.097  -70.562  122.395    0.00   5.133    63   7.2
   1   5   77.393  -73.037  111.462    0.00   4.876    41   7.4
   1   6   77.774  -73.680  111.072    0.00   4.860    40   7.4
   1   7   78.238  -74.676  110.632    0.00   4.845    40   7.4
   1   8   78.788  -75.358  110.196    0.00   4.833    41   7.4
   1   9   79.422  -76.030  109.746    0.00   4.824    41   7.4
   1  10   80.140  -77.528  108.988    0.00   4.818    41   7.4
   1  11   80.943  -82.225  107.777    0.00   4.858    40   7.4
   1  12   81.830  -83.144  107.315    0.00   4.886    39   7.4
   1  13   82.802  -84.140  106.842    0.00   4.919    40   7.4
   1  14   83.859  -85.665  106.292    0.00   4.966    41   7.4
   1  15   85.000  -86.875  105.774    0.00   5.018    40   7.4
   1   1   77.886  -78.908  115.116    0.00   5.121    52   8.1
   1   2   77.887  -78.951  115.179    0.00   5.120    52   8.1
   1   3   77.891  -78.789  115.366    0.00   5.116    53   8.1
   1   4   77.897  -78.981  115.489    0.00   5.112    52   8.1
   1   5   77.906  -79.212  115.645    0.00   5.109    52   8.1
   1   6   77.918  -79.099  115.886    0.00   5.103    52   8.1
   1   7   77.932  -79.413  116.098    0.00   5.097    53   8.1
   1   8   77.949  -80.430  116.242    0.00   5.092    54   8.1
   1   9   77.969  -79.670  116.765    0.00   5.074    54   8.1
   1  10   77.991  -79.730  117.246    0.00   5.059    56   8.1
   1  11   78.016  -80.106  117.823    0.00   5.039    57   8.1
   1  12   78.043  -76.843  119.282    0.00   4.995    55   8.1
   1  13   78.073  -75.504  120.424    0.00   5.001    57   8.1
   1  14   78.106  -43.899  140.000    7.53   0.895    45   8.1
   1  15   78.141  -35.310  140.000    9.00   0.732    43   8.1
   1  16   78.178  -14.960  140.000    9.98   0.651    40   8.1
   1  17   78.219  -14.077  140.000   10.44   0.635    40   8.1
   1  18   78.262  -13.187  140.000   10.91   0.620    40   8.1
   1  19   78.307  -12.302  140.000   11.38   0.606    40   8.1
   1  20   78.355  -11.412  140.000   11.85   0.593    40   8.1
   1   1   78.356  -12.248  140.000   11.69   0.598    41   8.2
   1   2   78.364  -15.711  140.000   10.92   0.623    40   8.2
   1   3   78.387  -36.174  140.000    9.24   0.724    42   8.2
   1   4   78.427  -78.382  140.000    4.37   2.100    60   8.2
   1   5   78.482  -78.113  137.613    0.00   4.963    60   8.2
   1   6   78.553  -74.565  136.067    0.00   4.963    59   8.2
   1   7   78.640  -74.651  133.924    0.00   4.905    59   8.2
   1   8   78.743  -74.048  132.054    0.00   4.835    65   8.2
   1   9   78.861  -79.253  129.544    0.00   4.797    60   8.2
   1  10   78.996  -79.236  129.537    0.00   4.797    60   8.2
   1  11   79.146  -86.644  126.619    0.00   5.041    62   8.2
   1  12   79.312  -84.155  124.714    0.00   5.247    56   8.2
   1  13   79.493  -83.079  123.188    0.00   5.356    54   8.2
   1  14   79.691  -78.412  123.292    0.00   5.332    52   8.2
   1  15   79.904  -77.190  122.663    0.00   5.335    53   8.2
   1  16   80.133  -80.987  119.390    0.00   5.339    53   8.2
   1  17   80.378  -82.200  123.650    0.00   5.360    55   8.2
   1  18   80.639  -74.832  121.927    0.00   5.326    54   8.2
   1  19   80.916  -75.421  120.786    0.00   5.301    55   8.2
   1  20   81.208  -79.946  118.822    0.00   5.323    54   8.2
   1  21   81.516  -82.930  117.301    0.00   5.416    54   8.2
   1  22   81.840  -82.789  116.342    0.00   5.480    51   8.2
   1  23   82.180  -82.489  115.541    0.00   5.536    53   8.2
   1  24   82.535  -82.168  114.876    0.00   5.577    50   8.2
   1  25   82.906  -79.870  114.582    0.00   5.600    48   8.2
   1  26   83.294  -79.625  113.951    0.00   5.620    48   8.2
   1  27   83.696  -79.857  113.270    0.00   5.641    49   8.2
   1  28   84.115  -80.577  112.522    0.00   5.667    49   8.2
   1  29   84.550  -77.422  112.535    0.00   5.669    49   8.2
   1  30   85.000  -78.053  111.753    0.00   5.673    48   8.2
   1   1   78.472  -78.497  138.268    0.00   4.955    61   9.1
   1   2   78.472  -78.655  139.548    0.00   4.937    59   9.1
   1   3   78.475  -66.721  140.000    6.54   1.193    46   9.1
   1   4   78.480  -20.804  140.000    9.99   0.655    40   9.1
   1   5   78.486  -16.743  140.000   11.20   0.600    39   9.1
   1   6   78.495  -15.414  140.000   11.71   0.581    38   9.1
   1   7   78.505  -12.594  140.000   12.44   0.557    38   9.1
   1   8   78.517   -5.821  140.000   12.91   0.545    37   9.1
   1   9   78.531   -5.138  140.000   13.16   0.542    37   9.1
   1  10   78.547   -4.451  140.000   13.43   0.539    37   9.1
   1  11   78.565   -3.791  140.000   13.69   0.536    36   9.1
   1  12   78.584   -3.157  140.000   13.95   0.534    36   9.1
   1  13   78.605   -2.526  140.000   14.22   0.533    36   9.1
   1  14   78.629   -1.890  140.000   14.49   0.531    36   9.1
   1  15   78.654   -1.233  140.000   14.79   0.530    36   9.1
***    shot#   1 ray code  9.2 no rays traced  ***

***  less than nray rays traced for    2 ray groups  ***

|----------------------------------------------------------------|
|                                                                |
|  total of  1353 rays consisting of   43755 points were traced  |
|                                                                |
|           model consists of  9 layers and  632 blocks           |
|                                                                |
|----------------------------------------------------------------|

