   104.400    -1.000     0.000         0
    13.689    59.937     0.010         1
    59.855    29.580     0.010         1
    76.830    18.487     0.010         1
    85.034    13.191     0.010         1
    89.693    10.240     0.010         1
    92.708     8.377     0.010         1
    94.815     7.116     0.010         1
    96.384     6.214     0.010         1
    97.616     5.538     0.010         1
    98.611     5.022     0.010         1
    99.440     4.619     0.010         1
   100.147     4.301     0.010         1
   100.768     4.045     0.010         1
   101.323     3.839     0.010         1
   101.828     3.674     0.010         1
   102.295     3.542     0.010         1
   102.732     3.439     0.010         1
   103.146     3.362     0.010         1
   103.545     3.307     0.010         1
   103.933     3.273     0.010         1
    98.190     5.347     0.010         2
    98.430     5.236     0.010         2
    98.319     5.288     0.010         3
    98.586     5.165     0.010         3
    98.678     5.123     0.010         3
    98.692     5.117     0.010         3
    98.884     5.031     0.010         3
    99.004     4.978     0.010         3
    99.123     4.925     0.010         3
    99.257     4.867     0.010         3
    99.391     4.809     0.010         3
    99.536     4.748     0.010         3
    99.684     4.686     0.010         3
    99.838     4.622     0.010         3
   100.000     4.557     0.010         3
   100.163     4.493     0.010         3
   100.332     4.427     0.010         3
   100.507     4.362     0.010         3
   100.683     4.298     0.010         3
   100.862     4.234     0.010         3
   101.044     4.172     0.010         3
   101.231     4.111     0.010         3
   101.420     4.052     0.010         3
   101.611     3.995     0.010         3
   101.804     3.940     0.010         3
   102.001     3.888     0.010         3
   102.198     3.838     0.010         3
   102.399     3.792     0.010         3
   102.601     3.750     0.010         3
   102.806     3.711     0.010         3
   103.014     3.676     0.010         3
   103.225     3.645     0.010         3
   103.439     3.618     0.010         3
   103.656     3.597     0.010         3
   103.878     3.581     0.010         3
    97.891     5.482     0.010         4
    97.344     5.731     0.010         4
    96.767     5.995     0.010         4
    96.625     6.058     0.010         4
    96.305     6.202     0.010         4
    95.981     6.350     0.010         4
    95.899     6.386     0.010         4
    95.543     6.547     0.010         4
    95.492     6.569     0.010         4
    95.272     6.667     0.010         4
    95.051     6.767     0.010         4
    95.095     6.746     0.010         5
    94.865     6.848     0.010         5
    94.748     6.900     0.010         5
    94.540     6.992     0.010         5
    94.471     7.022     0.010         5
    94.391     7.058     0.010         5
    94.137     7.170     0.010         5
    94.080     7.194     0.010         5
    94.018     7.221     0.010         5
    94.039     7.212     0.010         6
    97.634     5.662     0.010         6
    98.702     5.228     0.010         6
    99.327     4.990     0.010         6
    99.841     4.804     0.010         6
   100.557     4.565     0.010         6
   101.002     4.431     0.010         6
   101.412     4.319     0.010         6
   101.796     4.224     0.010         6
   102.159     4.144     0.010         6
   102.505     4.078     0.010         6
   102.838     4.024     0.010         6
   103.162     3.981     0.010         6
   103.478     3.948     0.010         6
   103.789     3.925     0.010         6
    99.145     5.057     0.010         7
    97.560     5.645     0.010         7
    96.894     5.890     0.010         7
    96.351     6.089     0.010         7
    95.937     6.239     0.010         7
    95.699     6.323     0.010         7
    95.327     6.457     0.010         7
    94.864     6.624     0.010         7
    94.703     6.679     0.010         7
    94.392     6.788     0.010         7
    93.968     6.938     0.010         7
    93.668     7.042     0.010         7
    93.491     7.101     0.010         7
    93.205     7.199     0.010         7
    92.914     7.298     0.010         7
    92.621     7.397     0.010         7
    92.686     7.371     0.010         8
    92.397     7.467     0.010         8
    92.238     7.519     0.010         8
    91.954     7.612     0.010         8
    91.944     7.615     0.010         9
    93.256     7.187     0.010         9
    94.500     6.784     0.010         9
    95.491     6.467     0.010         9
    96.401     6.182     0.010         9
    97.278     5.915     0.010         9
    98.067     5.686     0.010         9
    98.658     5.522     0.010         9
    98.260     5.640     0.010        10
    99.121     5.394     0.010        10
    99.857     5.199     0.010        10
   100.524     5.035     0.010        10
   101.178     4.892     0.010        10
   101.827     4.768     0.010        10
   102.477     4.665     0.010        10
    85.336     9.840     0.010        11
    85.510     9.785     0.010        11
    85.580     9.763     0.010        11
    73.987    13.943     0.010        12
    81.731    11.072     0.010        13
    82.639    10.747     0.010        13
    82.300    10.866     0.010        14
    82.133    10.926     0.010        14
    81.656    11.098     0.010        14
    81.607    11.115     0.010        14
    80.316    11.592     0.010        14
    84.551    10.106     0.010        15
    85.048     9.927     0.010        15
    85.006     9.940     0.010        16
    84.827     9.997     0.010        16
    84.806    10.003     0.010        16
    84.762    10.017     0.010        16
    84.325    10.180     0.010        16
    84.314    10.183     0.010        16
    84.301    10.187     0.010        16
    84.160    10.252     0.010        17
    83.630    10.420     0.010        17
    88.037     9.021     0.010        18
    88.283     8.951     0.010        18
    88.003     9.032     0.010        19
    87.487     9.187     0.010        19
    86.366     9.532     0.010        19
    83.821    10.385     0.010        19
    92.888     7.353     0.010        20
    94.430     6.852     0.010        20
    95.139     6.626     0.010        20
    95.674     6.457     0.010        20
    96.282     6.266     0.010        20
    96.655     6.151     0.010        20
    97.006     6.045     0.010        20
    97.546     5.881     0.010        20
    97.910     5.775     0.010        20
    98.544     5.593     0.010        20
    98.848     5.509     0.010        20
    99.181     5.419     0.010        20
    99.073     5.450     0.010        21
    99.327     5.381     0.010        21
    99.696     5.284     0.010        21
   100.072     5.188     0.010        21
   100.546     5.074     0.010        21
   100.875     5.000     0.010        21
   101.203     4.930     0.010        21
   101.529     4.866     0.010        21
   101.853     4.806     0.010        21
   102.177     4.752     0.010        21
    98.163     5.702     0.010        22
    98.110     5.717     0.010        22
    98.007     5.745     0.010        22
    97.877     5.782     0.010        22
    97.968     5.753     0.010        23
    97.859     5.784     0.010        23
    97.744     5.816     0.010        23
    97.671     5.836     0.010        23
    97.569     5.864     0.010        23
    97.462     5.893     0.010        23
    97.400     5.910     0.010        23
    97.307     5.935     0.010        23
    97.316     5.932     0.010        24
    97.274     5.943     0.010        24
    97.034     6.010     0.010        24
    97.085     5.996     0.010        25
    97.411     5.907     0.010        25
    97.902     5.772     0.010        25
    98.105     5.718     0.010        25
    98.361     5.649     0.010        25
    98.542     5.601     0.010        25
    98.727     5.552     0.010        25
    99.083     5.459     0.010        25
    99.076     5.461     0.010        26
    99.333     5.396     0.010        26
    99.675     5.311     0.010        26
    99.853     5.269     0.010        26
   100.100     5.210     0.010        26
   100.409     5.140     0.010        26
   100.695     5.078     0.010        26
   101.129     4.990     0.010        26
   101.443     4.931     0.010        26
   101.762     4.876     0.010        26
   102.086     4.825     0.010        26
   102.418     4.778     0.010        26
   100.381     5.146     0.010        27
   100.200     5.185     0.010        27
    99.830     5.264     0.010        27
    99.391     5.357     0.010        27
    98.999     5.441     0.010        27
    98.423     5.568     0.010        27
    98.214     5.615     0.010        27
    97.966     5.672     0.010        27
    97.678     5.738     0.010        27
    97.415     5.798     0.010        27
    97.036     5.884     0.010        27
    96.801     5.937     0.010        27
    96.484     6.009     0.010        27
    96.139     6.087     0.010        27
    95.816     6.160     0.010        27
    95.533     6.221     0.010        27
    95.113     6.313     0.010        27
    93.848     6.600     0.010        27
    93.580     6.664     0.010        27
    93.077     6.785     0.010        27
    92.915     6.822     0.010        27
    92.721     6.867     0.010        27
    92.296     6.965     0.010        27
    91.885     7.060     0.010        27
    93.411     6.739     0.010        28
    92.842     6.843     0.010        28
    91.905     7.017     0.010        28
    91.221     7.138     0.010        28
    90.554     7.259     0.010        28
    92.024     7.014     0.010        29
    96.106     6.166     0.010        30
    96.162     6.156     0.010        30
    96.323     6.127     0.010        30
    96.571     6.082     0.010        30
    96.841     6.034     0.010        30
    97.149     5.979     0.010        30
    97.584     5.903     0.010        30
    97.957     5.839     0.010        30
    98.413     5.765     0.010        30
    98.856     5.695     0.010        30
    99.280     5.632     0.010        30
    99.741     5.567     0.010        30
   100.185     5.508     0.010        30
   100.739     5.444     0.010        30
   101.166     5.399     0.010        30
    96.177     6.220     0.010        31
    94.267     6.578     0.010        31
    93.713     6.679     0.010        31
    92.403     6.895     0.010        31
    92.163     6.938     0.010        31
    91.397     7.066     0.010        31
    92.351     6.928     0.010        32
    92.140     6.948     0.010        32
    91.659     6.993     0.010        32
    91.179     7.040     0.010        32
    90.439     7.111     0.010        32
    89.319     7.226     0.010        32
    88.102     7.357     0.010        32
    87.433     7.427     0.010        32
    83.242     8.045     0.010        32
    71.202     9.793     0.010        32
    69.508    10.016     0.010        32
    65.419    10.552     0.010        32
    63.916    10.759     0.010        32
    62.554    10.942     0.010        32
    63.897    10.762     0.010        33
    65.501    10.543     0.010        33
    70.204     9.941     0.010        33
    71.553     9.760     0.010        33
    74.695     9.437     0.010        33
    71.936     9.713     0.010        34
    74.937     9.420     0.010        34
    77.878     8.988     0.010        34
    78.977     8.855     0.010        34
    81.135     8.501     0.010        34
    85.048     7.802     0.010        34
    86.359     7.640     0.010        34
    87.940     7.500     0.010        34
    88.633     7.440     0.010        34
    89.334     7.379     0.010        34
    90.015     7.322     0.010        34
    90.782     7.263     0.010        34
    91.491     7.214     0.010        34
    92.080     7.174     0.010        34
    92.837     7.130     0.010        34
    93.139     7.113     0.010        34
    93.178     7.113     0.010        34
    92.614     7.171     0.010        35
    92.900     7.132     0.010        35
    93.486     7.054     0.010        35
    94.312     6.955     0.010        35
    94.860     6.896     0.010        35
    95.242     6.856     0.010        35
    94.825     6.912     0.010        36
    95.349     6.840     0.010        36
    76.020     9.269     0.010        37
    61.454    11.077     0.010        37
    57.786    11.593     0.010        37
    55.168    11.947     0.010        37
    53.101    12.214     0.010        37
    52.198    12.329     0.010        37
    48.594    12.714     0.010        37
    47.152    12.868     0.010        37
    43.892    13.279     0.010        37
    41.485    13.656     0.010        37
    39.292    14.016     0.010        37
    37.376    14.302     0.010        37
    35.260    14.579     0.010        37
    32.757    14.895     0.010        37
    30.526    15.109     0.010        37
   104.400     1.000     0.000         0
   130.903    17.793     0.010         1
   123.189    12.822     0.010         1
   118.720     9.998     0.010         1
   115.815     8.209     0.010         1
   113.760     6.985     0.010         1
   112.232     6.111     0.010         1
   111.039     5.461     0.010         1
   110.072     4.963     0.010         1
   109.263     4.574     0.010         1
   108.562     4.262     0.010         1
   107.946     4.012     0.010         1
   107.396     3.811     0.010         1
   106.894     3.650     0.010         1
   106.431     3.523     0.010         1
   105.996     3.424     0.010         1
   105.582     3.350     0.010         1
   105.183     3.299     0.010         1
   104.794     3.269     0.010         1
   110.546     5.313     0.010         2
   110.516     5.299     0.010         2
   110.430     5.261     0.010         2
   110.360     5.229     0.010         2
   110.267     5.186     0.010         2
   110.039     5.083     0.010         2
   110.058     5.092     0.010         3
   109.872     5.009     0.010         3
   109.813     4.983     0.010         3
   109.635     4.904     0.010         3
   109.536     4.862     0.010         3
   109.304     4.762     0.010         3
   109.232     4.732     0.010         3
   108.942     4.612     0.010         3
   108.885     4.589     0.010         3
   108.729     4.527     0.010         3
   108.425     4.409     0.010         3
   108.325     4.372     0.010         3
   108.186     4.321     0.010         3
   107.998     4.254     0.010         3
   107.807     4.188     0.010         3
   107.612     4.123     0.010         3
   107.415     4.061     0.010         3
   107.217     4.001     0.010         3
   107.016     3.944     0.010         3
   106.814     3.890     0.010         3
   106.609     3.839     0.010         3
   106.402     3.792     0.010         3
   106.192     3.748     0.010         3
   105.981     3.708     0.010         3
   105.766     3.672     0.010         3
   105.549     3.641     0.010         3
   105.328     3.614     0.010         3
   105.103     3.593     0.010         3
   104.874     3.577     0.010         3
   111.117     5.571     0.010         4
   112.654     6.267     0.010         4
   113.630     6.708     0.010         4
   112.183     6.052     0.010         5
   112.478     6.184     0.010         5
   112.800     6.329     0.010         5
   112.933     6.388     0.010         5
   113.202     6.509     0.010         5
   113.324     6.562     0.010         5
   113.569     6.672     0.010         5
   113.665     6.714     0.010         5
   114.073     6.896     0.010         5
   114.217     6.959     0.010         5
   114.301     6.995     0.010         5
   114.536     7.099     0.010         5
   114.433     7.052     0.010         6
   114.673     7.157     0.010         6
   114.906     7.259     0.010         6
   114.970     7.286     0.010         6
   115.039     7.315     0.010         6
   115.041     7.316     0.010         7
   111.214     5.675     0.010         7
   110.198     5.263     0.010         7
   109.490     4.992     0.010         7
   108.883     4.774     0.010         7
   108.295     4.579     0.010         7
   107.834     4.439     0.010         7
   107.416     4.324     0.010         7
   107.024     4.227     0.010         7
   106.654     4.145     0.010         7
   106.300     4.078     0.010         7
   105.958     4.023     0.010         7
   105.627     3.979     0.010         7
   105.303     3.946     0.010         7
   104.985     3.923     0.010         7
   109.957     5.165     0.010         8
   110.911     5.517     0.010         8
   111.441     5.711     0.010         8
   111.837     5.855     0.010         8
   112.222     5.994     0.010         8
   112.521     6.101     0.010         8
   112.809     6.204     0.010         8
   113.115     6.312     0.010         8
   113.387     6.408     0.010         8
   113.557     6.465     0.010         8
   113.787     6.545     0.010         8
   114.003     6.618     0.010         8
   114.115     6.654     0.010         8
   114.335     6.729     0.010         8
   114.444     6.764     0.010         8
   114.781     6.878     0.010         8
   114.688     6.843     0.010         9
   115.205     7.016     0.010         9
   115.319     7.050     0.010         9
   115.478     7.099     0.010         9
   115.284     7.039     0.010        10
   114.300     6.721     0.010        10
   113.271     6.389     0.010        10
   112.486     6.139     0.010        10
   111.652     5.875     0.010        10
   110.830     5.622     0.010        10
   110.310     5.469     0.010        10
   109.638     5.277     0.010        10
   108.978     5.101     0.010        10
   108.395     4.958     0.010        10
   107.813     4.828     0.010        10
   106.008     4.553     0.010        10
   105.440     4.517     0.010        10
   104.807     4.501     0.010        10
   104.288     4.507     0.010        10
   122.065     9.290     0.010        11
   122.063     9.289     0.010        11
   122.520     9.429     0.010        12
   121.487     9.122     0.010        12
   121.476     9.115     0.010        12
   122.100     9.303     0.010        13
   122.437     9.401     0.010        13
   122.907     9.542     0.010        13
   122.239     9.340     0.010        14
   123.828     9.833     0.010        15
   123.499     9.725     0.010        15
   131.002    12.102     0.010        16
   128.766    11.534     0.010        17
   128.538    11.480     0.010        17
   128.577    11.489     0.010        18
   127.958    11.378     0.010        18
   124.595    10.091     0.010        19
   128.877    11.562     0.010        20
   128.188    11.434     0.010        20
   128.263    11.449     0.010        21
   128.661    11.528     0.010        22
   128.659    11.528     0.010        22
   113.650     6.521     0.010        22
   113.309     6.411     0.010        22
   113.236     6.389     0.010        22
   112.965     6.302     0.010        22
   112.377     6.115     0.010        22
   112.023     6.003     0.010        22
   111.720     5.908     0.010        22
   111.411     5.812     0.010        22
   111.211     5.752     0.010        22
   110.805     5.628     0.010        22
   110.572     5.558     0.010        22
   110.342     5.492     0.010        22
   109.520     5.261     0.010        22
   109.149     5.165     0.010        22
   108.695     5.054     0.010        22
   108.435     4.994     0.010        22
   108.171     4.936     0.010        22
   107.905     4.880     0.010        22
   107.639     4.828     0.010        22
   107.369     4.779     0.010        22
   107.096     4.733     0.010        22
   106.875     4.698     0.010        22
   106.590     4.657     0.010        22
   106.314     4.623     0.010        22
   104.849     4.531     0.010        22
   104.616     4.533     0.010        22
   104.340     4.539     0.010        22
   104.054     4.551     0.010        22
   109.770     5.328     0.010        23
   109.777     5.330     0.010        23
   109.797     5.335     0.010        23
   109.841     5.347     0.010        23
   109.983     5.385     0.010        23
   110.234     5.452     0.010        23
   110.466     5.514     0.010        23
   110.697     5.576     0.010        23
   110.868     5.621     0.010        23
   112.257     6.021     0.010        23
   112.276     6.025     0.010        23
   112.335     6.041     0.010        23
   112.608     6.123     0.010        23
   112.673     6.141     0.010        23
   112.848     6.193     0.010        23
   112.649     6.133     0.010        24
   112.536     6.103     0.010        24
   111.848     5.900     0.010        24
   110.641     5.567     0.010        24
   110.306     5.481     0.010        24
   109.989     5.401     0.010        24
   109.764     5.346     0.010        24
   109.393     5.255     0.010        24
   109.158     5.200     0.010        24
   108.862     5.131     0.010        24
   108.381     5.027     0.010        24
   108.144     4.979     0.010        24
   107.861     4.924     0.010        24
   107.481     4.855     0.010        24
   106.378     4.701     0.010        24
   106.068     4.672     0.010        24
   105.737     4.648     0.010        24
   105.250     4.625     0.010        24
   104.765     4.617     0.010        24
   104.425     4.621     0.010        24
   108.079     4.966     0.010        25
   108.548     5.058     0.010        25
   109.000     5.147     0.010        25
   109.465     5.239     0.010        25
   110.993     5.583     0.010        25
   111.054     5.598     0.010        25
   111.209     5.637     0.010        25
   111.382     5.681     0.010        25
   111.754     5.775     0.010        25
   112.139     5.876     0.010        25
   112.171     5.880     0.010        25
   112.438     5.948     0.010        25
   112.948     6.080     0.010        25
   113.044     6.101     0.010        25
   113.259     6.155     0.010        25
   113.551     6.226     0.010        25
   113.917     6.315     0.010        25
   114.483     6.456     0.010        25
   114.824     6.537     0.010        25
   114.655     6.492     0.010        26
   114.744     6.494     0.010        26
   114.532     6.466     0.010        27
   114.585     6.465     0.010        27
   115.929     6.708     0.010        27
   117.571     6.889     0.010        27
   118.614     7.013     0.010        27
   121.739     7.545     0.010        27
   122.318     7.669     0.010        27
   122.942     7.802     0.010        27
   123.989     8.057     0.010        27
   123.789     8.036     0.010        28
   124.094     8.040     0.010        28
   122.325     7.701     0.010        29
   122.395     7.704     0.010        29
   111.462     5.885     0.010        30
   111.072     5.813     0.010        30
   110.632     5.735     0.010        30
   110.196     5.661     0.010        30
   109.746     5.588     0.010        30
   108.988     5.474     0.010        30
   107.777     5.340     0.010        30
   107.315     5.302     0.010        30
   106.842     5.268     0.010        30
   106.292     5.236     0.010        30
   105.774     5.214     0.010        30
   115.116     6.652     0.010        31
   115.179     6.660     0.010        31
   115.366     6.682     0.010        31
   115.489     6.697     0.010        31
   115.645     6.715     0.010        31
   115.886     6.744     0.010        31
   116.098     6.769     0.010        31
   116.242     6.784     0.010        31
   116.765     6.841     0.010        31
   117.246     6.894     0.010        31
   117.823     6.956     0.010        31
   119.282     7.121     0.010        31
   120.424     7.290     0.010        31
   137.613     9.708     0.010        32
   136.067     9.486     0.010        32
   133.924     9.123     0.010        32
   132.054     8.786     0.010        32
   129.544     8.389     0.010        32
   129.537     8.388     0.010        32
   126.619     8.215     0.010        32
   124.714     8.149     0.010        32
   123.188     8.040     0.010        32
   123.292     8.031     0.010        33
   122.663     7.944     0.010        33
   119.390     7.481     0.010        33
   123.650     8.110     0.010        34
   121.927     7.830     0.010        34
   120.785     7.642     0.010        34
   118.822     7.384     0.010        34
   117.301     7.259     0.010        34
   116.342     7.186     0.010        34
   115.541     7.128     0.010        34
   114.876     7.073     0.010        34
   114.582     7.054     0.010        34
   113.951     6.984     0.010        34
   113.270     6.908     0.010        34
   112.522     6.827     0.010        34
   112.535     6.831     0.010        35
   111.753     6.723     0.010        35
   138.268     9.793     0.010        36
   139.548     9.958     0.010        36
     0.000     0.000     0.000        -1
