   -35.000    35.000     0.000    15.000     0.000     3.500     1.500
     20     10
     1.434     1.434     1.434     1.434     1.434     1.434     1.434     1.434     1.434     1.434
     1.434     1.434     1.434     1.434     1.434     1.434     1.434     1.434     1.434     1.434
     1.434
     1.467     1.467     1.467     1.466     1.466     1.466     1.466     1.466     1.466     1.466
     1.465     1.465     1.465     1.465     1.464     1.464     1.464     1.464     1.464     1.464
     1.464
     1.500     1.499     1.499     1.499     1.499     1.499     1.498     1.498     1.498     1.497
     1.497     1.496     1.496     1.495     1.495     1.494     1.494     1.494     1.494     1.493
     1.493
     2.705     2.706     2.707     2.708     2.708     2.709     2.710     2.709     2.708     2.707
     2.706     2.705     2.705     2.704     2.704     2.703     2.703     2.702     2.702     2.701
     2.701
     3.002     3.003     3.003     3.004     3.005     3.006     3.007     3.009     3.013     3.018
     3.022     3.025     3.026     3.026     3.026     3.026     3.026     3.026     3.026     3.026
     3.026
     9.999     3.922     3.924     3.925     3.927     3.928     3.930     3.931     3.933     3.936
     3.939     3.940     3.941     3.942     3.942     3.943     3.944     3.944     3.945     3.946
     3.947
     9.999     4.904     4.904     4.904     4.904     4.904     4.903     4.904     4.903     4.903
     4.903     4.500     4.489     4.480     4.475     4.470     4.466     4.463     4.460     4.457
     4.455
     9.999     4.941     4.941     4.941     4.941     4.941     4.941     4.944     4.945     4.944
     4.943     4.942     4.940     4.938     4.936     4.935     4.933     4.931     4.929     4.927
     9.999
     9.999     9.999     4.977     4.978     4.978     4.978     4.978     4.984     4.986     4.985
     4.984     4.983     4.983     4.982     4.981     4.981     4.980     4.979     4.978     4.977
     9.999
     9.999     9.999     9.999     9.999     6.517     6.519     6.521     6.561     6.571     6.565
     6.560     6.560     6.559     6.559     6.558     6.556     6.554     6.552     9.999     9.999
     9.999
     9.999     9.999     9.999     9.999     6.811     6.811     6.812     6.828     6.832     6.830
     6.828     6.827     6.827     6.827     6.827     6.826     6.825     9.999     9.999     9.999
     9.999
      0
