    4 1.0000 1.0000
 -55.000   0.000 -20.000   0.000 -20.000   3.799 -55.000   3.799
    4 1.0000 1.0000
  50.000   0.000  85.000   0.000  85.000   3.806  50.000   3.806
    4 1.7151 1.7151
 -55.000   3.799 -20.000   3.799 -20.000   4.242 -55.000   4.242
    4 1.7151 1.7151
  50.000   3.806  85.000   3.806  85.000   4.239  50.000   4.239
    4 2.0386 2.0386
 -55.000   4.242 -20.000   4.242 -20.000   4.781 -55.000   4.781
    4 2.0386 2.0386
  50.000   4.239  85.000   4.239  85.000   4.798  50.000   4.798
    4 2.2213 2.2213
 -55.000   4.781 -20.000   4.781 -20.000   4.965 -55.000   4.965
    4 2.2213 2.2213
  50.000   4.798  85.000   4.798  85.000   5.040  50.000   5.040
    4 2.2733 2.2733
 -55.000   4.965 -20.000   4.965 -20.000   5.422 -55.000   5.422
    4 2.2733 2.2733
  50.000   5.040  85.000   5.040  85.000   5.443  50.000   5.443
    4 2.3491 2.3491
 -55.000   5.422 -20.000   5.422 -20.000   6.226 -55.000   6.226
    4 2.3491 2.3491
  50.000   5.443  85.000   5.443  85.000   6.305  50.000   6.305
    4 2.4093 2.4093
 -55.000   6.226 -20.000   6.226 -20.000   6.734 -55.000   6.734
    4 2.4093 2.4093
  50.000   6.305  85.000   6.305  85.000   7.086  50.000   7.086
    4 2.4363 2.4363
 -55.000   6.734 -20.000   6.734 -20.000   8.411 -55.000   8.411
    4 2.4363 2.4363
  50.000   7.086  85.000   7.086  85.000   8.827  50.000   8.827
    4 2.4819 2.4819
 -55.000   8.411 -20.000   8.411 -20.000   9.547 -55.000   9.547
    4 2.4819 2.4819
  50.000   8.827  85.000   8.827  85.000   9.945  50.000   9.945
    4 2.6082 2.6082
 -55.000   9.547 -20.000   9.547 -20.000  11.465 -55.000  11.465
    4 2.6082 2.6082
  50.000   9.945  85.000   9.945  85.000  11.633  50.000  11.633
    4 2.8993 2.8993
 -55.000  11.465 -20.000  11.465 -20.000  15.654 -55.000  15.654
    4 2.8993 2.8993
  50.000  11.633  85.000  11.633  85.000  15.740  50.000  15.740
    4 3.3540 3.3540
 -55.000  15.654 -20.000  15.654 -20.000  17.938 -55.000  17.938
    4 3.3540 3.3540
  50.000  15.740  85.000  15.740  85.000  17.938  50.000  17.938
    4 1.0000 1.0000
 -20.000   0.000   0.000   0.000   0.000   3.799 -20.000   3.799
    4 1.0000 1.0000
   0.000   0.000   1.305   0.000   1.305   3.798   0.000   3.799
    4 1.0000 1.0000
   1.305   0.000   1.518   0.000   1.518   3.801   1.305   3.798
    4 1.0000 1.0000
   1.518   0.000   2.038   0.000   2.038   3.797   1.518   3.801
    4 1.0000 1.0000
   2.038   0.000   2.283   0.000   2.283   3.801   2.038   3.797
    4 1.0000 1.0000
   2.283   0.000   2.729   0.000   2.729   3.801   2.283   3.801
    4 1.0000 1.0000
   2.729   0.000   3.100   0.000   3.100   3.804   2.729   3.801
    4 1.0000 1.0000
   3.100   0.000   3.375   0.000   3.375   3.801   3.100   3.804
    4 1.0000 1.0000
   3.375   0.000   3.835   0.000   3.835   3.802   3.375   3.801
    4 1.0000 1.0000
   3.835   0.000   4.240   0.000   4.240   3.801   3.835   3.802
    4 1.0000 1.0000
   4.240   0.000   4.812   0.000   4.812   3.800   4.240   3.801
    4 1.0000 1.0000
   4.812   0.000   5.251   0.000   5.251   3.805   4.812   3.800
    4 1.0000 1.0000
   5.251   0.000   5.618   0.000   5.618   3.799   5.251   3.805
    4 1.0000 1.0000
   5.618   0.000   5.865   0.000   5.865   3.805   5.618   3.799
    4 1.0000 1.0000
   5.865   0.000   6.076   0.000   6.076   3.804   5.865   3.805
    4 1.0000 1.0000
   6.076   0.000   6.280   0.000   6.280   3.802   6.076   3.804
    4 1.0000 1.0000
   6.280   0.000   6.593   0.000   6.593   3.801   6.280   3.802
    4 1.0000 1.0000
   6.593   0.000   7.030   0.000   7.030   3.802   6.593   3.801
    4 1.0000 1.0000
   7.030   0.000   7.482   0.000   7.482   3.804   7.030   3.802
    4 1.0000 1.0000
   7.482   0.000   8.103   0.000   8.103   3.802   7.482   3.804
    4 1.0000 1.0000
   8.103   0.000   8.492   0.000   8.492   3.800   8.103   3.802
    4 1.0000 1.0000
   8.492   0.000   8.848   0.000   8.848   3.804   8.492   3.800
    4 1.0000 1.0000
   8.848   0.000   9.126   0.000   9.126   3.801   8.848   3.804
    4 1.0000 1.0000
   9.126   0.000   9.675   0.000   9.675   3.797   9.126   3.801
    4 1.0000 1.0000
   9.675   0.000  10.058   0.000  10.058   3.797   9.675   3.797
    4 1.0000 1.0000
  10.058   0.000  10.420   0.000  10.420   3.804  10.058   3.797
    4 1.0000 1.0000
  10.420   0.000  10.861   0.000  10.861   3.801  10.420   3.804
    4 1.0000 1.0000
  10.861   0.000  11.339   0.000  11.339   3.802  10.861   3.801
    4 1.0000 1.0000
  11.339   0.000  11.644   0.000  11.644   3.797  11.339   3.802
    4 1.0000 1.0000
  11.644   0.000  12.177   0.000  12.177   3.801  11.644   3.797
    4 1.0000 1.0000
  12.177   0.000  12.582   0.000  12.582   3.802  12.177   3.801
    4 1.0000 1.0000
  12.582   0.000  12.924   0.000  12.924   3.801  12.582   3.802
    4 1.0000 1.0000
  12.924   0.000  13.565   0.000  13.565   3.801  12.924   3.801
    4 1.0000 1.0000
  13.565   0.000  14.335   0.000  14.335   3.804  13.565   3.801
    4 1.0000 1.0000
  14.335   0.000  14.962   0.000  14.962   3.801  14.335   3.804
    4 1.0000 1.0000
  14.962   0.000  15.852   0.000  15.852   3.801  14.962   3.801
    4 1.0000 1.0000
  15.852   0.000  16.727   0.000  16.727   3.804  15.852   3.801
    4 1.0000 1.0000
  16.727   0.000  17.275   0.000  17.275   3.804  16.727   3.804
    4 1.0000 1.0000
  17.275   0.000  17.727   0.000  17.727   3.800  17.275   3.804
    4 1.0000 1.0000
  17.727   0.000  18.192   0.000  18.192   3.802  17.727   3.800
    4 1.0000 1.0000
  18.192   0.000  18.663   0.000  18.663   3.801  18.192   3.802
    4 1.0000 1.0000
  18.663   0.000  19.194   0.000  19.194   3.800  18.663   3.801
    4 1.0000 1.0000
  19.194   0.000  19.654   0.000  19.654   3.805  19.194   3.800
    4 1.0000 1.0000
  19.654   0.000  20.624   0.000  20.624   3.802  19.654   3.805
    4 1.0000 1.0000
  20.624   0.000  22.464   0.000  22.464   3.801  20.624   3.802
    4 1.0000 1.0000
  22.464   0.000  24.019   0.000  24.019   3.801  22.464   3.801
    4 1.0000 1.0000
  24.019   0.000  25.136   0.000  25.136   3.804  24.019   3.801
    4 1.0000 1.0000
  25.136   0.000  27.206   0.000  27.206   3.806  25.136   3.804
    4 1.0000 1.0000
  27.206   0.000  28.838   0.000  28.838   3.804  27.206   3.806
    4 1.0000 1.0000
  28.838   0.000  31.093   0.000  31.093   3.805  28.838   3.804
    4 1.0000 1.0000
  31.093   0.000  32.717   0.000  32.717   3.801  31.093   3.805
    4 1.0000 1.0000
  32.717   0.000  34.251   0.000  34.251   3.801  32.717   3.801
    4 1.0000 1.0000
  34.251   0.000  35.000   0.000  35.000   3.806  34.251   3.801
    4 1.0000 1.0000
  35.000   0.000  50.000   0.000  50.000   3.806  35.000   3.806
    4 1.7151 1.7151
 -20.000   3.799   0.000   3.799   0.000   4.242 -20.000   4.242
    4 1.7151 1.7151
   0.000   3.799   1.305   3.798   1.305   4.240   0.000   4.242
    4 1.7151 1.7151
   1.305   3.798   1.518   3.801   1.518   4.240   1.305   4.240
    4 1.7151 1.7151
   1.518   3.801   2.038   3.797   2.038   4.239   1.518   4.240
    4 1.7151 1.7151
   2.038   3.797   2.283   3.801   2.283   4.238   2.038   4.239
    4 1.7151 1.7151
   2.283   3.801   2.729   3.801   2.729   4.237   2.283   4.238
    4 1.7151 1.7151
   2.729   3.801   3.100   3.804   3.100   4.237   2.729   4.237
    4 1.7151 1.7151
   3.100   3.804   3.375   3.801   3.375   4.236   3.100   4.237
    4 1.7151 1.7151
   3.375   3.801   3.835   3.802   3.835   4.236   3.375   4.236
    4 1.7151 1.7151
   3.835   3.802   4.240   3.801   4.240   4.235   3.835   4.236
    4 1.7151 1.7151
   4.240   3.801   4.613   3.800   4.613   4.234   4.240   4.235
    4 1.7151 1.7151
   4.613   3.800   4.812   3.800   4.812   4.234   4.613   4.234
    4 1.7151 1.7151
   4.812   3.800   5.251   3.805   5.251   4.235   4.812   4.234
    4 1.7151 1.7151
   5.251   3.805   5.618   3.799   5.618   4.235   5.251   4.235
    4 1.7151 1.7151
   5.618   3.799   5.865   3.805   5.865   4.235   5.618   4.235
    4 1.7151 1.7151
   5.865   3.805   6.076   3.804   6.076   4.235   5.865   4.235
    4 1.7151 1.7151
   6.076   3.804   6.280   3.802   6.280   4.235   6.076   4.235
    4 1.7151 1.7151
   6.280   3.802   6.593   3.801   6.593   4.235   6.280   4.235
    4 1.7151 1.7151
   6.593   3.801   7.030   3.802   7.030   4.236   6.593   4.235
    4 1.7151 1.7151
   7.030   3.802   7.482   3.804   7.482   4.236   7.030   4.236
    4 1.7151 1.7151
   7.482   3.804   8.103   3.802   8.103   4.236   7.482   4.236
    4 1.7151 1.7151
   8.103   3.802   8.492   3.800   8.492   4.237   8.103   4.236
    4 1.7151 1.7151
   8.492   3.800   8.848   3.804   8.848   4.237   8.492   4.237
    4 1.7151 1.7151
   8.848   3.804   9.126   3.801   9.126   4.237   8.848   4.237
    4 1.7151 1.7151
   9.126   3.801   9.675   3.797   9.675   4.237   9.126   4.237
    4 1.7151 1.7151
   9.675   3.797  10.058   3.797  10.058   4.237   9.675   4.237
    4 1.7151 1.7151
  10.058   3.797  10.420   3.804  10.420   4.238  10.058   4.237
    4 1.7151 1.7151
  10.420   3.804  10.861   3.801  10.861   4.238  10.420   4.238
    4 1.7151 1.7151
  10.861   3.801  11.339   3.802  11.339   4.238  10.861   4.238
    4 1.7151 1.7151
  11.339   3.802  11.644   3.797  11.644   4.238  11.339   4.238
    4 1.7151 1.7151
  11.644   3.797  11.956   3.799  11.956   4.239  11.644   4.238
    4 1.7151 1.7151
  11.956   3.799  12.177   3.801  12.177   4.239  11.956   4.239
    4 1.7151 1.7151
  12.177   3.801  12.582   3.802  12.582   4.238  12.177   4.239
    4 1.7151 1.7151
  12.582   3.802  12.924   3.801  12.924   4.238  12.582   4.238
    4 1.7151 1.7151
  12.924   3.801  13.565   3.801  13.565   4.238  12.924   4.238
    4 1.7151 1.7151
  13.565   3.801  14.335   3.804  14.335   4.238  13.565   4.238
    4 1.7151 1.7151
  14.335   3.804  14.962   3.801  14.962   4.238  14.335   4.238
    4 1.7151 1.7151
  14.962   3.801  15.852   3.801  15.852   4.237  14.962   4.238
    4 1.7151 1.7151
  15.852   3.801  16.727   3.804  16.727   4.237  15.852   4.237
    4 1.7151 1.7151
  16.727   3.804  17.275   3.804  17.275   4.237  16.727   4.237
    4 1.7151 1.7151
  17.275   3.804  17.727   3.800  17.727   4.237  17.275   4.237
    4 1.7151 1.7151
  17.727   3.800  18.192   3.802  18.192   4.237  17.727   4.237
    4 1.7151 1.7151
  18.192   3.802  18.663   3.801  18.663   4.237  18.192   4.237
    4 1.7151 1.7151
  18.663   3.801  19.194   3.800  19.194   4.236  18.663   4.237
    4 1.7151 1.7151
  19.194   3.800  19.654   3.805  19.654   4.236  19.194   4.236
    4 1.7151 1.7151
  19.654   3.805  20.624   3.802  20.624   4.236  19.654   4.236
    4 1.7151 1.7151
  20.624   3.802  22.464   3.801  22.464   4.236  20.624   4.236
    4 1.7151 1.7151
  22.464   3.801  24.019   3.801  24.019   4.235  22.464   4.236
    4 1.7151 1.7151
  24.019   3.801  25.136   3.804  25.136   4.235  24.019   4.235
    4 1.7151 1.7151
  25.136   3.804  27.206   3.806  27.206   4.236  25.136   4.235
    4 1.7151 1.7151
  27.206   3.806  28.838   3.804  28.838   4.237  27.206   4.236
    4 1.7151 1.7151
  28.838   3.804  31.093   3.805  31.093   4.237  28.838   4.237
    4 1.7151 1.7151
  31.093   3.805  32.717   3.801  32.717   4.238  31.093   4.237
    4 1.7151 1.7151
  32.717   3.801  34.251   3.801  34.251   4.238  32.717   4.238
    4 1.7151 1.7151
  34.251   3.801  35.000   3.806  35.000   4.239  34.251   4.238
    4 1.7151 1.7151
  35.000   3.806  50.000   3.806  50.000   4.239  35.000   4.239
    4 2.0386 2.0386
 -20.000   4.242   0.000   4.242   0.000   4.781 -20.000   4.781
    4 2.0386 2.0386
   0.000   4.242   4.613   4.234   4.613   4.787   0.000   4.781
    4 2.0386 2.0386
   4.613   4.234  11.956   4.239  11.956   4.796   4.613   4.787
    4 2.0386 2.0386
  11.956   4.239  19.808   4.236  19.808   4.806  11.956   4.796
    4 2.0386 2.0386
  19.808   4.236  24.022   4.235  24.022   4.804  19.808   4.806
    4 2.0386 2.0386
  24.022   4.235  35.000   4.239  35.000   4.798  24.022   4.804
    4 2.0386 2.0386
  35.000   4.239  50.000   4.239  50.000   4.798  35.000   4.798
    4 2.2213 2.2213
 -20.000   4.781   0.000   4.781   0.000   4.952 -20.000   4.965
    4 2.2213 2.2213
   0.000   4.781   0.157   4.782   0.157   4.951   0.000   4.952
    4 2.2213 2.2213
   0.157   4.782  19.808   4.806  19.808   4.964   0.157   4.951
    4 2.2213 2.2213
  19.808   4.806  34.848   4.798  34.848   4.974  19.808   4.964
    4 2.2213 2.2213
  34.848   4.798  35.000   4.798  35.000   4.975  34.848   4.974
    4 2.2213 2.2213
  35.000   4.798  50.000   4.798  50.000   5.040  35.000   4.975
    4 2.2733 2.2733
 -20.000   4.965   0.000   4.952   0.000   5.411 -20.000   5.422
    4 2.2733 2.2733
   0.000   4.952   0.055   4.952   0.055   5.411   0.000   5.411
    4 2.2733 2.2733
   0.055   4.952   0.157   4.951   0.157   5.411   0.055   5.411
    4 2.2733 2.2733
   0.157   4.951   2.334   4.953   2.334   5.411   0.157   5.411
    4 2.2733 2.2733
   2.334   4.953   4.563   4.954   4.563   5.413   2.334   5.411
    4 2.2733 2.2733
   4.563   4.954   6.842   4.956   6.842   5.405   4.563   5.413
    4 2.2733 2.2733
   6.842   4.956   9.678   4.958   9.678   5.413   6.842   5.405
    4 2.2733 2.2733
   9.678   4.958  13.948   4.960  13.948   5.431   9.678   5.413
    4 2.2733 2.2733
  13.948   4.960  18.483   4.963  18.483   5.449  13.948   5.431
    4 2.2733 2.2733
  18.483   4.963  26.336   4.968  26.336   5.449  18.483   5.449
    4 2.2733 2.2733
  26.336   4.968  31.448   4.972  31.448   5.449  26.336   5.449
    4 2.2733 2.2733
  31.448   4.972  34.848   4.974  34.848   5.443  31.448   5.449
    4 2.2733 2.2733
  34.848   4.974  35.000   4.975  35.000   5.443  34.848   5.443
    4 2.2733 2.2733
  35.000   4.975  50.000   5.040  50.000   5.443  35.000   5.443
    4 2.3491 2.3491
 -20.000   5.422   0.000   5.411   0.000   6.226 -20.000   6.226
    4 2.3491 2.3491
   0.000   5.411   0.055   5.411   0.055   6.226   0.000   6.226
    4 2.3491 2.3491
   0.055   5.411   0.212   5.411   0.212   6.226   0.055   6.226
    4 2.3491 2.3491
   0.212   5.411   2.334   5.411   2.334   6.230   0.212   6.226
    4 2.3491 2.3491
   2.334   5.411   4.141   5.413   4.141   6.234   2.334   6.230
    4 2.3491 2.3491
   4.141   5.413   4.563   5.413   4.563   6.239   4.141   6.234
    4 2.3491 2.3491
   4.563   5.413   6.547   5.406   6.547   6.263   4.563   6.239
    4 2.3491 2.3491
   6.547   5.406   6.842   5.405   6.842   6.266   6.547   6.263
    4 2.3491 2.3491
   6.842   5.405   9.250   5.412   9.250   6.293   6.842   6.266
    4 2.3491 2.3491
   9.250   5.412   9.678   5.413   9.678   6.295   9.250   6.293
    4 2.3491 2.3491
   9.678   5.413  13.948   5.431  13.948   6.314   9.678   6.295
    4 2.3491 2.3491
  13.948   5.431  17.051   5.443  17.051   6.328  13.948   6.314
    4 2.3491 2.3491
  17.051   5.443  18.483   5.449  18.483   6.328  17.051   6.328
    4 2.3491 2.3491
  18.483   5.449  21.461   5.449  21.461   6.328  18.483   6.328
    4 2.3491 2.3491
  21.461   5.449  26.047   5.449  26.047   6.340  21.461   6.328
    4 2.3491 2.3491
  26.047   5.449  26.336   5.449  26.336   6.339  26.047   6.340
    4 2.3491 2.3491
  26.336   5.449  31.448   5.449  31.448   6.309  26.336   6.339
    4 2.3491 2.3491
  31.448   5.449  31.532   5.449  31.532   6.309  31.448   6.309
    4 2.3491 2.3491
  31.532   5.449  33.761   5.445  33.761   6.314  31.532   6.309
    4 2.3491 2.3491
  33.761   5.445  35.000   5.443  35.000   6.305  33.761   6.314
    4 2.3491 2.3491
  35.000   5.443  50.000   5.443  50.000   6.305  35.000   6.305
    4 2.4093 2.4093
 -20.000   6.226   0.000   6.226   0.000   6.867 -20.000   6.734
    4 2.4093 2.4093
   0.000   6.226   0.212   6.226   0.212   6.868   0.000   6.867
    4 2.4093 2.4093
   0.212   6.226   1.629   6.229   1.629   6.878   0.212   6.868
    4 2.4093 2.4093
   1.629   6.229   4.141   6.234   4.141   6.908   1.629   6.878
    4 2.4093 2.4093
   4.141   6.234   4.497   6.238   4.497   6.912   4.141   6.908
    4 2.4093 2.4093
   4.497   6.238   6.547   6.263   6.547   6.928   4.497   6.912
    4 2.4093 2.4093
   6.547   6.263   6.941   6.267   6.941   6.932   6.547   6.928
    4 2.4093 2.4093
   6.941   6.267   9.250   6.293   9.250   7.024   6.941   6.932
    4 2.4093 2.4093
   9.250   6.293  10.218   6.298  10.218   7.062   9.250   7.024
    4 2.4093 2.4093
  10.218   6.298  16.886   6.327  16.886   7.141  10.218   7.062
    4 2.4093 2.4093
  16.886   6.327  17.051   6.328  17.051   7.142  16.886   7.141
    4 2.4093 2.4093
  17.051   6.328  21.461   6.328  21.461   7.165  17.051   7.142
    4 2.4093 2.4093
  21.461   6.328  21.551   6.328  21.551   7.165  21.461   7.165
    4 2.4093 2.4093
  21.551   6.328  25.647   6.339  25.647   7.170  21.551   7.165
    4 2.4093 2.4093
  25.647   6.339  26.047   6.340  26.047   7.167  25.647   7.170
    4 2.4093 2.4093
  26.047   6.340  31.532   6.309  31.532   7.127  26.047   7.167
    4 2.4093 2.4093
  31.532   6.309  32.315   6.311  32.315   7.122  31.532   7.127
    4 2.4093 2.4093
  32.315   6.311  33.761   6.314  33.761   7.103  32.315   7.122
    4 2.4093 2.4093
  33.761   6.314  34.181   6.311  34.181   7.098  33.761   7.103
    4 2.4093 2.4093
  34.181   6.311  35.000   6.305  35.000   7.086  34.181   7.098
    4 2.4093 2.4093
  35.000   6.305  50.000   6.305  50.000   7.086  35.000   7.086
    4 2.4363 2.4363
 -20.000   6.734   0.000   6.867   0.000   8.384 -20.000   8.411
    4 2.4363 2.4363
   0.000   6.867   0.424   6.870   0.424   8.384   0.000   8.384
    4 2.4363 2.4363
   0.424   6.870   1.597   6.877   1.597   8.358   0.424   8.384
    4 2.4363 2.4363
   1.597   6.877   1.629   6.878   1.629   8.358   1.597   8.358
    4 2.4363 2.4363
   1.629   6.878   2.705   6.891   2.705   8.339   1.629   8.358
    4 2.4363 2.4363
   2.705   6.891   3.748   6.903   3.748   8.201   2.705   8.339
    4 2.4363 2.4363
   3.748   6.903   4.497   6.912   4.497   8.145   3.748   8.201
    4 2.4363 2.4363
   4.497   6.912   4.693   6.914   4.693   8.131   4.497   8.145
    4 2.4363 2.4363
   4.693   6.914   6.224   6.926   6.224   8.390   4.693   8.131
    4 2.4363 2.4363
   6.224   6.926   6.941   6.932   6.941   8.508   6.224   8.390
    4 2.4363 2.4363
   6.941   6.932   7.528   6.955   7.528   8.604   6.941   8.508
    4 2.4363 2.4363
   7.528   6.955   9.190   7.021   9.190   8.806   7.528   8.604
    4 2.4363 2.4363
   9.190   7.021  10.218   7.062  10.218   8.803   9.190   8.806
    4 2.4363 2.4363
  10.218   7.062  12.709   7.092  12.709   8.794  10.218   8.803
    4 2.4363 2.4363
  12.709   7.092  14.567   7.114  14.567   8.876  12.709   8.794
    4 2.4363 2.4363
  14.567   7.114  16.620   7.138  16.620   9.393  14.567   8.876
    4 2.4363 2.4363
  16.620   7.138  16.886   7.141  16.886   9.396  16.620   9.393
    4 2.4363 2.4363
  16.886   7.141  19.455   7.155  19.455   9.425  16.886   9.396
    4 2.4363 2.4363
  19.455   7.155  21.551   7.165  21.551   9.368  19.455   9.425
    4 2.4363 2.4363
  21.551   7.165  22.030   7.166  22.030   9.356  21.551   9.368
    4 2.4363 2.4363
  22.030   7.166  24.454   7.168  24.454   9.405  22.030   9.356
    4 2.4363 2.4363
  24.454   7.168  25.647   7.170  25.647   9.517  24.454   9.405
    4 2.4363 2.4363
  25.647   7.170  25.745   7.169  25.745   9.526  25.647   9.517
    4 2.4363 2.4363
  25.745   7.169  26.951   7.160  26.951   9.558  25.745   9.526
    4 2.4363 2.4363
  26.951   7.160  29.330   7.143  29.330   9.438  26.951   9.558
    4 2.4363 2.4363
  29.330   7.143  31.105   7.130  31.105   9.239  29.330   9.438
    4 2.4363 2.4363
  31.105   7.130  32.315   7.122  32.315   9.020  31.105   9.239
    4 2.4363 2.4363
  32.315   7.122  32.511   7.119  32.511   8.985  32.315   9.020
    4 2.4363 2.4363
  32.511   7.119  33.670   7.104  33.670   8.850  32.511   8.985
    4 2.4363 2.4363
  33.670   7.104  34.181   7.098  34.181   8.850  33.670   8.850
    4 2.4363 2.4363
  34.181   7.098  34.392   7.094  34.392   8.850  34.181   8.850
    4 2.4363 2.4363
  34.392   7.094  35.000   7.086  35.000   8.827  34.392   8.850
    4 2.4363 2.4363
  35.000   7.086  50.000   7.086  50.000   8.827  35.000   8.827
    4 2.4819 2.4819
 -20.000   8.411   0.000   8.384   0.000   9.620 -20.000   9.547
    4 2.4819 2.4819
   0.000   8.384   0.171   8.384   0.171   9.620   0.000   9.620
    4 2.4819 2.4819
   0.171   8.384   0.424   8.384   0.424   9.627   0.171   9.620
    4 2.4819 2.4819
   0.424   8.384   1.597   8.358   1.597   9.655   0.424   9.627
    4 2.4819 2.4819
   1.597   8.358   2.705   8.339   2.705   9.681   1.597   9.655
    4 2.4819 2.4819
   2.705   8.339   3.748   8.201   3.748   9.707   2.705   9.681
    4 2.4819 2.4819
   3.748   8.201   4.693   8.131   4.693   9.729   3.748   9.707
    4 2.4819 2.4819
   4.693   8.131   6.099   8.369   6.099   9.763   4.693   9.729
    4 2.4819 2.4819
   6.099   8.369   6.224   8.390   6.224   9.769   6.099   9.763
    4 2.4819 2.4819
   6.224   8.390   7.528   8.604   7.528   9.827   6.224   9.769
    4 2.4819 2.4819
   7.528   8.604   9.190   8.806   9.190   9.902   7.528   9.827
    4 2.4819 2.4819
   9.190   8.806  12.709   8.794  12.709  10.061   9.190   9.902
    4 2.4819 2.4819
  12.709   8.794  14.567   8.876  14.567  10.144  12.709  10.061
    4 2.4819 2.4819
  14.567   8.876  15.429   9.093  15.429  10.183  14.567  10.144
    4 2.4819 2.4819
  15.429   9.093  16.620   9.393  16.620  10.198  15.429  10.183
    4 2.4819 2.4819
  16.620   9.393  19.455   9.425  19.455  10.234  16.620  10.198
    4 2.4819 2.4819
  19.455   9.425  22.030   9.356  22.030  10.267  19.455  10.234
    4 2.4819 2.4819
  22.030   9.356  24.454   9.405  24.454  10.298  22.030  10.267
    4 2.4819 2.4819
  24.454   9.405  25.745   9.526  25.745  10.314  24.454  10.298
    4 2.4819 2.4819
  25.745   9.526  26.951   9.558  26.951  10.329  25.745  10.314
    4 2.4819 2.4819
  26.951   9.558  27.913   9.509  27.913  10.342  26.951  10.329
    4 2.4819 2.4819
  27.913   9.509  29.330   9.438  29.330  10.262  27.913  10.342
    4 2.4819 2.4819
  29.330   9.438  31.105   9.239  31.105  10.163  29.330  10.262
    4 2.4819 2.4819
  31.105   9.239  32.511   8.985  32.511  10.085  31.105  10.163
    4 2.4819 2.4819
  32.511   8.985  33.670   8.850  33.670  10.020  32.511  10.085
    4 2.4819 2.4819
  33.670   8.850  34.392   8.850  34.392   9.979  33.670  10.020
    4 2.4819 2.4819
  34.392   8.850  35.000   8.827  35.000   9.945  34.392   9.979
    4 2.4819 2.4819
  35.000   8.827  50.000   8.827  50.000   9.945  35.000   9.945
    4 2.6082 2.6082
 -20.000   9.547   0.000   9.620   0.000  11.465 -20.000  11.465
    4 2.6082 2.6082
   0.000   9.620   0.171   9.620   0.171  11.465   0.000  11.465
    4 2.6082 2.6082
   0.171   9.620   1.141   9.644   1.141  11.465   0.171  11.465
    4 2.6082 2.6082
   1.141   9.644   6.099   9.763   6.099  11.439   1.141  11.465
    4 2.6082 2.6082
   6.099   9.763   7.137   9.810   7.137  11.434   6.099  11.439
    4 2.6082 2.6082
   7.137   9.810  15.429  10.183  15.429  11.641   7.137  11.434
    4 2.6082 2.6082
  15.429  10.183  17.956  10.215  17.956  11.704  15.429  11.641
    4 2.6082 2.6082
  17.956  10.215  27.913  10.342  27.913  11.631  17.956  11.704
    4 2.6082 2.6082
  27.913  10.342  28.673  10.299  28.673  11.625  27.913  11.631
    4 2.6082 2.6082
  28.673  10.299  35.000   9.945  35.000  11.633  28.673  11.625
    4 2.6082 2.6082
  35.000   9.945  50.000   9.945  50.000  11.633  35.000  11.633
    4 2.8993 2.8993
 -20.000  11.465   0.000  11.465   0.000  15.740 -20.000  15.654
    4 2.8993 2.8993
   0.000  11.465   0.023  11.465   0.023  15.740   0.000  15.740
    4 2.8993 2.8993
   0.023  11.465   1.141  11.465   1.141  15.740   0.023  15.740
    4 2.8993 2.8993
   1.141  11.465   7.137  11.434   7.137  15.740   1.141  15.740
    4 2.8993 2.8993
   7.137  11.434  17.956  11.704  17.956  15.740   7.137  15.740
    4 2.8993 2.8993
  17.956  11.704  28.673  11.625  28.673  15.740  17.956  15.740
    4 2.8993 2.8993
  28.673  11.625  35.000  11.633  35.000  15.740  28.673  15.740
    4 2.8993 2.8993
  35.000  11.633  50.000  11.633  50.000  15.740  35.000  15.740
    4 3.3540 3.3540
 -20.000  15.654   0.000  15.740   0.000  17.938 -20.000  17.938
    4 3.3540 3.3540
   0.000  15.740   0.023  15.740   0.023  17.938   0.000  17.938
    4 3.3540 3.3540
   0.023  15.740  35.000  15.740  35.000  17.938   0.023  17.938
    4 3.3540 3.3540
  35.000  15.740  50.000  15.740  50.000  17.938  35.000  17.938
