 &PLTPAR
 IPLOT   =          -1,
 IMOD    =           1,
 IBND    =           0,
 IDASH   =           1,
 IVEL    =           0,
 IRAY    =           2,
 IRAYS   =           0,
 IRAYPS  =           0,
 IDOT    =           0,
 ICNTR   =           0,
 ITX     =           1,
 IDATA   =           0,
 ISZERO  =           0,
 ITXOUT  =           0,
 IAMOUT  =           0,
 IVZ     =           0,
 IVZP    =           1,
 IVRMS   =           0,
 IGRID   =           0,
 IDUMP   =           1,
 ISUM    =           2,
 ISTEP   =           0,
 SYMHT   =  0.5000000    ,
 VELHT   =  0.7000000    ,
 NSKIP   =           0,
 NRSKIP  =           1,
 VRED    =   2.200000    ,
 IROUTE  =           2,
 ISEP    =           0,
 TTUNC   =  9.9999998E-03,
 AMPUNC  =   10.00000    ,
 VCNTR   = 100*-999.0000      ,
 XCINC   =  -1.000000    ,
 XCLAB   = 50*-9999.000      ,
 NCSMTH  =           0,
 XVZ     = 50*-99999.00      ,
 VRMSTL  =          -1,
 VRMSBL  =          -1,
 XRINC   =  -1.000000    ,
 NRSMTH  =           0,
 XGRID   =  -1.000000    ,
 ZGRID   =  -1.000000    ,
 ITXBOX  =           0,
 DVMAX   =  0.0000000E+00,
 DSMAX   =  0.0000000E+00,
 ISEG    =           0,
 XWNDOW  =   290.0000    ,
 YWNDOW  =   175.0000    ,
 MCOL    = 5*0,
 IRCOL   =           1,
 ITCOL   =           1,
 COLOUR  =           2,           3,           4,           5,           6,           8,          17,          27,          22,
            7, 10*-1,
 IBCOL   =           0,
 IFCOL   =           1,
 MODOUT  =           0,
 DXMOD   =  0.0000000E+00,
 DZMOD   =  0.0000000E+00,
 MODI    = 40*0,
 FRZ     =  0.0000000E+00,
 XMMIN   =  0.0000000E+00,
 XMMAX   =  0.0000000E+00,
 XMIN1D  =  0.0000000E+00,
 XMAX1D  =  0.0000000E+00,
 NPSKIP  =           0
 /
 &AXEPAR
 IAXLAB  =           1,
 ITREV   =           0,
 ALBHT   =   2.500000    ,
 ORIG    =   12.50000    ,
 SEP     =   90.00000    ,
 XMIN    =  0.0000000E+00,
 XMAX    =   27.00000    ,
 XTMIN   =  0.0000000E+00,
 XTMAX   =   25.00000    ,
 XMM     =   270.0000    ,
 NTICKX  =           5,
 NDECIX  =          -1,
 XMINT   =  0.0000000E+00,
 XMAXT   =   27.00000    ,
 XTMINT  =  0.0000000E+00,
 XTMAXT  =   25.00000    ,
 XMMT    =   270.0000    ,
 NTCKXT  =           5,
 NDECXT  =          -1,
 ZMIN    =  0.0000000E+00,
 ZMAX    =   5.000000    ,
 ZTMIN   =  0.0000000E+00,
 ZTMAX   =   5.000000    ,
 ZMM     =   70.00000    ,
 NTICKZ  =          10,
 NDECIZ  =           1,
 TMIN    =  0.0000000E+00,
 TMAX    =   10.00000    ,
 TTMIN   =  0.0000000E+00,
 TTMAX   =   10.00000    ,
 TMM     =   70.00000    ,
 NTICKT  =          10,
 NDECIT  =          -1,
 AMPMIN  =  -6.000000    ,
 AMPMAX  =  -1.000000    ,
 ATMIN   =  -999999.0    ,
 ATMAX   =  -999999.0    ,
 AMM     =   75.00000    ,
 NTICKA  =          -1,
 NDECIA  =          -2,
 VMIN    =  0.0000000E+00,
 VMAX    =   8.000000    ,
 VMM     =   75.00000    ,
 NTICKV  =          -1,
 NDECIV  =          -2,
 VRMIN   =   2.000000    ,
 VRMAX   =   7.000000    ,
 VRMM    =   75.00000    ,
 NTCKVR  =          -1,
 NDECIR  =          -2
 /
 &TRAPAR
 ISHOT   =           2, 39*0,
 IRAYSL  =           0,
 IRAYT   = 2400*1,
 ITURN   = 20*0, 10*1,
 ISRCH   =           0,
 ISTOP   =           1,
 IBSMTH  =           0,
 IMODF   =           1,
 XSHOT   =   15.97700    , 39*0.0000000E+00  ,
 ZSHOT   =   1.050000    , 39*-9999.000      ,
 RAY     =   1.100000    ,   1.200000    ,   2.100000    ,   2.200000    ,   3.100000    ,   3.200000    ,   4.100000    ,
    4.200000    ,   5.100000    ,   5.200000    ,   6.100000    ,   6.200000    ,   7.100000    ,   7.200000    ,   8.100000    ,
    8.200000    ,   9.100000    ,   9.200000    ,   10.10000    ,   10.20000    , 10*0.0000000E+00  ,
 NRAY    =          10,          15,          10,          15,          10,          15, 8*10,          15, 2*30,
  13*10,
 SPACE   =   1.000000    ,   2.000000    , 3*1.000000       , 15*2.000000       , 10*0.0000000E+00  ,
 AMIN    = 2400*181.0000       ,
 AMAX    = 2400*181.0000       ,
 NSMAX   = 20*45, 10*-1,
 AAMIN   =  2.5000001E-04,
 AAMAX   =   89.00000    ,
 STOL    =  7.7142855E-03,
 XSMAX   =  0.0000000E+00,
 STEP    =  5.0000001E-02,
 SMIN    =  6.0000001E-03,
 SMAX    =   1.800000    ,
 NRBND   = 30*0,
 RBND    = 150*0,
 NCBND   = 30*-1,
 CBND    = 100*-99,
 POIS    = 40*-99.00000      ,
 POISB   = 50*0,
 POISL   = 50*0,
 POISBL  = 50*-99.00000      ,
 CRIT    =  1.7453292E-02,
 HWS     =   1.080000    ,
 ANGBND  =  0.3490658    ,
 DBND    = 30*0,
 NPBND   =         100,
 NBSMTH  =          10,
 NHRAY   =           2,
 FRBND   = 30*0,
 I2PT    =           1,
 N2PT    =     4341808,
 X2PT    =  1.5539823E-38,
 IFAST   =           1,
 NTAN    =         180
 /
 &AMPPAR
 IAMP    =           1,
 ISECT   =           1,
 IBREAK  = 30*1,
 IINT    = 30*0,
 ICAUST  =           1,
 ICOMP   =           1,
 ICMP    =           0,
 IDEN    =           1,
 SURCON  =           1,
 AMPREV  =           0,
 AMPSMT  =  0.1000000    ,
 SPAMP   =   1.000000    ,
 DENC    = -0.6997000    ,   2.230200    , -0.5980000    ,  7.0359997E-02, -2.8311000E-03,
 DENMIN  =   1.250000    ,
 NCAUST  = 30*0,
 OMEGA   =   31.41593    ,
 HEDCUT  =  0.2500000    ,
 QP      = 40*-1.000000      ,
 QS      = 40*-1.000000      ,
 QL      = 100*0,
 QB      = 100*0,
 QPBL    = 50*-1.000000      ,
 QSBL    = 50*-1.000000      ,
 XMINS   =  0.0000000E+00,
 XMAXS   =   27.00000    ,
 XINCS   =  0.2000000    ,
 IZREFL  = 30*0
 /
