shot  ray i.angle  f.angle   dist     depth red.time  npts code
***  shot#  -1 ray code 11.1 no rays traced  ***
  -1   1   71.796  -53.192   26.591    0.00   7.233   115   6.1
  -1   2   71.796  -53.198   26.458    0.00   7.254   115   6.1
  -1   3   71.796  -53.161   26.296    0.00   7.281   117   6.1
  -1   4   71.796  -53.124   26.121    0.00   7.310   119   6.1
  -1   5   71.797  -53.089   25.954    0.00   7.339   119   6.1
  -1   6   71.797  -53.032   25.777    0.00   7.369   122   6.1
  -1   7   71.798  -52.997   25.608    0.00   7.399   123   6.1
  -1   8   71.799  -52.985   25.431    0.00   7.427   126   6.1
  -1   9   71.800  -52.946   25.245    0.00   7.458   126   6.1
  -1  10   71.802  -52.909   25.068    0.00   7.488   129   6.1
  -1  11   71.803  -52.892   24.891    0.00   7.517   129   6.1
  -1  12   71.804  -52.884   24.719    0.00   7.546   130   6.1
  -1  13   71.806  -52.877   24.549    0.00   7.574   132   6.1
  -1  14   71.808  -52.870   24.379    0.00   7.602   133   6.1
  -1  15   71.810  -52.864   24.206    0.00   7.631   137   6.1
  -1  16   71.812  -52.884   24.042    0.00   7.658   137   6.1
  -1  17   71.814  -52.879   23.869    0.00   7.687   138   6.1
  -1  18   71.817  -52.872   23.703    0.00   7.715   140   6.1
  -1  19   71.819  -52.866   23.533    0.00   7.743   141   6.1
  -1  20   71.822  -52.860   23.364    0.00   7.772   143   6.1
  -1  21   71.825  -52.855   23.195    0.00   7.800   144   6.1
  -1  22   71.828  -52.850   23.026    0.00   7.829   145   6.1
  -1  23   71.831  -52.844   22.854    0.00   7.858   147   6.1
  -1  24   71.834  -52.839   22.687    0.00   7.886   148   6.1
  -1  25   71.838  -52.835   22.517    0.00   7.914   150   6.1
  -1  26   71.841  -52.830   22.348    0.00   7.943   152   6.1
  -1  27   71.845  -52.826   22.179    0.00   7.972   154   6.1
  -1  28   71.849  -52.832   22.010    0.00   8.000   157   6.1
  -1  29   71.853  -52.831   21.840    0.00   8.029   157   6.1
  -1  30   71.857  -52.825   21.672    0.00   8.058   159   6.1
  -1  31   71.861  -52.821   21.500    0.00   8.087   161   6.1
  -1  32   71.866  -52.817   21.331    0.00   8.116   164   6.1
  -1  33   71.870  -52.814   21.159    0.00   8.145   163   6.1
  -1  34   71.875  -52.790   20.986    0.00   8.175   168   6.1
  -1  35   71.880  -52.785   20.816    0.00   8.204   167   6.1
  -1  36   71.885  -52.782   20.645    0.00   8.233   167   6.1
  -1  37   71.890  -52.771   20.471    0.00   8.263   171   6.1
  -1  38   71.895  -52.769   20.301    0.00   8.292   170   6.1
  -1  39   71.901  -52.767   20.130    0.00   8.324   172   6.1
  -1  40   71.906  -52.765   19.957    0.00   8.352   175   6.1
  -1  41   71.912  -52.763   19.785    0.00   8.381   175   6.1
  -1  42   71.918  -52.762   19.614    0.00   8.412   179   6.1
  -1  43   71.924  -52.756   19.440    0.00   8.441   180   6.1
  -1  44   71.930  -52.755   19.267    0.00   8.471   182   6.1
  -1  45   71.937  -52.754   19.094    0.00   8.501   185   6.1
  -1  46   71.943  -52.754   18.921    0.00   8.531   185   6.1
  -1  47   71.950  -52.755   18.747    0.00   8.561   187   6.1
  -1  48   71.956  -52.755   18.574    0.00   8.591   191   6.1
  -1  49   71.963  -52.756   18.400    0.00   8.622   193   6.1
  -1  50   71.970  -52.757   18.225    0.00   8.652   194   6.1
  -1  51   71.978  -52.758   18.051    0.00   8.683   194   6.1
  -1  52   71.985  -52.759   17.875    0.00   8.713   196   6.1
  -1  53   71.993  -52.760   17.701    0.00   8.744   198   6.1
  -1  54   72.000  -52.745   17.523    0.00   8.775   200   6.1
  -1  55   72.008  -52.746   17.347    0.00   8.806   202   6.1
  -1  56   72.016  -52.748   17.172    0.00   8.837   205   6.1
  -1  57   72.024  -52.751   16.995    0.00   8.867   205   6.1
  -1  58   72.032  -52.753   16.819    0.00   8.898   207   6.1
  -1  59   72.041  -52.756   16.642    0.00   8.929   208   6.1
  -1  60   72.049  -52.884   16.478    0.00   8.956   210   6.1
  -1  61   72.058  -52.890   16.302    0.00   8.987   210   6.1
  -1  62   72.067  -52.774   16.109    0.00   9.022   210   6.1
  -1  63   72.076  -52.768   15.930    0.00   9.054   213   6.1
  -1  64   72.085  -52.769   15.752    0.00   9.086   215   6.1
  -1  65   72.094  -52.769   15.572    0.00   9.117   216   6.1
  -1  66   72.103  -52.798   15.398    0.00   9.148   218   6.1
  -1  67   72.113  -52.803   15.217    0.00   9.180   219   6.1
  -1  68   72.123  -52.886   15.044    0.00   9.209   222   6.1
  -1  69   72.132  -52.893   14.863    0.00   9.241   223   6.1
  -1  70   72.142  -52.773   14.666    0.00   9.278   225   6.1
  -1  71   72.152  -52.767   14.483    0.00   9.310   227   6.1
  -1  72   72.163  -52.770   14.299    0.00   9.343   229   6.1
  -1  73   72.173  -52.851   14.124    0.00   9.373   228   6.1
  -1  74   72.184  -52.860   13.940    0.00   9.406   231   6.1
  -1  75   72.194  -52.867   13.755    0.00   9.439   233   6.1
  -1  76   72.205  -52.900   13.572    0.00   9.471   234   6.1
  -1  77   72.216  -52.906   13.385    0.00   9.505   236   6.1
  -1  78   72.227  -52.905   13.212    0.00   9.535   238   6.1
  -1  79   72.239  -52.905   13.039    0.00   9.566   239   6.1
  -1  80   72.250  -52.905   12.864    0.00   9.597   243   6.1
  -1  81   72.262  -52.879   12.688    0.00   9.628   244   6.1
  -1  82   72.273  -52.878   12.513    0.00   9.659   245   6.1
  -1  83   72.285  -52.878   12.340    0.00   9.690   247   6.1
  -1  84   72.297  -52.878   12.165    0.00   9.721   248   6.1
  -1  85   72.309  -52.879   11.992    0.00   9.751   250   6.1
  -1  86   72.322  -52.842   11.813    0.00   9.784   250   6.1
  -1  87   72.334  -52.842   11.639    0.00   9.816   255   6.1
  -1  88   72.347  -52.843   11.468    0.00   9.845   255   6.1
  -1  89   72.360  -52.907   11.299    0.00   9.874   257   6.1
  -1  90   72.372  -52.913   11.124    0.00   9.905   259   6.1
***  shot#  -1 ray code  6.1 no rays traced  ***
***  shot#  -1 ray code  5.1 no rays traced  ***
***  shot#  -1 ray code  4.1 no rays traced  ***
  -1   1   66.902  -53.100   27.521    0.00   6.848   100   5.1
  -1   2   66.903  -52.988   26.965    0.00   6.959   105   5.1
  -1   3   66.906  -52.908   26.395    0.00   7.073   110   5.1
  -1   4   66.912  -52.884   25.836    0.00   7.184   116   5.1
  -1   5   66.920  -52.843   25.274    0.00   7.297   121   5.1
  -1   6   66.931  -52.826   24.715    0.00   7.409   125   5.1
  -1   7   66.943  -52.837   24.160    0.00   7.520   130   5.1
  -1   8   66.958  -52.827   23.600    0.00   7.634   136   5.1
  -1   9   66.976  -52.815   23.038    0.00   7.747   142   5.1
  -1  10   66.995  -52.806   22.477    0.00   7.862   147   5.1
  -1  11   67.017  -52.810   21.915    0.00   7.976   154   5.1
  -1  12   67.042  -52.802   21.351    0.00   8.092   158   5.1
  -1  13   67.068  -52.774   20.782    0.00   8.209   166   5.1
  -1  14   67.097  -52.762   20.213    0.00   8.326   169   5.1
  -1  15   67.128  -52.760   19.644    0.00   8.444   176   5.1
  -1  16   67.162  -52.756   19.073    0.00   8.562   182   5.1
  -1  17   67.198  -52.760   18.501    0.00   8.681   186   5.1
  -1  18   67.236  -52.765   17.926    0.00   8.801   193   5.1
  -1  19   67.276  -52.753   17.346    0.00   8.923   198   5.1
  -1  20   67.319  -52.760   16.767    0.00   9.044   205   5.1
***  shot#  -1 ray code  5.1 no rays traced  ***
***  shot#  -1 ray code  5.1 no rays traced  ***
***  shot#  -1 ray code  6.1 no rays traced  ***
  -1   1   62.495  -54.228   27.904    0.00   6.668    85   4.1
  -1   2   62.497  -54.148   27.704    0.00   6.713    87   4.1
  -1   3   62.500  -54.058   27.476    0.00   6.764    91   4.1
  -1   4   62.506  -53.972   27.250    0.00   6.815    96   4.1
  -1   5   62.514  -53.889   27.025    0.00   6.865   101   4.1
  -1   6   62.525  -53.806   26.794    0.00   6.918   107   4.1
  -1   7   62.538  -53.728   26.572    0.00   6.968   111   4.1
  -1   8   62.553  -53.653   26.349    0.00   7.019   116   4.1
  -1   9   62.571  -53.581   26.128    0.00   7.069   120   4.1
  -1  10   62.591  -53.512   25.907    0.00   7.120   124   4.1
  -1  11   62.613  -53.425   25.684    0.00   7.171   130   4.1
  -1  12   62.638  -53.361   25.465    0.00   7.222   134   4.1
  -1  13   62.665  -53.302   25.246    0.00   7.272   139   4.1
  -1  14   62.695  -53.245   25.028    0.00   7.322   144   4.1
  -1  15   62.727  -53.191   24.810    0.00   7.372   149   4.1
  -1  16   62.761  -53.139   24.587    0.00   7.424   151   4.1
  -1  17   62.797  -53.092   24.371    0.00   7.474   156   4.1
  -1  18   62.836  -53.072   24.157    0.00   7.524   161   4.1
  -1  19   62.877  -53.033   23.941    0.00   7.574   166   4.1
  -1  20   62.921  -52.995   23.725    0.00   7.624   168   4.1
***  shot#  -1 ray code  4.1 no rays traced  ***
  -1   1   75.993  -53.231   24.521    0.00   7.884   140   7.1
  -1   2   75.994  -52.987   23.720    0.00   7.998   146   7.1
  -1   3   75.997  -52.923   23.084    0.00   8.083   150   7.1
  -1   4   76.003  -52.895   22.320    0.00   8.186   157   7.1
  -1   5   76.011  -52.877   21.510    0.00   8.295   165   7.1
  -1   6   76.021  -52.826   20.667    0.00   8.410   170   7.1
  -1   7   76.034  -52.795   19.818    0.00   8.527   180   7.1
  -1   8   76.048  -52.773   18.955    0.00   8.647   189   7.1
  -1   9   76.065  -52.764   18.089    0.00   8.769   196   7.1
  -1  10   76.085  -52.744   17.255    0.00   8.882   207   7.1
  -1  11   76.106  -52.870   16.329    0.00   9.010   211   7.1
  -1  12   76.130  -52.761   15.382    0.00   9.146   222   7.1
  -1  13   76.156  -52.717   14.436    0.00   9.282   228   7.1
  -1  14   76.184  -52.842   13.502    0.00   9.414   235   7.1
  -1  15   76.215  -52.832   12.541    0.00   9.553   247   7.1
  -1  16   76.247  -52.826   11.541    0.00   9.701   257   7.1
  -1  17   76.282  -52.910   10.619    0.00   9.832   265   7.1
  -1  18   76.320  -52.845    9.707    0.00   9.962   275   7.1
  -1  19   76.359  -52.949    8.813    0.00  10.088   282   7.1
  -1  20   76.401  -52.925    7.904    0.00  10.218   287   7.1
  -1   1   79.336  -52.874    5.006    0.00  11.155   259   8.2
  -1   2   79.366  -52.814    6.029    0.00  11.053   248   8.2
  -1   3   79.454  -52.849    7.638    0.00  10.906   243   8.2
  -1   4   79.602  -61.377    8.750    0.00  11.035   193   8.2
  -1   5   79.809  -52.835    6.635    0.00  11.047   254   8.2
  -1   6   80.075  -59.577    8.145    0.00  11.147   197   8.2
  -1   7   80.400   20.123  -20.000    7.13  12.754   270   8.2
  -1   8   80.784  -52.919   11.077    0.00  10.564   233   8.2
  -1   9   81.227   13.679  -20.000    8.36  12.424   273   8.2
  -1  10   81.729  -52.916   13.376    0.00  10.320   224   8.2
  -1  11   82.290  -52.756   16.876    0.00   9.885   199   8.2
  -1  12   82.911  -52.933   15.157    0.00  10.155   218   8.2
  -1  13   83.590  -52.756   18.839    0.00   9.665   188   8.2
  -1  14   84.328  -54.139   21.747    0.00   9.242   165   8.2
  -1  15   85.126  -60.806   25.946    0.00   8.680   138   8.2
  -1  16   85.983  -63.986   27.519    0.00   8.552   138   8.2
  -1  17   86.898  -76.928   31.216    0.00   8.417   136   8.2
  -1  18   87.873  -81.037   32.450    0.00   8.484   137   8.2
  -1  19   88.907  -81.933   33.047    0.00   8.538   136   8.2
  -1  20   90.000   89.359   35.044    0.00   8.818   136   8.2
  -1   1   83.060  -52.889    0.686    0.00  11.373   323   9.1
  -1   2   83.060  -52.889    0.677    0.00  11.373   324   9.1
  -1   3   83.060  -52.890    0.581    0.00  11.377   324   9.1
  -1   4   83.061  -52.891    0.475    0.00  11.382   324   9.1
  -1   5   83.061  -52.788    0.321    0.00  11.391   325   9.1
  -1   6   83.062  -52.781    0.165    0.00  11.399   328   9.1
  -1   7   83.062  -52.919    0.014    0.00  11.404   328   9.1
  -1   8   83.063  -52.929   -0.150    0.00  11.411   328   9.1
  -1   9   83.064  -52.872   -0.334    0.00  11.425   331   9.1
  -1  10   83.065  -52.867   -0.529    0.00  11.437   331   9.1
  -1  11   83.066  -52.980   -1.504    0.00  11.396   339   9.1
  -1  12   83.067  -52.866   -1.759    0.00  11.413   343   9.1
  -1  13   83.068  -52.856   -2.005    0.00  11.426   344   9.1
  -1  14   83.070  -52.854   -2.678    0.00  11.487   347   9.1
  -1  15   83.071  -52.854   -2.933    0.00  11.506   347   9.1
  -1  16   83.073  -52.888   -4.108    0.00  11.611   358   9.1
  -1  17   83.075  -52.888   -4.301    0.00  11.623   361   9.1
  -1  18   83.077  -52.869   -4.499    0.00  11.635   361   9.1
  -1  19   83.079  -52.870   -4.688    0.00  11.645   361   9.1
  -1  20   83.081  -52.870   -4.880    0.00  11.655   360   9.1
  -1   1   83.891  -52.869   16.130    0.00   9.974   208  10.1
  -1   2   83.893  -52.864   15.760    0.00   9.994   218  10.1
  -1   3   83.897  -52.888   15.405    0.00  10.010   229  10.1
  -1   4   83.905  -53.018   15.068    0.00  10.021   241  10.1
  -1   5   83.916  -53.105   14.790    0.00  10.027   253  10.1
  -1   6   83.929  -53.082   14.532    0.00  10.042   261  10.1
  -1   7   83.946  -53.937   14.923    0.00   9.924   268  10.1
  -1   8   83.966  -55.038   15.682    0.00   9.777   273  10.1
  -1   9   83.989  -55.321   15.371    0.00   9.779   286  10.1
  -1  10   84.014  -56.087   15.485    0.00   9.707   295  10.1
  -1  11   84.043  -56.304   15.234    0.00   9.700   306  10.1
  -1  12   84.075  -56.392   14.971    0.00   9.704   315  10.1
  -1  13   84.110  -56.093   14.379    0.00   9.743   327  10.1
  -1  14   84.148  -56.285   14.153    0.00   9.739   338  10.1
  -1  15   84.189  -56.562   13.956    0.00   9.729   348  10.1
  -1  16   84.233  -56.823   13.765    0.00   9.719   356  10.1
  -1  17   84.280  -57.107   13.578    0.00   9.707   365  10.1
  -1  18   84.330  -57.401   13.387    0.00   9.697   374  10.1
  -1  19   84.383  -58.838   12.023    0.00   9.659   422  10.1
  -1  20   84.439  -59.201   11.842    0.00   9.656   430  10.1
  -1   1   84.440  -59.201   11.849    0.00   9.656   429  10.2
  -1   2   84.455  -59.247   13.324    0.00   9.616   397  10.2
  -1   3   84.501  -59.816   14.865    0.00   9.555   365  10.2
  -1   4   84.578  -60.263   16.203    0.00   9.510   336  10.2
  -1   5   84.686  -61.349   17.665    0.00   9.445   314  10.2
  -1   6   84.825  -61.799   18.803    0.00   9.426   287  10.2
  -1   7   84.994  -62.586   19.890    0.00   9.383   271  10.2
  -1   8   85.194  -62.637   20.605    0.00   9.380   258  10.2
  -1   9   85.425  -63.906   21.734    0.00   9.336   243  10.2
  -1  10   85.687  -65.354   22.864    0.00   9.300   233  10.2
  -1  11   85.980  -66.880   23.971    0.00   9.275   227  10.2
  -1  12   86.303  -68.292   24.999    0.00   9.262   224  10.2
  -1  13   86.658  -70.118   26.108    0.00   9.260   224  10.2
  -1  14   87.043  -73.464   27.883    0.00   9.274   224  10.2
  -1  15   87.459  -75.556   28.937    0.00   9.310   224  10.2
  -1  16   87.905  -77.784   30.005    0.00   9.353   225  10.2
  -1  17   88.383  -80.416   31.170    0.00   9.426   224  10.2
  -1  18   88.891  -82.552   32.124    0.00   9.503   222  10.2
  -1  19   89.430  -85.855   33.405    0.00   9.638   221  10.2
  -1  20   90.000   89.217   35.128    0.00   9.894   220  10.2
  -1   1   85.016  -62.780   19.682    0.00   9.378   270  11.1
  -1   2   85.016  -63.191   18.776    0.00   9.365   275  11.1
  -1   3   85.017  -62.692   16.983    0.00   9.384   278  11.1
  -1   4   85.019  -62.386   14.935    0.00   9.412   283  11.1
  -1   5   85.021  -62.408   12.961    0.00   9.421   287  11.1
  -1   6   85.024  -62.631   11.044    0.00   9.422   294  11.1
  -1   7   85.027  -64.483    9.607    0.00   9.345   304  11.1
  -1   8   85.032  -63.492    6.519    0.00   9.355   311  11.1
  -1   9   85.036  -63.579    3.695    0.00   9.354   316  11.1
  -1  10   85.042  -64.720    1.491    0.00   9.289   328  11.1
  -1  11   85.048  -62.898   -1.552    0.00   9.319   328  11.1
  -1  12   85.055  -62.850   -3.761    0.00   9.342   334  11.1
  -1  13   85.062  -63.000   -5.655    0.00   9.351   335  11.1
  -1  14   85.070  -62.846   -7.689    0.00   9.361   339  11.1
  -1  15   85.079  -62.920   -9.668    0.00   9.367   344  11.1
  -1  16   85.088  -62.967  -11.703    0.00   9.374   348  11.1
  -1  17   85.098  -63.018  -13.761    0.00   9.381   352  11.1
  -1  18   85.109  -63.072  -15.829    0.00   9.386   358  11.1
  -1  19   85.120  -63.131  -17.910    0.00   9.391   361  11.1
  -1  20   85.132  -63.193  -19.999    0.00   9.396   367  11.1
  -1   1   85.266  -63.873  -19.998    0.00   9.407   361  11.2
  -1   2   85.279  -63.939  -16.801    0.00   9.409   352  11.2
  -1   3   85.318  -64.146  -10.695    0.00   9.413   332  11.2
  -1   4   85.384  -64.560   -4.832    0.00   9.427   315  11.2
  -1   5   85.476  -66.799    0.707    0.00   9.393   308  11.2
  -1   6   85.594  -66.094    4.539    0.00   9.508   293  11.2
  -1   7   85.738  -67.236    8.040    0.00   9.541   278  11.2
  -1   8   85.908  -69.183   11.249    0.00   9.596   271  11.2
  -1   9   86.105  -68.278   13.219    0.00   9.678   259  11.2
  -1  10   86.328  -69.293   15.455    0.00   9.721   252  11.2
  -1  11   86.577  -70.559   17.558    0.00   9.772   249  11.2
  -1  12   86.853  -74.286   21.562    0.00   9.899   248  11.2
  -1  13   87.154  -75.457   23.123    0.00   9.984   247  11.2
  -1  14   87.482  -76.667   24.641    0.00  10.077   248  11.2
  -1  15   87.836  -78.012   26.139    0.00  10.168   245  11.2
  -1  16   88.216  -79.576   27.680    0.00  10.277   244  11.2
  -1  17   88.623  -81.270   29.076    0.00  10.387   245  11.2
  -1  18   89.056  -83.003   30.613    0.00  10.523   246  11.2
  -1  19   89.515  -85.621   32.410    0.00  10.706   243  11.2
  -1  20   90.000   89.217   35.311    0.00  11.068   242  11.2
***  shot#  -1 ray code  7.1 1 ray traced  ***
  -1   1   76.366  -47.053    0.262    0.00  13.079   462   7.1
  -1   1   78.758  -47.107    0.362    0.00  13.077   418   8.1
  -1   7   78.758  -47.107    0.362    0.00  13.077   418   8.1
  -1  11   78.758  -47.106    0.358    0.00  13.078   417   8.1
  -1  14   78.758  -47.106    0.352    0.00  13.079   419   8.1
  -1  16   78.758  -47.106    0.352    0.00  13.079   419   8.1
  -1  18   78.758  -47.106    0.352    0.00  13.079   419   8.1
  -1  20   78.758  -47.106    0.350    0.00  13.079   419   8.1
  -1  22   78.758  -47.106    0.350    0.00  13.079   419   8.1
  -1  23   78.758  -47.106    0.343    0.00  13.079   421   8.1
  -1  25   78.758  -47.105    0.336    0.00  13.079   420   8.1
  -1  26   78.758  -47.105    0.336    0.00  13.079   420   8.1
  -1  27   78.758  -47.105    0.334    0.00  13.080   420   8.1
  -1  29   78.758  -47.105    0.327    0.00  13.080   420   8.1
  -1  30   78.758  -47.105    0.327    0.00  13.080   420   8.1
  -1  31   78.759  -47.105    0.325    0.00  13.080   420   8.1
  -1  32   78.759  -47.105    0.325    0.00  13.080   420   8.1
  -1  33   78.759  -47.056    0.311    0.00  13.083   419   8.1
  -1  34   78.759  -47.056    0.311    0.00  13.083   419   8.1
  -1  35   78.759  -47.056    0.308    0.00  13.083   419   8.1
  -1  36   78.759  -47.056    0.308    0.00  13.083   419   8.1
  -1  37   78.759  -47.056    0.308    0.00  13.083   419   8.1
  -1  38   78.759  -47.056    0.303    0.00  13.083   420   8.1
  -1  39   78.759  -47.056    0.295    0.00  13.084   419   8.1
  -1  40   78.759  -47.056    0.295    0.00  13.084   419   8.1
  -1  41   78.759  -47.056    0.293    0.00  13.084   419   8.1
  -1  42   78.759  -47.055    0.288    0.00  13.084   419   8.1
  -1  43   78.759  -47.055    0.280    0.00  13.085   418   8.1
  -1  44   78.759  -47.055    0.280    0.00  13.085   418   8.1
  -1  45   78.759  -47.055    0.277    0.00  13.085   418   8.1
  -1  46   78.759  -47.055    0.272    0.00  13.086   418   8.1
  -1  47   78.759  -47.055    0.272    0.00  13.086   418   8.1
  -1  48   78.759  -47.055    0.267    0.00  13.086   419   8.1
  -1  49   78.759  -47.055    0.272    0.00  13.086   418   8.1
  -1  50   78.759  -47.054    0.261    0.00  13.086   419   8.1
  -1  51   78.759  -47.054    0.261    0.00  13.086   419   8.1
  -1  52   78.759  -47.054    0.258    0.00  13.087   419   8.1
  -1  53   78.759  -47.054    0.258    0.00  13.087   419   8.1
  -1  54   78.759  -49.267    4.456    0.00  11.909   328   8.2
  -1  55   78.759  -49.267    4.451    0.00  11.910   328   8.2
  -1  56   78.759  -49.266    4.447    0.00  11.910   328   8.2
  -1  57   78.759  -49.265    4.443    0.00  11.911   329   8.2
  -1  58   78.759  -49.265    4.435    0.00  11.911   330   8.2
  -1  59   78.759  -49.263    4.425    0.00  11.912   328   8.2
  -1  60   78.759  -49.262    4.419    0.00  11.913   330   8.2
  -1  61   78.759  -49.262    4.414    0.00  11.914   330   8.2
  -1  62   78.759  -49.261    4.407    0.00  11.914   330   8.2
  -1  63   78.759  -49.262    4.412    0.00  11.914   330   8.2
  -1  64   78.759  -49.261    4.408    0.00  11.914   330   8.2
  -1  65   78.759  -49.261    4.403    0.00  11.915   330   8.2
  -1  66   78.759  -49.260    4.395    0.00  11.916   330   8.2
  -1  67   78.759  -49.260    4.382    0.00  11.917   330   8.2
  -1  68   78.759  -49.260    4.382    0.00  11.917   330   8.2
  -1  69   78.759  -49.258    4.369    0.00  11.918   330   8.2
  -1  70   78.759  -49.258    4.365    0.00  11.919   330   8.2
  -1  71   78.759  -49.258    4.358    0.00  11.920   331   8.2
  -1  72   78.759  -49.257    4.353    0.00  11.920   331   8.2
  -1  73   78.759  -49.257    4.349    0.00  11.920   331   8.2
  -1  74   78.759  -49.257    4.338    0.00  11.922   330   8.2
  -1  75   78.759  -49.257    4.341    0.00  11.921   331   8.2
  -1  76   78.759  -49.256    4.332    0.00  11.922   328   8.2
  -1  77   78.759  -49.256    4.327    0.00  11.923   328   8.2
  -1  78   78.759  -49.271    4.330    0.00  11.920   326   8.2
  -1  79   78.759  -49.271    4.326    0.00  11.921   327   8.2
  -1  80   78.759  -49.271    4.319    0.00  11.922   329   8.2
  -1  81   78.759  -49.270    4.314    0.00  11.922   330   8.2
  -1  82   78.759  -49.270    4.299    0.00  11.924   329   8.2
  -1  83   78.759  -49.270    4.284    0.00  11.925   329   8.2
  -1  84   78.759  -49.271    4.282    0.00  11.925   329   8.2
  -1  85   78.759  -49.271    4.277    0.00  11.926   329   8.2
  -1  86   78.759  -49.272    4.259    0.00  11.928   330   8.2
  -1  87   78.759  -49.272    4.255    0.00  11.928   331   8.2
  -1  88   78.759  -49.272    4.241    0.00  11.929   330   8.2
  -1  89   78.759  -49.272    4.255    0.00  11.928   331   8.2
  -1  90   78.759  -49.272    4.246    0.00  11.929   330   8.2
  -1  91   78.759  -49.272    4.242    0.00  11.929   330   8.2
  -1  92   78.759  -49.273    4.228    0.00  11.929   329   8.2
  -1  93   78.759  -49.274    4.222    0.00  11.929   327   8.2
  -1  94   78.759  -49.275    4.212    0.00  11.930   331   8.2
  -1  95   78.759  -49.275    4.208    0.00  11.931   330   8.2
  -1  96   78.759  -49.276    4.197    0.00  11.932   330   8.2
  -1  97   78.760  -49.277    4.184    0.00  11.933   329   8.2
  -1  98   78.760  -49.278    4.182    0.00  11.933   329   8.2
  -1  99   78.760  -49.279    4.171    0.00  11.934   331   8.2
  -1 100   78.760  -49.279    4.171    0.00  11.934   331   8.2
  -1 101   78.760  -47.133    1.771    0.00  12.609   376   8.2
  -1 102   78.760  -47.132    1.764    0.00  12.610   378   8.2
  -1 103   78.760  -47.132    1.760    0.00  12.610   377   8.2
  -1 104   78.760  -47.131    1.752    0.00  12.611   379   8.2
  -1 105   78.760  -47.131    1.750    0.00  12.611   379   8.2
  -1 106   78.760  -47.131    1.748    0.00  12.611   379   8.2
  -1 107   78.760  -47.130    1.733    0.00  12.612   378   8.2
  -1 108   78.760  -47.130    1.725    0.00  12.613   378   8.2
  -1 109   78.760  -47.129    1.721    0.00  12.613   377   8.2
  -1 110   78.760  -47.129    1.712    0.00  12.614   378   8.2
  -1 111   78.760  -47.129    1.705    0.00  12.614   380   8.2
  -1 112   78.760  -47.128    1.705    0.00  12.614   380   8.2
  -1 113   78.760  -47.129    1.713    0.00  12.613   378   8.2
  -1 114   78.760  -47.128    1.704    0.00  12.614   380   8.2
  -1 115   78.760  -47.128    1.692    0.00  12.615   379   8.2
  -1 116   78.760  -47.128    1.687    0.00  12.615   379   8.2
  -1 117   78.760  -47.127    1.677    0.00  12.616   377   8.2
  -1 118   78.760  -47.126    1.668    0.00  12.616   379   8.2
  -1 119   78.760  -47.125    1.658    0.00  12.617   380   8.2
  -1 120   78.760  -47.126    1.661    0.00  12.617   378   8.2
  -1 121   78.760  -47.125    1.655    0.00  12.618   379   8.2
  -1 122   78.760  -47.124    1.645    0.00  12.619   378   8.2
  -1 123   78.760  -47.124    1.641    0.00  12.618   377   8.2
  -1 124   78.760  -47.124    1.627    0.00  12.618   376   8.2
  -1 125   78.760  -47.122    1.607    0.00  12.620   378   8.2
  -1 126   78.760  -47.122    1.612    0.00  12.620   377   8.2
  -1 127   78.760  -47.122    1.598    0.00  12.621   377   8.2
  -1 128   78.760  -47.121    1.587    0.00  12.622   378   8.2
  -1 129   78.760  -47.120    1.578    0.00  12.623   378   8.2
  -1 130   78.760  -47.120    1.570    0.00  12.624   378   8.2
  -1 131   78.760  -47.119    1.561    0.00  12.625   378   8.2
  -1 132   78.760  -47.118    1.548    0.00  12.626   375   8.2
  -1 133   78.760  -47.118    1.540    0.00  12.627   376   8.2
  -1 134   78.761  -47.392    1.560    0.00  12.616   377   8.2
  -1 135   78.761  -47.394    1.542    0.00  12.618   376   8.2
  -1 136   78.761  -47.394    1.541    0.00  12.619   376   8.2
  -1 137   78.761  -47.396    1.528    0.00  12.620   376   8.2
  -1 138   78.761  -47.397    1.511    0.00  12.622   379   8.2
  -1 139   78.761  -47.397    1.507    0.00  12.622   378   8.2
  -1 140   78.761  -47.399    1.489    0.00  12.625   378   8.2
  -1 141   78.761  -47.400    1.476    0.00  12.626   378   8.2
  -1 142   78.761  -47.401    1.463    0.00  12.628   377   8.2
  -1 143   78.761  -47.403    1.445    0.00  12.630   378   8.2
  -1 144   78.761  -47.403    1.442    0.00  12.631   378   8.2
  -1 145   78.761  -47.404    1.427    0.00  12.633   378   8.2
  -1 146   78.761  -47.405    1.419    0.00  12.633   377   8.2
  -1 147   78.761  -47.407    1.391    0.00  12.637   379   8.2
  -1 148   78.761  -48.070    2.753    0.00  12.252   352   8.2
  -1 149   78.761  -48.069    2.740    0.00  12.253   351   8.2
  -1 150   78.761  -48.069    2.728    0.00  12.255   350   8.2
  -1 151   78.761  -48.067    2.713    0.00  12.256   350   8.2
  -1 152   78.761  -48.067    2.701    0.00  12.258   351   8.2
  -1 153   78.761  -48.067    2.700    0.00  12.258   352   8.2
  -1 154   78.761  -48.046    2.690    0.00  12.260   352   8.2
  -1 155   78.761  -48.045    2.678    0.00  12.261   351   8.2
  -1 156   78.761  -48.044    2.647    0.00  12.264   351   8.2
  -1 157   78.761  -48.044    2.650    0.00  12.264   351   8.2
  -1 158   78.761  -48.044    2.634    0.00  12.265   353   8.2
  -1 159   78.761  -48.044    2.625    0.00  12.266   351   8.2
  -1 160   78.761  -48.044    2.613    0.00  12.267   352   8.2
  -1 161   78.761  -48.043    2.596    0.00  12.269   350   8.2
  -1 162   78.762  -48.044    2.588    0.00  12.270   352   8.2
  -1 163   78.762  -48.044    2.580    0.00  12.271   351   8.2
  -1 164   78.762  -48.045    2.563    0.00  12.272   351   8.2
  -1 165   78.762  -48.045    2.550    0.00  12.274   352   8.2
  -1 166   78.762  -48.046    2.537    0.00  12.275   353   8.2
  -1 167   78.762  -48.047    2.525    0.00  12.276   351   8.2
  -1 168   78.762  -48.048    2.514    0.00  12.277   351   8.2
  -1 169   78.762  -48.049    2.505    0.00  12.278   351   8.2
  -1 170   78.762  -48.050    2.490    0.00  12.279   350   8.2
  -1 171   78.762  -48.053    2.472    0.00  12.281   350   8.2
  -1 172   78.762  -48.053    2.473    0.00  12.281   350   8.2
  -1 173   78.762  -48.056    2.451    0.00  12.282   352   8.2
  -1 174   78.762  -48.059    2.435    0.00  12.283   351   8.2
  -1 175   78.762  -48.063    2.415    0.00  12.284   351   8.2
  -1 176   78.762  -48.063    2.400    0.00  12.286   352   8.2
  -1 177   78.762  -48.065    2.390    0.00  12.287   349   8.2
  -1 178   78.762  -48.066    2.385    0.00  12.287   351   8.2
  -1 179   78.762  -48.068    2.377    0.00  12.288   352   8.2
  -1 180   78.762  -48.070    2.367    0.00  12.289   352   8.2
  -1 181   78.762  -46.963    0.582    0.00  12.723   388   8.1
  -1 182   78.762  -46.963    0.581    0.00  12.723   389   8.1
  -1 183   78.762  -46.962    0.532    0.00  12.732   385   8.1
  -1 184   78.762  -46.962    0.510    0.00  12.735   387   8.1
  -1 185   78.762  -46.953    0.496    0.00  12.737   385   8.1
  -1 186   78.762  -46.953    0.500    0.00  12.737   386   8.1
  -1 187   78.763  -46.953    0.483    0.00  12.739   386   8.1
  -1 188   78.763  -46.953    0.470    0.00  12.741   386   8.1
  -1 189   78.763  -46.952    0.432    0.00  12.747   388   8.1
  -1 190   78.763  -46.952    0.420    0.00  12.749   386   8.1
  -1 191   78.763  -46.952    0.407    0.00  12.751   388   8.1
  -1 192   78.763  -46.952    0.392    0.00  12.753   386   8.1
  -1 193   78.763  -46.952    0.373    0.00  12.755   385   8.1
  -1 194   78.763  -46.952    0.355    0.00  12.758   387   8.1
  -1 195   78.763  -46.951    0.337    0.00  12.760   387   8.1
  -1 196   78.763  -46.951    0.322    0.00  12.762   387   8.1
  -1 197   78.763  -46.951    0.303    0.00  12.765   388   8.1
  -1 198   78.763  -46.894    0.279    0.00  12.769   387   8.1
  -1 199   78.763  -46.894    0.260    0.00  12.771   385   8.1
  -1 200   78.763  -46.894    0.257    0.00  12.772   385   8.1
  -1 201   78.763  -46.894    0.242    0.00  12.773   387   8.1
  -1 202   78.763  -46.894    0.223    0.00  12.775   389   8.1
  -1 203   78.763  -46.894    0.212    0.00  12.777   387   8.1
  -1 204   78.763  -47.717    1.333    0.00  12.519   364   8.2
  -1 205   78.763  -47.717    1.327    0.00  12.520   364   8.2
  -1 206   78.763  -47.715    1.306    0.00  12.524   363   8.2
  -1 207   78.763  -47.714    1.288    0.00  12.527   363   8.2
  -1 208   78.764  -47.712    1.255    0.00  12.531   365   8.2
  -1 209   78.764  -47.710    1.242    0.00  12.532   365   8.2
  -1 210   78.764  -47.709    1.224    0.00  12.535   363   8.2
  -1 211   78.764  -47.708    1.207    0.00  12.538   365   8.2
  -1 212   78.764  -47.564    1.157    0.00  12.547   364   8.2
  -1 213   78.764  -47.562    1.146    0.00  12.548   363   8.2
  -1 214   78.764  -47.559    1.125    0.00  12.551   364   8.2
  -1 215   78.764  -47.555    1.102    0.00  12.554   365   8.2
  -1 216   78.764  -47.554    1.095    0.00  12.555   364   8.2
  -1 217   78.764  -47.551    1.075    0.00  12.558   364   8.2
  -1 218   78.764  -47.547    1.046    0.00  12.562   366   8.2
  -1 219   78.764  -47.541    1.013    0.00  12.566   366   8.2
  -1 220   78.764  -47.538    0.992    0.00  12.569   366   8.2
  -1 221   78.764  -47.535    0.967    0.00  12.572   365   8.2
  -1 222   78.764  -47.532    0.950    0.00  12.574   367   8.2
  -1 223   78.764  -47.532    0.948    0.00  12.574   367   8.2
  -1 224   78.764  -47.530    0.930    0.00  12.577   365   8.2
  -1 225   78.764  -47.527    0.908    0.00  12.580   366   8.2
  -1 226   78.764  -47.525    0.889    0.00  12.582   366   8.2
  -1 227   78.765  -48.288    1.663    0.00  12.360   350   8.2
  -1 228   78.765  -48.288    1.650    0.00  12.361   350   8.2
  -1 229   78.765  -48.290    1.615    0.00  12.365   351   8.2
  -1 230   78.765  -48.292    1.603    0.00  12.366   349   8.2
  -1 231   78.765  -48.292    1.595    0.00  12.367   352   8.2
  -1 232   78.765  -48.294    1.579    0.00  12.368   351   8.2
  -1 233   78.765  -48.295    1.562    0.00  12.370   351   8.2
  -1 234   78.765  -48.298    1.543    0.00  12.372   352   8.2
  -1 235   78.765  -48.299    1.529    0.00  12.374   351   8.2
  -1 236   78.765  -48.300    1.516    0.00  12.375   352   8.2
  -1 237   78.765  -48.301    1.499    0.00  12.376   352   8.2
  -1 238   78.765  -48.303    1.474    0.00  12.379   354   8.2
  -1 239   78.765  -48.304    1.462    0.00  12.380   352   8.2
  -1 240   78.765  -48.305    1.448    0.00  12.382   353   8.2
  -1 241   78.765  -48.306    1.431    0.00  12.383   351   8.2
  -1 242   78.765  -48.306    1.410    0.00  12.385   351   8.2
  -1 243   78.765  -48.308    1.388    0.00  12.388   349   8.2
  -1 244   78.765  -48.308    1.357    0.00  12.391   351   8.2
  -1 245   78.766  -48.309    1.338    0.00  12.393   352   8.2
  -1 246   78.766  -48.309    1.339    0.00  12.393   352   8.2
  -1 247   78.766  -48.310    1.319    0.00  12.395   352   8.2
  -1 248   78.766  -48.310    1.295    0.00  12.397   352   8.2
  -1 249   78.766  -48.310    1.281    0.00  12.399   351   8.2
  -1 250   78.766  -48.169    1.226    0.00  12.409   352   8.2
  -1 251   78.766  -48.169    1.221    0.00  12.410   353   8.2
  -1 252   78.766  -48.169    1.212    0.00  12.410   352   8.2
  -1 253   78.766  -48.167    1.191    0.00  12.412   353   8.2
  -1 254   78.766  -48.166    1.171    0.00  12.415   352   8.2
  -1 255   78.766  -48.165    1.149    0.00  12.417   350   8.2
  -1 256   78.766  -48.164    1.135    0.00  12.419   351   8.2
  -1 257   78.766  -48.594    1.386    0.00  12.341   349   8.2
  -1 258   78.766  -48.595    1.382    0.00  12.341   349   8.2
  -1 259   78.766  -48.596    1.366    0.00  12.343   350   8.2
  -1 260   78.766  -48.598    1.349    0.00  12.344   348   8.2
  -1 261   78.766  -48.599    1.324    0.00  12.346   349   8.2
  -1 262   78.767  -48.602    1.304    0.00  12.348   349   8.2
  -1 263   78.767  -48.466    1.277    0.00  12.355   346   8.2
  -1 264   78.767  -48.467    1.255    0.00  12.356   348   8.2
  -1 265   78.767  -48.468    1.241    0.00  12.358   347   8.2
  -1 266   78.767  -48.468    1.218    0.00  12.360   348   8.2
  -1 267   78.767  -48.470    1.201    0.00  12.361   346   8.2
  -1 268   78.767  -48.470    1.187    0.00  12.363   347   8.2
  -1 269   78.767  -48.471    1.172    0.00  12.363   348   8.2
  -1 270   78.767  -48.476    1.155    0.00  12.364   348   8.2
  -1 271   78.767  -48.477    1.146    0.00  12.365   349   8.2
  -1 272   78.767  -48.479    1.125    0.00  12.366   350   8.2
  -1 273   78.767  -46.924   -2.056    0.00  13.235   415   8.1
  -1 274   78.767  -46.923   -2.073    0.00  13.238   416   8.1
  -1 275   78.767  -46.923   -2.087    0.00  13.240   415   8.1
  -1 276   78.767  -46.922   -2.107    0.00  13.243   418   8.1
  -1 277   78.768  -46.922   -2.136    0.00  13.247   417   8.1
  -1 278   78.768  -46.922   -2.156    0.00  13.250   417   8.1
  -1 279   78.768  -46.921   -2.181    0.00  13.254   417   8.1
  -1 280   78.768  -46.921   -2.207    0.00  13.257   416   8.1
  -1 281   78.768  -46.921   -2.218    0.00  13.258   416   8.1
  -1 282   78.768  -47.156   -2.209    0.00  13.250   416   8.1
  -1 283   78.768  -47.159   -2.239    0.00  13.254   419   8.1
  -1 284   78.768  -47.161   -2.252    0.00  13.256   419   8.1
  -1 285   78.768  -47.162   -2.264    0.00  13.256   416   8.1
  -1 286   78.768  -47.165   -2.286    0.00  13.259   416   8.1
  -1 287   78.768  -47.166   -2.312    0.00  13.261   418   8.1
  -1 288   78.768  -47.168   -2.328    0.00  13.262   417   8.1
  -1 289   78.768  -47.169   -2.346    0.00  13.264   419   8.1
  -1 290   78.768  -47.170   -2.358    0.00  13.265   419   8.1

***  less than nray rays traced for    9 ray groups  ***

|----------------------------------------------------------------|
|                                                                |
|  total of  2017 rays consisting of  362700 points were traced  |
|                                                                |
|           model consists of 12 layers and 263 blocks           |
|                                                                |
|----------------------------------------------------------------|

