    35.000        -1
     0.000         3
 0.16404E+02 0.18962E-03 0.00000E+00
 0.14304E+02 0.35002E-03 0.00000E+00
 0.14397E+02 0.14954E-02 0.23711E+01
     0.500         5
 0.16309E+02 0.14155E-03 0.00000E+00
 0.14228E+02 0.34172E-03 0.00000E+00
 0.14322E+02 0.15325E-02 0.23498E+01
 0.17665E+02 0.40494E-04 0.00000E+00
 0.17666E+02 0.49955E-04 0.00000E+00
     1.000         3
 0.14151E+02 0.33342E-03 0.00000E+00
 0.14258E+02 0.15871E-02 0.23169E+01
 0.17425E+02 0.48585E-04 0.28255E+01
     1.500         4
 0.14075E+02 0.32510E-03 0.00000E+00
 0.14202E+02 0.16541E-02 0.22758E+01
 0.17409E+02 0.47815E-04 0.29090E+01
 0.17162E+02 0.56091E-04 0.27263E+01
     2.000         3
 0.14019E+02 0.31598E-03 0.00000E+00
 0.14146E+02 0.17211E-02 0.22346E+01
 0.17259E+02 0.64701E-05 0.28847E+01
     2.500         4
 0.13962E+02 0.30686E-03 0.00000E+00
 0.14089E+02 0.17881E-02 0.21934E+01
 0.17047E+02 0.64505E-05 0.28181E+01
 0.16921E+02 0.52389E-04 0.27350E+01
     3.000         3
 0.13905E+02 0.29774E-03 0.00000E+00
 0.14033E+02 0.18552E-02 0.21523E+01
 0.16835E+02 0.64309E-05 0.27514E+01
     3.500         3
 0.13848E+02 0.28863E-03 0.00000E+00
 0.13976E+02 0.19222E-02 0.21111E+01
 0.16623E+02 0.64114E-05 0.26848E+01
     4.000         3
 0.13783E+02 0.28236E-03 0.00000E+00
 0.13920E+02 0.19892E-02 0.20699E+01
 0.16411E+02 0.63918E-05 0.26181E+01
     4.500         2
 0.13711E+02 0.27791E-03 0.00000E+00
 0.13863E+02 0.20562E-02 0.20288E+01
     5.000         2
 0.13640E+02 0.27347E-03 0.00000E+00
 0.13798E+02 0.21161E-02 0.19629E+01
     5.500         3
 0.15320E+02 0.21246E-02 0.23610E+01
 0.13569E+02 0.26902E-03 0.00000E+00
 0.13731E+02 0.21753E-02 0.18950E+01
     6.000         3
 0.15199E+02 0.23164E-02 0.23559E+01
 0.13497E+02 0.26457E-03 0.00000E+00
 0.13664E+02 0.22346E-02 0.18271E+01
     6.500         3
 0.15081E+02 0.25058E-02 0.23470E+01
 0.13426E+02 0.26013E-03 0.00000E+00
 0.13598E+02 0.22938E-02 0.17591E+01
     7.000         4
 0.14964E+02 0.26950E-02 0.23379E+01
 0.15071E+02 0.43065E-02 0.15908E+01
 0.13353E+02 0.25802E-03 0.00000E+00
 0.13531E+02 0.23530E-02 0.16912E+01
     7.500         4
 0.14847E+02 0.28842E-02 0.23288E+01
 0.15033E+02 0.51662E-02 0.50400E+00
 0.13280E+02 0.25600E-03 0.00000E+00
 0.13464E+02 0.24123E-02 0.16232E+01
     8.000         5
 0.14061E+02 0.26955E-02 0.00000E+00
 0.14805E+02 0.34148E-02 0.10474E+01
 0.14994E+02 0.60258E-02-0.58278E+00
 0.13207E+02 0.25399E-03 0.00000E+00
 0.13398E+02 0.24715E-02 0.15553E+01
     8.500         5
 0.13918E+02 0.26809E-02 0.00000E+00
 0.14791E+02 0.40758E-02-0.71938E+00
 0.14862E+02 0.62848E-02-0.54957E+00
 0.13134E+02 0.25198E-03 0.00000E+00
 0.13334E+02 0.24544E-02 0.14043E+01
     9.000         4
 0.13776E+02 0.26593E-02 0.00000E+00
 0.14691E+02 0.62977E-02-0.57309E-01
 0.13061E+02 0.24996E-03 0.00000E+00
 0.13272E+02 0.24307E-02 0.12460E+01
     9.500         4
 0.13634E+02 0.26262E-02 0.00000E+00
 0.14520E+02 0.63105E-02 0.43495E+00
 0.12988E+02 0.24795E-03 0.00000E+00
 0.13209E+02 0.24070E-02 0.10877E+01
    10.000         4
 0.13492E+02 0.25857E-02 0.00000E+00
 0.14350E+02 0.63233E-02 0.92721E+00
 0.12937E+02 0.24018E-03 0.00000E+00
 0.13146E+02 0.23833E-02 0.92944E+00
    10.500         4
 0.13349E+02 0.25399E-02 0.00000E+00
 0.14179E+02 0.63361E-02 0.14195E+01
 0.12893E+02 0.23086E-03 0.00000E+00
 0.13083E+02 0.23596E-02 0.77117E+00
    11.000         4
 0.13206E+02 0.24968E-02 0.00000E+00
 0.14008E+02 0.63489E-02 0.19117E+01
 0.12848E+02 0.22153E-03 0.00000E+00
 0.13020E+02 0.23359E-02 0.61290E+00
    11.500         5
 0.13197E+02 0.39744E-02 0.00000E+00
 0.13064E+02 0.24546E-02 0.00000E+00
 0.13876E+02 0.62757E-02 0.19028E+01
 0.12779E+02 0.20934E-03 0.00000E+00
 0.12963E+02 0.22178E-02 0.46603E+00
    12.000         7
 0.13036E+02 0.39303E-02 0.00000E+00
 0.12919E+02 0.24289E-02 0.00000E+00
 0.13752E+02 0.61867E-02 0.18020E+01
 0.12945E+02 0.44374E-02 0.00000E+00
 0.12938E+02 0.26749E-02 0.31155E+01
 0.12707E+02 0.19687E-03 0.00000E+00
 0.12913E+02 0.20062E-02 0.33045E+00
    12.500         7
 0.12876E+02 0.38678E-02 0.00000E+00
 0.12773E+02 0.24048E-02 0.00000E+00
 0.13628E+02 0.60977E-02 0.17011E+01
 0.12887E+02 0.45338E-02 0.00000E+00
 0.12853E+02 0.27172E-02 0.30339E+01
 0.12636E+02 0.18440E-03 0.00000E+00
 0.12862E+02 0.17946E-02 0.19487E+00
    13.000         7
 0.12715E+02 0.37918E-02 0.00000E+00
 0.12630E+02 0.23838E-02 0.00000E+00
 0.13503E+02 0.60087E-02 0.16003E+01
 0.12829E+02 0.46247E-02 0.00000E+00
 0.12768E+02 0.27596E-02 0.29522E+01
 0.12564E+02 0.17192E-03 0.00000E+00
 0.12812E+02 0.15830E-02 0.59291E-01
    13.500         7
 0.12556E+02 0.37212E-02 0.00000E+00
 0.12486E+02 0.23631E-02 0.00000E+00
 0.13376E+02 0.59594E-02 0.14967E+01
 0.12774E+02 0.49171E-02 0.00000E+00
 0.12681E+02 0.28259E-02 0.28696E+01
 0.12490E+02 0.15936E-03 0.00000E+00
 0.12755E+02 0.13932E-02 0.00000E+00
    14.000         7
 0.12395E+02 0.36877E-02 0.00000E+00
 0.12344E+02 0.23243E-02 0.00000E+00
 0.13243E+02 0.60301E-02 0.13848E+01
 0.12731E+02 0.53599E-02 0.00000E+00
 0.12589E+02 0.29362E-02 0.27854E+01
 0.12416E+02 0.14679E-03 0.00000E+00
 0.12693E+02 0.12202E-02 0.00000E+00
    14.500         7
 0.12236E+02 0.36719E-02 0.00000E+00
 0.12201E+02 0.22829E-02 0.00000E+00
 0.13109E+02 0.61009E-02 0.12729E+01
 0.12664E+02 0.49306E-02 0.00000E+00
 0.12498E+02 0.30464E-02 0.27012E+01
 0.12342E+02 0.13422E-03 0.00000E+00
 0.12631E+02 0.10473E-02 0.00000E+00
    15.000         9
 0.12074E+02 0.36600E-02 0.00000E+00
 0.12058E+02 0.22242E-02 0.00000E+00
 0.12976E+02 0.61716E-02 0.11610E+01
 0.12879E+02 0.11995E-02 0.00000E+00
 0.12766E+02 0.17450E-02 0.15708E+01
 0.12561E+02 0.47683E-02 0.00000E+00
 0.12408E+02 0.31977E-02 0.26098E+01
 0.12268E+02 0.12199E-03 0.00000E+00
 0.12570E+02 0.87438E-03 0.00000E+00
    15.500         9
 0.11916E+02 0.36402E-02 0.00000E+00
 0.11915E+02 0.21640E-02 0.00000E+00
 0.12842E+02 0.62423E-02 0.10491E+01
 0.12895E+02 0.48311E-02 0.52464E+00
 0.12791E+02 0.73446E-03 0.00000E+00
 0.12598E+02 0.17210E-02 0.15708E+01
 0.12319E+02 0.34603E-02 0.24988E+01
 0.12190E+02 0.11202E-03 0.00000E+00
 0.12508E+02 0.71038E-03 0.00000E+00
    16.000         8
 0.11756E+02 0.35968E-02 0.00000E+00
 0.11772E+02 0.20994E-02 0.00000E+00
 0.12708E+02 0.63131E-02 0.93722E+00
 0.12757E+02 0.45523E-02 0.44607E+00
 0.12695E+02 0.17155E-03 0.00000E+00
 0.12231E+02 0.37229E-02 0.23879E+01
 0.12111E+02 0.10205E-03 0.00000E+00
 0.12449E+02 0.63700E-03 0.00000E+00
    16.500         7
 0.11596E+02 0.35455E-02 0.00000E+00
 0.11630E+02 0.20338E-02 0.00000E+00
 0.12575E+02 0.63838E-02 0.82533E+00
 0.12619E+02 0.42735E-02 0.36749E+00
 0.12140E+02 0.40593E-02 0.22694E+01
 0.12033E+02 0.92079E-04 0.00000E+00
 0.12389E+02 0.56361E-03 0.00000E+00
    17.000         7
 0.11438E+02 0.34790E-02 0.00000E+00
 0.11567E+02 0.55044E-02 0.00000E+00
 0.11489E+02 0.19665E-02 0.00000E+00
 0.12481E+02 0.39947E-02 0.28892E+00
 0.12046E+02 0.44461E-02 0.21457E+01
 0.11955E+02 0.82124E-04 0.00000E+00
 0.12330E+02 0.49023E-03 0.00000E+00
    17.500         7
 0.11279E+02 0.33895E-02 0.00000E+00
 0.11390E+02 0.54476E-02 0.00000E+00
 0.11349E+02 0.18881E-02 0.00000E+00
 0.12343E+02 0.37159E-02 0.21035E+00
 0.11953E+02 0.48330E-02 0.20220E+01
 0.11878E+02 0.72635E-04 0.00000E+00
 0.12270E+02 0.41684E-03 0.00000E+00
    18.000         7
 0.11120E+02 0.32878E-02 0.00000E+00
 0.11214E+02 0.53586E-02 0.00000E+00
 0.11209E+02 0.17980E-02 0.00000E+00
 0.12205E+02 0.34371E-02 0.13178E+00
 0.11868E+02 0.52757E-02 0.18219E+01
 0.11802E+02 0.63147E-04 0.00000E+00
 0.12214E+02 0.40785E-03 0.00000E+00
    18.500         7
 0.10961E+02 0.31758E-02 0.00000E+00
 0.11039E+02 0.52442E-02 0.00000E+00
 0.11068E+02 0.16923E-02 0.00000E+00
 0.12067E+02 0.31583E-02 0.53209E-01
 0.11788E+02 0.57460E-02 0.15840E+01
 0.11725E+02 0.53658E-04 0.00000E+00
 0.12159E+02 0.40733E-03 0.00000E+00
    19.000         7
 0.10803E+02 0.30497E-02 0.00000E+00
 0.10863E+02 0.51042E-02 0.00000E+00
 0.10927E+02 0.15815E-02 0.00000E+00
 0.11927E+02 0.29012E-02 0.00000E+00
 0.11704E+02 0.59669E-02 0.12650E+01
 0.11654E+02 0.42640E-04 0.00000E+00
 0.12103E+02 0.40682E-03 0.00000E+00
    19.500         7
 0.10645E+02 0.29090E-02 0.00000E+00
 0.10688E+02 0.49422E-02 0.00000E+00
 0.10786E+02 0.14546E-02 0.00000E+00
 0.11783E+02 0.26898E-02 0.00000E+00
 0.11613E+02 0.58030E-02 0.82070E+00
 0.11589E+02 0.29737E-04 0.00000E+00
 0.12048E+02 0.40630E-03 0.00000E+00
    20.000         6
 0.10488E+02 0.27544E-02 0.00000E+00
 0.10513E+02 0.47579E-02 0.00000E+00
 0.10645E+02 0.13209E-02 0.00000E+00
 0.11639E+02 0.24784E-02 0.00000E+00
 0.11526E+02 0.53572E-02 0.40130E+00
 0.11992E+02 0.40578E-03 0.00000E+00
    20.500         6
 0.10330E+02 0.25889E-02 0.00000E+00
 0.10338E+02 0.45519E-02 0.00000E+00
 0.10505E+02 0.11752E-02 0.00000E+00
 0.11495E+02 0.22669E-02 0.00000E+00
 0.11452E+02 0.39151E-02 0.69777E-01
 0.11937E+02 0.40526E-03 0.00000E+00
    21.000         6
 0.10172E+02 0.24186E-02 0.00000E+00
 0.10164E+02 0.43258E-02 0.00000E+00
 0.10365E+02 0.10217E-02 0.00000E+00
 0.11351E+02 0.20555E-02 0.00000E+00
 0.11365E+02 0.29591E-02 0.00000E+00
 0.11881E+02 0.40474E-03 0.00000E+00
    21.500         6
 0.10015E+02 0.22430E-02 0.00000E+00
 0.99896E+01 0.40795E-02 0.00000E+00
 0.10225E+02 0.86428E-03 0.00000E+00
 0.11207E+02 0.18441E-02 0.00000E+00
 0.11274E+02 0.21327E-02 0.00000E+00
 0.11825E+02 0.40422E-03 0.00000E+00
    22.000         6
 0.98589E+01 0.20485E-02 0.00000E+00
 0.98159E+01 0.38096E-02 0.00000E+00
 0.10086E+02 0.71073E-03 0.00000E+00
 0.11066E+02 0.17338E-02 0.00000E+00
 0.11185E+02 0.15699E-02 0.00000E+00
 0.11780E+02 0.43728E-03 0.00000E+00
    22.500         6
 0.97030E+01 0.18145E-02 0.00000E+00
 0.96425E+01 0.35144E-02 0.00000E+00
 0.99472E+01 0.56344E-03 0.00000E+00
 0.10927E+02 0.17223E-02 0.00000E+00
 0.11097E+02 0.12388E-02 0.00000E+00
 0.11736E+02 0.47508E-03 0.00000E+00
    23.000         6
 0.95472E+01 0.15396E-02 0.00000E+00
 0.94694E+01 0.31968E-02 0.00000E+00
 0.98089E+01 0.42708E-03 0.00000E+00
 0.10789E+02 0.17108E-02 0.00000E+00
 0.11011E+02 0.97201E-03 0.00000E+00
 0.11691E+02 0.51288E-03 0.00000E+00
    23.500         6
 0.93918E+01 0.12500E-02 0.00000E+00
 0.92966E+01 0.28667E-02 0.00000E+00
 0.96707E+01 0.28717E-03 0.00000E+00
 0.10650E+02 0.16993E-02 0.00000E+00
 0.10928E+02 0.87740E-03 0.00000E+00
 0.11650E+02 0.55244E-03 0.00000E+00
    24.000         7
 0.92368E+01 0.98266E-03 0.00000E+00
 0.91241E+01 0.25174E-02 0.00000E+00
 0.91318E+01 0.10526E-01 0.00000E+00
 0.95297E+01 0.18085E-03 0.00000E+00
 0.10512E+02 0.16877E-02 0.00000E+00
 0.10846E+02 0.78584E-03 0.00000E+00
 0.11609E+02 0.59256E-03 0.00000E+00
    24.500         7
 0.90823E+01 0.75558E-03 0.00000E+00
 0.89520E+01 0.21279E-02 0.00000E+00
 0.89443E+01 0.94198E-02 0.00000E+00
 0.93865E+01 0.10154E-03 0.00000E+00
 0.10374E+02 0.16762E-02 0.00000E+00
 0.10768E+02 0.74345E-03 0.00000E+00
 0.11568E+02 0.63268E-03 0.00000E+00
    25.000         6
 0.89276E+01 0.56638E-03 0.00000E+00
 0.87802E+01 0.17007E-02 0.00000E+00
 0.87569E+01 0.81883E-02 0.00000E+00
 0.10235E+02 0.16647E-02 0.00000E+00
 0.10691E+02 0.70114E-03 0.00000E+00
 0.11527E+02 0.67329E-03 0.00000E+00
    25.500         6
 0.87730E+01 0.40503E-03 0.00000E+00
 0.86085E+01 0.12710E-02 0.00000E+00
 0.85708E+01 0.68538E-02 0.00000E+00
 0.10097E+02 0.16532E-02 0.00000E+00
 0.10618E+02 0.69208E-03 0.00000E+00
 0.11486E+02 0.71409E-03 0.00000E+00
    26.000         6
 0.86165E+01 0.24193E-03 0.00000E+00
 0.84372E+01 0.88177E-03 0.00000E+00
 0.83839E+01 0.51528E-02 0.00000E+00
 0.99611E+01 0.16523E-02 0.00000E+00
 0.10546E+02 0.68302E-03 0.00000E+00
 0.11445E+02 0.75489E-03 0.00000E+00
    26.500         6
 0.84615E+01 0.10307E-03 0.00000E+00
 0.82663E+01 0.55890E-03 0.00000E+00
 0.81985E+01 0.34037E-02 0.00000E+00
 0.98492E+01 0.17386E-02 0.00000E+00
 0.10477E+02 0.70131E-03 0.00000E+00
 0.11408E+02 0.79851E-03 0.00000E+00
    27.000         5
 0.80950E+01 0.30417E-03 0.00000E+00
 0.80138E+01 0.20752E-02 0.00000E+00
 0.97373E+01 0.18249E-02 0.00000E+00
 0.10410E+02 0.72713E-03 0.00000E+00
 0.11372E+02 0.84323E-03 0.00000E+00
    27.500         5
 0.79238E+01 0.13485E-03 0.00000E+00
 0.78300E+01 0.99397E-03 0.00000E+00
 0.96254E+01 0.19112E-02 0.00000E+00
 0.10343E+02 0.75295E-03 0.00000E+00
 0.11336E+02 0.88794E-03 0.00000E+00
    28.000         3
 0.95347E+01 0.21338E-02 0.00000E+00
 0.10278E+02 0.79077E-03 0.00000E+00
 0.11302E+02 0.93063E-03 0.00000E+00
    28.500         3
 0.94449E+01 0.23615E-02 0.00000E+00
 0.10224E+02 0.86790E-03 0.00000E+00
 0.11270E+02 0.97219E-03 0.00000E+00
    29.000         3
 0.93551E+01 0.25893E-02 0.00000E+00
 0.10169E+02 0.94380E-03 0.00000E+00
 0.11238E+02 0.10138E-02 0.00000E+00
    29.500         3
 0.92653E+01 0.28171E-02 0.00000E+00
 0.10118E+02 0.10111E-02 0.00000E+00
 0.11210E+02 0.10938E-02 0.00000E+00
    30.000         3
 0.91755E+01 0.30449E-02 0.00000E+00
 0.10067E+02 0.10784E-02 0.00000E+00
 0.11183E+02 0.11808E-02 0.00000E+00
    30.500         3
 0.90857E+01 0.32727E-02 0.00000E+00
 0.10027E+02 0.11297E-02 0.00000E+00
 0.11156E+02 0.12678E-02 0.00000E+00
    31.000         3
 0.89959E+01 0.35004E-02 0.00000E+00
 0.99869E+01 0.11809E-02 0.00000E+00
 0.11134E+02 0.15055E-02 0.00000E+00
    31.500         3
 0.89320E+01 0.41525E-02 0.00000E+00
 0.99527E+01 0.13157E-02 0.00000E+00
 0.11113E+02 0.17870E-02 0.00000E+00
    32.000         3
 0.88879E+01 0.51260E-02 0.00000E+00
 0.99214E+01 0.14934E-02 0.00000E+00
 0.11092E+02 0.20685E-02 0.00000E+00
    32.500         3
 0.88456E+01 0.62331E-02 0.00000E+00
 0.98995E+01 0.19149E-02 0.00000E+00
 0.11074E+02 0.23428E-02 0.00000E+00
    33.000         3
 0.88190E+01 0.85539E-02 0.00000E+00
 0.98807E+01 0.24167E-02 0.00000E+00
 0.11065E+02 0.25844E-02 0.00000E+00
    33.500         3
 0.88155E+01 0.10409E-01 0.00000E+00
 0.98661E+01 0.29212E-02 0.00000E+00
 0.11056E+02 0.28260E-02 0.00000E+00
    34.000         3
 0.88143E+01 0.12216E-01 0.00000E+00
 0.98691E+01 0.34377E-02 0.00000E+00
 0.11047E+02 0.30675E-02 0.00000E+00
    34.500         3
 0.88131E+01 0.14024E-01 0.00000E+00
 0.98722E+01 0.39542E-02 0.00000E+00
 0.11038E+02 0.33091E-02 0.00000E+00
    35.000         3
 0.88119E+01 0.15831E-01 0.00000E+00
 0.98752E+01 0.44708E-02 0.00000E+00
 0.11029E+02 0.35506E-02 0.00000E+00
    35.500         0
    36.000         0
    36.500         0
    37.000         0
    37.500         0
    38.000         0
    38.500         0
    39.000         0
    39.500         0
    40.000         0
    40.500         0
    41.000         0
    41.500         0
    42.000         0
    42.500         0
    43.000         0
    43.500         0
    44.000         0
    44.500         0
    45.000         0
    45.500         0
    46.000         0
    46.500         0
    47.000         0
    47.500         0
    48.000         0
    48.500         0
    49.000         0
    49.500         0
    50.000         0
    50.500         0
    51.000         0
    51.500         0
    52.000         0
    52.500         0
    53.000         0
    53.500         0
    54.000         0
    54.500         0
    55.000         0
    55.500         0
    56.000         0
    56.500         0
    57.000         0
    57.500         0
    58.000         0
    58.500         0
    59.000         0
    59.500         0
    60.000         0
    60.500         0
    61.000         0
    61.500         0
    62.000         0
    62.500         0
    63.000         0
    63.500         0
    64.000         0
    64.500         0
    65.000         0
    65.500         0
    66.000         0
    66.500         0
    67.000         0
    67.500         0
    68.000         0
    68.500         0
    69.000         0
    69.500         0
    70.000         0
    70.500         0
    71.000         0
    71.500         0
    72.000         0
    72.500         0
    73.000         0
    73.500         0
    74.000         0
    74.500         0
    75.000         0
    75.500         0
    76.000         0
    76.500         0
    77.000         0
    77.500         0
    78.000         0
    78.500         0
    79.000         0
    79.500         0
    80.000         0
    80.500         0
    81.000         0
    81.500         0
    82.000         0
    82.500         0
    83.000         0
    83.500         0
    84.000         0
    84.500         0
    85.000         0
    85.500         0
    86.000         0
    86.500         0
    87.000         0
    87.500         0
    88.000         0
    88.500         0
    89.000         0
    89.500         0
    90.000         0
    90.500         0
    91.000         0
    91.500         0
    92.000         0
    92.500         0
    93.000         0
    93.500         0
    94.000         0
    94.500         0
    95.000         0
    95.500         0
    96.000         0
    96.500         0
    97.000         0
    97.500         0
    98.000         0
    98.500         0
    99.000         0
    99.500         0
   100.000         0
   100.500         0
   101.000         0
   101.500         0
   102.000         0
   102.500         0
   103.000         0
   103.500         0
   104.000         0
   104.500         0
   105.000         0
   105.500         0
   106.000         0
   106.500         0
   107.000         0
   107.500         0
   108.000         0
   108.500         0
   109.000         0
   109.500         0
   110.000         0
