    35.000    -1.000     0.000         0
    26.591     8.434     0.010         1
    26.458     8.474     0.010         1
    26.296     8.525     0.010         1
    26.121     8.579     0.010         1
    25.954     8.631     0.010         1
    25.777     8.686     0.010         1
    25.608     8.741     0.010         1
    25.431     8.794     0.010         1
    25.245     8.851     0.010         1
    25.068     8.906     0.010         1
    24.891     8.961     0.010         1
    24.719     9.015     0.010         1
    24.549     9.067     0.010         1
    24.379     9.120     0.010         1
    24.206     9.173     0.010         1
    24.042     9.224     0.010         1
    23.869     9.277     0.010         1
    23.703     9.329     0.010         1
    23.533     9.381     0.010         1
    23.364     9.434     0.010         1
    23.195     9.487     0.010         1
    23.026     9.539     0.010         1
    22.854     9.593     0.010         1
    22.687     9.645     0.010         1
    22.517     9.698     0.010         1
    22.348     9.750     0.010         1
    22.179     9.803     0.010         1
    22.010     9.856     0.010         1
    21.840     9.909     0.010         1
    21.672     9.962     0.010         1
    21.500    10.015     0.010         1
    21.331    10.068     0.010         1
    21.159    10.122     0.010         1
    20.986    10.177     0.010         1
    20.816    10.230     0.010         1
    20.645    10.284     0.010         1
    20.471    10.339     0.010         1
    20.301    10.392     0.010         1
    20.130    10.448     0.010         1
    19.957    10.501     0.010         1
    19.785    10.555     0.010         1
    19.614    10.610     0.010         1
    19.440    10.664     0.010         1
    19.267    10.719     0.010         1
    19.094    10.773     0.010         1
    18.921    10.828     0.010         1
    18.747    10.883     0.010         1
    18.574    10.938     0.010         1
    18.400    10.993     0.010         1
    18.225    11.049     0.010         1
    18.051    11.104     0.010         1
    17.875    11.160     0.010         1
    17.701    11.215     0.010         1
    17.523    11.272     0.010         1
    17.347    11.327     0.010         1
    17.172    11.384     0.010         1
    16.995    11.439     0.010         1
    16.819    11.496     0.010         1
    16.642    11.552     0.010         1
    16.478    11.602     0.010         1
    16.302    11.659     0.010         1
    16.109    11.721     0.010         1
    15.930    11.778     0.010         1
    15.752    11.836     0.010         1
    15.572    11.893     0.010         1
    15.398    11.948     0.010         1
    15.217    12.007     0.010         1
    15.044    12.060     0.010         1
    14.863    12.118     0.010         1
    14.666    12.182     0.010         1
    14.483    12.241     0.010         1
    14.299    12.301     0.010         1
    14.124    12.356     0.010         1
    13.940    12.415     0.010         1
    13.755    12.474     0.010         1
    13.572    12.533     0.010         1
    13.385    12.592     0.010         1
    13.212    12.648     0.010         1
    13.039    12.703     0.010         1
    12.864    12.759     0.010         1
    12.688    12.816     0.010         1
    12.513    12.872     0.010         1
    12.340    12.927     0.010         1
    12.165    12.983     0.010         1
    11.992    13.038     0.010         1
    11.813    13.096     0.010         1
    11.639    13.153     0.010         1
    11.468    13.207     0.010         1
    11.299    13.260     0.010         1
    11.124    13.316     0.010         1
    27.521     7.917     0.010         2
    26.965     8.107     0.010         2
    26.395     8.302     0.010         2
    25.836     8.493     0.010         2
    25.274     8.686     0.010         2
    24.715     8.878     0.010         2
    24.160     9.069     0.010         2
    23.600     9.262     0.010         2
    23.038     9.456     0.010         2
    22.477     9.651     0.010         2
    21.915     9.845     0.010         2
    21.351    10.041     0.010         2
    20.782    10.240     0.010         2
    20.213    10.438     0.010         2
    19.644    10.638     0.010         2
    19.073    10.838     0.010         2
    18.501    11.038     0.010         2
    17.926    11.240     0.010         2
    17.346    11.445     0.010         2
    16.767    11.649     0.010         2
    27.904     7.682     0.010         3
    27.704     7.755     0.010         3
    27.476     7.839     0.010         3
    27.250     7.922     0.010         3
    27.025     8.005     0.010         3
    26.794     8.090     0.010         3
    26.572     8.172     0.010         3
    26.349     8.254     0.010         3
    26.128     8.336     0.010         3
    25.907     8.419     0.010         3
    25.684     8.501     0.010         3
    25.465     8.584     0.010         3
    25.246     8.665     0.010         3
    25.028     8.747     0.010         3
    24.810     8.828     0.010         3
    24.587     8.911     0.010         3
    24.371     8.993     0.010         3
    24.157     9.073     0.010         3
    23.941     9.154     0.010         3
    23.725     9.235     0.010         3
    24.521     9.381     0.010         4
    23.720     9.610     0.010         4
    23.084     9.786     0.010         4
    22.320     9.997     0.010         4
    21.510    10.222     0.010         4
    20.667    10.458     0.010         4
    19.818    10.696     0.010         4
    18.955    10.939     0.010         4
    18.089    11.184     0.010         4
    17.255    11.417     0.010         4
    16.329    11.678     0.010         4
    15.382    11.949     0.010         4
    14.436    12.220     0.010         4
    13.502    12.485     0.010         4
    12.541    12.761     0.010         4
    11.541    13.052     0.010         4
    10.619    13.315     0.010         4
     9.707    13.576     0.010         4
     8.813    13.829     0.010         4
     7.904    14.089     0.010         4
     5.006    15.440     0.010         5
     6.029    15.192     0.010         5
     7.638    14.814     0.010         5
     8.750    14.785     0.010         5
     6.635    15.099     0.010         6
     8.145    14.983     0.010         6
    11.078    13.981     0.010         6
    13.376    13.410     0.010         6
    16.876    12.474     0.010         6
    15.157    12.989     0.010         7
    18.839    11.974     0.010         7
    21.747    11.136     0.010         7
    25.946     9.973     0.010         7
    27.519     9.621     0.010         7
    31.216     8.957     0.010         7
    32.450     8.848     0.010         7
    33.047     8.817     0.010         7
    35.044     8.824     0.010         7
     0.686    16.275     0.010         8
     0.677    16.277     0.010         8
     0.581    16.294     0.010         8
     0.475    16.314     0.010         8
     0.321    16.346     0.010         8
     0.165    16.376     0.010         8
     0.014    16.402     0.010         8
    -0.150    16.432     0.010         8
    -0.334    16.473     0.010         8
    -0.529    16.512     0.010         8
    -1.504    16.611     0.010         8
    -1.759    16.664     0.010         8
    -2.005    16.713     0.010         8
    -2.678    16.870     0.010         8
    -2.933    16.925     0.010         8
    -4.108    17.198     0.010         8
    -4.301    17.237     0.010         8
    -4.499    17.277     0.010         8
    -4.688    17.314     0.010         8
    -4.880    17.352     0.010         8
    16.130    12.670     0.010         9
    15.760    12.743     0.010         9
    15.405    12.809     0.010         9
    15.068    12.868     0.010         9
    14.790    12.914     0.010         9
    14.532    12.966     0.010         9
    14.923    12.792     0.010        10
    15.682    12.537     0.010        10
    15.371    12.583     0.010        11
    15.485    12.495     0.010        11
    15.234    12.523     0.010        12
    14.971    12.565     0.010        12
    14.379    12.689     0.010        12
    14.153    12.717     0.010        12
    13.956    12.735     0.010        12
    13.765    12.752     0.010        12
    13.578    12.768     0.010        12
    13.387    12.785     0.010        12
    12.023    12.942     0.010        12
    11.842    12.965     0.010        12
    11.849    12.963     0.010        13
    13.324    12.713     0.010        13
    14.865    12.432     0.010        13
    16.203    12.195     0.010        13
    17.665    11.922     0.010        13
    18.803    11.740     0.010        13
    19.890    11.542     0.010        13
    20.605    11.436     0.010        13
    21.734    11.232     0.010        13
    22.864    11.033     0.010        13
    23.971    10.850     0.010        13
    24.999    10.691     0.010        13
    26.108    10.530     0.010        13
    27.883    10.291     0.010        13
    28.937    10.176     0.010        13
    30.005    10.067     0.010        13
    31.170     9.973     0.010        13
    32.124     9.914     0.010        13
    33.405     9.865     0.010        13
    35.128     9.913     0.010        13
    19.682    11.566     0.010        14
    18.776    11.683     0.010        14
    16.983    11.957     0.010        14
    14.935    12.278     0.010        14
    12.961    12.570     0.010        14
    11.044    12.844     0.010        14
     9.607    12.973     0.010        14
     6.519    13.423     0.010        14
     3.695    13.826     0.010        14
     1.491    14.076     0.010        14
    -1.552    14.541     0.010        14
    -3.761    14.879     0.010        14
    -5.655    15.159     0.010        14
    -7.689    15.459     0.010        14
    -9.668    15.748     0.010        14
   -11.703    16.046     0.010        14
   -13.761    16.346     0.010        14
   -15.829    16.648     0.010        14
   -17.910    16.950     0.010        14
   -19.999    17.253     0.010        14
   -19.998    17.264     0.010        15
   -16.801    16.809     0.010        15
   -10.695    15.941     0.010        15
    -4.832    15.118     0.010        15
     0.707    14.291     0.010        15
     4.539    13.859     0.010        15
     8.040    13.392     0.010        15
    11.249    12.989     0.010        15
    13.219    12.790     0.010        15
    15.455    12.514     0.010        15
    17.558    12.263     0.010        15
    21.562    11.819     0.010        15
    23.123    11.681     0.010        15
    24.641    11.557     0.010        15
    26.139    11.433     0.010        15
    27.680    11.323     0.010        15
    29.076    11.234     0.010        15
    30.613    11.150     0.010        15
    32.410    11.075     0.010        15
    35.311    11.112     0.010        15
     0.262    18.041     0.010        16
     0.362    18.026     0.010        17
     0.362    18.026     0.010        17
     0.358    18.027     0.010        17
     0.352    18.028     0.010        17
     0.352    18.028     0.010        17
     0.352    18.028     0.010        17
     0.350    18.029     0.010        17
     0.350    18.029     0.010        17
     0.343    18.031     0.010        17
     0.336    18.031     0.010        17
     0.336    18.031     0.010        17
     0.334    18.032     0.010        17
     0.327    18.033     0.010        17
     0.327    18.033     0.010        17
     0.325    18.034     0.010        17
     0.325    18.034     0.010        17
     0.311    18.038     0.010        17
     0.311    18.038     0.010        17
     0.308    18.039     0.010        17
     0.308    18.039     0.010        17
     0.308    18.039     0.010        17
     0.303    18.040     0.010        17
     0.295    18.042     0.010        17
     0.295    18.042     0.010        17
     0.293    18.042     0.010        17
     0.288    18.043     0.010        17
     0.280    18.045     0.010        17
     0.280    18.045     0.010        17
     0.277    18.046     0.010        17
     0.272    18.047     0.010        17
     0.272    18.047     0.010        17
     0.267    18.048     0.010        17
     0.272    18.047     0.010        18
     0.261    18.049     0.010        18
     0.261    18.049     0.010        18
     0.258    18.050     0.010        18
     0.258    18.050     0.010        18
     4.456    16.272     0.010        19
     4.451    16.274     0.010        19
     4.447    16.275     0.010        19
     4.443    16.276     0.010        19
     4.435    16.278     0.010        19
     4.425    16.280     0.010        19
     4.419    16.282     0.010        19
     4.414    16.283     0.010        19
     4.407    16.285     0.010        19
     4.412    16.284     0.010        20
     4.408    16.285     0.010        20
     4.403    16.286     0.010        20
     4.395    16.288     0.010        20
     4.382    16.291     0.010        20
     4.382    16.291     0.010        20
     4.369    16.294     0.010        20
     4.365    16.295     0.010        20
     4.358    16.297     0.010        20
     4.353    16.298     0.010        20
     4.349    16.299     0.010        20
     4.338    16.302     0.010        20
     4.341    16.301     0.010        21
     4.332    16.304     0.010        21
     4.327    16.305     0.010        21
     4.330    16.302     0.010        22
     4.326    16.303     0.010        22
     4.319    16.304     0.010        22
     4.314    16.306     0.010        22
     4.299    16.309     0.010        22
     4.284    16.313     0.010        22
     4.282    16.314     0.010        22
     4.277    16.315     0.010        22
     4.259    16.319     0.010        22
     4.255    16.320     0.010        22
     4.241    16.324     0.010        22
     4.255    16.320     0.010        23
     4.246    16.322     0.010        23
     4.242    16.323     0.010        23
     4.228    16.325     0.010        23
     4.222    16.326     0.010        23
     4.212    16.328     0.010        23
     4.208    16.330     0.010        23
     4.197    16.332     0.010        23
     4.184    16.335     0.010        23
     4.182    16.336     0.010        23
     4.171    16.338     0.010        23
     4.171    16.338     0.010        23
     1.771    17.356     0.010        23
     1.764    17.358     0.010        23
     1.760    17.359     0.010        23
     1.752    17.360     0.010        23
     1.750    17.361     0.010        23
     1.748    17.361     0.010        23
     1.733    17.364     0.010        23
     1.725    17.366     0.010        23
     1.721    17.367     0.010        23
     1.712    17.369     0.010        23
     1.705    17.371     0.010        23
     1.705    17.371     0.010        23
     1.713    17.368     0.010        24
     1.704    17.370     0.010        24
     1.692    17.373     0.010        24
     1.687    17.374     0.010        24
     1.677    17.376     0.010        24
     1.668    17.378     0.010        24
     1.658    17.380     0.010        24
     1.661    17.380     0.010        25
     1.655    17.381     0.010        25
     1.645    17.384     0.010        25
     1.641    17.383     0.010        25
     1.627    17.386     0.010        25
     1.607    17.391     0.010        25
     1.612    17.390     0.010        26
     1.598    17.393     0.010        26
     1.587    17.396     0.010        26
     1.578    17.397     0.010        26
     1.570    17.399     0.010        26
     1.561    17.402     0.010        26
     1.548    17.405     0.010        26
     1.540    17.407     0.010        26
     1.560    17.394     0.010        27
     1.542    17.398     0.010        27
     1.541    17.398     0.010        27
     1.528    17.402     0.010        27
     1.511    17.406     0.010        27
     1.507    17.407     0.010        27
     1.489    17.412     0.010        27
     1.476    17.416     0.010        27
     1.463    17.419     0.010        27
     1.445    17.424     0.010        27
     1.442    17.425     0.010        27
     1.427    17.429     0.010        27
     1.419    17.431     0.010        27
     1.391    17.438     0.010        27
     2.753    16.859     0.010        28
     2.740    16.862     0.010        28
     2.728    16.865     0.010        28
     2.713    16.869     0.010        28
     2.701    16.872     0.010        28
     2.700    16.872     0.010        28
     2.690    16.875     0.010        28
     2.678    16.878     0.010        28
     2.647    16.886     0.010        28
     2.650    16.885     0.010        29
     2.634    16.889     0.010        29
     2.625    16.891     0.010        29
     2.613    16.894     0.010        29
     2.596    16.898     0.010        29
     2.588    16.900     0.010        29
     2.580    16.902     0.010        29
     2.563    16.906     0.010        29
     2.550    16.909     0.010        29
     2.537    16.912     0.010        29
     2.525    16.915     0.010        29
     2.514    16.918     0.010        29
     2.505    16.921     0.010        29
     2.490    16.923     0.010        29
     2.472    16.928     0.010        29
     2.473    16.927     0.010        30
     2.451    16.932     0.010        30
     2.435    16.935     0.010        30
     2.415    16.939     0.010        30
     2.400    16.943     0.010        30
     2.390    16.945     0.010        30
     2.385    16.947     0.010        30
     2.377    16.948     0.010        30
     2.367    16.950     0.010        30
     0.582    17.640     0.010        31
     0.581    17.640     0.010        31
     0.532    17.656     0.010        31
     0.510    17.662     0.010        31
     0.496    17.666     0.010        31
     0.500    17.666     0.010        32
     0.483    17.670     0.010        32
     0.470    17.674     0.010        32
     0.432    17.685     0.010        32
     0.420    17.689     0.010        32
     0.407    17.692     0.010        32
     0.392    17.697     0.010        32
     0.373    17.702     0.010        32
     0.355    17.707     0.010        32
     0.337    17.712     0.010        32
     0.322    17.717     0.010        32
     0.303    17.722     0.010        32
     0.279    17.729     0.010        32
     0.260    17.734     0.010        32
     0.257    17.735     0.010        32
     0.242    17.739     0.010        32
     0.223    17.744     0.010        32
     0.212    17.746     0.010        32
     1.333    17.329     0.010        33
     1.327    17.331     0.010        33
     1.306    17.337     0.010        33
     1.288    17.343     0.010        33
     1.255    17.351     0.010        33
     1.242    17.355     0.010        33
     1.224    17.360     0.010        33
     1.207    17.365     0.010        33
     1.157    17.381     0.010        33
     1.146    17.384     0.010        33
     1.125    17.390     0.010        33
     1.102    17.397     0.010        33
     1.095    17.398     0.010        33
     1.075    17.404     0.010        33
     1.046    17.412     0.010        33
     1.013    17.421     0.010        33
     0.992    17.427     0.010        33
     0.967    17.434     0.010        33
     0.950    17.438     0.010        33
     0.948    17.439     0.010        33
     0.930    17.444     0.010        33
     0.908    17.450     0.010        33
     0.889    17.455     0.010        33
     1.663    17.122     0.010        34
     1.650    17.125     0.010        34
     1.615    17.135     0.010        34
     1.603    17.137     0.010        34
     1.595    17.139     0.010        34
     1.579    17.143     0.010        34
     1.562    17.147     0.010        34
     1.543    17.152     0.010        34
     1.529    17.155     0.010        34
     1.516    17.158     0.010        34
     1.499    17.162     0.010        34
     1.474    17.168     0.010        34
     1.462    17.171     0.010        34
     1.448    17.175     0.010        34
     1.431    17.179     0.010        34
     1.410    17.184     0.010        34
     1.388    17.190     0.010        34
     1.357    17.197     0.010        34
     1.338    17.202     0.010        34
     1.339    17.201     0.010        35
     1.319    17.206     0.010        35
     1.295    17.212     0.010        35
     1.281    17.216     0.010        35
     1.226    17.234     0.010        35
     1.221    17.235     0.010        35
     1.212    17.237     0.010        35
     1.191    17.242     0.010        35
     1.171    17.247     0.010        35
     1.149    17.253     0.010        35
     1.135    17.256     0.010        35
     1.386    17.143     0.010        36
     1.382    17.144     0.010        36
     1.366    17.148     0.010        36
     1.349    17.152     0.010        36
     1.324    17.157     0.010        36
     1.304    17.162     0.010        36
     1.277    17.172     0.010        36
     1.255    17.177     0.010        36
     1.241    17.180     0.010        36
     1.218    17.186     0.010        36
     1.201    17.190     0.010        36
     1.187    17.193     0.010        36
     1.172    17.196     0.010        36
     1.155    17.199     0.010        36
     1.146    17.201     0.010        36
     1.125    17.206     0.010        36
    -2.056    18.529     0.010        37
    -2.073    18.534     0.010        37
    -2.087    18.538     0.010        37
    -2.107    18.544     0.010        37
    -2.136    18.552     0.010        37
    -2.156    18.558     0.010        37
    -2.181    18.565     0.010        37
    -2.207    18.573     0.010        37
    -2.218    18.575     0.010        37
    -2.209    18.566     0.010        38
    -2.239    18.574     0.010        38
    -2.252    18.577     0.010        38
    -2.264    18.580     0.010        38
    -2.286    18.586     0.010        38
    -2.312    18.591     0.010        38
    -2.328    18.595     0.010        38
    -2.346    18.599     0.010        38
    -2.358    18.602     0.010        38
     0.000     0.000     0.000        -1
