     0.00000     1.00000     0.00000         0   0.0
    54.50616    35.58612     0.01000         1   2.2
    30.50266    20.68522     0.01000         1   2.2
    23.84497    16.67247     0.01000         1   1.2
    19.69912    14.24905     0.01000         1   1.2
    16.73626    12.57700     0.01000         1   1.2
    14.42841    11.32574     0.01000         1   1.2
    12.59368    10.37559     0.01000         1   1.2
    11.05671     9.61923     0.01000         1   1.2
     9.77507     9.02289     0.01000         1   1.2
     8.57191     8.49845     0.01000         1   1.2
     7.53846     8.08047     0.01000         1   1.2
     6.60270     7.73215     0.01000         1   1.2
     5.74444     7.44145     0.01000         1   1.2
     4.94794     7.19931     0.01000         1   1.2
     4.20072     6.99888     0.01000         1   1.2
     3.49280     6.83499     0.01000         1   1.2
     2.81583     6.70367     0.01000         1   1.2
     2.16275     6.60194     0.01000         1   1.2
     1.52744     6.52761     0.01000         1   1.2
     0.90433     6.47911     0.01000         1   1.2
    78.28502    33.06424     0.01000         2   2.2
    71.80990    30.83190     0.01000         2   2.2
    64.07800    28.16960     0.01000         2   1.2
    56.62125    25.60809     0.01000         2   1.2
    50.65109    23.56570     0.01000         2   1.2
    45.32850    21.75410     0.01000         2   1.2
    41.11531    20.32985     0.01000         2   1.2
    37.43535    19.09583     0.01000         2   1.2
    34.24400    18.03571     0.01000         2   1.2
    31.40876    17.10389     0.01000         2   1.2
    29.03072    16.33254     0.01000         2   1.2
    26.91958    15.65743     0.01000         2   1.2
    25.03169    15.06323     0.01000         2   1.2
    23.32912    14.53674     0.01000         2   1.2
    21.78260    14.06775     0.01000         2   1.2
    20.36485    13.64695     0.01000         2   1.2
    19.05625    13.26763     0.01000         2   1.2
    17.70413    12.88599     0.01000         2   1.2
    16.58834    12.58081     0.01000         2   1.2
    15.53438    12.30138     0.01000         2   1.2
    14.47742    12.03082     0.01000         2   2.2
    13.45907    11.77964     0.01000         2   2.2
    12.51326    11.55683     0.01000         2   2.2
    11.60176    11.35201     0.01000         2   2.2
    10.71815    11.16357     0.01000         2   2.2
     9.85809    10.99048     0.01000         2   2.2
     9.01758    10.83191     0.01000         2   2.2
     8.19257    10.68712     0.01000         2   2.2
     7.37976    10.55566     0.01000         2   2.2
     6.57595    10.43717     0.01000         2   2.2
     5.77784    10.33144     0.01000         2   2.2
     4.98264    10.23844     0.01000         2   2.2
     4.18731    10.15822     0.01000         2   2.2
     3.38871    10.09100     0.01000         2   2.2
     2.58361    10.03713     0.01000         2   2.2
    13.94326    11.89730     0.01000         3   2.2
    33.10191    16.56847     0.01000         3   2.2
    41.20493    18.54178     0.01000         3   1.2
    47.54923    20.08480     0.01000         3   1.2
    52.73191    21.34392     0.01000         3   1.2
    57.26908    22.44500     0.01000         3   1.2
    61.60085    23.49506     0.01000         3   1.2
    65.44852    24.42662     0.01000         3   1.2
    69.06279    25.30076     0.01000         3   1.2
    72.51830    26.13547     0.01000         3   1.2
    75.71702    26.90732     0.01000         3   1.2
    78.81561    27.65409     0.01000         3   1.2
    81.79076    28.37034     0.01000         3   1.2
    84.57977    29.04093     0.01000         3   1.2
    87.44508    29.72916     0.01000         3   1.2
    89.96818    30.33441     0.01000         3   1.2
    92.59554    30.96395     0.01000         3   1.2
    95.08613    31.56011     0.01000         3   1.2
    97.45869    32.12726     0.01000         3   1.2
    99.92139    32.71531     0.01000         3   1.2
     0.00000     0.00000     0.00000        -1
