
dc between calculated and observed response: -421.141 mgal


 distance    obs   calc grav anom  diff

  -334.263   -77.558    55.310   132.868
  -333.263   -72.913    55.330   128.243
  -332.263   -67.507    55.350   122.857
  -331.264   -61.599    55.369   116.968
  -330.264   -54.985    55.390   110.375
  -329.264   -48.243    55.411   103.654
  -328.265   -39.909    55.432    95.341
  -327.265   -31.435    55.453    86.888
  -326.265   -23.183    55.475    78.658
  -325.265   -15.045    55.497    70.542
  -324.266    -6.427    55.519    61.947
  -323.266     2.397    55.541    53.144
  -322.266    10.816    55.564    44.748
  -321.267    18.615    55.587    36.972
  -320.267    25.868    55.610    29.742
  -319.267    32.340    55.633    23.293
  -318.268    38.572    55.657    17.084
  -317.268    43.821    55.681    11.860
  -316.268    48.634    55.704     7.070
  -315.269    51.058    55.728     4.670
  -314.269    53.021    55.752     2.732
  -313.269    53.711    55.776     2.065
  -312.270    53.822    55.800     1.979
  -311.270    52.550    55.824     3.275
  -310.270    49.947    55.850     5.903
  -309.271    46.565    55.876     9.311
  -308.271    42.131    55.902    13.771
  -307.271    37.449    55.928    18.479
  -306.271    32.067    55.954    23.887
  -305.272    26.652    55.981    29.328
  -304.272    21.015    56.007    34.992
  -303.272    15.467    56.033    40.566
  -302.273    10.336    56.061    45.725
  -301.273     5.385    56.089    50.704
  -300.273     1.251    56.117    54.866
  -299.274    -2.541    56.145    58.686
  -298.274    -5.517    56.174    61.691
  -297.274    -7.719    56.203    63.922
  -296.275    -9.491    56.232    65.723
  -295.275   -10.617    56.261    66.878
  -294.275   -11.547    56.291    67.838
  -293.276   -11.739    56.321    68.060
  -292.276   -11.979    56.352    68.331
  -291.276   -11.531    56.382    67.913
  -290.276   -11.261    56.413    67.674
  -289.277   -10.618    56.444    67.063
  -288.277   -10.039    56.476    66.515
  -287.277    -9.674    56.507    66.182
  -286.278    -9.512    56.540    66.052
  -285.278    -9.339    56.574    65.913
  -284.278    -9.138    56.607    65.745
  -283.279    -8.867    56.641    65.508
  -282.279    -8.271    56.676    64.947
  -281.279    -7.887    56.711    64.598
  -280.280    -8.146    56.746    64.892
  -279.280    -8.512    56.781    65.293
  -278.280    -8.185    56.818    65.003
  -277.281    -7.878    56.856    64.734
  -276.281    -7.238    56.893    64.131
  -275.281    -6.532    56.931    63.463
  -274.281    -6.420    56.969    63.389
  -273.282    -6.674    57.008    63.681
  -272.282    -6.795    57.046    63.841
  -271.282    -6.791    57.084    63.875
  -270.283    -6.803    57.124    63.927
  -269.283    -6.656    57.164    63.820
  -268.283    -6.698    57.205    63.903
  -267.284    -7.787    57.245    65.033
  -266.284    -8.857    57.288    66.145
  -265.284    -9.698    57.331    67.029
  -264.285   -10.393    57.374    67.767
  -263.285   -11.031    57.417    68.448
  -262.285   -11.598    57.462    69.060
  -261.286   -12.634    57.508    70.142
  -260.286   -13.913    57.553    71.466
  -259.286   -14.926    57.598    72.524
  -258.286   -15.776    57.645    73.421
  -257.287   -16.555    57.693    74.247
  -256.287   -17.299    57.740    75.040
  -255.287   -18.017    57.788    75.805
  -254.288   -18.982    57.837    76.820
  -253.288   -19.782    57.888    77.669
  -252.288   -20.565    57.938    78.503
  -251.289   -21.249    57.988    79.237
  -250.289   -21.833    58.041    79.874
  -249.289   -22.273    58.095    80.368
  -248.290   -22.437    58.149    80.586
  -247.290   -22.434    58.203    80.637
  -246.290   -22.050    58.259    80.309
  -245.291   -21.135    58.315    79.450
  -244.291   -19.938    58.372    78.310
  -243.291   -18.173    58.428    76.601
  -242.292   -16.274    58.487    74.760
  -241.292   -13.821    58.546    72.368
  -240.292   -11.248    58.606    69.854
  -239.292    -8.169    58.666    66.834
  -238.293    -4.945    58.728    63.674
  -237.293    -2.306    58.792    61.099
  -236.293     0.080    58.856    58.776
  -235.294     1.863    58.920    57.058
  -234.294     3.104    58.987    55.883
  -233.294     3.766    59.055    55.289
  -232.295     3.494    59.122    55.628
  -231.295     2.547    59.190    56.643
  -230.295    -0.228    59.261    59.489
  -229.296    -3.319    59.334    62.653
  -228.296    -7.492    59.407    66.898
  -227.296   -12.068    59.479    71.547
  -226.297   -17.493    59.556    77.049
  -225.297   -23.495    59.634    83.129
  -224.297   -28.915    59.712    88.627
  -223.297   -33.034    59.790    92.824
  -222.298   -36.338    59.872    96.210
  -221.298   -39.615    59.954    99.569
  -220.298   -42.593    60.037   102.630
  -219.299   -44.505    60.120   104.624
  -218.299   -45.274    60.207   105.481
  -217.299   -42.421    60.297   102.718
  -216.300   -39.697    60.386   100.083
  -215.300   -34.263    60.476    94.739
  -214.300   -29.259    60.570    89.829
  -213.301   -22.413    60.667    83.080
  -212.301   -15.187    60.764    75.951
  -211.301    -7.194    60.860    68.055
  -210.302     0.948    60.962    60.014
  -209.302     9.104    61.066    51.962
  -208.302    17.443    61.170    43.727
  -207.302    25.442    61.274    35.832
  -206.303    33.098    61.384    28.286
  -205.303    40.315    61.497    21.182
  -204.303    46.319    61.609    15.290
  -203.304    52.185    61.722     9.537
  -202.304    55.274    61.841     6.568
  -201.304    58.239    61.963     3.724
  -200.305    59.228    62.085     2.856
  -199.305    59.769    62.206     2.438
  -198.305    58.800    62.335     3.536
  -197.306    57.094    62.467     5.374
  -196.306    54.334    62.600     8.266
  -195.306    50.377    62.732    12.355
  -194.307    45.773    62.873    17.100
  -193.307    39.809    63.019    23.209
  -192.307    33.833    63.164    29.331
  -191.307    26.509    63.309    36.800
  -190.308    19.287    63.463    44.176
  -189.308    11.431    63.620    52.189
  -187.658     0.000    63.880    63.880
  -186.663    -3.277    64.043    67.319
  -185.668   -10.248    64.216    74.464
  -184.674   -17.131    64.390    81.521
  -183.679   -23.740    64.564    88.304
  -182.685   -30.073    64.743    94.817
  -181.690   -35.455    64.934   100.389
  -180.695   -39.562    65.125   104.687
  -179.701   -42.920    65.316   108.236
  -178.706   -45.300    65.514   110.814
  -177.711   -47.000    65.725   112.725
  -176.717   -47.560    65.937   113.497
  -175.722   -47.420    66.148   113.568
  -174.728   -45.745    66.366   112.111
  -173.733   -43.626    66.602   110.228
  -172.738   -40.385    66.837   107.223
  -171.744   -36.948    67.073   104.021
  -170.749   -32.971    67.315   100.287
  -169.755   -28.758    67.578    96.336
  -168.760   -23.430    67.840    91.270
  -167.765   -18.014    68.103    86.117
  -166.771   -12.079    68.373    80.451
  -165.776    -6.166    68.666    74.832
  -164.781    -0.574    68.960    69.534
  -163.787     4.996    69.253    64.257
  -162.792    10.513    69.554    59.041
  -161.798    16.043    69.883    53.839
  -160.803    21.327    70.211    48.885
  -159.808    26.446    70.540    44.094
  -158.814    30.678    70.877    40.199
  -157.819    34.671    71.246    36.575
  -156.824    37.451    71.615    34.163
  -155.830    39.899    71.984    32.084
  -154.835    41.523    72.360    30.836
  -153.841    42.855    72.771    29.916
  -152.846    43.376    73.183    29.807
  -151.851    43.492    73.595    30.102
  -150.857    42.592    74.013    31.421
  -149.862    40.799    74.468    33.669
  -148.868    38.628    74.923    36.295
  -147.873    36.320    75.379    39.059
  -146.878    34.011    75.839    41.828
  -145.884    31.669    76.332    44.664
  -144.889    29.391    76.826    47.435
  -143.894    27.160    77.320    50.160
  -142.900    25.342    77.815    52.473
  -141.905    24.120    78.325    54.205
  -140.911    23.283    78.834    55.551
  -139.916    23.216    79.344    56.128
  -138.921    23.438    79.854    56.415
  -137.923    24.237    80.362    56.125
  -136.924    25.111    80.871    55.760
  -135.925    26.327    81.379    55.052
  -134.926    27.464    81.889    54.425
  -133.927    28.442    82.413    53.971
  -132.929    29.248    82.936    53.688
  -131.930    29.229    83.460    54.231
  -130.931    29.014    83.754    54.741
  -129.932    27.540    80.957    53.417
  -128.934    25.940    78.159    52.219
  -127.935    22.882    75.361    52.479
  -126.936    19.729    72.344    52.615
  -125.937    14.776    66.112    51.336
  -124.939     9.628    59.881    50.253
  -123.940     3.788    53.650    49.862
  -122.941    -2.143    47.429    49.572
  -121.942    -8.230    41.367    49.597
  -120.943   -14.328    35.305    49.633
  -119.945   -20.169    29.243    49.412
  -118.946   -25.893    23.245    49.138
  -117.947   -31.205    18.370    49.575
  -116.948   -36.273    13.494    49.766
  -115.950   -40.316     8.618    48.934
  -114.951   -43.648     3.824    47.472
  -113.952   -45.926     0.619    46.545
  -112.953   -47.604    -2.586    45.018
  -111.954   -48.738    -5.792    42.947
  -110.956   -49.378    -8.928    40.450
  -109.957   -49.619   -10.576    39.043
  -108.958   -49.377   -12.225    37.152
  -107.959   -48.822   -13.873    34.948
  -106.961   -47.766   -15.459    32.307
  -105.962   -46.443   -15.503    30.940
  -104.963   -44.790   -15.548    29.242
  -103.964   -43.171   -15.592    27.579
  -102.965   -41.552   -15.612    25.940
  -101.967   -39.959   -14.942    25.017
  -100.968   -38.248   -14.273    23.976
   -99.969   -36.553   -13.603    22.950
   -98.970   -34.816   -12.932    21.884
   -97.972   -33.150   -12.209    20.941
   -96.973   -31.652   -11.486    20.166
   -95.974   -30.186   -10.762    19.424
   -94.975   -28.718   -10.036    18.682
   -93.976   -27.271    -9.188    18.083
   -92.978   -25.826    -8.341    17.485
   -91.979   -24.375    -7.493    16.882
   -90.980   -22.971    -6.644    16.328
   -89.981   -21.555    -5.686    15.869
   -88.983   -20.308    -4.728    15.580
   -87.984   -19.071    -3.770    15.301
   -86.985   -17.940    -2.812    15.128
   -85.986   -16.811    -1.861    14.950
   -84.988   -15.771    -0.911    14.861
   -83.989   -14.745     0.040    14.785
   -82.990   -13.692     0.989    14.681
   -81.991   -12.600     1.832    14.432
   -80.992   -11.560     2.675    14.235
   -79.994   -10.559     3.518    14.077
   -78.995    -9.574     4.360    13.934
   -77.996    -8.611     5.039    13.650
   -76.997    -7.687     5.717    13.403
   -75.999    -6.815     6.395    13.210
   -75.000    -5.957     7.074    13.030
   -74.001    -5.125     7.589    12.713
   -73.002    -4.327     8.104    12.431
   -72.003    -3.622     8.619    12.241
   -71.005    -2.931     9.134    12.065
   -70.006    -2.245     9.519    11.764
   -69.007    -1.564     9.902    11.467
   -68.008    -0.873    10.286    11.159
   -67.010    -0.178    10.670    10.848
   -66.011     0.530    10.955    10.425
   -65.012     1.233    11.239    10.006
   -64.013     1.888    11.523     9.635
   -63.014     2.547    11.807     9.260
   -62.016     3.226    12.013     8.787
   -61.017     3.942    12.218     8.276
   -60.018     4.648    12.422     7.775
   -59.019     5.388    12.627     7.239
   -58.021     6.133    12.761     6.628
   -57.022     6.908    12.894     5.986
   -56.023     7.646    13.027     5.381
   -55.024     8.381    13.160     4.779
   -54.025     9.128    13.221     4.093
   -53.027     9.869    13.282     3.413
   -52.028    10.501    13.342     2.841
   -51.029    11.087    13.402     2.315
   -50.030    11.527    13.397     1.869
   -49.032    11.882    13.390     1.507
   -48.033    12.132    13.383     1.250
   -47.034    12.295    13.375     1.080
   -46.035    12.404    13.339     0.935
   -45.036    12.467    13.302     0.834
   -44.038    12.499    13.264     0.766
   -43.039    12.502    13.227     0.725
   -42.040    12.484    13.164     0.680
   -41.041    12.449    13.100     0.651
   -40.043    12.409    13.037     0.628
   -39.044    12.373    12.973     0.600
   -38.045    12.345    12.899     0.554
   -37.046    12.345    12.824     0.479
   -36.048    12.360    12.750     0.390
   -35.049    12.403    12.675     0.272
   -34.050    12.460    12.600     0.140
   -33.051    12.539    12.525    -0.014
   -32.052    12.628    12.450    -0.178
   -31.054    12.712    12.375    -0.338
   -30.055    12.788    12.295    -0.493
   -29.056    12.816    12.215    -0.600
   -28.057    12.834    12.136    -0.698
   -27.059    12.761    12.056    -0.705
   -26.060    12.669    11.965    -0.704
   -25.061    12.467    11.874    -0.593
   -24.062    12.234    11.782    -0.451
   -23.063    11.955    11.691    -0.264
   -22.065    11.649    11.577    -0.072
   -21.066    11.301    11.461     0.160
   -20.067    10.947    11.345     0.398
   -19.068    10.618    11.229     0.611
   -18.070    10.307    11.088     0.781
   -17.071    10.021    10.946     0.924
   -16.072     9.769    10.804     1.035
   -15.073     9.579    10.661     1.082
   -14.074     9.444    10.511     1.066
   -13.076     9.429    10.359     0.930
   -12.077     9.510    10.208     0.698
   -11.078     9.693    10.057     0.364
   -10.079     9.976     9.913    -0.063
    -9.081    10.308     9.770    -0.538
    -8.082    10.684     9.627    -1.058
    -7.083    11.056     9.484    -1.572
    -6.084    11.386     9.351    -2.036
    -5.085    11.666     9.218    -2.448
    -4.087    11.809     9.086    -2.723
    -3.088    11.873     8.954    -2.920
    -2.089    11.752     8.819    -2.933
    -1.090    11.551     8.683    -2.868
    -0.092    11.136     8.547    -2.589
     0.907    10.648     8.412    -2.236
     1.906     9.945     8.253    -1.692
     2.905     9.192     8.091    -1.101
     3.903     8.188     7.930    -0.258
     4.902     7.174     7.768     0.594
     5.901     6.260     7.573     1.312
     6.900     5.350     7.373     2.023
     7.899     4.626     7.174     2.548
     8.897     3.927     6.975     3.048
     9.896     3.467     6.739     3.272
    10.895     3.067     6.499     3.432
    11.894     2.886     6.259     3.373
    12.892     2.790     6.019     3.229
    13.891     2.869     5.739     2.870
    14.890     3.026     5.455     2.429
    15.889     3.312     5.171     1.859
    16.888     3.666     4.887     1.222
    17.886     4.069     4.555     0.486
    18.885     4.503     4.217    -0.286
    19.884     4.880     3.878    -1.002
    20.883     5.139     3.540    -1.600
    21.881     5.192     3.150    -2.041
    22.880     5.072     2.754    -2.318
    23.879     4.821     2.358    -2.463
    24.878     4.424     1.962    -2.462
    25.877     3.936     1.512    -2.424
    26.875     3.319     1.055    -2.265
    27.874     2.650     0.597    -2.053
    28.873     1.864     0.140    -1.724
    29.867     1.033    -0.340    -1.373
    30.861     0.154    -0.823    -0.978
    31.856    -0.725    -1.307    -0.581
    32.850    -1.616    -1.790    -0.174
    33.844    -2.483    -2.250     0.233
    34.839    -3.264    -2.706     0.557
    35.833    -4.011    -3.162     0.849
    36.827    -4.617    -3.618     0.999
    37.821    -5.196    -4.022     1.175
    38.816    -5.554    -4.415     1.140
    39.810    -5.879    -4.807     1.072
    40.804    -6.014    -5.200     0.814
    41.798    -6.142    -5.528     0.614
    42.793    -6.148    -5.839     0.309
    43.787    -6.152    -6.151     0.001
    44.781    -6.114    -6.463    -0.349
    45.776    -6.075    -6.720    -0.645
    46.770    -6.067    -6.962    -0.895
    47.764    -6.061    -7.203    -1.143
    48.758    -6.127    -7.445    -1.318
    49.753    -6.205    -7.637    -1.433
    50.747    -6.370    -7.813    -1.443
    51.741    -6.553    -7.989    -1.436
    52.735    -6.780    -8.165    -1.386
    53.730    -7.017    -8.291    -1.274
    54.724    -7.272    -8.399    -1.127
    55.718    -7.530    -8.507    -0.977
    56.713    -7.775    -8.614    -0.839
    57.707    -8.012    -8.688    -0.676
    58.701    -8.211    -8.748    -0.538
    59.695    -8.389    -8.809    -0.420
    60.690    -8.522    -8.869    -0.347
    61.684    -8.617    -8.882    -0.264
    62.678    -8.679    -8.873    -0.194
    63.672    -8.716    -8.865    -0.149
    64.667    -8.737    -8.856    -0.119
    65.661    -8.745    -8.771    -0.026
    66.655    -8.754    -8.648     0.106
    67.650    -8.767    -8.524     0.243
    68.644    -8.792    -8.401     0.391
    69.638    -8.834    -8.195     0.639
    70.632    -8.879    -7.944     0.935
    71.627    -8.924    -7.692     1.232
    72.621    -8.932    -7.441     1.492
    73.615    -8.887    -7.138     1.748
    74.609    -8.781    -6.804     1.977
    75.604    -8.534    -6.470     2.063
    76.598    -8.198    -6.136     2.062
    77.592    -7.601    -5.804     1.797
    78.587    -6.908    -5.472     1.436
    79.581    -5.874    -5.140     0.734
    80.575    -4.759    -4.808    -0.050
    81.569    -3.254    -4.511    -1.256
    82.564    -1.690    -4.239    -2.548
    83.558     0.065    -3.967    -4.032
    84.552     1.847    -3.695    -5.541
    85.546     3.706    -3.478    -7.184
    86.541     5.549    -3.306    -8.855
    87.535     7.029    -3.135   -10.164
    88.529     8.487    -2.964   -11.451
    89.524     9.298    -2.860   -12.158
    90.518    10.042    -2.819   -12.860
    91.512    10.022    -2.777   -12.799
    92.506     9.868    -2.735   -12.603
    93.501     9.014    -2.736   -11.750
    94.495     7.948    -2.779   -10.727
    95.489     6.360    -2.822    -9.182
    96.483     4.619    -2.865    -7.484
    97.478     2.685    -2.937    -5.622
    98.472     0.647    -3.040    -3.688
    99.466    -1.359    -3.144    -1.785
   100.461    -3.345    -3.247     0.098
   101.455    -5.062    -3.373     1.689
   102.449    -6.643    -3.525     3.118
   103.443    -7.745    -3.678     4.067
   104.438    -8.537    -3.830     4.707
   105.432    -8.808    -3.975     4.834
   106.426    -8.727    -4.110     4.617
   107.420    -8.312    -4.245     4.068
   108.415    -7.607    -4.380     3.227
   109.409    -6.681    -4.505     2.175
   110.403    -5.532    -4.617     0.916
   111.398    -4.306    -4.728    -0.422
   112.392    -2.997    -4.840    -1.843
   113.386    -1.730    -4.945    -3.214
   114.380    -0.559    -5.039    -4.480
   115.375     0.488    -5.134    -5.622
   116.369     1.268    -5.228    -6.496
   117.363     1.834    -5.325    -7.159
   118.357     1.981    -5.427    -7.407
   119.352     1.982    -5.528    -7.511
   120.346     1.608    -5.630    -7.238
   121.340     1.160    -5.738    -6.898
   122.335     0.499    -5.860    -6.359
   123.329    -0.174    -5.982    -5.808
   124.323    -0.908    -6.104    -5.196
   125.317    -1.618    -6.249    -4.631
   126.312    -2.231    -6.442    -4.212
   127.306    -2.812    -6.636    -3.824
   128.300    -3.222    -6.830    -3.607
   129.294    -3.599    -7.082    -3.483
   130.289    -3.866    -7.474    -3.608
   131.283    -4.100    -7.866    -3.766
   132.277    -4.330    -8.259    -3.928
   133.272    -4.530    -8.701    -4.171
   134.266    -4.841    -9.278    -4.437
   135.260    -5.132    -9.855    -4.723
   136.254    -5.606   -10.432    -4.826
   137.249    -6.080   -11.020    -4.940
   138.243    -6.745   -11.641    -4.895
   139.237    -7.424   -12.261    -4.837
   140.231    -8.232   -12.882    -4.650
   141.226    -9.058   -13.489    -4.431
   142.220    -9.921   -14.047    -4.126
   143.214   -10.788   -14.605    -3.818
   144.209   -11.625   -15.164    -3.539
   145.203   -12.439   -15.690    -3.251
   146.197   -13.169   -16.090    -2.921
   147.191   -13.853   -16.490    -2.637
   148.186   -14.447   -16.889    -2.442
   149.182   -15.362   -17.264    -1.902
   150.178   -16.168   -17.522    -1.354
   151.174   -16.896   -17.781    -0.884
   152.170   -17.555   -18.039    -0.484
   153.166   -18.157   -18.293    -0.136
   154.163   -18.650   -18.526     0.124
   155.159   -19.059   -18.760     0.299
   156.155   -19.399   -18.993     0.406
   157.151   -19.680   -19.231     0.449
   158.147   -19.925   -19.495     0.430
   159.143   -20.139   -19.758     0.381
   160.139   -20.313   -20.022     0.291
   161.136   -20.450   -20.290     0.160
   162.132   -20.531   -20.587    -0.056
   163.128   -20.563   -20.884    -0.321
   164.124   -20.545   -21.181    -0.636
   165.120   -20.481   -21.479    -0.998
   166.116   -20.380   -21.785    -1.405
   167.113   -20.243   -22.091    -1.848
   168.109   -20.080   -22.396    -2.317
   169.105   -19.891   -22.699    -2.808
   170.101   -19.673   -22.969    -3.296
   171.097   -19.423   -23.240    -3.817
   172.093   -19.163   -23.511    -4.348
   173.090   -18.893   -23.776    -4.883
   174.086   -18.639   -23.985    -5.346
   175.082   -18.403   -24.194    -5.791
   176.078   -18.163   -24.403    -6.241
   177.074   -17.914   -24.609    -6.694
   178.070   -17.660   -24.771    -7.111
   179.066   -17.396   -24.934    -7.538
   180.063   -17.121   -25.097    -7.976
   181.059   -16.833   -25.259    -8.426
   182.055   -16.528   -25.408    -8.880
   183.051   -16.197   -25.557    -9.360
   184.047   -15.840   -25.706    -9.866
   185.043   -15.444   -25.855   -10.411
   186.040   -15.027   -25.997   -10.971
   187.036   -14.578   -26.140   -11.562
   188.032   -14.126   -26.282   -12.156
   189.028   -13.669   -26.424   -12.755
   190.024   -13.219   -26.560   -13.342
   191.020   -12.779   -26.696   -13.917
   192.016   -12.347   -26.832   -14.485
   193.013   -11.934   -26.968   -15.034
   194.009   -11.538   -27.057   -15.519
   195.005   -11.182   -27.146   -15.965
   196.001   -10.838   -27.236   -16.398
   196.997   -10.519   -27.325   -16.806
   197.993   -10.199   -27.323   -17.124
   198.990    -9.876   -27.320   -17.444
   199.986    -9.543   -27.317   -17.774
   200.982    -9.189   -27.314   -18.125
   201.978    -8.822   -27.237   -18.415
   202.974    -8.420   -27.159   -18.739
   203.970    -8.012   -27.080   -19.069
   204.966    -7.590   -27.002   -19.412
   205.963    -7.172   -26.927   -19.755
   206.959    -6.770   -26.851   -20.082
   207.955    -6.383   -26.776   -20.394
   208.951    -6.046   -26.701   -20.655
   209.947    -5.739   -26.715   -20.976
   210.943    -5.505   -26.733   -21.228
   211.940    -5.300   -26.752   -21.451
   212.936    -5.200   -26.770   -21.570
   213.932    -5.133   -26.892   -21.759
   214.928    -5.194   -27.021   -21.827
   215.924    -5.286   -27.150   -21.863
   216.920    -5.511   -27.279   -21.767
   217.917    -5.757   -27.459   -21.702
   218.913    -6.109   -27.644   -21.534
   219.909    -6.474   -27.828   -21.355
   220.905    -6.908   -28.013   -21.105
   221.901    -7.345   -28.249   -20.905
   222.897    -7.800   -28.491   -20.691
   223.893    -8.245   -28.732   -20.488
   224.890    -8.643   -28.974   -20.331
   225.886    -9.024   -29.294   -20.270
   226.882    -9.306   -29.624   -20.318
   227.878    -9.568   -29.954   -20.386
   228.874    -9.694   -30.284   -20.590
   229.870    -9.809   -30.649   -20.841
   230.867    -9.830   -31.019   -21.189
   231.863    -9.852   -31.390   -21.538
   232.859    -9.856   -31.760   -21.904
   233.855    -9.866   -32.091   -22.224
   234.851    -9.924   -32.415   -22.491
   235.847    -9.995   -32.739   -22.744
   236.843   -10.191   -33.064   -22.872
   237.840   -10.404   -33.328   -22.923
   238.836   -10.809   -33.580   -22.771
   239.832   -11.229   -33.833   -22.604
   240.828   -11.843   -34.086   -22.243
   241.824   -12.465   -34.300   -21.835
   242.820   -13.216   -34.506   -21.290
   243.817   -13.971   -34.712   -20.741
   244.813   -14.809   -34.919   -20.110
   245.809   -15.646   -35.112   -19.466
   246.805   -16.486   -35.303   -18.816
   247.801   -17.321   -35.493   -18.172
   248.797   -17.988   -35.684   -17.696
   249.793   -18.652   -35.877   -17.225
   250.790   -19.126   -36.072   -16.946
   251.786   -19.594   -36.267   -16.673
   252.782   -19.907   -36.461   -16.555
   253.778   -20.212   -36.665   -16.453
   254.774   -20.363   -36.872   -16.509
   255.770   -20.508   -37.078   -16.571
   256.767   -20.541   -37.285   -16.745
   257.763   -20.566   -37.504   -16.937
   258.759   -20.547   -37.726   -17.179
   259.755   -20.523   -37.948   -17.424
   260.751   -20.495   -38.170   -17.675
   261.747   -20.464   -38.402   -17.938
   262.743   -20.464   -38.638   -18.174
   263.740   -20.464   -38.874   -18.410
   264.736   -20.517   -39.110   -18.593
   265.732   -20.574   -39.348   -18.774
   266.728   -20.691   -39.586   -18.895
   267.724   -20.813   -39.824   -19.011
   268.720   -20.984   -40.063   -19.078
   269.717   -21.160   -40.302   -19.142
   270.713   -21.388   -40.541   -19.153
   271.709   -21.622   -40.780   -19.158
   272.705   -21.895   -41.019   -19.124
   273.701   -22.173   -41.264   -19.091
   274.697   -22.476   -41.511   -19.035
   275.694   -22.782   -41.757   -18.975
   276.690   -23.107   -42.004   -18.897
   277.686   -23.437   -42.261   -18.824
   278.682   -23.781   -42.522   -18.741
   279.678   -24.129   -42.782   -18.653
   280.674   -24.516   -43.043   -18.528
   281.670   -24.910   -43.300   -18.390
   282.667   -25.369   -43.555   -18.186
   283.663   -25.843   -43.811   -17.968
   284.659   -26.332   -44.066   -17.734
   285.655   -26.821   -44.302   -17.481
   286.651   -27.296   -44.528   -17.232
   287.647   -27.764   -44.755   -16.991
   288.644   -28.222   -44.981   -16.759
   289.640   -28.676   -45.189   -16.513
   290.636   -29.094   -45.387   -16.293
   291.632   -29.498   -45.585   -16.087
   292.628   -29.861   -45.783   -15.922
   293.624   -30.207   -45.979   -15.772
   294.620   -30.506   -46.173   -15.667
   295.617   -30.788   -46.368   -15.580
   296.613   -31.029   -46.562   -15.533
   297.609   -31.254   -46.768   -15.514
   298.605   -31.486   -46.982   -15.495
   299.601   -31.723   -47.196   -15.473
   300.597   -32.026   -47.409   -15.384
   301.594   -32.361   -47.637   -15.275
   302.590   -32.786   -47.873   -15.087
   303.586   -33.254   -48.109   -14.856
   304.582   -33.794   -48.346   -14.551
   305.578   -34.371   -48.595   -14.223
   306.574   -34.967   -48.853   -13.886
   307.570   -35.572   -49.111   -13.539
   308.567   -36.153   -49.370   -13.217
   309.563   -36.719   -49.639   -12.920
   310.559   -37.238   -49.918   -12.680
   311.555   -37.727   -50.196   -12.470
   312.551   -38.170   -50.475   -12.305
   313.547   -38.583   -50.757   -12.174
   314.544   -38.957   -51.043   -12.086
   315.540   -39.304   -51.329   -12.025
   316.536   -39.626   -51.615   -11.989
   317.532   -39.931   -51.890   -11.959
   318.528   -40.224   -52.155   -11.931
   319.524   -40.510   -52.419   -11.909
   320.520   -40.789   -52.684   -11.895
   321.517   -41.064   -52.933   -11.869
   322.513   -41.330   -53.166   -11.835
   323.509   -41.591   -53.399   -11.808
   324.505   -41.843   -53.632   -11.789
   325.501   -42.087   -53.852   -11.766
   326.497   -42.326   -54.061   -11.735
   327.494   -42.560   -54.269   -11.709
   328.490   -42.784   -54.478   -11.693
   329.486   -42.997   -54.676   -11.679
   330.481   -43.205   -54.864   -11.659
   331.477   -43.399   -55.051   -11.652
   332.472   -43.566   -55.239   -11.673
   333.467   -43.705   -55.418   -11.713
   334.463   -43.804   -55.587   -11.783
   335.458   -43.861   -55.756   -11.895
   336.453   -43.878   -55.925   -12.047
   337.449   -43.849   -56.085   -12.236
   338.444   -43.793   -56.234   -12.441
   339.440   -43.706   -56.383   -12.678
   340.435   -43.612   -56.532   -12.920
   341.430   -43.510   -56.672   -13.162
   342.426   -43.414   -56.800   -13.386
   343.421   -43.327   -56.927   -13.600
   344.416   -43.251   -57.055   -13.803
   345.412   -43.191   -57.174   -13.983
   346.407   -43.139   -57.283   -14.144
   347.403   -43.099   -57.391   -14.292
   348.398   -43.064   -57.499   -14.435
   349.393   -43.037   -57.602   -14.565
   350.389   -43.012   -57.697   -14.685
   351.384   -42.991   -57.792   -14.801
   352.379   -42.963   -57.887   -14.924
   353.375   -42.925   -57.978   -15.053
   354.370   -42.869   -58.065   -15.196
   355.366   -42.784   -58.152   -15.368
   356.361   -42.678   -58.239   -15.561
   357.356   -42.535   -58.323   -15.789
   358.352   -42.374   -58.402   -16.028
   359.347   -42.185   -58.481   -16.296
   360.342   -41.976   -58.559   -16.584
   361.338   -41.732   -58.635   -16.903
   362.333   -41.465   -58.702   -17.237
   363.329   -41.153   -58.770   -17.617
   364.324   -40.815   -58.838   -18.023
   365.319   -40.416   -58.897   -18.481
   366.315   -39.997   -58.938   -18.941
   367.310   -39.527   -58.978   -19.451
   368.305   -39.042   -59.019   -19.977
   369.301   -38.514   -59.053   -20.539
   370.296   -37.986   -59.074   -21.089
   371.292   -37.447   -59.095   -21.648
   372.287   -36.919   -59.116   -22.198
   373.282   -36.412   -59.134   -22.722
   374.278   -35.916   -59.144   -23.227
   375.273   -35.443   -59.153   -23.709
   376.268   -34.980   -59.162   -24.183
   377.264   -34.535   -59.170   -24.635
   378.259   -34.094   -59.175   -25.081
   379.255   -33.657   -59.179   -25.522
   380.250   -33.232   -59.183   -25.952
   381.245   -32.834   -59.189   -26.355
   382.241   -32.444   -59.199   -26.755
   383.236   -32.083   -59.208   -27.125
   384.231   -31.732   -59.218   -27.486
   385.227   -31.415   -59.228   -27.813
   386.222   -31.105   -59.241   -28.137
   387.217   -30.816   -59.254   -28.438
   388.213   -30.531   -59.267   -28.737
   389.208   -30.254   -59.279   -29.025
   390.204   -29.979   -59.284   -29.304
   391.199   -29.721   -59.289   -29.568
   392.194   -29.464   -59.294   -29.830
   393.190   -29.232   -59.295   -30.063
   394.185   -29.003   -59.282   -30.278
   395.180   -28.821   -59.268   -30.447
   396.176   -28.637   -59.254   -30.618
   397.171   -28.480   -59.237   -30.757
   398.167   -28.318   -59.201   -30.884
   399.162   -28.148   -59.166   -31.018
   400.157   -27.972   -59.130   -31.158
   401.153   -27.764   -59.092   -31.329
   402.148   -27.550   -59.042   -31.492
   403.143   -27.281   -58.991   -31.709
   404.139   -27.010   -58.940   -31.930
   405.134   -26.705   -58.888   -32.183
   406.130   -26.403   -58.835   -32.432
   407.125   -26.155   -58.781   -32.626
   408.120   -25.910   -58.727   -32.818
   409.116   -25.753   -58.674   -32.920
   410.111   -25.597   -58.621   -33.024
   411.106   -25.457   -58.568   -33.111
   412.102   -25.317   -58.516   -33.198
   413.097   -25.196   -58.463   -33.266
   414.093   -25.072   -58.404   -33.332
   415.088   -24.961   -58.346   -33.384
   416.083   -24.846   -58.287   -33.442
   417.079   -24.727   -58.226   -33.499
   418.074   -24.605   -58.134   -33.529
   419.069   -24.469   -58.042   -33.573
   420.065   -24.330   -57.949   -33.620
   421.060   -24.128   -57.854   -33.727
   422.056   -23.922   -57.712   -33.790
   423.051   -23.566   -57.570   -34.003
   424.046   -23.205   -57.428   -34.223
   425.042   -22.735   -57.284   -34.550
   426.037   -22.262   -57.114   -34.852
   427.032   -21.745   -56.944   -35.199
   428.028   -21.230   -56.773   -35.543
   429.023   -20.731   -56.603   -35.872
   430.019   -20.239   -56.414   -36.175
   431.014   -19.753   -56.225   -36.472
   432.009   -19.274   -56.036   -36.762
   433.005   -18.799   -55.847   -37.048
   434.000   -18.329   -55.643   -37.314
   434.995   -17.838   -55.440   -37.602
   435.991   -17.348   -55.236   -37.888
   436.986   -16.892   -55.033   -38.141
   437.982   -16.442   -54.820   -38.378
   438.977   -15.998   -54.606   -38.608
   439.972   -15.552   -54.393   -38.841
   440.968   -15.079   -54.179   -39.100
   441.963   -14.597   -53.958   -39.361
   442.958   -14.053   -53.737   -39.684
   443.954   -13.491   -53.516   -40.025
   444.949   -12.892   -53.294   -40.402
   445.944   -12.282   -53.066   -40.784
   446.940   -11.586   -52.837   -41.251
   447.935   -10.864   -52.608   -41.744
   448.931   -10.051   -52.379   -42.329
   449.926    -9.210   -52.144   -42.934
   450.921    -8.300   -51.908   -43.608
   451.917    -7.366   -51.672   -44.305
   452.912    -6.441   -51.435   -44.995
   453.907    -5.518   -51.185   -45.667
   454.903    -4.684   -50.933   -46.250
   455.898    -3.879   -50.682   -46.803
   456.894    -3.138   -50.430   -47.293
   457.889    -2.418   -50.145   -47.727
   458.884    -1.743   -49.855   -48.113
   459.880    -1.083   -49.566   -48.483
   460.875    -0.457   -49.277   -48.820
   461.870     0.155   -48.958   -49.113
   462.866     0.690   -48.635   -49.325
   463.861     1.192   -48.312   -49.504
   464.857     1.631   -47.989   -49.620
   465.852     2.039   -47.658   -49.697
   466.847     2.405   -47.325   -49.730
   467.843     2.751   -46.992   -49.743
   468.838     3.083   -46.659   -49.742
   469.833     3.408   -46.323   -49.731
   470.829     3.733   -45.986   -49.718
   471.824     4.058   -45.649   -49.706
   472.820     4.383   -45.311   -49.695
   473.815     4.710   -44.973   -49.684
   474.810     5.060   -44.635   -49.695
   475.806     5.426   -44.296   -49.722
   476.801     5.820   -43.958   -49.778
   477.796     6.234   -43.619   -49.853
   478.792     6.713   -43.279   -49.992
   479.787     7.237   -42.940   -50.176
   480.783     7.839   -42.600   -50.439
   481.778     8.494   -42.261   -50.755
   482.773     9.146   -41.922   -51.067
   483.769     9.793   -41.583   -51.376
   484.764    10.402   -41.244   -51.646
   485.759    10.980   -40.906   -51.885
   486.755    11.554   -40.568   -52.122
   487.750    12.124   -40.230   -52.354
   488.746    12.725   -39.892   -52.617
   489.741    13.353   -39.547   -52.900
   490.736    13.973   -39.199   -53.172
   491.732    14.585   -38.851   -53.436
   492.727    15.120   -38.503   -53.623
   493.722    15.585   -38.118   -53.702
   494.718    15.980   -37.718   -53.698
   495.713    16.313   -37.318   -53.631
   496.708    16.609   -36.919   -53.527
   497.704    16.871   -36.485   -53.356
   498.699    17.125   -36.038   -53.163
   499.695    17.372   -35.590   -52.962
   500.690    17.615   -35.142   -52.757
   501.685    17.852   -34.686   -52.539
   502.681    18.071   -34.226   -52.298
   503.676    18.269   -33.767   -52.036
   504.671    18.434   -33.307   -51.741
   505.667    18.560   -32.843   -51.403
   506.662    18.646   -32.377   -51.023
   507.658    18.680   -31.911   -50.592
   508.653    18.688   -31.446   -50.134
   509.648    18.662   -30.978   -49.640
   510.644    18.617   -30.509   -49.126
   511.639    18.543   -30.040   -48.583
   512.634    18.469   -29.571   -48.040
   513.630    18.392   -29.099   -47.491
   514.625    18.347   -28.625   -46.972
   515.621    18.353   -28.151   -46.504
   516.616    18.402   -27.677   -46.079
   517.611    18.521   -27.201   -45.722
   518.607    18.665   -26.724   -45.389
   519.602    18.853   -26.247   -45.101
   520.597    19.049   -25.770   -44.820
   521.592    19.262   -25.297   -44.559
   522.587    19.499   -24.826   -44.325
   523.582    19.787   -24.355   -44.142
   524.577    20.087   -23.883   -43.971
   525.572    20.414   -23.446   -43.860
   526.567    20.710   -23.034   -43.744
   527.562    20.947   -22.621   -43.568
   528.557    21.145   -22.209   -43.353
   529.551    21.267   -21.944   -43.210
   530.546    21.384   -21.797   -43.180
   531.541    21.499   -21.650   -43.149
   532.536    21.614   -21.503   -43.117
   533.531    21.736   -21.441   -43.177
   534.526    21.789   -21.452   -43.241
   535.521    21.655   -21.464   -43.119
   536.516    21.464   -21.476   -42.940
   537.511    21.114   -21.500   -42.614
   538.506    20.761   -21.535   -42.297
   539.501    20.408   -21.571   -41.979
   540.496    20.090   -21.607   -41.697
   541.491    19.883   -21.643   -41.526
   542.486    19.685   -21.679   -41.365
   543.481    19.510   -21.716   -41.225
   544.476    19.320   -21.752   -41.072
   545.471    19.078   -21.787   -40.865
   546.466    18.848   -21.821   -40.669
   547.461    18.658   -21.854   -40.512
   548.456    18.510   -21.888   -40.397
   549.451    18.518   -21.919   -40.438
   550.446    18.544   -21.949   -40.493
   551.441    18.624   -21.979   -40.602
   552.436    18.692   -22.008   -40.701
   553.431    18.686   -22.036   -40.723
   554.426    18.672   -22.062   -40.733
   555.421    18.592   -22.087   -40.679
   556.416    18.507   -22.113   -40.620
   557.411    18.378   -22.137   -40.515
   558.406    18.228   -22.160   -40.388
   559.401    17.931   -22.183   -40.114
   560.396    17.596   -22.206   -39.802
   561.391    17.013   -22.228   -39.242
   562.386    16.391   -22.249   -38.640
   563.381    15.503   -22.270   -37.773
   564.376    14.602   -22.290   -36.892
   565.371    13.678   -22.310   -35.988
   566.366    12.742   -22.328   -35.071
   567.361    11.744   -22.346   -34.090
   568.356    10.716   -22.365   -33.081
   569.351     9.405   -22.382   -31.787
   570.346     8.088   -22.399   -30.487
   571.341     6.800   -22.415   -29.215
   572.336     5.539   -22.431   -27.970
   573.331     4.813   -22.447   -27.260
   574.326     4.101   -22.462   -26.564
   575.320     3.676   -22.478   -26.153
   576.315     3.253   -22.493   -25.746
   577.310     2.847   -22.507   -25.355
   578.305     2.456   -22.521   -24.976
   579.300     2.398   -22.534   -24.932
   580.295     2.351   -22.547   -24.898
   581.290     2.595   -22.560   -25.155
   582.285     2.849   -22.573   -25.422
   583.280     3.099   -22.585   -25.684
   584.275     3.358   -22.598   -25.956
   585.270     3.585   -22.610   -26.195
   586.265     3.820   -22.622   -26.442
   587.260     3.997   -22.633   -26.630
   588.255     4.179   -22.644   -26.823
   589.250     4.169   -22.656   -26.825
   590.245     4.155   -22.667   -26.821
   591.240     4.032   -22.678   -26.709
   592.235     3.907   -22.689   -26.595
   593.230     3.708   -22.699   -26.407
   594.225     3.507   -22.709   -26.216
   595.220     3.094   -22.720   -25.814
   596.215     2.662   -22.730   -25.392
   597.210     1.931   -22.740   -24.671
   598.205     1.163   -22.749   -23.913
   599.200     0.238   -22.759   -22.997
   600.195    -0.715   -22.769   -22.055
   601.190    -1.815   -22.779   -20.964
   602.185    -2.943   -22.788   -19.845
   603.180    -4.213   -22.797   -18.584
   604.175    -5.513   -22.806   -17.292
   605.170    -6.818   -22.814   -15.996
   606.165    -8.127   -22.823   -14.696
   607.160    -9.523   -22.831   -13.308
   608.155   -10.942   -22.840   -11.898
   620.042   -10.649   -22.934   -12.285
   621.042   -11.225   -22.942   -11.717
   622.041   -11.924   -22.949   -11.026
   623.040   -12.676   -22.957   -10.281
   624.039   -13.488   -22.964    -9.475
   625.038   -14.332   -22.971    -8.639
   626.037   -15.107   -22.978    -7.871
   627.036   -15.817   -22.986    -7.169
   628.036   -16.522   -22.993    -6.470
   629.035   -17.208   -23.000    -5.792
   630.034   -17.923   -23.007    -5.083
   631.033   -18.660   -23.013    -4.353
   632.032   -19.389   -23.020    -3.631
   633.031   -20.026   -23.027    -3.001
   634.031   -20.665   -23.034    -2.369
   635.030   -21.038   -23.041    -2.004
   636.029   -21.361   -23.049    -1.688
   637.028   -21.494   -23.056    -1.562
   638.027   -21.564   -23.062    -1.498
   639.026   -21.454   -23.068    -1.614
   640.025   -21.266   -23.074    -1.808
   641.024   -20.825   -23.080    -2.255
   642.024   -20.190   -23.087    -2.896
   643.023   -19.449   -23.094    -3.645
   644.022   -18.558   -23.101    -4.543
   645.021   -17.679   -23.107    -5.428
   646.020   -16.864   -23.114    -6.250
   647.019   -16.100   -23.120    -7.020
   648.018   -15.440   -23.126    -7.685
   649.018   -14.846   -23.132    -8.286
   650.017   -14.568   -23.138    -8.570
   651.016   -14.369   -23.144    -8.775
   652.015   -14.485   -23.150    -8.665
   653.014   -14.753   -23.156    -8.404
   654.013   -15.167   -23.162    -7.995
   655.013   -15.676   -23.168    -7.492
   656.012   -16.363   -23.174    -6.811
   657.011   -17.171   -23.180    -6.009
   658.010   -17.909   -23.186    -5.277
   659.009   -18.556   -23.193    -4.637
   660.008   -19.104   -23.199    -4.096
   661.007   -19.419   -23.206    -3.787
   662.006   -19.699   -23.212    -3.513
   663.006   -19.824   -23.218    -3.394
   664.005   -19.859   -23.224    -3.365
   665.004   -19.301   -23.230    -3.928
   666.003   -18.668   -23.236    -4.567
   667.002   -17.384   -23.241    -5.858
   668.001   -16.005   -23.247    -7.242
   669.000   -14.496   -23.253    -8.758
   670.000   -12.884   -23.260   -10.376
   670.999   -11.206   -23.266   -12.060
   671.998    -9.508   -23.272   -13.765
   672.997    -7.746   -23.278   -15.533
   673.996    -5.921   -23.285   -17.364
   674.995    -4.152   -23.291   -19.140
   675.995    -2.491   -23.298   -20.807
   676.994    -0.907   -23.304   -22.398
   677.993     0.422   -23.310   -23.732
   678.992     1.691   -23.316   -25.007
   679.991     2.709   -23.322   -26.031
   680.990     3.714   -23.328   -27.041
   681.989     4.339   -23.333   -27.672
   682.988     4.962   -23.340   -28.302
   683.988     5.220   -23.345   -28.565
   684.987     5.414   -23.351   -28.766
   685.986     5.433   -23.358   -28.791
   686.985     5.381   -23.364   -28.745
   687.984     5.252   -23.370   -28.622
   688.983     5.078   -23.377   -28.455
   689.982     4.899   -23.382   -28.282
   690.982     4.715   -23.388   -28.104
   691.981     4.559   -23.394   -27.953
   692.980     4.454   -23.400   -27.855
   693.979     4.382   -23.406   -27.788
   694.978     4.385   -23.413   -27.798
   695.977     4.408   -23.419   -27.827
   696.977     4.532   -23.425   -27.957
   697.976     4.663   -23.431   -28.093
   698.975     4.770   -23.437   -28.206
   699.974     4.879   -23.442   -28.322
   700.973     4.955   -23.448   -28.403
   701.972     5.028   -23.454   -28.483
   702.971     5.036   -23.461   -28.497
   703.970     5.013   -23.467   -28.480
   704.970     4.881   -23.473   -28.354
   705.969     4.691   -23.480   -28.171
   706.968     4.481   -23.486   -27.967
   707.967     4.218   -23.493   -27.711
   708.966     3.988   -23.500   -27.488
   709.965     3.754   -23.506   -27.260
   710.964     3.535   -23.512   -27.047
   711.964     3.090   -23.519   -26.609
   712.963     2.711   -23.525   -26.236
   713.962     2.357   -23.532   -25.888
   714.961     2.025   -23.538   -25.563
   715.960     1.465   -23.545   -25.010
   716.959     0.899   -23.552   -24.450
   717.958    -0.047   -23.559   -23.512
   718.958    -1.224   -23.565   -22.342
   719.957    -2.177   -23.572   -21.395
   720.956    -2.989   -23.579   -20.590
   721.955    -3.927   -23.585   -19.659
   722.954    -4.981   -23.592   -18.611
   723.953    -6.175   -23.599   -17.424
   724.952    -7.564   -23.606   -16.042
   725.952    -8.997   -23.613   -14.616
   726.951   -10.422   -23.620   -13.198
   727.950   -11.926   -23.627   -11.701
   728.949   -13.446   -23.634   -10.188
