   158.117    -1.000     0.000         0
   155.871     1.558     0.010         1
   151.746     4.406     0.010         1
   151.077     4.865     0.010         1
   150.564     5.217     0.010         1
   150.220     5.452     0.010         1
   149.936     5.647     0.010         1
   149.676     5.825     0.010         1
   149.434     5.990     0.010         1
   149.224     6.134     0.010         1
   149.060     6.245     0.010         1
   148.905     6.351     0.010         1
   148.757     6.452     0.010         1
   148.614     6.549     0.010         1
   148.477     6.642     0.010         1
   148.343     6.733     0.010         1
   149.318     6.071     0.010         2
   150.394     5.340     0.010         2
   152.162     4.142     0.010         2
   153.406     3.305     0.010         2
   154.461     2.602     0.010         2
   155.184     2.129     0.010         2
   155.788     1.743     0.010         2
   156.258     1.454     0.010         2
   156.635     1.234     0.010         2
   156.958     1.059     0.010         2
   157.215     0.935     0.010         2
   157.445     0.840     0.010         2
   157.651     0.772     0.010         2
   157.845     0.728     0.010         2
   158.036     0.707     0.010         2
   156.845     1.108     0.010         3
   157.134     0.980     0.010         3
   157.260     0.928     0.010         3
   157.346     0.894     0.010         3
   157.428     0.864     0.010         3
   157.506     0.838     0.010         3
   157.574     0.817     0.010         3
   157.638     0.799     0.010         3
   157.698     0.784     0.010         3
   157.756     0.771     0.010         3
   157.812     0.760     0.010         3
   157.867     0.751     0.010         3
   157.920     0.744     0.010         3
   157.972     0.739     0.010         3
   158.024     0.735     0.010         3
   157.700     0.783     0.010         4
   157.643     0.797     0.010         4
   157.578     0.812     0.010         4
   157.513     0.827     0.010         4
   157.443     0.844     0.010         4
   157.366     0.862     0.010         4
   157.303     0.877     0.010         4
   157.232     0.893     0.010         4
   157.160     0.910     0.010         4
   157.094     0.926     0.010         4
   157.022     0.942     0.010         4
   156.952     0.959     0.010         4
   156.882     0.975     0.010         4
   156.807     0.992     0.010         4
   156.738     1.008     0.010         4
   156.852     0.982     0.010         5
   157.072     0.931     0.010         5
   157.265     0.887     0.010         5
   157.389     0.860     0.010         5
   157.478     0.840     0.010         5
   157.547     0.825     0.010         5
   157.603     0.814     0.010         5
   157.653     0.804     0.010         5
   157.700     0.796     0.010         5
   157.748     0.788     0.010         5
   157.795     0.780     0.010         5
   157.843     0.774     0.010         5
   157.892     0.769     0.010         5
   157.943     0.764     0.010         5
   157.996     0.760     0.010         5
   157.384     0.854     0.010         6
   155.794     1.146     0.010         6
   153.669     1.537     0.010         6
   151.796     1.881     0.010         6
   149.925     2.223     0.010         6
   148.076     2.560     0.010         6
   146.257     2.891     0.010         6
   144.496     3.211     0.010         6
   142.758     3.527     0.010         6
   141.095     3.827     0.010         6
   139.593     4.095     0.010         6
   138.163     4.347     0.010         6
   136.883     4.570     0.010         6
   135.728     4.764     0.010         6
   134.717     4.928     0.010         6
   134.926     4.895     0.010         7
   137.013     4.571     0.010         7
   139.314     4.226     0.010         7
   138.133     4.416     0.010         8
   141.716     3.860     0.010         8
   144.395     3.455     0.010         8
   146.500     3.153     0.010         8
   148.192     2.926     0.010         8
   149.634     2.748     0.010         8
   150.898     2.606     0.010         8
   152.052     2.490     0.010         8
   153.085     2.400     0.010         8
   154.043     2.331     0.010         8
   154.971     2.279     0.010         8
   156.092     2.241     0.010         8
   139.528     4.195     0.010         9
   131.859     5.345     0.010         9
   129.709     5.696     0.010         9
   127.037     6.136     0.010         9
   123.186     6.772     0.010         9
   118.268     7.587     0.010         9
   115.116     8.104     0.010         9
    99.200    10.807     0.010         9
    90.977    12.606     0.010         9
    83.763    14.167     0.010         9
    72.499    16.040     0.010         9
    60.826    17.915     0.010         9
    51.789    19.358     0.010         9
    53.673    19.058     0.010        10
    64.790    17.324     0.010        10
    78.751    15.177     0.010        10
    93.726    12.387     0.010        10
   100.879    11.124     0.010        10
   109.348     9.916     0.010        10
   115.810     9.069     0.010        10
   121.292     8.390     0.010        10
   126.162     7.827     0.010        10
   130.432     7.370     0.010        10
   134.529     6.977     0.010        10
   138.352     6.659     0.010        10
   141.913     6.412     0.010        10
   145.240     6.227     0.010        10
   148.423     6.094     0.010        10
    80.285    14.942     0.010        11
    73.814    15.929     0.010        11
    70.840    16.382     0.010        11
    63.019    17.573     0.010        11
    56.797    18.517     0.010        11
    52.245    19.224     0.010        11
    46.316    20.131     0.010        11
    40.821    20.967     0.010        11
    34.114    21.984     0.010        11
    30.005    22.607     0.010        11
    25.363    23.311     0.010        11
    19.977    24.128     0.010        11
    13.578    25.097     0.010        11
     5.875    26.265     0.010        11
     0.068    27.144     0.010        11
     5.996    26.418     0.010        12
    15.365    25.039     0.010        12
    51.573    19.880     0.010        12
    57.318    19.121     0.010        12
    67.875    17.756     0.010        12
    67.889    17.784     0.010        12
    80.174    16.176     0.010        12
    89.681    14.724     0.010        12
    98.115    13.313     0.010        12
   106.397    12.301     0.010        12
   114.313    11.487     0.010        12
   121.052    10.864     0.010        12
   127.377    10.347     0.010        12
   133.251     9.938     0.010        12
   138.913     9.628     0.010        12
    86.441    15.328     0.010        13
    84.612    15.573     0.010        13
    81.445    15.994     0.010        13
    76.423    16.625     0.010        13
    60.405    18.454     0.010        13
    53.704    19.229     0.010        13
    51.047    19.564     0.010        13
    47.952    19.948     0.010        13
    44.357    20.396     0.010        13
    41.542    20.749     0.010        13
    38.736    21.100     0.010        13
    35.835    21.461     0.010        13
    32.568    21.867     0.010        13
    29.527    22.243     0.010        13
    26.361    22.635     0.010        13
    26.519    22.615     0.010        14
    45.788    20.240     0.010        14
    65.044    17.998     0.010        14
    69.685    17.484     0.010        14
    80.573    16.260     0.010        14
    86.203    15.574     0.010        14
    92.043    14.566     0.010        14
    97.903    13.704     0.010        14
   103.932    12.990     0.010        14
   109.778    12.421     0.010        14
   115.437    11.911     0.010        14
   120.831    11.466     0.010        14
   125.959    11.086     0.010        14
   131.012    10.757     0.010        14
   135.930    10.490     0.010        14
    52.300    19.444     0.010        15
    48.601    19.895     0.010        15
    43.625    20.503     0.010        15
    36.966    21.320     0.010        15
    31.951    21.933     0.010        15
    23.140    23.011     0.010        15
    21.324    23.235     0.010        15
    19.319    23.481     0.010        15
    17.207    23.741     0.010        15
    15.099    24.001     0.010        15
    12.730    24.292     0.010        15
    10.061    24.621     0.010        15
     7.153    24.979     0.010        15
     3.823    25.389     0.010        15
     0.016    25.857     0.010        15
   158.117     1.000     0.000         0
   160.391     1.577     0.010         1
   165.184     4.887     0.010         1
   166.124     5.533     0.010         1
   166.681     5.916     0.010         1
   167.142     6.233     0.010         1
   167.559     6.518     0.010         1
   167.898     6.750     0.010         1
   168.165     6.933     0.010         1
   168.417     7.105     0.010         1
   168.657     7.269     0.010         1
   168.887     7.426     0.010         1
   169.108     7.577     0.010         1
   169.323     7.724     0.010         1
   169.503     7.847     0.010         1
   169.663     7.955     0.010         1
   168.833     7.390     0.010         2
   166.910     6.080     0.010         2
   164.865     4.691     0.010         2
   163.332     3.655     0.010         2
   162.131     2.850     0.010         2
   161.231     2.257     0.010         2
   160.576     1.835     0.010         2
   160.072     1.521     0.010         2
   159.672     1.284     0.010         2
   159.335     1.098     0.010         2
   159.056     0.959     0.010         2
   158.819     0.857     0.010         2
   158.607     0.784     0.010         2
   158.410     0.735     0.010         2
   158.217     0.709     0.010         2
   159.162     1.013     0.010         3
   159.035     0.958     0.010         3
   158.936     0.918     0.010         3
   158.854     0.886     0.010         3
   158.781     0.859     0.010         3
   158.708     0.835     0.010         3
   158.645     0.815     0.010         3
   158.585     0.799     0.010         3
   158.528     0.784     0.010         3
   158.473     0.772     0.010         3
   158.420     0.762     0.010         3
   158.369     0.753     0.010         3
   158.319     0.746     0.010         3
   158.269     0.740     0.010         3
   158.220     0.736     0.010         3
   158.845     0.861     0.010         4
   158.852     0.862     0.010         4
   158.868     0.866     0.010         4
   158.886     0.870     0.010         4
   158.912     0.877     0.010         4
   158.949     0.886     0.010         4
   158.989     0.895     0.010         4
   159.027     0.904     0.010         4
   159.076     0.916     0.010         4
   159.119     0.926     0.010         4
   159.167     0.938     0.010         4
   159.216     0.949     0.010         4
   159.265     0.961     0.010         4
   159.317     0.973     0.010         4
   159.366     0.985     0.010         4
   158.878     0.871     0.010         5
   158.858     0.866     0.010         5
   158.811     0.855     0.010         5
   158.755     0.843     0.010         5
   158.700     0.831     0.010         5
   158.653     0.821     0.010         5
   158.608     0.812     0.010         5
   158.565     0.803     0.010         5
   158.521     0.795     0.010         5
   158.478     0.788     0.010         5
   158.435     0.781     0.010         5
   158.390     0.775     0.010         5
   158.344     0.770     0.010         5
   158.297     0.765     0.010         5
   158.247     0.761     0.010         5
   158.564     0.803     0.010         6
   161.664     1.389     0.010         6
   163.297     1.722     0.010         6
   165.791     2.237     0.010         6
   168.904     2.894     0.010         6
   172.112     3.581     0.010         6
   175.780     4.371     0.010         6
   179.546     5.187     0.010         6
   183.348     6.021     0.010         6
   187.516     6.924     0.010         6
   192.022     7.851     0.010         6
   197.199     8.849     0.010         6
   201.993     9.963     0.010         6
   206.900    11.056     0.010         6
   212.020    12.084     0.010         6
   208.877    11.456     0.010         7
   202.725    10.149     0.010         7
   194.963     8.403     0.010         7
   186.743     6.876     0.010         7
   182.222     5.952     0.010         7
   178.562     5.214     0.010         7
   175.472     4.611     0.010         7
   172.942     4.133     0.010         7
   170.815     3.749     0.010         7
   169.050     3.442     0.010         7
   167.463     3.179     0.010         7
   166.027     2.961     0.010         7
   164.780     2.786     0.010         7
   163.645     2.642     0.010         7
   162.601     2.522     0.010         7
   181.816     5.870     0.010         8
   185.717     6.659     0.010         8
   191.345     7.779     0.010         8
   197.024     8.788     0.010         8
   203.854    10.293     0.010         8
   214.830    12.351     0.010         8
   224.284    13.961     0.010         8
   231.923    15.257     0.010         8
   240.652    16.571     0.010         8
   248.476    17.750     0.010         8
   255.296    18.763     0.010         8
   261.353    19.700     0.010         8
   267.407    20.571     0.010         8
   273.563    21.333     0.010         8
   279.395    22.077     0.010         8
   275.349    21.549     0.010         9
   258.576    19.347     0.010         9
   242.560    17.027     0.010         9
   229.408    15.169     0.010         9
   219.879    13.676     0.010         9
   211.863    12.501     0.010         9
   205.542    11.519     0.010         9
   200.213    10.588     0.010         9
   195.531     9.791     0.010         9
   195.323     9.758     0.010         9
   190.277     9.140     0.010         9
   185.822     8.491     0.010         9
   181.655     7.917     0.010         9
   177.977     7.446     0.010         9
   174.507     7.046     0.010         9
   262.224    19.864     0.010        10
   264.586    20.200     0.010        10
   266.482    20.472     0.010        10
   267.545    20.605     0.010        10
   268.253    20.693     0.010        10
   268.677    20.746     0.010        10
   268.829    20.765     0.010        10
   268.941    20.779     0.010        10
   269.066    20.794     0.010        10
   269.374    20.832     0.010        10
   269.770    20.881     0.010        10
   270.374    20.952     0.010        10
   271.020    21.027     0.010        10
   271.907    21.130     0.010        10
   273.053    21.264     0.010        10
   270.427    20.961     0.010        11
   258.994    19.459     0.010        11
   246.338    17.681     0.010        11
   234.270    16.035     0.010        11
   218.393    13.823     0.010        11
   212.801    13.117     0.010        11
   207.561    12.421     0.010        11
   199.756    11.365     0.010        11
   195.497    10.816     0.010        11
   191.247    10.517     0.010        11
   187.161    10.156     0.010        11
   183.074     9.819     0.010        11
   179.061     9.527     0.010        11
   174.993     9.293     0.010        11
   170.831     9.116     0.010        11
   210.486    12.811     0.010        12
   220.772    14.073     0.010        12
   222.030    14.242     0.010        12
   223.623    14.453     0.010        12
   225.630    14.722     0.010        12
   228.545    15.115     0.010        12
   232.784    15.632     0.010        12
   240.129    16.484     0.010        12
   246.796    17.262     0.010        12
   253.771    18.047     0.010        12
   260.898    18.922     0.010        12
   270.984    19.999     0.010        12
   279.928    20.888     0.010        12
   289.814    22.120     0.010        12
   303.364    23.814     0.010        12
   321.713    26.190     0.010        13
   305.901    24.200     0.010        13
   281.858    21.235     0.010        13
   263.613    19.406     0.010        13
   249.196    17.783     0.010        13
   229.227    15.643     0.010        13
   222.251    14.834     0.010        13
   216.164    14.181     0.010        13
   209.134    13.456     0.010        13
   203.807    12.873     0.010        13
   198.301    12.202     0.010        13
   193.113    11.703     0.010        13
   188.543    11.406     0.010        13
   183.954    11.035     0.010        13
   179.480    10.706     0.010        13
   295.720    22.915     0.010        14
   313.820    25.181     0.010        14
   328.744    27.122     0.010        14
   362.701    31.539     0.010        14
   370.192    32.479     0.010        14
   379.157    33.599     0.010        14
   387.101    34.586     0.010        14
   394.550    35.508     0.010        14
   402.095    36.408     0.010        14
   403.187    36.537     0.010        14
   424.924    39.183     0.010        14
   440.062    40.859     0.010        14
   465.669    43.665     0.010        14
   476.027    44.824     0.010        14
   499.987    48.018     0.010        14
     0.000     0.000     0.000        -1
