shot  ray i.angle  f.angle   dist     depth red.time  npts code
***  shot#  -1 ray code  1.2 no rays traced  ***
  -1   1    6.986  -22.859    9.147    0.00   1.368   175   2.2
  -1   2    7.998  -23.137    9.515    0.00   1.260   126   2.2
  -1   3   11.036  -24.257    9.887    0.00   1.153    90   2.2
  -1   4   16.098  -26.751   10.315    0.00   1.033    64   2.2
  -1   5   23.186  -31.225   10.797    0.00   0.907    44   2.2
  -1   6   32.299  -38.050   11.282    0.00   0.797    32   2.2
  -1   7   43.436  -47.307   11.722    0.00   0.723    23   2.2
  -1   8   56.599  -58.917   12.109    0.00   0.693    21   2.2
  -1   9   71.787  -72.749   12.460    0.00   0.712    21   2.2
  -1  10   89.000  -88.657   12.802    0.00   0.788    21   2.2
  -1   1   23.519  -31.456   10.818    0.00   0.902    45   3.1
  -1   2   23.606  -31.612    9.455    0.00   1.237    81   3.1
  -1   3   23.693  -31.678    8.867    0.00   1.381    97   3.1
  -1   4   23.780  -31.741    8.413    0.00   1.492   107   3.1
  -1   5   23.867  -31.801    8.027    0.00   1.586   117   3.1
  -1   6   23.954  -31.860    7.683    0.00   1.670   125   3.1
  -1   7   24.041  -31.890    7.366    0.00   1.748   133   3.1
  -1   8   24.128  -31.951    7.076    0.00   1.818   140   3.1
  -1   9   24.215  -32.014    6.804    0.00   1.884   146   3.1
  -1  10   24.302  -32.074    6.549    0.00   1.946   153   3.1
  -1   1   24.302  -32.076    6.580    0.00   1.939   152   3.2
  -1   2   31.491  -37.265   10.668    0.00   0.968    50   3.2
  -1   3   38.679  -43.075   11.184    0.00   0.871    37   3.2
  -1   4   45.868  -49.194   11.539    0.00   0.822    30   3.2
  -1   5   53.057  -55.513   11.819    0.00   0.799    28   3.2
  -1   6   60.245  -61.964   12.054    0.00   0.794    27   3.2
  -1   7   67.434  -68.505   12.260    0.00   0.804    27   3.2
  -1   8   74.623  -75.105   12.447    0.00   0.827    27   3.2
  -1   9   81.811  -81.742   12.622    0.00   0.861    27   3.2
  -1  10   89.000  -88.399   12.792    0.00   0.908    27   3.2
  -1   1   28.323  -34.859   10.286    0.00   1.051    62   4.1
  -1   2   28.633  -35.130    9.961    0.00   1.123   116   4.1
  -1   3   28.943  -35.364    9.844    0.00   1.149   138   4.1
  -1   4   29.253  -35.585    9.758    0.00   1.168   156   4.1
  -1   5   29.562  -35.820    9.691    0.00   1.183   169   4.1
  -1   6   29.872  -36.057    9.633    0.00   1.195   181   4.1
  -1   7   30.182  -36.296    9.581    0.00   1.207   195   4.1
  -1   8   30.491  -36.536    9.534    0.00   1.217   205   4.1
  -1   9   30.801  -36.777    9.490    0.00   1.226   216   4.1
  -1  10   31.111  -37.020    9.448    0.00   1.235   226   4.1
  -1   1   31.111  -37.021    9.451    0.00   1.234   225   4.2
  -1   2   31.826  -37.580    9.990    0.00   1.122   155   4.2
  -1   3   33.970  -39.265   10.421    0.00   1.036   115   4.2
  -1   4   37.543  -42.172   10.804    0.00   0.966    87   4.2
  -1   5   42.546  -46.382   11.164    0.00   0.910    65   4.2
  -1   6   48.978  -51.960   11.507    0.00   0.872    55   4.2
  -1   7   56.840  -58.951   11.835    0.00   0.855    50   4.2
  -1   8   66.130  -67.373   12.152    0.00   0.863    49   4.2
  -1   9   76.850  -77.220   12.465    0.00   0.902    49   4.2
  -1  10   89.000  -88.461   12.789    0.00   0.983    49   4.2
***  shot#  -1 ray code  5.1 no rays traced  ***
  -1   1   31.111  -37.144    9.507    0.00   1.228   220   5.2
  -1   2   31.826  -37.709    9.935    0.00   1.140   166   5.2
  -1   3   33.970  -39.420   10.364    0.00   1.054   125   5.2
  -1   4   37.543  -42.360   10.758    0.00   0.983    97   5.2
  -1   5   42.546  -46.603   11.129    0.00   0.926    73   5.2
  -1   6   48.978  -53.528   11.538    0.00   0.883    60   5.2
  -1   7   56.840  -60.661   11.866    0.00   0.871    55   5.2
  -1   8   66.130  -69.155   12.184    0.00   0.885    55   5.2
  -1   9   76.851  -79.047   12.501    0.00   0.932    57   5.2
  -1  10   89.000   89.652   12.826    0.00   1.019    57   5.2
  -1   1   31.111  -37.144    9.507    0.00   1.228   220   5.2
  -1   2   31.826  -37.709    9.935    0.00   1.140   166   5.2
  -1   3   33.970  -39.420   10.364    0.00   1.054   125   5.2
  -1   4   37.543  -42.360   10.758    0.00   0.983    97   5.2
  -1   5   42.546  -46.603   11.129    0.00   0.926    73   5.2
  -1   6   48.978  -53.528   11.538    0.00   0.883    60   5.2
  -1   7   56.840  -60.661   11.866    0.00   0.871    55   5.2
  -1   8   66.130  -69.155   12.184    0.00   0.885    55   5.2
  -1   9   76.851  -79.047   12.501    0.00   0.932    57   5.2
  -1  10   89.000   89.652   12.826    0.00   1.019    57   5.2
  -1   1   33.462  -38.990   10.274    0.00   1.072   133   6.1
  -1   2   33.489  -39.023   10.033    0.00   1.119   156   6.1
  -1   3   33.569  -39.083    9.788    0.00   1.166   177   6.1
  -1   4   33.702  -39.181    9.549    0.00   1.212   201   6.1
  -1   5   33.888  -39.328    9.315    0.00   1.257   223   6.1
  -1   6   34.128  -39.518    9.086    0.00   1.301   245   6.1
  -1   7   34.421  -39.751    8.859    0.00   1.344   268   6.1
  -1   8   34.768  -40.033    8.632    0.00   1.387   287   6.1
  -1   9   35.168  -40.357    8.404    0.00   1.429   309   6.1
  -1  10   35.621  -40.727    8.174    0.00   1.471   333   6.1
  -1   1   33.462  -38.990   10.274    0.00   1.072   133   6.1
  -1   2   33.489  -39.023   10.033    0.00   1.119   156   6.1
  -1   3   33.569  -39.083    9.788    0.00   1.166   177   6.1
  -1   4   33.702  -39.181    9.549    0.00   1.212   201   6.1
  -1   5   33.888  -39.328    9.315    0.00   1.257   223   6.1
  -1   6   34.128  -39.518    9.086    0.00   1.301   245   6.1
  -1   7   34.421  -39.751    8.859    0.00   1.344   268   6.1
  -1   8   34.768  -40.033    8.632    0.00   1.387   287   6.1
  -1   9   35.168  -40.357    8.404    0.00   1.429   309   6.1
  -1  10   35.621  -40.727    8.174    0.00   1.471   333   6.1
  -1   1   35.621  -40.728    8.191    0.00   1.468   330   6.2
  -1   2   36.280  -41.298    9.251    0.00   1.277   235   6.2
  -1   3   38.257  -42.966    9.945    0.00   1.158   174   6.2
  -1   4   41.552  -45.773   10.468    0.00   1.078   137   6.2
  -1   5   46.165  -49.766   10.914    0.00   1.023   107   6.2
  -1   6   52.096  -55.116   11.325    0.00   0.989    86   6.2
  -1   7   59.345  -61.621   11.701    0.00   0.980    84   6.2
  -1   8   67.912  -69.425   12.062    0.00   0.998    83   6.2
  -1   9   77.797  -78.586   12.422    0.00   1.051    84   6.2
  -1  10   89.000  -88.950   12.794    0.00   1.147    85   6.2
***  shot#   1 ray code  1.2 no rays traced  ***
   1   1    6.555  -23.150   16.445    0.00   1.345   174   2.2
   1   2    7.573  -23.547   16.079    0.00   1.239   127   2.2
   1   3   10.626  -24.680   15.714    0.00   1.135    91   2.2
   1   4   15.716  -27.197   15.295    0.00   1.018    65   2.2
   1   5   22.840  -31.708   14.824    0.00   0.896    44   2.2
   1   6   32.001  -38.583   14.349    0.00   0.790    32   2.2
   1   7   43.197  -47.903   13.916    0.00   0.720    23   2.2
   1   8   56.429  -59.584   13.532    0.00   0.693    21   2.2
   1   9   71.697  -73.496   13.184    0.00   0.714    21   2.2
   1  10   89.000  -89.472   12.830    0.00   0.797    21   2.2
   1   1   23.093  -31.884   14.809    0.00   0.893    45   3.1
   1   2   23.174  -31.883   16.075    0.00   1.201    79   3.1
   1   3   23.255  -31.937   16.589    0.00   1.326    95   3.1
   1   4   23.336  -31.990   16.980    0.00   1.420   104   3.1
   1   5   23.417  -32.047   17.309    0.00   1.500   114   3.1
   1   6   23.498  -32.104   17.598    0.00   1.570   123   3.1
   1   7   23.579  -32.143   17.860    0.00   1.633   131   3.1
   1   8   23.659  -32.023   18.104    0.00   1.692   138   3.1
   1   9   23.740  -32.061   18.320    0.00   1.745   144   3.1
   1  10   23.821  -32.116   18.523    0.00   1.794   150   3.1
   1   1   23.821  -32.118   18.499    0.00   1.788   149   3.2
   1   2   31.064  -37.988   14.928    0.00   0.952    49   3.2
   1   3   38.306  -43.936   14.426    0.00   0.861    36   3.2
   1   4   45.548  -50.157   14.080    0.00   0.816    30   3.2
   1   5   52.790  -56.558   13.805    0.00   0.796    28   3.2
   1   6   60.032  -63.081   13.573    0.00   0.793    27   3.2
   1   7   67.274  -69.687   13.370    0.00   0.806    27   3.2
   1   8   74.516  -76.346   13.183    0.00   0.831    27   3.2
   1   9   81.758  -83.039   13.008    0.00   0.868    27   3.2
   1  10   89.000  -89.737   12.832    0.00   0.919    27   3.2
   1   1   27.740  -35.348   15.314    0.00   1.033    61   4.1
   1   2   28.048  -35.582   15.641    0.00   1.105   116   4.1
   1   3   28.356  -35.818   15.757    0.00   1.131   138   4.1
   1   4   28.664  -36.055   15.842    0.00   1.149   157   4.1
   1   5   28.972  -36.293   15.910    0.00   1.164   171   4.1
   1   6   29.280  -36.532   15.969    0.00   1.176   183   4.1
   1   7   29.589  -36.771   16.022    0.00   1.188   196   4.1
   1   8   29.897  -37.011   16.071    0.00   1.198   208   4.1
   1   9   30.205  -37.251   16.116    0.00   1.207   218   4.1
   1  10   30.513  -37.490   16.159    0.00   1.216   229   4.1
   1   1   30.517  -37.493   16.152    0.00   1.215   228   4.2
   1   2   31.239  -38.071   15.618    0.00   1.106   156   4.2
   1   3   33.405  -39.814   15.192    0.00   1.022   114   4.2
   1   4   37.015  -42.813   14.813    0.00   0.955    87   4.2
   1   5   42.069  -47.094   14.458    0.00   0.902    65   4.2
   1   6   48.567  -52.755   14.119    0.00   0.867    54   4.2
   1   7   56.509  -59.840   13.795    0.00   0.852    50   4.2
   1   8   65.896  -68.365   13.481    0.00   0.864    49   4.2
   1   9   76.726  -78.325   13.167    0.00   0.907    49   4.2
   1  10   89.000  -89.662   12.834    0.00   0.995    49   4.2
***  shot#   1 ray code  5.1 no rays traced  ***
   1   1   31.817  -37.498   16.016    0.00   1.200   212   5.2
   1   2   32.523  -38.023   15.685    0.00   1.133   169   5.2
   1   3   34.641  -39.634   15.298    0.00   1.057   130   5.2
   1   4   38.171  -42.423   14.918    0.00   0.988   102   5.2
   1   5   43.112  -46.513   14.551    0.00   0.933    79   5.2
   1   6   49.466  -51.943   14.200    0.00   0.894    63   5.2
   1   7   57.232  -58.784   13.864    0.00   0.876    58   5.2
   1   8   66.409  -67.056   13.539    0.00   0.883    57   5.2
   1   9   76.999  -76.752   13.218    0.00   0.922    57   5.2
   1  10   89.000  -87.843   12.887    0.00   1.002    57   5.2
   1   1   31.817  -37.498   16.016    0.00   1.200   212   5.2
   1   2   32.523  -38.023   15.685    0.00   1.133   169   5.2
   1   3   34.641  -39.634   15.298    0.00   1.057   130   5.2
   1   4   38.171  -42.423   14.918    0.00   0.988   102   5.2
   1   5   43.112  -46.513   14.551    0.00   0.933    79   5.2
   1   6   49.466  -51.943   14.200    0.00   0.894    63   5.2
   1   7   57.232  -58.784   13.864    0.00   0.876    58   5.2
   1   8   66.409  -67.056   13.539    0.00   0.883    57   5.2
   1   9   76.999  -76.752   13.218    0.00   0.922    57   5.2
   1  10   89.000  -87.843   12.887    0.00   1.002    57   5.2
   1   1   33.667  -38.886   15.452    0.00   1.086   147   6.1
   1   2   33.692  -38.903   15.673    0.00   1.129   169   6.1
   1   3   33.768  -38.962   15.886    0.00   1.171   194   6.1
   1   4   33.893  -39.053   16.090    0.00   1.211   219   6.1
   1   5   34.069  -39.608   16.238    0.00   1.239   240   6.1
   1   6   34.296  -39.823   16.441    0.00   1.277   264   6.1
   1   7   34.572  -40.080   16.630    0.00   1.313   287   6.1
   1   8   34.899  -40.378   16.811    0.00   1.346   309   6.1
   1   9   35.277  -40.717   16.990    0.00   1.379   332   6.1
   1  10   35.704  -41.061   17.171    0.00   1.412   355   6.1
   1   1   33.667  -38.886   15.452    0.00   1.086   147   6.1
   1   2   33.692  -38.903   15.673    0.00   1.129   169   6.1
   1   3   33.768  -38.962   15.886    0.00   1.171   194   6.1
   1   4   33.893  -39.053   16.090    0.00   1.211   219   6.1
   1   5   34.069  -39.608   16.238    0.00   1.239   240   6.1
   1   6   34.296  -39.823   16.441    0.00   1.277   264   6.1
   1   7   34.572  -40.080   16.630    0.00   1.313   287   6.1
   1   8   34.899  -40.378   16.811    0.00   1.346   309   6.1
   1   9   35.277  -40.717   16.990    0.00   1.379   332   6.1
   1  10   35.704  -41.061   17.171    0.00   1.412   355   6.1
   1   1   35.705  -41.061   17.169    0.00   1.411   355   6.2
   1   2   36.363  -41.680   16.240    0.00   1.247   247   6.2
   1   3   38.337  -43.141   15.641    0.00   1.146   185   6.2
   1   4   41.626  -46.030   15.148    0.00   1.071   143   6.2
   1   5   46.232  -50.086   14.716    0.00   1.019   110   6.2
   1   6   52.154  -55.380   14.319    0.00   0.987    89   6.2
   1   7   59.391  -61.918   13.946    0.00   0.979    86   6.2
   1   8   67.945  -69.737   13.587    0.00   0.999    85   6.2
   1   9   77.815  -78.837   13.230    0.00   1.052    85   6.2
   1  10   89.000  -89.150   12.843    0.00   1.154    85   6.2

***  less than nray rays traced for    4 ray groups  ***

|----------------------------------------------------------------|
|                                                                |
|  total of  1015 rays consisting of  218462 points were traced  |
|                                                                |
|           model consists of 10 layers and 125 blocks           |
|                                                                |
|----------------------------------------------------------------|

