    35.000    -1.000     0.000         0
    26.584     8.442     0.010         1
    26.477     8.474     0.010         1
    26.308     8.526     0.010         1
    26.125     8.583     0.010         1
    25.956     8.636     0.010         1
    25.778     8.691     0.010         1
    25.604     8.746     0.010         1
    25.434     8.798     0.010         1
    25.247     8.856     0.010         1
    25.069     8.912     0.010         1
    24.892     8.966     0.010         1
    24.720     9.020     0.010         1
    24.548     9.073     0.010         1
    24.377     9.126     0.010         1
    24.208     9.178     0.010         1
    24.042     9.229     0.010         1
    23.872     9.282     0.010         1
    23.702     9.335     0.010         1
    23.532     9.387     0.010         1
    23.362     9.440     0.010         1
    23.194     9.493     0.010         1
    23.025     9.545     0.010         1
    22.856     9.598     0.010         1
    22.688     9.650     0.010         1
    22.517     9.703     0.010         1
    22.349     9.756     0.010         1
    22.179     9.809     0.010         1
    22.010     9.861     0.010         1
    21.840     9.915     0.010         1
    21.669     9.968     0.010         1
    21.499    10.021     0.010         1
    21.329    10.074     0.010         1
    21.159    10.128     0.010         1
    20.986    10.182     0.010         1
    20.816    10.236     0.010         1
    20.643    10.290     0.010         1
    20.472    10.344     0.010         1
    20.300    10.398     0.010         1
    20.129    10.452     0.010         1
    19.957    10.506     0.010         1
    19.786    10.560     0.010         1
    19.613    10.615     0.010         1
    19.439    10.670     0.010         1
    19.266    10.724     0.010         1
    19.094    10.779     0.010         1
    18.921    10.834     0.010         1
    18.747    10.889     0.010         1
    18.572    10.944     0.010         1
    18.399    10.999     0.010         1
    18.225    11.054     0.010         1
    18.050    11.109     0.010         1
    17.875    11.165     0.010         1
    17.700    11.221     0.010         1
    17.522    11.277     0.010         1
    17.347    11.333     0.010         1
    17.171    11.389     0.010         1
    16.994    11.445     0.010         1
    16.819    11.501     0.010         1
    16.641    11.558     0.010         1
    16.478    11.608     0.010         1
    16.300    11.665     0.010         1
    16.109    11.727     0.010         1
    15.930    11.784     0.010         1
    15.751    11.842     0.010         1
    15.572    11.899     0.010         1
    15.397    11.954     0.010         1
    15.216    12.012     0.010         1
    15.044    12.066     0.010         1
    14.862    12.124     0.010         1
    14.666    12.188     0.010         1
    14.482    12.247     0.010         1
    14.298    12.306     0.010         1
    14.124    12.361     0.010         1
    13.940    12.420     0.010         1
    13.755    12.480     0.010         1
    13.572    12.538     0.010         1
    13.385    12.598     0.010         1
    13.211    12.654     0.010         1
    13.038    12.709     0.010         1
    12.864    12.765     0.010         1
    12.687    12.822     0.010         1
    12.513    12.877     0.010         1
    12.339    12.933     0.010         1
    12.165    12.989     0.010         1
    11.991    13.044     0.010         1
    11.813    13.102     0.010         1
    11.638    13.158     0.010         1
    11.467    13.213     0.010         1
    11.299    13.266     0.010         1
    11.123    13.322     0.010         1
    27.519     7.920     0.010         2
    26.962     8.111     0.010         2
    26.390     8.307     0.010         2
    25.833     8.497     0.010         2
    25.273     8.689     0.010         2
    24.714     8.881     0.010         2
    24.158     9.072     0.010         2
    23.598     9.265     0.010         2
    23.038     9.459     0.010         2
    22.475     9.654     0.010         2
    21.914     9.849     0.010         2
    21.349    10.045     0.010         2
    20.780    10.243     0.010         2
    20.212    10.442     0.010         2
    19.643    10.641     0.010         2
    19.072    10.841     0.010         2
    18.499    11.042     0.010         2
    17.924    11.244     0.010         2
    17.344    11.448     0.010         2
    16.765    11.652     0.010         2
    27.922     7.677     0.010         3
    27.702     7.758     0.010         3
    27.474     7.841     0.010         3
    27.248     7.924     0.010         3
    27.023     8.007     0.010         3
    26.799     8.090     0.010         3
    26.571     8.174     0.010         3
    26.348     8.256     0.010         3
    26.127     8.339     0.010         3
    25.906     8.421     0.010         3
    25.683     8.504     0.010         3
    25.463     8.586     0.010         3
    25.244     8.668     0.010         3
    25.025     8.749     0.010         3
    24.806     8.831     0.010         3
    24.589     8.913     0.010         3
    24.372     8.994     0.010         3
    24.157     9.075     0.010         3
    23.941     9.156     0.010         3
    23.725     9.237     0.010         3
    24.474     9.402     0.010         4
    23.708     9.622     0.010         4
    23.081     9.795     0.010         4
    22.327    10.003     0.010         4
    21.511    10.230     0.010         4
    20.671    10.465     0.010         4
    19.814    10.706     0.010         4
    18.953    10.948     0.010         4
    18.089    11.192     0.010         4
    17.254    11.426     0.010         4
    16.329    11.686     0.010         4
    15.383    11.957     0.010         4
    14.436    12.228     0.010         4
    13.502    12.494     0.010         4
    12.541    12.770     0.010         4
    11.541    13.060     0.010         4
    10.619    13.323     0.010         4
     9.709    13.583     0.010         4
     8.814    13.837     0.010         4
     7.906    14.097     0.010         4
     5.003    15.453     0.010         5
     6.026    15.205     0.010         5
     7.637    14.829     0.010         5
     8.752    14.801     0.010         5
     6.630    15.113     0.010         6
     8.145    14.994     0.010         6
    11.085    13.989     0.010         6
    13.382    13.422     0.010         6
    16.882    12.488     0.010         6
    15.160    13.002     0.010         7
    18.837    11.989     0.010         7
    21.746    11.151     0.010         7
    25.946     9.989     0.010         7
    27.525     9.635     0.010         7
    31.216     8.971     0.010         7
    32.449     8.862     0.010         7
    33.049     8.830     0.010         7
    35.033     8.832     0.010         7
     0.800    16.271     0.010         8
     0.761    16.278     0.010         8
     0.676    16.293     0.010         8
     0.558    16.315     0.010         8
     0.401    16.344     0.010         8
     0.225    16.381     0.010         8
     0.063    16.409     0.010         8
    -0.106    16.440     0.010         8
    -0.303    16.480     0.010         8
    -0.499    16.523     0.010         8
    -0.692    16.563     0.010         8
    -1.737    16.675     0.010         8
    -1.985    16.724     0.010         8
    -2.659    16.881     0.010         8
    -2.914    16.933     0.010         8
    -4.096    17.211     0.010         8
    -4.294    17.251     0.010         8
    -4.493    17.291     0.010         8
    -4.685    17.329     0.010         8
    -4.879    17.367     0.010         8
    16.122    12.691     0.010         9
    15.759    12.762     0.010         9
    15.405    12.829     0.010         9
    15.077    12.887     0.010         9
    14.790    12.934     0.010         9
    14.533    12.981     0.010         9
    14.923    12.813     0.010        10
    15.684    12.558     0.010        10
    15.373    12.598     0.010        11
    15.487    12.516     0.010        11
    15.224    12.546     0.010        12
    14.964    12.582     0.010        12
    14.375    12.710     0.010        12
    14.150    12.738     0.010        12
    13.955    12.756     0.010        12
    13.765    12.773     0.010        12
    13.576    12.789     0.010        12
    13.385    12.805     0.010        12
    12.025    12.963     0.010        12
    11.845    12.982     0.010        12
    11.881    12.976     0.010        13
    13.323    12.730     0.010        13
    14.864    12.449     0.010        13
    16.206    12.212     0.010        13
    17.666    11.939     0.010        13
    18.818    11.751     0.010        13
    19.899    11.562     0.010        13
    20.612    11.456     0.010        13
    21.754    11.248     0.010        13
    22.882    11.051     0.010        13
    23.988    10.868     0.010        13
    25.015    10.708     0.010        13
    26.112    10.545     0.010        13
    27.887    10.309     0.010        13
    28.938    10.190     0.010        13
    30.005    10.084     0.010        13
    31.153     9.991     0.010        13
    32.125     9.931     0.010        13
    33.409     9.879     0.010        13
    35.069     9.924     0.010        13
    19.687    11.587     0.010        14
    18.737    11.709     0.010        14
    16.978    11.979     0.010        14
    14.936    12.294     0.010        14
    12.973    12.589     0.010        14
    11.040    12.866     0.010        14
     9.593    12.994     0.010        14
     6.551    13.437     0.010        14
     3.692    13.846     0.010        14
     1.482    14.096     0.010        14
    -1.561    14.560     0.010        14
    -3.766    14.899     0.010        14
    -5.657    15.175     0.010        14
    -7.697    15.479     0.010        14
    -9.672    15.768     0.010        14
   -11.705    16.065     0.010        14
   -13.767    16.366     0.010        14
   -15.829    16.667     0.010        14
   -17.912    16.969     0.010        14
   -20.000    17.272     0.010        14
   -19.998    17.282     0.010        15
   -16.798    16.826     0.010        15
   -10.683    15.957     0.010        15
    -4.797    15.125     0.010        15
     0.706    14.309     0.010        15
     4.552    13.876     0.010        15
     8.052    13.408     0.010        15
    11.256    13.006     0.010        15
    13.231    12.808     0.010        15
    15.472    12.531     0.010        15
    17.540    12.281     0.010        15
    21.553    11.839     0.010        15
    23.116    11.701     0.010        15
    24.634    11.573     0.010        15
    26.133    11.453     0.010        15
    27.670    11.342     0.010        15
    28.986    11.257     0.010        15
    30.612    11.167     0.010        15
    32.410    11.093     0.010        15
    35.152    11.124     0.010        15
     0.260    18.051     0.010        16
     0.355    18.037     0.010        17
     0.355    18.037     0.010        17
     0.347    18.039     0.010        17
     0.347    18.039     0.010        17
     0.343    18.040     0.010        17
     0.343    18.040     0.010        17
     0.340    18.041     0.010        17
     0.340    18.041     0.010        17
     0.337    18.042     0.010        17
     0.337    18.042     0.010        17
     0.332    18.042     0.010        17
     0.332    18.042     0.010        17
     0.325    18.044     0.010        17
     0.325    18.044     0.010        17
     0.325    18.044     0.010        17
     0.311    18.049     0.010        17
     0.308    18.050     0.010        17
     0.308    18.050     0.010        17
     0.308    18.050     0.010        17
     0.312    18.049     0.010        17
     0.312    18.049     0.010        17
     0.308    18.050     0.010        17
     0.308    18.050     0.010        17
     0.305    18.050     0.010        17
     0.300    18.051     0.010        17
     0.300    18.051     0.010        17
     0.295    18.053     0.010        17
     0.295    18.053     0.010        17
     0.289    18.054     0.010        17
     0.269    18.058     0.010        17
     0.269    18.058     0.010        17
     0.264    18.059     0.010        17
     0.257    18.060     0.010        17
     0.277    18.056     0.010        18
     0.270    18.058     0.010        18
     0.266    18.059     0.010        18
     0.263    18.059     0.010        18
     4.458    16.283     0.010        19
     4.448    16.285     0.010        19
     4.444    16.286     0.010        19
     4.433    16.289     0.010        19
     4.424    16.291     0.010        19
     4.420    16.292     0.010        19
     4.415    16.293     0.010        19
     4.407    16.295     0.010        19
     4.407    16.295     0.010        19
     4.401    16.297     0.010        19
     4.394    16.298     0.010        19
     4.386    16.300     0.010        19
     4.380    16.302     0.010        19
     4.374    16.303     0.010        19
     4.363    16.306     0.010        19
     4.363    16.306     0.010        19
     4.376    16.303     0.010        19
     4.372    16.304     0.010        20
     4.365    16.305     0.010        20
     4.361    16.306     0.010        20
     4.355    16.308     0.010        20
     4.331    16.312     0.010        20
     4.329    16.312     0.010        20
     4.316    16.316     0.010        20
     4.329    16.312     0.010        21
     4.304    16.318     0.010        21
     4.298    16.320     0.010        21
     4.288    16.322     0.010        21
     4.285    16.323     0.010        21
     4.290    16.322     0.010        22
     4.285    16.323     0.010        22
     4.278    16.324     0.010        22
     4.263    16.328     0.010        22
     4.251    16.331     0.010        22
     4.257    16.330     0.010        23
     4.245    16.333     0.010        23
     4.239    16.334     0.010        23
     4.236    16.335     0.010        23
     4.229    16.335     0.010        23
     4.221    16.337     0.010        23
     4.215    16.339     0.010        23
     4.207    16.340     0.010        23
     4.202    16.342     0.010        23
     4.183    16.346     0.010        23
     4.180    16.346     0.010        23
     4.173    16.348     0.010        23
     1.772    17.366     0.010        23
     1.767    17.367     0.010        23
     1.758    17.369     0.010        23
     1.749    17.371     0.010        23
     1.747    17.371     0.010        23
     1.739    17.373     0.010        23
     1.735    17.374     0.010        23
     1.745    17.372     0.010        24
     1.739    17.373     0.010        24
     1.734    17.374     0.010        24
     1.713    17.378     0.010        24
     1.710    17.379     0.010        24
     1.702    17.381     0.010        24
     1.702    17.381     0.010        24
     1.715    17.378     0.010        25
     1.705    17.380     0.010        25
     1.687    17.383     0.010        25
     1.678    17.385     0.010        25
     1.667    17.388     0.010        25
     1.660    17.389     0.010        25
     1.670    17.387     0.010        26
     1.662    17.389     0.010        26
     1.640    17.393     0.010        26
     1.641    17.393     0.010        27
     1.629    17.395     0.010        27
     1.619    17.398     0.010        27
     1.602    17.402     0.010        27
     1.589    17.405     0.010        27
     1.590    17.405     0.010        28
     1.576    17.408     0.010        28
     1.566    17.410     0.010        28
     1.567    17.410     0.010        29
     1.556    17.413     0.010        29
     1.540    17.417     0.010        29
     1.553    17.406     0.010        30
     1.543    17.408     0.010        30
     1.533    17.411     0.010        30
     1.520    17.414     0.010        30
     1.509    17.417     0.010        30
     1.517    17.415     0.010        31
     1.506    17.418     0.010        31
     1.495    17.420     0.010        31
     1.483    17.424     0.010        31
     1.471    17.427     0.010        31
     1.432    17.438     0.010        31
     1.417    17.441     0.010        31
     1.400    17.446     0.010        31
     1.402    17.446     0.010        32
     2.750    16.870     0.010        32
     2.744    16.872     0.010        33
     2.729    16.876     0.010        33
     2.716    16.879     0.010        33
     2.726    16.877     0.010        34
     2.713    16.880     0.010        34
     2.695    16.884     0.010        34
     2.684    16.888     0.010        34
     2.647    16.897     0.010        34
     2.634    16.900     0.010        34
     2.631    16.901     0.010        34
     2.619    16.904     0.010        34
     2.609    16.906     0.010        34
     2.594    16.910     0.010        34
     2.579    16.913     0.010        34
     2.567    16.916     0.010        34
     2.565    16.917     0.010        34
     2.558    16.919     0.010        34
     2.530    16.925     0.010        34
     2.517    16.928     0.010        34
     2.504    16.931     0.010        34
     2.501    16.932     0.010        34
     2.485    16.935     0.010        34
     2.466    16.940     0.010        34
     2.455    16.942     0.010        34
     2.442    16.945     0.010        34
     2.434    16.947     0.010        34
     2.417    16.950     0.010        34
     2.407    16.952     0.010        34
     2.402    16.953     0.010        34
     2.386    16.957     0.010        34
     2.371    16.960     0.010        34
     2.359    16.962     0.010        34
     2.358    16.962     0.010        34
     0.566    17.655     0.010        35
     0.548    17.661     0.010        35
     0.534    17.665     0.010        35
     0.496    17.677     0.010        35
     0.497    17.677     0.010        36
     0.470    17.685     0.010        36
     0.455    17.689     0.010        36
     0.439    17.694     0.010        36
     0.420    17.699     0.010        36
     0.394    17.707     0.010        36
     0.375    17.712     0.010        36
     0.358    17.717     0.010        36
     0.344    17.721     0.010        36
     0.347    17.720     0.010        37
     0.311    17.730     0.010        37
     0.302    17.732     0.010        37
     0.280    17.740     0.010        37
     0.277    17.741     0.010        37
     0.261    17.744     0.010        37
     0.247    17.748     0.010        37
     0.218    17.755     0.010        37
     0.217    17.755     0.010        37
     1.335    17.338     0.010        38
     1.323    17.342     0.010        38
     1.304    17.347     0.010        38
     1.289    17.351     0.010        38
     1.272    17.356     0.010        38
     1.232    17.367     0.010        38
     1.192    17.378     0.010        38
     1.159    17.391     0.010        38
     1.138    17.397     0.010        38
     1.119    17.402     0.010        38
     1.097    17.408     0.010        38
     1.092    17.410     0.010        38
     1.081    17.413     0.010        38
     1.062    17.418     0.010        38
     1.044    17.423     0.010        38
     1.007    17.433     0.010        38
     0.983    17.440     0.010        38
     0.968    17.444     0.010        38
     0.952    17.448     0.010        38
     0.942    17.451     0.010        38
     0.923    17.456     0.010        38
     0.887    17.466     0.010        38
     1.672    17.130     0.010        39
     1.653    17.135     0.010        39
     1.646    17.137     0.010        39
     1.631    17.141     0.010        39
     1.604    17.147     0.010        39
     1.585    17.152     0.010        39
     1.570    17.156     0.010        39
     1.548    17.161     0.010        39
     1.531    17.165     0.010        39
     1.517    17.169     0.010        39
     1.502    17.172     0.010        39
     1.488    17.176     0.010        39
     1.464    17.181     0.010        39
     1.451    17.185     0.010        39
     1.431    17.190     0.010        39
     1.435    17.189     0.010        40
     1.391    17.200     0.010        40
     1.385    17.201     0.010        40
     1.364    17.206     0.010        40
     1.348    17.210     0.010        40
     1.334    17.214     0.010        40
     1.311    17.219     0.010        40
     1.292    17.224     0.010        40
     1.272    17.229     0.010        40
     1.227    17.244     0.010        40
     1.209    17.248     0.010        40
     1.213    17.247     0.010        41
     1.177    17.256     0.010        41
     1.180    17.255     0.010        42
     1.159    17.260     0.010        42
     1.140    17.265     0.010        42
     1.122    17.269     0.010        42
     1.366    17.158     0.010        43
     1.346    17.163     0.010        43
     1.341    17.164     0.010        43
     1.323    17.168     0.010        43
     1.307    17.172     0.010        43
     1.261    17.186     0.010        43
     1.257    17.187     0.010        43
     1.237    17.192     0.010        43
     1.219    17.196     0.010        43
     1.207    17.198     0.010        43
     1.190    17.202     0.010        43
     1.167    17.207     0.010        43
     1.147    17.212     0.010        43
     1.131    17.215     0.010        43
    -2.043    18.535     0.010        44
    -2.069    18.543     0.010        44
    -2.082    18.547     0.010        44
    -2.106    18.554     0.010        44
    -2.135    18.562     0.010        44
    -2.161    18.569     0.010        44
    -2.179    18.574     0.010        44
    -2.190    18.578     0.010        44
    -2.210    18.583     0.010        44
    -2.197    18.573     0.010        45
    -2.219    18.579     0.010        45
    -2.236    18.583     0.010        45
    -2.263    18.590     0.010        45
    -2.280    18.594     0.010        45
    -2.280    18.594     0.010        45
    -2.320    18.604     0.010        45
    -2.338    18.608     0.010        45
    -2.346    18.610     0.010        45
    -2.359    18.613     0.010        45
     0.000     0.000     0.000        -1
