 
  479    0
 
 































































































































































































































































































































































































































































































 
 0.19279E-01 0.15523E-01 0.37759E-01 0.22251E-01 0.24491E-01
 0.59814E-02 0.23230E-01 0.11721E-01 0.10212E-01 0.24704E-01
 0.21955E-01 0.22449E-01 0.24944E-01 0.19190E-01 0.21183E-01
 0.21433E-01 0.22683E-01 0.21679E-01 0.20927E-01 0.26178E-01
 0.20675E-01 0.21924E-01 0.19425E-01 0.21682E-01 0.21182E-01
 0.22932E-01 0.20186E-01 0.19685E-01 0.22943E-01 0.22445E-01
 0.21702E-01 0.19955E-01 0.20209E-01 0.20469E-01 0.20974E-01
 0.21980E-01 0.23739E-01 0.22236E-01 0.20161E-01 0.20073E-01
 0.17499E-01 0.17664E-01 0.19587E-01 0.16505E-01 0.12924E-01
 0.17093E-01 0.14263E-01 0.34266E-02 0.88549E-02 0.18017E-01
 0.10194E-01 0.33617E-02-0.52166E-02-0.30470E-02 0.14882E-01
-0.19426E-02-0.27742E-02 0.54054E-02-0.16708E-02-0.37451E-02
-0.16975E-03-0.21744E-03-0.32425E-04-0.84496E-03 0.11158E-03
 0.79155E-04-0.72765E-03-0.75436E-03-0.15526E-02-0.18177E-02
-0.60749E-03-0.63324E-03-0.65804E-03-0.20695E-03-0.22793E-03
 0.51975E-03-0.25463E-03 0.19455E-03-0.57983E-03-0.15917E-02
-0.11358E-02-0.90408E-03 0.32234E-03-0.98038E-03-0.44250E-03
 0.22888E-04 0.49686E-03-0.37193E-04-0.27657E-04-0.55313E-03
-0.10805E-02-0.10729E-02-0.18301E-02-0.15860E-02-0.13447E-02
-0.10948E-02-0.85545E-03-0.38242E-03-0.12875E-03 0.35095E-03
 0.60177E-03 0.85831E-04 0.56362E-03 0.44823E-04-0.70477E-03
-0.22221E-02-0.17443E-02-0.14887E-02-0.15364E-02-0.12827E-02
-0.36240E-04-0.91553E-04-0.86212E-03-0.63133E-03-0.19169E-03
 0.95367E-06-0.57125E-03-0.37384E-03 0.49591E-04-0.22221E-03
 0.96893E-03 0.16308E-02 0.33388E-01 0.32559E-01 0.14965E-01
 0.15931E-01 0.13890E-01 0.15298E-01 0.14712E-01 0.13123E-01
 0.14081E-01 0.12935E-01 0.11894E-01 0.13280E-01 0.13645E-01
 0.12033E-01 0.12399E-01 0.10775E-01 0.14129E-01 0.12490E-01
 0.11856E-01 0.12217E-01 0.11799E-01 0.11168E-01 0.10527E-01
 0.11106E-01 0.10242E-01 0.10061E-01 0.94261E-02 0.11798E-01
 0.10381E-01 0.11973E-01 0.83399E-02 0.97075E-02 0.90818E-02
 0.94547E-02 0.80509E-02 0.82026E-02 0.81272E-02 0.72842E-02
 0.72098E-02 0.53625E-02 0.62981E-02 0.72298E-02 0.53873E-02
 0.77772E-02 0.54913E-02 0.56572E-02 0.60425E-02 0.59900E-02
 0.61569E-02 0.55494E-02 0.59462E-02 0.68951E-02 0.42896E-02
 0.54655E-02 0.56353E-02 0.50364E-02 0.42152E-02 0.46167E-02
 0.22488E-02 0.34351E-02 0.28400E-02 0.22497E-02 0.34389E-02
 0.36221E-02 0.20332E-02 0.24500E-02 0.18625E-02 0.15039E-02
 0.31519E-02 0.25749E-02 0.10042E-02 0.14429E-02 0.87070E-03
 0.15249E-02-0.26512E-03 0.11768E-02 0.18415E-02-0.17176E-02
-0.26894E-03-0.59605E-03 0.76294E-04 0.12951E-02-0.10328E-02
 0.42534E-03-0.11921E-03-0.16623E-02-0.22097E-02-0.25225E-02
-0.18711E-02-0.13628E-02-0.26245E-02-0.18864E-02-0.71459E-02
-0.74043E-02-0.78993E-02 0.33453E-01 0.32759E-01 0.33729E-01
 0.34407E-01 0.31540E-01 0.32057E-01 0.30034E-01 0.31008E-01
 0.30291E-01 0.29268E-01 0.30090E-01 0.28916E-01 0.28044E-01
 0.30024E-01 0.27696E-01 0.27823E-01 0.27802E-01 0.26322E-01
 0.26990E-01 0.23970E-01 0.21796E-01 0.25319E-01 0.24301E-01
 0.24130E-01 0.21953E-01 0.22474E-01 0.20604E-01 0.21282E-01
 0.22264E-01 0.23245E-01 0.21772E-01 0.20753E-01 0.18729E-01
 0.19714E-01 0.18392E-01 0.15375E-01 0.16046E-01 0.19032E-01
 0.18163E-01 0.16542E-01 0.15824E-01 0.14966E-01 0.15942E-01
 0.12081E-01 0.15923E-01 0.14752E-01 0.14888E-01 0.13031E-01
 0.13172E-01 0.11007E-01 0.84486E-02 0.12290E-01 0.11439E-01
 0.95844E-02 0.77276E-02 0.88787E-02 0.70305E-02 0.81768E-02
 0.83189E-02 0.64716E-02 0.66214E-02 0.69180E-02 0.90666E-02
 0.52137E-02 0.55189E-02 0.55103E-02 0.49582E-02-0.88310E-03
 0.22793E-02 0.61131E-03 0.39511E-02 0.11387E-02 0.43249E-02
 0.25091E-02 0.69523E-03 0.10347E-02 0.20714E-02 0.94700E-03
-0.10147E-02-0.13256E-03-0.51050E-02-0.22411E-03-0.13390E-02
-0.13046E-02-0.41199E-02-0.23947E-02-0.23575E-02-0.71754E-02
-0.52977E-02-0.52605E-02-0.70763E-02-0.68884E-02-0.70057E-02
-0.58270E-02-0.57907E-02-0.77553E-02-0.95692E-02-0.85325E-02
-0.73462E-02-0.10008E-01-0.10971E-01-0.57859E-02-0.86031E-02
-0.10565E-01-0.11532E-01-0.13339E-01-0.14191E-01-0.14067E-01
-0.13824E-01-0.66376E-02-0.25902E-02-0.45586E-02-0.15519E-01
-0.94795E-02-0.72966E-02-0.10407E-01-0.16381E-01-0.92001E-02
-0.13166E-01-0.11141E-01-0.99669E-02-0.11788E-01-0.12906E-01
-0.17735E-01-0.10713E-01-0.10684E-01-0.12658E-01-0.15635E-01
-0.18468E-01-0.19292E-01-0.19272E-01-0.12107E-01-0.18943E-01
-0.13789E-01-0.13638E-01-0.17636E-01-0.15338E-01-0.14348E-01
-0.15198E-01-0.15056E-01-0.14059E-01-0.16066E-01-0.10919E-01
-0.12922E-01-0.13774E-01-0.59252E-02-0.14785E-01-0.11781E-01
-0.17891E-02-0.24948E-02-0.44956E-02-0.46511E-02-0.34990E-02
-0.22058E-02-0.40617E-02-0.20618E-02-0.17700E-02-0.16193E-02
-0.34733E-02 0.29745E-02-0.63267E-02-0.10395E-02-0.73242E-03
-0.44384E-02-0.43964E-03-0.21505E-02 0.11520E-02 0.71383E-02
 0.71669E-02 0.65002E-02 0.70992E-02 0.78335E-02 0.79403E-02
 0.71726E-02 0.85287E-02 0.76342E-02 0.79889E-02 0.83447E-02
 0.87051E-02 0.76818E-02 0.81663E-02 0.72737E-02 0.73748E-02
 0.68645E-02 0.70906E-02 0.73299E-02 0.79432E-02 0.80452E-02
 0.70257E-02 0.88921E-02 0.67501E-02 0.79842E-02 0.87347E-02
 0.10846E-01 0.72308E-02 0.64735E-02 0.10860E-01 0.82321E-02
 0.11486E-01 0.78650E-02 0.89903E-02 0.86212E-02 0.88835E-02
 0.10393E-01 0.76380E-02 0.72803E-02 0.72794E-02 0.77906E-02
 0.79136E-02 0.10167E-01 0.95491E-02 0.89302E-02 0.81873E-02
 0.84372E-02 0.89550E-02 0.10331E-01 0.89684E-02 0.10216E-01
 0.94767E-02 0.88511E-02 0.92325E-02 0.96035E-02 0.12113E-01
 0.91000E-02 0.10730E-01 0.11101E-01 0.11220E-01 0.11564E-01
 0.10809E-01 0.92993E-02 0.10541E-01 0.10893E-01 0.12006E-01
 0.10496E-01 0.83466E-02 0.12456E-01 0.10696E-01 0.11065E-01
 0.12162E-01 0.99030E-02 0.11134E-01 0.99945E-02 0.10728E-01
 0.11453E-01 0.11053E-01 0.89092E-02 0.11151E-01 0.11133E-01
 0.11249E-01 0.11364E-01 0.10471E-01 0.11462E-01 0.11307E-01
 0.11559E-01 0.11533E-01 0.12513E-01 0.13253E-01 0.11114E-01
 0.12969E-01 0.98209E-02 0.11933E-01 0.12410E-01
 
 0.40000E-01 0.40000E-01 0.40000E-01 0.40000E-01 0.40000E-01
 0.40000E-01 0.40000E-01 0.40000E-01 0.40000E-01 0.40000E-01
 0.40000E-01 0.40000E-01 0.40000E-01 0.40000E-01 0.40000E-01
 0.40000E-01 0.40000E-01 0.40000E-01 0.40000E-01 0.40000E-01
 0.40000E-01 0.40000E-01 0.40000E-01 0.40000E-01 0.40000E-01
 0.40000E-01 0.40000E-01 0.40000E-01 0.40000E-01 0.40000E-01
 0.40000E-01 0.40000E-01 0.40000E-01 0.40000E-01 0.40000E-01
 0.40000E-01 0.40000E-01 0.40000E-01 0.40000E-01 0.40000E-01
 0.40000E-01 0.40000E-01 0.40000E-01 0.40000E-01 0.40000E-01
 0.40000E-01 0.40000E-01 0.40000E-01 0.40000E-01 0.40000E-01
 0.40000E-01 0.40000E-01 0.40000E-01 0.40000E-01 0.40000E-01
 0.40000E-01 0.40000E-01 0.40000E-01 0.40000E-01 0.40000E-01
 0.61000E-01 0.61000E-01 0.61000E-01 0.61000E-01 0.61000E-01
 0.61000E-01 0.61000E-01 0.61000E-01 0.61000E-01 0.61000E-01
 0.61000E-01 0.61000E-01 0.61000E-01 0.61000E-01 0.61000E-01
 0.61000E-01 0.61000E-01 0.61000E-01 0.61000E-01 0.61000E-01
 0.61000E-01 0.61000E-01 0.61000E-01 0.61000E-01 0.61000E-01
 0.61000E-01 0.61000E-01 0.61000E-01 0.61000E-01 0.61000E-01
 0.61000E-01 0.61000E-01 0.61000E-01 0.61000E-01 0.61000E-01
 0.61000E-01 0.61000E-01 0.61000E-01 0.61000E-01 0.61000E-01
 0.61000E-01 0.61000E-01 0.61000E-01 0.61000E-01 0.61000E-01
 0.61000E-01 0.61000E-01 0.61000E-01 0.61000E-01 0.61000E-01
 0.61000E-01 0.61000E-01 0.61000E-01 0.61000E-01 0.61000E-01
 0.61000E-01 0.61000E-01 0.61000E-01 0.61000E-01 0.61000E-01
 0.61000E-01 0.61000E-01 0.80000E-01 0.80000E-01 0.80000E-01
 0.80000E-01 0.80000E-01 0.80000E-01 0.80000E-01 0.80000E-01
 0.80000E-01 0.80000E-01 0.80000E-01 0.80000E-01 0.80000E-01
 0.80000E-01 0.80000E-01 0.80000E-01 0.80000E-01 0.80000E-01
 0.80000E-01 0.80000E-01 0.80000E-01 0.80000E-01 0.80000E-01
 0.80000E-01 0.80000E-01 0.80000E-01 0.80000E-01 0.80000E-01
 0.80000E-01 0.80000E-01 0.80000E-01 0.80000E-01 0.80000E-01
 0.80000E-01 0.80000E-01 0.80000E-01 0.80000E-01 0.80000E-01
 0.80000E-01 0.80000E-01 0.80000E-01 0.80000E-01 0.80000E-01
 0.80000E-01 0.80000E-01 0.80000E-01 0.80000E-01 0.80000E-01
 0.80000E-01 0.80000E-01 0.80000E-01 0.80000E-01 0.80000E-01
 0.80000E-01 0.80000E-01 0.80000E-01 0.80000E-01 0.80000E-01
 0.80000E-01 0.80000E-01 0.80000E-01 0.80000E-01 0.80000E-01
 0.80000E-01 0.80000E-01 0.80000E-01 0.80000E-01 0.80000E-01
 0.80000E-01 0.80000E-01 0.80000E-01 0.80000E-01 0.80000E-01
 0.80000E-01 0.80000E-01 0.80000E-01 0.80000E-01 0.80000E-01
 0.80000E-01 0.80000E-01 0.80000E-01 0.80000E-01 0.80000E-01
 0.80000E-01 0.80000E-01 0.80000E-01 0.80000E-01 0.80000E-01
 0.80000E-01 0.80000E-01 0.80000E-01 0.80000E-01 0.80000E-01
 0.80000E-01 0.80000E-01 0.60000E-01 0.60000E-01 0.60000E-01
 0.60000E-01 0.60000E-01 0.60000E-01 0.60000E-01 0.60000E-01
 0.60000E-01 0.60000E-01 0.60000E-01 0.60000E-01 0.60000E-01
 0.60000E-01 0.60000E-01 0.60000E-01 0.60000E-01 0.60000E-01
 0.60000E-01 0.60000E-01 0.60000E-01 0.60000E-01 0.60000E-01
 0.60000E-01 0.60000E-01 0.60000E-01 0.60000E-01 0.60000E-01
 0.60000E-01 0.60000E-01 0.60000E-01 0.60000E-01 0.60000E-01
 0.60000E-01 0.60000E-01 0.60000E-01 0.60000E-01 0.60000E-01
 0.60000E-01 0.60000E-01 0.60000E-01 0.60000E-01 0.60000E-01
 0.60000E-01 0.60000E-01 0.60000E-01 0.60000E-01 0.60000E-01
 0.60000E-01 0.60000E-01 0.60000E-01 0.60000E-01 0.60000E-01
 0.60000E-01 0.60000E-01 0.60000E-01 0.60000E-01 0.60000E-01
 0.60000E-01 0.60000E-01 0.60000E-01 0.60000E-01 0.60000E-01
 0.60000E-01 0.60000E-01 0.60000E-01 0.60000E-01 0.60000E-01
 0.60000E-01 0.60000E-01 0.60000E-01 0.60000E-01 0.60000E-01
 0.60000E-01 0.60000E-01 0.60000E-01 0.60000E-01 0.60000E-01
 0.60000E-01 0.60000E-01 0.60000E-01 0.60000E-01 0.60000E-01
 0.60000E-01 0.60000E-01 0.60000E-01 0.60000E-01 0.60000E-01
 0.60000E-01 0.60000E-01 0.60000E-01 0.60000E-01 0.60000E-01
 0.60000E-01 0.60000E-01 0.60000E-01 0.60000E-01 0.60000E-01
 0.60000E-01 0.60000E-01 0.60000E-01 0.60000E-01 0.60000E-01
 0.60000E-01 0.60000E-01 0.60000E-01 0.60000E-01 0.60000E-01
 0.60000E-01 0.60000E-01 0.60000E-01 0.60000E-01 0.60000E-01
 0.60000E-01 0.60000E-01 0.60000E-01 0.60000E-01 0.60000E-01
 0.60000E-01 0.60000E-01 0.60000E-01 0.60000E-01 0.60000E-01
 0.60000E-01 0.60000E-01 0.60000E-01 0.60000E-01 0.60000E-01
 0.60000E-01 0.60000E-01 0.60000E-01 0.60000E-01 0.60000E-01
 0.60000E-01 0.60000E-01 0.60000E-01 0.60000E-01 0.60000E-01
 0.60000E-01 0.60000E-01 0.60000E-01 0.60000E-01 0.60000E-01
 0.60000E-01 0.60000E-01 0.60000E-01 0.60000E-01 0.60000E-01
 0.60000E-01 0.60000E-01 0.60000E-01 0.60000E-01 0.60000E-01
 0.60000E-01 0.60000E-01 0.60000E-01 0.60000E-01 0.60000E-01
 0.60000E-01 0.60000E-01 0.60000E-01 0.60000E-01 0.60000E-01
 0.60000E-01 0.60000E-01 0.60000E-01 0.60000E-01 0.90000E-01
 0.90000E-01 0.90000E-01 0.90000E-01 0.90000E-01 0.90000E-01
 0.90000E-01 0.90000E-01 0.90000E-01 0.90000E-01 0.90000E-01
 0.90000E-01 0.90000E-01 0.90000E-01 0.90000E-01 0.90000E-01
 0.90000E-01 0.90000E-01 0.90000E-01 0.90000E-01 0.90000E-01
 0.90000E-01 0.90000E-01 0.90000E-01 0.90000E-01 0.90000E-01
 0.90000E-01 0.90000E-01 0.90000E-01 0.90000E-01 0.90000E-01
 0.90000E-01 0.90000E-01 0.90000E-01 0.90000E-01 0.90000E-01
 0.90000E-01 0.90000E-01 0.90000E-01 0.90000E-01 0.90000E-01
 0.90000E-01 0.90000E-01 0.90000E-01 0.90000E-01 0.90000E-01
 0.90000E-01 0.90000E-01 0.90000E-01 0.90000E-01 0.90000E-01
 0.90000E-01 0.90000E-01 0.90000E-01 0.90000E-01 0.90000E-01
 0.90000E-01 0.90000E-01 0.90000E-01 0.90000E-01 0.90000E-01
 0.90000E-01 0.90000E-01 0.90000E-01 0.90000E-01 0.90000E-01
 0.90000E-01 0.90000E-01 0.90000E-01 0.90000E-01 0.90000E-01
 0.90000E-01 0.90000E-01 0.90000E-01 0.90000E-01 0.90000E-01
 0.90000E-01 0.90000E-01 0.90000E-01 0.90000E-01 0.90000E-01
 0.90000E-01 0.90000E-01 0.90000E-01 0.90000E-01 0.90000E-01
 0.90000E-01 0.90000E-01 0.90000E-01 0.90000E-01 0.90000E-01
 0.90000E-01 0.90000E-01 0.90000E-01 0.90000E-01
 
Number of data points used:      479
RMS traveltime residual:       0.013
Normalized chi-squared:        0.05558
 
