 &PLTPAR
 IPLOT   =          -1,
 IMOD    =           1,
 IBND    =           0,
 IDASH   =           1,
 IVEL    =           0,
 IRAY    =           1,
 IRAYS   =           0,
 IRAYPS  =           0,
 IDOT    =           0,
 ITX     =           2,
 IDATA   =           1,
 ISZERO  =           0,
 ITXOUT  =           1,
 ISTEP   =           0,
 IBREAK  = 30*1,
 IDUMP   =           1,
 ISUM    =           0,
 SYMHT   =  0.5000000    ,
 VELHT   =   1.000000    ,
 NSKIP   =           0,
 NRSKIP  =           1,
 VRED    =   7.000000    ,
 DVMAX   =  1.0000000E+10,
 DSMAX   =  1.0000000E+10,
 ISEP    =           0,
 IROUTE  =           1,
 ITCOL   =           1,
 IRCOL   =           1,
 MCOL    = 5*1,
 ITXBOX  =           1,
 ISEG    =           0,
 XWNDOW  =   250.0000    ,
 YWNDOW  =   170.0000    ,
 COLOUR  =           1,           2,           3,           4,           5,           6,           7,           8,           9,
           10,           2,          12,          13, 7*-1,
 IBCOL   =           0,
 IFCOL   =           1,
 MODOUT  =           0,
 DXMOD   =  0.0000000E+00,
 DZMOD   =  0.0000000E+00,
 MODI    = 25*0,
 FRZ     =  0.0000000E+00,
 XMMIN   =  -999999.0    ,
 XMMAX   =  -999999.0    ,
 XMIN1D  =  -150.0000    ,
 XMAX1D  =   400.0000    
 /
 &AXEPAR
 IAXLAB  =           1,
 ITREV   =           1,
 ALBHT   =   3.000000    ,
 ORIG    =   12.50000    ,
 SEP     =   100.0000    ,
 XMIN    =  -150.0000    ,
 XMAX    =   400.0000    ,
 XTMIN   =  -150.0000    ,
 XTMAX   =   400.0000    ,
 XMM     =   200.0000    ,
 NTICKX  =          20,
 NDECIX  =           0,
 XMINT   =  -150.0000    ,
 XMAXT   =   400.0000    ,
 XTMINT  =  -150.0000    ,
 XTMAXT  =   400.0000    ,
 XMMT    =   200.0000    ,
 NTCKXT  =          20,
 NDECXT  =           0,
 ZMIN    =  0.0000000E+00,
 ZMAX    =   50.00000    ,
 ZTMIN   =  0.0000000E+00,
 ZTMAX   =   50.00000    ,
 ZMM     =   60.00000    ,
 NTICKZ  =          10,
 NDECIZ  =          -1,
 TMIN    =  0.0000000E+00,
 TMAX    =   8.000000    ,
 TTMIN   =  0.0000000E+00,
 TTMAX   =   8.000000    ,
 TMM     =   80.00000    ,
 NTICKT  =           8,
 NDECIT  =          -1
 /
 &TRAPAR
 ISHOT   =           2, 39*0,
 IRAYSL  =           1,
 IRAYT   = 2400*1,
 ITURN   = 18*0, 12*1,
 ISRCH   =           1,
 ISTOP   =           1,
 IBSMTH  =           0,
 IMODF   =           1,
 XSHOT   =  -138.1860    , 39*0.0000000E+00  ,
 ZSHOT   =  0.1350000    , 39*-9999.000      ,
 RAY     =   1.100000    ,   1.200000    ,   2.100000    ,   2.200000    ,   3.100000    ,   3.200000    ,   4.100000    ,
    4.200000    ,   5.100000    ,   5.200000    ,   6.100000    ,   6.200000    ,   7.100000    ,   7.200000    ,   8.100000    ,
    8.200000    ,   9.100000    ,   9.200000    , 12*0.0000000E+00  ,
 NRAY    = 6*10, 7*0,          20, 4*0, 12*10,
 SPACE   =   1.000000    , 29*0.0000000E+00  ,
 AMIN    =  0.0000000E+00, 2399*181.0000       ,
 AMAX    =   90.00000    , 2399*181.0000       ,
 NSMAX   = 18*25, 12*-1,
 AAMIN   =   5.000000    ,
 AAMAX   =   85.00000    ,
 STOL    =  0.1571429    ,
 XSMAX   =  0.0000000E+00,
 STEP    =  2.0000000E-02,
 SMIN    =  0.1222222    ,
 SMAX    =   36.66667    ,
 NRBND   = 30*0,
 RBND    = 150*0,
 NCBND   = 30*-1,
 CBND    = 150*-99,
 POIS    = 25*-99.00000      ,
 POISB   = 50*0,
 POISL   = 50*0,
 POISBL  = 50*-99.00000      ,
 CRIT    =  1.7453292E-02,
 HWS     =   2.000000    ,
 NPBND   =          40,
 NBSMTH  =           5,
 NHRAY   =          -1,
 FRBND   = 30*0,
 I2PT    =           0,
 N2PT    =          15,
 X2PT    =  0.0000000E+00,
 IFAST   =           1,
 NTAN    =         180
 /
 &INVPAR
 INVR    =           0,
 IVRAY   =           1,           2,           3,           4,           5,           6,           7,           8,           9,
           10,          11,          12,          13,          14,          15,          16,          17,          18,
  12*0,
 XIMAX   =   27.50000    ,
 TTUNC   =  0.1000000    ,
 VELUNC  =  0.1000000    ,
 BNDUNC  =  0.2000000    
 /
