     35.0000  10   1     17.0860      8.5986
     35.0000  10   1     17.1470      8.5920
     35.0000  10   1     17.2080      8.5855
     35.0000  10   1     17.2700      8.5789
     35.0000  10   1     17.3310      8.5724
     35.0000  10   1     17.3930      8.5657
     35.0000  10   1     17.4540      8.5592
     35.0000  10   1     17.5160      8.5526
     35.0000  10   1     17.5780      8.5459
     35.0000  10   1     17.6400      8.5393
     35.0000  10   1     17.7010      8.5328
     35.0000  10   1     17.7630      8.5261
     35.0000  10   1     17.8250      8.5195
     35.0000  10   1     17.8860      8.5130
     35.0000  10   1     17.9500      8.5061
     35.0000  10   1     18.0110      8.4996
     35.0000  10   1     18.0720      8.4930
     35.0000  10   1     18.1360      8.4862
     35.0000  10   1     18.1970      8.4796
     35.0000  10   1     18.2580      8.4731
     35.0000  10   1     18.3200      8.4665
     35.0000  10   1     18.3810      8.4599
     35.0000  10   1     18.4430      8.4533
     35.0000  10   1     18.5040      8.4467
     35.0000  10   1     18.5660      8.4401
     35.0000  10   1     18.6250      8.4338
     35.0000  10   1     18.6860      8.4272
     35.0000  10   1     18.7480      8.4206
     35.0000  10   1     18.8090      8.4141
     35.0000  10   1     18.8710      8.4074
     35.0000  10   1     18.9320      8.4009
     35.0000  10   1     18.9930      8.3943
     35.0000  10   1     19.0540      8.3878
     35.0000  10   1     19.1150      8.3812
     35.0000  10   1     19.1770      8.3746
     35.0000  10   1     19.2370      8.3682
     35.0000  10   1     19.3000      8.3614
     35.0000  10   1     19.3620      8.3548
     35.0000  10   1     19.4220      8.3484
     35.0000  10   1     19.4820      8.3421
     35.0000  10   1     19.5440      8.3355
     35.0000  10   1     19.6050      8.3291
     35.0000  10   1     19.6650      8.3227
     35.0000  10   1     19.7250      8.3164
     35.0000  10   1     19.7870      8.3098
     35.0000  10   1     19.8480      8.3033
     35.0000  10   1     19.9090      8.2969
     35.0000  10   1     19.9700      8.2904
     35.0000  10   1     20.0320      8.2839
     35.0000  10   1     20.0930      8.2774
     35.0000  10   1     20.1540      8.2709
     35.0000  10   1     20.2150      8.2645
     35.0000  10   1     20.2770      8.2579
     35.0000  10   1     20.3380      8.2515
     35.0000  10   1     20.3980      8.2451
     35.0000  10   1     20.4590      8.2387
     35.0000  10   1     20.5200      8.2322
     35.0000  10   1     20.5810      8.2257
     35.0000  10   1     20.6410      8.2194
     35.0000  10   1     20.7010      8.2130
     35.0000  11   2     15.0190      8.8597
     35.0000  11   2     15.0790      8.8544
     35.0000  11   2     15.1400      8.8489
     35.0000  11   2     15.2010      8.8434
     35.0000  11   2     15.2610      8.8380
     35.0000  11   2     15.3210      8.8326
     35.0000  11   2     15.3820      8.8272
     35.0000  11   2     15.4420      8.8218
     35.0000  11   2     15.5030      8.8163
     35.0000  11   2     15.5620      8.8110
     35.0000  11   2     15.6230      8.8055
     35.0000  11   2     15.6830      8.8001
     35.0000  11   2     15.7430      8.7947
     35.0000  11   2     15.8050      8.7891
     35.0000  11   2     15.8650      8.7837
     35.0000  11   2     15.9240      8.7783
     35.0000  11   2     15.9850      8.7728
     35.0000  11   2     16.0470      8.7672
     35.0000  11   2     16.1080      8.7617
     35.0000  11   2     16.1680      8.7563
     35.0000  11   2     16.2300      8.7507
     35.0000  11   2     16.2910      8.7452
     35.0000  11   2     16.3520      8.7397
     35.0000  11   2     16.4150      8.7340
     35.0000  11   2     16.4730      8.7287
     35.0000  11   2     16.5350      8.7231
     35.0000  11   2     16.5970      8.7175
     35.0000  11   2     16.6590      8.7119
     35.0000  11   2     16.7190      8.7065
     35.0000  11   2     16.7810      8.7008
     35.0000  11   2     16.8430      8.6952
     35.0000  11   2     16.9030      8.6898
     35.0000  11   2     16.9640      8.6843
     35.0000  11   2     17.0250      8.6787
     35.0000  11   2     17.0860      8.6732
     35.0000  11   2     17.1470      8.6677
     35.0000  11   2     17.2080      8.6621
     35.0000  11   2     17.2700      8.6565
     35.0000  11   2     17.3310      8.6510
     35.0000  11   2     17.3930      8.6454
     35.0000  11   2     17.4540      8.6398
     35.0000  11   2     17.5160      8.6342
     35.0000  11   2     17.5780      8.6286
     35.0000  11   2     17.6400      8.6230
     35.0000  11   2     17.7010      8.6174
     35.0000  11   2     17.7630      8.6118
     35.0000  11   2     17.8250      8.6062
     35.0000  11   2     17.8860      8.6006
     35.0000  11   2     17.9500      8.5948
     35.0000  11   2     18.0110      8.5893
     35.0000  11   2     18.0720      8.5838
     35.0000  11   2     18.1360      8.5779
     35.0000  11   2     18.1970      8.5724
     35.0000  11   2     18.2580      8.5669
     35.0000  11   2     18.3200      8.5613
     35.0000  11   2     18.3810      8.5559
     35.0000  11   2     18.4430      8.5503
     35.0000  11   2     18.5040      8.5448
     35.0000  11   2     18.5660      8.5392
     35.0000  11   2     18.6250      8.5339
     35.0000  11   2     18.6860      8.5285
     35.0000  11   2     18.7490      8.5228
     35.0000  12   3      9.3330      9.3269
     35.0000  12   3      9.3920      9.3222
     35.0000  12   3      9.4520      9.3173
     35.0000  12   3      9.5100      9.3126
     35.0000  12   3      9.5680      9.3080
     35.0000  12   3      9.6280      9.3031
     35.0000  12   3      9.6880      9.2983
     35.0000  12   3      9.7480      9.2934
     35.0000  12   3      9.8060      9.2888
     35.0000  12   3      9.8680      9.2838
     35.0000  12   3      9.9260      9.2791
     35.0000  12   3      9.9860      9.2743
     35.0000  12   3     10.0460      9.2695
     35.0000  12   3     10.1060      9.2647
     35.0000  12   3     10.1660      9.2599
     35.0000  12   3     10.2260      9.2551
     35.0000  12   3     10.2860      9.2503
     35.0000  12   3     10.3460      9.2455
     35.0000  12   3     10.4060      9.2407
     35.0000  12   3     10.4660      9.2359
     35.0000  12   3     10.5270      9.2311
     35.0000  12   3     10.5870      9.2263
     35.0000  12   3     10.6470      9.2215
     35.0000  12   3     10.7080      9.2166
     35.0000  12   3     10.7670      9.2119
     35.0000  12   3     10.8290      9.2069
     35.0000  12   3     10.8890      9.2021
     35.0000  12   3     10.9490      9.1973
     35.0000  12   3     11.0100      9.1925
     35.0000  12   3     11.0710      9.1876
     35.0000  12   3     11.1310      9.1828
     35.0000  12   3     11.1910      9.1780
     35.0000  12   3     11.2510      9.1732
     35.0000  12   3     11.3110      9.1684
     35.0000  12   3     11.3720      9.1635
     35.0000  12   3     11.4310      9.1588
     35.0000  12   3     11.4890      9.1542
     35.0000  12   3     11.5480      9.1494
     35.0000  12   3     11.6060      9.1448
     35.0000  12   3     11.6650      9.1401
     35.0000  12   3     11.7230      9.1354
     35.0000  12   3     11.7810      9.1308
     35.0000  12   3     11.8400      9.1260
     35.0000  12   3     11.9000      9.1212
     35.0000  12   3     11.9570      9.1167
     35.0000  12   3     12.0160      9.1119
     35.0000  12   3     12.0760      9.1071
     35.0000  12   3     12.1340      9.1024
     35.0000  12   3     12.1930      9.0977
     35.0000  12   3     12.2530      9.0929
     35.0000  12   3     12.3130      9.0881
     35.0000  12   3     12.3710      9.0834
     35.0000  12   3     12.4310      9.0786
     35.0000  12   3     12.4900      9.0738
     35.0000  12   3     12.5490      9.0691
     35.0000  12   3     12.6090      9.0642
     35.0000  12   3     12.6680      9.0595
     35.0000  12   3     12.7280      9.0547
     35.0000  12   3     12.7890      9.0498
     35.0000  12   3     12.8480      9.0450
     35.0000  12   3     12.9080      9.0402
     35.0000  12   3     12.9680      9.0353
     35.0000  12   3     13.0270      9.0306
     35.0000  12   3     13.0860      9.0258
     35.0000  12   3     13.1460      9.0210
     35.0000  12   3     13.2060      9.0161
     35.0000  12   3     13.2660      9.0113
     35.0000  12   3     13.3270      9.0064
     35.0000  12   3     13.3880      9.0014
     35.0000  12   3     13.4480      8.9966
     35.0000  12   3     13.5080      8.9917
     35.0000  12   3     13.5680      8.9868
     35.0000  12   3     13.6280      8.9820
     35.0000  12   3     13.6890      8.9770
     35.0000  12   3     13.7480      8.9723
     35.0000  12   3     13.8080      8.9674
     35.0000  12   3     13.8690      8.9624
     35.0000  12   3     13.9290      8.9576
     35.0000  12   3     13.9890      8.9527
     35.0000  12   3     14.0500      8.9477
     35.0000  12   3     14.1110      8.9428
     35.0000  12   3     14.1700      8.9380
     35.0000  12   3     14.2310      8.9330
     35.0000  12   3     14.2910      8.9281
     35.0000  12   3     14.3510      8.9233
     35.0000  12   3     14.4110      8.9184
     35.0000  12   3     14.4710      8.9135
     35.0000  12   3     14.5320      8.9085
     35.0000  12   3     14.5930      8.9036
     35.0000  12   3     14.6530      8.8986
     35.0000  12   3     14.7140      8.8936
     35.0000  12   3     14.7750      8.8886
     35.0000  12   3     14.8360      8.8836
     35.0000  12   3     14.8970      8.8785
     35.0000  12   3     14.9570      8.8736
     35.0000  13   4      6.9970      8.6891
     35.0000  13   4      6.9990      8.6891
     35.0000  13   4      7.0580      8.6886
     35.0000  13   4      7.1150      8.6880
     35.0000  13   4      7.1750      8.6875
     35.0000  13   4      7.2310      8.6869
     35.0000  13   4      7.2900      8.6864
     35.0000  13   4      7.3490      8.6858
     35.0000  13   4      7.4100      8.6853
     35.0000  13   4      7.4690      8.6847
     35.0000  13   4      7.5270      8.6842
     35.0000  13   4      7.5850      8.6837
     35.0000  13   4      7.6450      8.6831
     35.0000  13   4      7.7040      8.6825
     35.0000  13   4      7.7610      8.6820
     35.0000  13   4      7.8210      8.6815
     35.0000  13   4      7.8800      8.6809
     35.0000  13   4      7.9360      8.6804
     35.0000  13   4      7.9930      8.6799
     35.0000  13   4      8.0520      8.6793
     35.0000  13   4      8.1100      8.6788
     35.0000  13   4      8.1660      8.6783
     35.0000  13   4      8.2250      8.6777
     35.0000  13   4      8.2830      8.6772
     35.0000  13   4      8.3410      8.6766
     35.0000  13   4      8.3970      8.6761
     35.0000  13   4      8.4570      8.6755
     35.0000  13   4      8.5140      8.6750
     35.0000  13   4      8.5730      8.6745
     35.0000  13   4      8.6320      8.6739
     35.0000  13   4      8.6880      8.6734
     35.0000  13   4      8.7470      8.6728
     35.0000  13   4      8.8060      8.6723
     35.0000  13   4      8.8650      8.6717
     35.0000  13   4      8.9220      8.6712
     35.0000  13   4      8.9810      8.6706
     35.0000  13   4      9.0380      8.6701
     35.0000  13   4      9.0970      8.6695
     35.0000  13   4      9.1570      8.6690
     35.0000  13   4      9.2120      8.6685
     35.0000  13   4      9.2730      8.6679
     35.0000  13   4      9.3330      8.6673
     35.0000  13   4      9.3920      8.6668
     35.0000  13   4      9.4520      8.6662
     35.0000  13   4      9.5100      8.6656
     35.0000  13   4      9.5680      8.6651
     35.0000  13   4      9.6280      8.6645
     35.0000  13   4      9.6880      8.6640
     35.0000  13   4      9.7480      8.6634
     35.0000  13   4      9.8060      8.6628
     35.0000  13   4      9.8680      8.6623
     35.0000  13   4      9.9260      8.6617
     35.0000  13   4      9.9860      8.6611
     35.0000  13   4     10.0460      8.6606
     35.0000  13   4     10.1060      8.6600
     35.0000  13   4     10.1660      8.6594
     35.0000  13   4     10.2260      8.6588
     35.0000  13   4     10.2860      8.6583
     35.0000  13   4     10.3460      8.6577
     35.0000  13   4     10.4060      8.6571
     35.0000  13   4     10.4660      8.6565
     35.0000  13   4     10.5270      8.6559
     35.0000  13   4     10.5870      8.6554
     35.0000  13   4     10.6470      8.6548
     35.0000  13   4     10.7080      8.6542
     35.0000  13   4     10.7670      8.6536
     35.0000  13   4     10.8290      8.6530
     35.0000  13   4     10.8890      8.6525
     35.0000  13   4     10.9490      8.6519
     35.0000  13   4     11.0100      8.6512
     35.0000  13   4     11.0710      8.6506
     35.0000  13   4     11.1310      8.6500
     35.0000  13   4     11.1910      8.6494
     35.0000  13   4     11.2510      8.6488
     35.0000  13   4     11.3110      8.6482
     35.0000  13   4     11.3720      8.6475
     35.0000  13   4     11.4310      8.6469
     35.0000  13   4     11.4890      8.6463
     35.0000  13   4     11.5480      8.6457
     35.0000  13   4     11.6060      8.6451
     35.0000  13   4     11.6650      8.6445
     35.0000  13   4     11.7230      8.6439
     35.0000  13   4     11.7810      8.6433
     35.0000  13   4     11.8400      8.6427
     35.0000  13   4     11.9000      8.6421
     35.0000  13   4     11.9570      8.6415
     35.0000  13   4     12.0160      8.6409
     35.0000  13   4     12.0760      8.6403
     35.0000  13   4     12.1340      8.6397
     35.0000  13   4     12.1930      8.6391
     35.0000  13   4     12.2530      8.6385
     35.0000  13   4     12.3130      8.6379
     35.0000  13   4     12.3710      8.6373
     35.0000  13   4     12.4310      8.6367
     35.0000  13   4     12.4900      8.6361
     35.0000  13   4     12.5490      8.6355
     35.0000  13   4     12.6090      8.6349
     35.0000  13   4     12.6680      8.6342
     35.0000  13   4     12.7280      8.6336
     35.0000  13   4     12.7890      8.6330
     35.0000  13   4     12.8480      8.6324
     35.0000  13   4     12.9080      8.6318
     35.0000  13   4     12.9680      8.6312
     35.0000  13   4     13.0270      8.6306
     35.0000  13   4     13.0860      8.6300
     35.0000  13   4     13.1460      8.6293
     35.0000  13   4     13.2060      8.6288
     35.0000  13   4     13.2660      8.6282
     35.0000  13   4     13.3270      8.6277
     35.0000  13   4     13.3880      8.6272
     35.0000  13   4     13.4480      8.6267
     35.0000  13   4     13.5080      8.6263
     35.0000  13   4     13.5680      8.6258
     35.0000  13   4     13.6280      8.6253
     35.0000  13   4     13.6890      8.6249
     35.0000  13   4     13.7480      8.6244
     35.0000  13   4     13.8080      8.6240
     35.0000  13   4     13.8690      8.6235
     35.0000  13   4     13.9290      8.6230
     35.0000  13   4     13.9890      8.6226
     35.0000  13   4     14.0500      8.6221
     35.0000  13   4     14.1110      8.6216
     35.0000  13   4     14.1700      8.6212
     35.0000  13   4     14.2310      8.6207
     35.0000  13   4     14.2910      8.6203
     35.0000  13   4     14.3510      8.6198
     35.0000  13   4     14.4110      8.6194
     35.0000  13   4     14.4710      8.6189
     35.0000  13   4     14.5320      8.6185
     35.0000  13   4     14.5930      8.6180
     35.0000  13   4     14.6530      8.6176
     35.0000  13   4     14.7140      8.6171
     35.0000  13   4     14.7750      8.6167
     35.0000  13   4     14.8360      8.6162
     35.0000  13   4     14.8970      8.6158
     35.0000  13   4     14.9570      8.6154
     35.0000  13   4     15.0190      8.6149
     35.0000  13   4     15.0790      8.6145
     35.0000  13   4     15.1400      8.6141
     35.0000  13   4     15.2010      8.6136
     35.0000  13   4     15.2610      8.6132
     35.0000  13   4     15.3210      8.6128
     35.0000  13   4     15.3820      8.6123
     35.0000  13   4     15.4420      8.6119
     35.0000  13   4     15.5030      8.6115
     35.0000  13   4     15.5620      8.6111
     35.0000  13   4     15.6230      8.6106
     35.0000  13   4     15.6830      8.6102
     35.0000  13   4     15.7430      8.6098
     35.0000  13   4     15.8050      8.6094
     35.0000  13   4     15.8650      8.6089
     35.0000  13   4     15.9240      8.6085
     35.0000  13   4     15.9850      8.6081
     35.0000  13   4     16.0470      8.6076
     35.0000  13   4     16.1080      8.6072
     35.0000  13   4     16.1680      8.6068
     35.0000  13   4     16.2300      8.6063
     35.0000  13   4     16.2910      8.6059
     35.0000  13   4     16.3520      8.6055
     35.0000  13   4     16.4150      8.6050
     35.0000  13   4     16.4730      8.6046
     35.0000  13   4     16.5350      8.6042
     35.0000  13   4     16.5970      8.6037
     35.0000  13   4     16.6590      8.6033
     35.0000  13   4     16.7190      8.6029
     35.0000  13   4     16.7810      8.6024
     35.0000  13   4     16.8430      8.6020
     35.0000  14   5      0.6320      9.0851
     35.0000  14   5      0.6560      9.0855
     35.0000  14   5      0.7140      9.0865
     35.0000  14   5      0.7660      9.0873
     35.0000  14   5      0.8270      9.0883
     35.0000  14   5      0.8830      9.0892
     35.0000  14   5      0.9400      9.0901
     35.0000  14   5      0.9980      9.0910
     35.0000  14   5      1.0540      9.0919
     35.0000  14   5      1.1120      9.0929
     35.0000  14   5      1.1700      9.0938
     35.0000  14   5      1.2280      9.0947
     35.0000  14   5      1.2830      9.0956
     35.0000  14   5      1.3420      9.0965
     35.0000  14   5      1.3980      9.0974
     35.0000  14   5      1.4540      9.0983
     35.0000  14   5      1.5130      9.0993
     35.0000  14   5      1.5700      9.1002
     35.0000  14   5      1.6270      9.1011
     35.0000  14   5      1.6870      9.1021
     35.0000  14   5      1.7430      9.1030
     35.0000  14   5      1.7980      9.1038
     35.0000  14   5      1.8600      9.1048
     35.0000  14   5      1.9140      9.1057
     35.0000  14   5      1.9710      9.1066
     35.0000  14   5      2.0320      9.1076
     35.0000  14   5      2.0880      9.1084
     35.0000  14   5      2.1460      9.1093
     35.0000  14   5      2.2030      9.1102
     35.0000  14   5      2.2610      9.1111
     35.0000  14   5      2.3190      9.1121
     35.0000  14   5      2.3760      9.1129
     35.0000  14   5      2.4340      9.1138
     35.0000  14   5      2.4900      9.1147
     35.0000  14   5      2.5500      9.1157
     35.0000  14   5      2.6070      9.1165
     35.0000  14   5      2.6660      9.1175
     35.0000  14   5      2.7230      9.1184
     35.0000  14   5      2.7830      9.1193
     35.0000  14   5      2.8380      9.1201
     35.0000  14   5      2.8970      9.1211
     35.0000  14   5      2.9530      9.1219
     35.0000  14   5      3.0100      9.1228
     35.0000  14   5      3.0680      9.1237
     35.0000  14   5      3.1260      9.1246
     35.0000  14   5      3.1830      9.1255
     35.0000  14   5      3.2400      9.1264
     35.0000  14   5      3.2990      9.1273
     35.0000  14   5      3.3570      9.1282
     35.0000  14   5      3.4170      9.1292
     35.0000  14   5      3.4740      9.1301
     35.0000  14   5      3.5310      9.1310
     35.0000  14   5      3.5890      9.1319
     35.0000  14   5      3.6470      9.1328
     35.0000  14   5      3.7050      9.1337
     35.0000  14   5      3.7640      9.1346
     35.0000  14   5      3.8190      9.1355
     35.0000  14   5      3.8790      9.1364
     35.0000  14   5      3.9370      9.1373
     35.0000  14   5      3.9930      9.1382
     35.0000  14   5      4.0510      9.1391
     35.0000  14   5      4.1080      9.1400
     35.0000  14   5      4.1670      9.1410
     35.0000  14   5      4.2240      9.1419
     35.0000  14   5      4.2820      9.1428
     35.0000  14   5      4.3380      9.1437
     35.0000  14   5      4.3970      9.1446
     35.0000  14   5      4.4510      9.1455
     35.0000  14   5      4.5070      9.1464
     35.0000  14   5      4.5640      9.1473
     35.0000  14   5      4.6220      9.1482
     35.0000  14   5      4.6780      9.1491
     35.0000  14   5      4.7310      9.1500
     35.0000  14   5      4.7880      9.1509
     35.0000  14   5      4.8420      9.1517
     35.0000  14   5      4.8950      9.1526
     35.0000  14   5      4.9480      9.1534
     35.0000  14   5      5.0000      9.1542
     35.0000  14   5      5.0540      9.1551
     35.0000  14   5      5.1110      9.1560
     35.0000  14   5      5.1660      9.1569
     35.0000  14   5      5.2220      9.1578
     35.0000  14   5      5.2780      9.1586
     35.0000  14   5      5.3340      9.1595
     35.0000  14   5      5.3890      9.1604
     35.0000  14   5      5.4430      9.1613
     35.0000  14   5      5.5000      9.1622
     35.0000  14   5      5.5550      9.1630
     35.0000  14   5      5.6100      9.1639
     35.0000  14   5      5.6630      9.1647
     35.0000  14   5      5.7170      9.1656
     35.0000  14   5      5.7710      9.1665
     35.0000  14   5      5.8250      9.1673
     35.0000  14   5      5.8810      9.1682
     35.0000  14   5      5.9320      9.1690
