    35.00000    -1.00000     0.00000         0   0.0
    17.08583    11.15776     0.01000         1  11.1
    17.14711    11.14245     0.01000         1  11.1
    17.20780    11.12729     0.01000         1  10.1
    17.26986    11.11178     0.01000         1  10.1
    17.33023    11.09670     0.01000         1  10.1
    17.39297    11.08103     0.01000         1  10.1
    17.45355    11.06588     0.01000         1  10.1
    17.51588    11.05031     0.01000         1  10.1
    17.57832    11.03471     0.01000         1  10.1
    17.64011    11.01927     0.01000         1  10.1
    17.70123    11.00399     0.01000         1  10.1
    17.76256    10.98866     0.01000         1  10.1
    17.82514    10.97302     0.01000         1  10.1
    17.88616    10.95777     0.01000         1  10.1
    17.94926    10.94200     0.01000         1  10.1
    18.01137    10.92647     0.01000         1  10.1
    18.07043    10.91171     0.01000         1  10.1
    18.13605    10.89531     0.01000         1  10.1
    18.19582    10.88037     0.01000         1  10.1
    18.25806    10.86481     0.01000         1  10.1
    18.32000    10.84933     0.01000         1  10.1
    18.38009    10.83430     0.01000         1  10.1
    18.44228    10.81876     0.01000         1  10.1
    18.50419    10.80327     0.01000         1  10.1
    18.56651    10.78769     0.01000         1  10.1
    18.62367    10.77340     0.01000         1  10.1
    18.68684    10.75760     0.01000         1  10.1
    18.74738    10.74247     0.01000         1  10.1
    18.80969    10.72689     0.01000         1  10.1
    18.87047    10.71169     0.01000         1  10.1
    18.93125    10.69649     0.01000         1  10.1
    18.99312    10.68101     0.01000         1  10.1
    19.05525    10.66548     0.01000         1  10.1
    19.11507    10.65051     0.01000         1  10.1
    19.17720    10.63498     0.01000         1  10.1
    19.23799    10.61977     0.01000         1  10.1
    19.29224    10.60620     0.01000         1  10.1
    19.36704    10.58751     0.01000         1  10.1
    19.42232    10.57376     0.01000         1  10.1
    19.48195    10.55894     0.01000         1  10.1
    19.54649    10.54288     0.01000         1  10.1
    19.60467    10.52842     0.01000         1  10.1
    19.66570    10.51324     0.01000         1  10.1
    19.72527    10.49843     0.01000         1  10.1
    19.78881    10.48263     0.01000         1  10.1
    19.84847    10.46779     0.01000         1  10.1
    19.91070    10.45231     0.01000         1  10.1
    19.97040    10.43747     0.01000         1  10.1
    20.03603    10.42114     0.01000         1  10.1
    20.09028    10.40766     0.01000         1  10.1
    20.15428    10.39174     0.01000         1  10.1
    20.21614    10.37636     0.01000         1  10.1
    20.28049    10.36035     0.01000         1  10.1
    20.33810    10.34602     0.01000         1  10.1
    20.39858    10.33097     0.01000         1  10.1
    20.45959    10.31579     0.01000         1  10.1
    20.52076    10.30058     0.01000         1  10.1
    20.58158    10.28545     0.01000         1  10.1
    20.64131    10.27059     0.01000         1  10.1
    20.70032    10.25591     0.01000         1  10.1
    15.01651    11.71475     0.01000         2  11.1
    15.08418    11.69901     0.01000         2  11.1
    15.13027    11.68829     0.01000         2  10.1
    15.20001    11.67208     0.01000         2  10.1
    15.25765    11.65867     0.01000         2  10.1
    15.31939    11.64430     0.01000         2  10.1
    15.37867    11.63050     0.01000         2  10.1
    15.44107    11.61597     0.01000         2  10.1
    15.50066    11.60210     0.01000         2  10.1
    15.55870    11.58859     0.01000         2  10.1
    15.63103    11.57174     0.01000         2  10.1
    15.68859    11.55833     0.01000         2  10.1
    15.74129    11.54606     0.01000         2  10.1
    15.80476    11.53126     0.01000         2  10.1
    15.86479    11.51727     0.01000         2  10.1
    15.92074    11.50424     0.01000         2  10.1
    15.98448    11.48938     0.01000         2  10.1
    16.04439    11.47542     0.01000         2  10.1
    16.10692    11.46083     0.01000         2  10.1
    16.16668    11.44690     0.01000         2  10.1
    16.22674    11.43290     0.01000         2  10.1
    16.28967    11.41822     0.01000         2  10.1
    16.35037    11.40406     0.01000         2  10.1
    16.41776    11.38834     0.01000         2  10.1
    16.47839    11.37419     0.01000         2  10.1
    16.54011    11.35979     0.01000         2  10.1
    16.60701    11.34417     0.01000         2  10.1
    16.65900    11.33204     0.01000         2  10.1
    16.71774    11.31832     0.01000         2  10.1
    16.78093    11.30357     0.01000         2  10.1
    16.84212    11.28929     0.01000         2  10.1
    16.90057    11.27564     0.01000         2  10.1
    16.96361    11.26092     0.01000         2  10.1
    17.02443    11.24672     0.01000         2  10.1
    17.08463    11.23267     0.01000         2  10.1
    17.14695    11.21811     0.01000         2  10.1
    17.20753    11.20397     0.01000         2  10.1
    17.26717    11.19004     0.01000         2  10.1
    17.33045    11.17526     0.01000         2  10.1
    17.39089    11.16114     0.01000         2  10.1
    17.45335    11.14655     0.01000         2  10.1
    17.51562    11.13200     0.01000         2  10.1
    17.57708    11.11765     0.01000         2  10.1
    17.63830    11.10335     0.01000         2  10.1
    17.70057    11.08881     0.01000         2  10.1
    17.76261    11.07431     0.01000         2  10.1
    17.82353    11.06009     0.01000         2  10.1
    17.88622    11.04544     0.01000         2  10.1
    17.95016    11.03050     0.01000         2  10.1
    18.01372    11.01565     0.01000         2  10.1
    18.07302    11.00180     0.01000         2  10.1
    18.11781    10.99134     0.01000         2  10.1
    18.29024    10.95111     0.01000         2  10.1
    18.31989    10.94422     0.01000         2  10.1
    18.37446    10.93152     0.01000         2  10.1
    18.44317    10.91553     0.01000         2  10.1
    18.50407    10.90136     0.01000         2  10.1
    18.56693    10.88673     0.01000         2  10.1
    18.62512    10.87320     0.01000         2  10.1
    18.68104    10.86018     0.01000         2  10.1
    18.74963    10.84422     0.01000         2  11.1
     9.33317    12.99358     0.01000         3  11.1
     9.39313    12.98019     0.01000         3  11.1
     9.45654    12.96602     0.01000         3  10.1
     9.51354    12.95328     0.01000         3  10.1
     9.55055    12.94501     0.01000         3  10.1
     9.61910    12.92969     0.01000         3  10.1
     9.67334    12.91756     0.01000         3  10.1
     9.74794    12.90089     0.01000         3  10.1
     9.75158    12.90008     0.01000         3  10.1
     9.94965    12.85582     0.01000         3  10.1
     9.99140    12.84652     0.01000         3  10.1
    10.04149    12.83536     0.01000         3  10.1
    10.11408    12.81917     0.01000         3  10.1
    10.15881    12.80920     0.01000         3  10.1
    10.23033    12.79326     0.01000         3  10.1
    10.28126    12.78193     0.01000         3  10.1
    10.34398    12.76796     0.01000         3  10.1
    10.41625    12.75186     0.01000         3  10.1
    10.46094    12.74191     0.01000         3  10.1
    10.52153    12.72842     0.01000         3  10.1
    10.58813    12.71358     0.01000         3  10.1
    10.65554    12.69857     0.01000         3  10.1
    10.70062    12.68854     0.01000         3  10.1
    10.76669    12.67383     0.01000         3  10.1
    10.82865    12.66002     0.01000         3  10.1
    10.90128    12.64384     0.01000         3  10.1
    10.94725    12.63359     0.01000         3  10.1
    11.00792    12.62008     0.01000         3  10.1
    11.07378    12.60541     0.01000         3  10.1
    11.13240    12.59235     0.01000         3  10.1
    11.18251    12.58118     0.01000         3  10.1
    11.24766    12.56666     0.01000         3  10.1
    11.30634    12.55359     0.01000         3  10.1
    11.37157    12.53905     0.01000         3  10.1
    11.45398    12.52067     0.01000         3  10.1
    11.49604    12.51130     0.01000         3  10.1
    11.53749    12.50206     0.01000         3  10.1
    11.61145    12.48557     0.01000         3  10.1
    11.65903    12.47497     0.01000         3  10.1
    11.73387    12.45828     0.01000         3  10.1
    11.77913    12.44819     0.01000         3  10.1
    11.84014    12.43458     0.01000         3  10.1
    11.90012    12.42119     0.01000         3  10.1
    11.95180    12.40967     0.01000         3  10.1
    12.01469    12.39563     0.01000         3  10.1
    12.07624    12.38190     0.01000         3  10.1
    12.13638    12.36848     0.01000         3  10.1
    12.19117    12.35625     0.01000         3  10.1
    12.25156    12.34277     0.01000         3  10.1
    12.32101    12.32727     0.01000         3  10.1
    12.37326    12.31560     0.01000         3  10.1
    12.42190    12.30474     0.01000         3  10.1
    12.48763    12.29006     0.01000         3  10.1
    12.54766    12.27666     0.01000         3  10.1
    12.60716    12.26337     0.01000         3  10.1
    12.67139    12.24903     0.01000         3  10.1
    12.73751    12.23426     0.01000         3  10.1
    12.78488    12.22367     0.01000         3  10.1
    12.84627    12.20995     0.01000         3  10.1
    12.90448    12.19695     0.01000         3  10.1
    12.97281    12.18168     0.01000         3  11.1
    13.02201    12.17068     0.01000         3  11.1
    13.08231    12.15720     0.01000         3  11.1
    13.14310    12.14362     0.01000         3  11.1
    13.19692    12.13158     0.01000         3  11.1
    13.28472    12.11195     0.01000         3  11.1
    13.33175    12.10143     0.01000         3  11.1
    13.38833    12.08878     0.01000         3  11.1
    13.44666    12.07573     0.01000         3  11.1
    13.50455    12.06277     0.01000         3  11.1
    13.58480    12.04480     0.01000         3  11.1
    13.62882    12.03495     0.01000         3  11.1
    13.69040    12.02116     0.01000         3  11.1
    13.74814    12.00824     0.01000         3  11.1
    13.80321    11.99589     0.01000         3  11.1
    13.86504    11.98205     0.01000         3  11.1
    13.92700    11.96817     0.01000         3  11.1
    13.99727    11.95241     0.01000         3  11.1
    14.05123    11.94032     0.01000         3  11.1
    14.11115    11.92689     0.01000         3  11.1
    14.16991    11.91372     0.01000         3  11.1
    14.22627    11.90110     0.01000         3  11.1
    14.31330    11.88157     0.01000         3  11.1
    14.33214    11.87735     0.01000         3  11.1
    14.41041    11.85979     0.01000         3  11.1
    14.46855    11.84676     0.01000         3  11.1
    14.52818    11.83338     0.01000         3  11.1
    14.59191    11.81912     0.01000         3  11.1
    14.65628    11.80462     0.01000         3  11.1
    14.72991    11.78804     0.01000         3  11.1
    14.75964    11.78135     0.01000         3  11.1
    14.82242    11.76720     0.01000         3  11.1
    14.90252    11.74916     0.01000         3  11.1
    14.95504    11.73734     0.01000         3  11.1
     6.99426    12.68996     0.01000         4  12.1
     6.99635    12.68965     0.01000         4  12.1
     7.05696    12.68043     0.01000         4  10.1
     7.11601    12.67144     0.01000         4  10.1
     7.17665    12.66221     0.01000         4  10.1
     7.22806    12.65439     0.01000         4  10.1
     7.28838    12.64521     0.01000         4  10.1
     7.35023    12.63580     0.01000         4  10.1
     7.40982    12.62674     0.01000         4  10.1
     7.46857    12.61780     0.01000         4  10.1
     7.52491    12.60923     0.01000         4  10.1
     7.58750    12.59970     0.01000         4  10.1
     7.64581    12.59083     0.01000         4  10.1
     7.70391    12.58199     0.01000         4  10.1
     7.75850    12.57368     0.01000         4  10.1
     7.81957    12.56439     0.01000         4  10.1
     7.87842    12.55544     0.01000         4  10.1
     7.93740    12.54646     0.01000         4  10.1
     7.99237    12.53810     0.01000         4  10.1
     8.05541    12.52851     0.01000         4  10.1
     8.10987    12.52022     0.01000         4  10.1
     8.16508    12.51182     0.01000         4  10.1
     8.22329    12.50296     0.01000         4  10.1
     8.28745    12.49319     0.01000         4  10.1
     8.33874    12.48539     0.01000         4  10.1
     8.39605    12.47667     0.01000         4  10.1
     8.46182    12.46666     0.01000         4  10.1
     8.51340    12.45881     0.01000         4  10.1
     8.57229    12.44985     0.01000         4  10.1
     8.63120    12.44088     0.01000         4  10.1
     8.68891    12.43209     0.01000         4  10.1
     8.74664    12.42330     0.01000         4  10.1
     8.80652    12.41419     0.01000         4  10.1
     8.86559    12.40520     0.01000         4  10.1
     8.92398    12.39631     0.01000         4  10.1
     8.98139    12.38757     0.01000         4  10.1
     9.03534    12.37936     0.01000         4  10.1
     9.10072    12.36940     0.01000         4  10.1
     9.15622    12.36096     0.01000         4  10.1
     9.21519    12.35197     0.01000         4  10.1
     9.27137    12.34342     0.01000         4  10.1
     9.33590    12.33359     0.01000         4  10.1
     9.39266    12.32496     0.01000         4  10.1
     9.45245    12.31585     0.01000         4  10.1
     9.51037    12.30702     0.01000         4  10.1
     9.56576    12.29859     0.01000         4  10.1
     9.62569    12.28946     0.01000         4  10.1
     9.68717    12.28009     0.01000         4  10.1
     9.74679    12.27101     0.01000         4  10.1
     9.80535    12.26209     0.01000         4  10.1
     9.86549    12.25293     0.01000         4  10.1
     9.92648    12.24364     0.01000         4  10.1
     9.98462    12.23477     0.01000         4  10.1
    10.04489    12.22558     0.01000         4  10.1
    10.10656    12.21619     0.01000         4  10.1
    10.16543    12.20721     0.01000         4  10.1
    10.22483    12.19815     0.01000         4  10.1
    10.28593    12.18883     0.01000         4  10.1
    10.34645    12.17961     0.01000         4  10.1
    10.40552    12.17060     0.01000         4  10.1
    10.46550    12.16146     0.01000         4  11.1
    10.52697    12.15209     0.01000         4  11.1
    10.58848    12.14271     0.01000         4  11.1
    10.64633    12.13389     0.01000         4  11.1
    10.70576    12.12482     0.01000         4  11.1
    10.76721    12.11546     0.01000         4  11.1
    10.82655    12.10642     0.01000         4  11.1
    10.88889    12.09690     0.01000         4  11.1
    10.94620    12.08815     0.01000         4  11.1
    11.00550    12.07908     0.01000         4  11.1
    11.07128    12.06901     0.01000         4  11.1
    11.13368    12.05945     0.01000         4  11.1
    11.19286    12.05039     0.01000         4  11.1
    11.25000    12.04164     0.01000         4  11.1
    11.31092    12.03232     0.01000         4  11.1
    11.37323    12.02278     0.01000         4  11.1
    11.42748    12.01447     0.01000         4  11.1
    11.49035    12.00485     0.01000         4  11.1
    11.54762    11.99607     0.01000         4  11.1
    11.61063    11.98643     0.01000         4  11.1
    11.66401    11.97826     0.01000         4  11.1
    11.72207    11.96937     0.01000         4  11.1
    11.78040    11.96043     0.01000         4  11.1
    11.83813    11.95159     0.01000         4  11.1
    11.90122    11.94193     0.01000         4  11.1
    11.95724    11.93336     0.01000         4  11.1
    12.01339    11.92476     0.01000         4  11.1
    12.07442    11.91542     0.01000         4  11.1
    12.13187    11.90662     0.01000         4  11.1
    12.19222    11.89738     0.01000         4  11.1
    12.25406    11.88791     0.01000         4  11.1
    12.31095    11.87920     0.01000         4  11.1
    12.37250    11.86977     0.01000         4  11.1
    12.43016    11.86096     0.01000         4  11.1
    12.49431    11.85113     0.01000         4  11.1
    12.55104    11.84244     0.01000         4  11.1
    12.60759    11.83379     0.01000         4  11.1
    12.66945    11.82431     0.01000         4  11.1
    12.73050    11.81496     0.01000         4  11.1
    12.79140    11.80564     0.01000         4  11.1
    12.84713    11.79711     0.01000         4  11.1
    12.90862    11.78769     0.01000         4  11.1
    12.96782    11.77863     0.01000         4  11.1
    13.02638    11.76966     0.01000         4  11.1
    13.08619    11.76050     0.01000         4  11.1
    13.14552    11.75141     0.01000         4  11.1
    13.17298    11.74721     0.01000         4  11.1
    13.29773    11.72824     0.01000         4  11.1
    13.32758    11.72374     0.01000         4  11.1
    13.38694    11.71480     0.01000         4  11.1
    13.44766    11.70564     0.01000         4  11.1
    13.50580    11.69689     0.01000         4  11.1
    13.56418    11.68810     0.01000         4  11.1
    13.63001    11.67818     0.01000         4  11.1
    13.69352    11.66862     0.01000         4  11.1
    13.74394    11.66102     0.01000         4  11.1
    13.80892    11.65124     0.01000         4  11.1
    13.86684    11.64253     0.01000         4  11.1
    13.93117    11.63284     0.01000         4  11.1
    13.98617    11.62457     0.01000         4  11.1
    14.04922    11.61508     0.01000         4  11.1
    14.11443    11.60527     0.01000         4  12.1
    14.16905    11.59705     0.01000         4  12.1
    14.23103    11.58773     0.01000         4  12.1
    14.29339    11.57835     0.01000         4  12.1
    14.34940    11.56992     0.01000         4  12.1
    14.40966    11.56086     0.01000         4  12.1
    14.46984    11.55181     0.01000         4  12.1
    14.53267    11.54237     0.01000         4  12.1
    14.59460    11.53305     0.01000         4  12.1
    14.65193    11.52443     0.01000         4  12.1
    14.71271    11.51530     0.01000         4  12.1
    14.77653    11.50571     0.01000         4  12.1
    14.83365    11.49714     0.01000         4  12.1
    14.89945    11.48727     0.01000         4  12.1
    14.95847    11.47842     0.01000         4  12.1
    15.02054    11.46911     0.01000         4  12.1
    15.08567    11.45935     0.01000         4  12.1
    15.13795    11.45150     0.01000         4  12.1
    15.20538    11.44140     0.01000         4  12.1
    15.25529    11.43392     0.01000         4  12.1
    15.32397    11.42362     0.01000         4  12.1
    15.38488    11.41449     0.01000         4  12.1
    15.44387    11.40564     0.01000         4  12.1
    15.50189    11.39694     0.01000         4  12.1
    15.56421    11.38759     0.01000         4  12.1
    15.62047    11.37916     0.01000         4  12.1
    15.68319    11.36975     0.01000         4  12.1
    15.74579    11.36037     0.01000         4  12.1
    15.80094    11.35210     0.01000         4  12.1
    15.86595    11.34235     0.01000         4  12.1
    15.92622    11.33332     0.01000         4  12.1
    15.98343    11.32473     0.01000         4  12.1
    16.04875    11.31494     0.01000         4  12.1
    16.10760    11.30612     0.01000         4  12.1
    16.16254    11.29788     0.01000         4  12.1
    16.22977    11.28781     0.01000         4  12.1
    16.29185    11.27849     0.01000         4  12.1
    16.35015    11.26975     0.01000         4  12.1
    16.41817    11.25955     0.01000         4  12.1
    16.48185    11.25000     0.01000         4  12.1
    16.53356    11.24226     0.01000         4  12.1
    16.59477    11.23307     0.01000         4  12.1
    16.65353    11.22426     0.01000         4  12.1
    16.72019    11.21426     0.01000         4  12.1
    16.78148    11.20508     0.01000         4  12.1
    16.84124    11.19611     0.01000         4  12.1
     0.63297    13.99474     0.01000         5  11.1
     0.65613    13.99182     0.01000         5  11.1
     0.71327    13.98459     0.01000         5  10.1
     0.76620    13.97787     0.01000         5  10.1
     0.82618    13.97027     0.01000         5  10.1
     0.88426    13.96290     0.01000         5  10.1
     0.93921    13.95593     0.01000         5  10.1
     0.99206    13.94923     0.01000         5  10.1
     1.05896    13.94074     0.01000         5  10.1
     1.11148    13.93408     0.01000         5  10.1
     1.17074    13.92656     0.01000         5  10.1
     1.23312    13.91865     0.01000         5  10.1
     1.28274    13.91235     0.01000         5  10.1
     1.34053    13.90502     0.01000         5  10.1
     1.39951    13.89753     0.01000         5  10.1
     1.45493    13.89051     0.01000         5  10.1
     1.51190    13.88328     0.01000         5  10.1
     1.56938    13.87599     0.01000         5  10.1
     1.62736    13.86863     0.01000         5  10.1
     1.68660    13.86111     0.01000         5  10.1
     1.73993    13.85434     0.01000         5  10.1
     1.79858    13.84690     0.01000         5  10.1
     1.86036    13.83906     0.01000         5  10.1
     1.91355    13.83231     0.01000         5  10.1
     1.97070    13.82505     0.01000         5  10.1
     2.03079    13.81742     0.01000         5  10.1
     2.08934    13.80998     0.01000         5  10.1
     2.15247    13.80195     0.01000         5  10.1
     2.20237    13.79561     0.01000         5  10.1
     2.26037    13.78822     0.01000         5  10.1
     2.31976    13.78067     0.01000         5  10.1
     2.37588    13.77353     0.01000         5  10.1
     2.43406    13.76613     0.01000         5  10.1
     2.48944    13.75908     0.01000         5  10.1
     2.55017    13.75136     0.01000         5  10.1
     2.60561    13.74429     0.01000         5  10.1
     2.66478    13.73676     0.01000         5  10.1
     2.72256    13.72942     0.01000         5  10.1
     2.78197    13.72185     0.01000         5  10.1
     2.83616    13.71496     0.01000         5  10.1
     2.89780    13.70711     0.01000         5  10.1
     2.95378    13.69999     0.01000         5  10.1
     3.00982    13.69285     0.01000         5  10.1
     3.06132    13.68630     0.01000         5  10.1
     3.12536    13.67815     0.01000         5  10.1
     3.18198    13.67094     0.01000         5  10.1
     3.23943    13.66364     0.01000         5  10.1
     3.29934    13.65600     0.01000         5  10.1
     3.35910    13.64840     0.01000         5  10.1
     3.41851    13.64084     0.01000         5  10.1
     3.47343    13.63386     0.01000         5  10.1
     3.52869    13.62682     0.01000         5  10.1
     3.58798    13.61928     0.01000         5  10.1
     3.64706    13.61176     0.01000         5  10.1
     3.70500    13.60440     0.01000         5  10.1
     3.76284    13.59704     0.01000         5  10.1
     3.81845    13.58997     0.01000         5  10.1
     3.87931    13.58223     0.01000         5  10.1
     3.94551    13.57382     0.01000         5  10.1
     3.99505    13.56752     0.01000         5  10.1
     4.05343    13.56013     0.01000         5  11.1
     4.10589    13.55346     0.01000         5  11.1
     4.16406    13.54607     0.01000         5  11.1
     4.22058    13.53889     0.01000         5  11.1
     4.27678    13.53177     0.01000         5  11.1
     4.33725    13.52409     0.01000         5  11.1
     4.40045    13.51607     0.01000         5  11.1
     4.44861    13.50996     0.01000         5  11.1
     4.50595    13.50268     0.01000         5  11.1
     4.56213    13.49554     0.01000         5  11.1
     4.62097    13.48807     0.01000         5  11.1
     4.68186    13.48035     0.01000         5  11.1
     4.73169    13.47401     0.01000         5  11.1
     4.79684    13.46574     0.01000         5  11.1
     4.84162    13.46005     0.01000         5  11.1
     4.90496    13.45201     0.01000         5  11.1
     4.94689    13.44669     0.01000         5  11.1
     5.00102    13.43982     0.01000         5  11.1
     5.05571    13.43287     0.01000         5  11.1
     5.11132    13.42581     0.01000         5  11.1
     5.15646    13.42008     0.01000         5  11.1
     5.22597    13.41125     0.01000         5  11.1
     5.28362    13.40392     0.01000         5  11.1
     5.33306    13.39765     0.01000         5  11.1
     5.38891    13.39055     0.01000         5  11.1
     5.44428    13.38353     0.01000         5  11.1
     5.50665    13.37560     0.01000         5  11.1
     5.54729    13.37045     0.01000         5  11.1
     5.59068    13.36494     0.01000         5  11.1
     5.65257    13.35707     0.01000         5  11.1
     5.72610    13.34773     0.01000         5  11.1
     5.78259    13.34056     0.01000         5  11.1
     5.82415    13.33529     0.01000         5  11.1
     5.88108    13.32806     0.01000         5  11.1
     5.94587    13.31983     0.01000         5  11.1
     0.00000     0.00000     0.00000        -1
