    35.000        -1
     0.000         3
 0.16420E+02 0.23870E-03 0.00000E+00
 0.14322E+02 0.45198E-03 0.00000E+00
 0.14414E+02 0.19355E-02 0.23711E+01
     0.500         4
 0.16326E+02 0.17709E-03 0.00000E+00
 0.14246E+02 0.44119E-03 0.00000E+00
 0.14340E+02 0.19839E-02 0.23498E+01
 0.17676E+02 0.52671E-04 0.00000E+00
     1.000         3
 0.14169E+02 0.43039E-03 0.00000E+00
 0.14276E+02 0.20546E-02 0.23169E+01
 0.17435E+02 0.61298E-04 0.28254E+01
     1.500         5
 0.14094E+02 0.41956E-03 0.00000E+00
 0.14220E+02 0.21411E-02 0.22757E+01
 0.17419E+02 0.51701E-04 0.29087E+01
 0.17404E+02 0.62109E-05 0.28974E+01
 0.17173E+02 0.70754E-04 0.27264E+01
     2.000         4
 0.14037E+02 0.40771E-03 0.00000E+00
 0.14163E+02 0.22276E-02 0.22345E+01
 0.17270E+02 0.80023E-05 0.28850E+01
 0.17190E+02 0.61779E-05 0.28327E+01
     2.500         5
 0.13981E+02 0.39587E-03 0.00000E+00
 0.14107E+02 0.23142E-02 0.21933E+01
 0.17058E+02 0.79725E-05 0.28184E+01
 0.16977E+02 0.61449E-05 0.27680E+01
 0.16932E+02 0.66362E-04 0.27352E+01
     3.000         3
 0.13924E+02 0.38402E-03 0.00000E+00
 0.14051E+02 0.24007E-02 0.21521E+01
 0.16845E+02 0.79427E-05 0.27518E+01
     3.500         3
 0.13868E+02 0.37218E-03 0.00000E+00
 0.13995E+02 0.24872E-02 0.21109E+01
 0.16633E+02 0.79129E-05 0.26851E+01
     4.000         3
 0.13802E+02 0.36415E-03 0.00000E+00
 0.13938E+02 0.25737E-02 0.20697E+01
 0.16421E+02 0.78831E-05 0.26185E+01
     4.500         2
 0.13730E+02 0.35850E-03 0.00000E+00
 0.13882E+02 0.26602E-02 0.20285E+01
     5.000         2
 0.13659E+02 0.35285E-03 0.00000E+00
 0.13816E+02 0.27381E-02 0.19632E+01
     5.500         3
 0.15333E+02 0.26392E-02 0.23609E+01
 0.13587E+02 0.34720E-03 0.00000E+00
 0.13750E+02 0.28150E-02 0.18951E+01
     6.000         3
 0.15212E+02 0.28780E-02 0.23559E+01
 0.13515E+02 0.34155E-03 0.00000E+00
 0.13683E+02 0.28919E-02 0.18270E+01
     6.500         3
 0.15095E+02 0.31145E-02 0.23470E+01
 0.13444E+02 0.33590E-03 0.00000E+00
 0.13616E+02 0.29688E-02 0.17588E+01
     7.000         4
 0.14978E+02 0.33509E-02 0.23379E+01
 0.15084E+02 0.53825E-02 0.15824E+01
 0.13371E+02 0.33306E-03 0.00000E+00
 0.13549E+02 0.30457E-02 0.16907E+01
     7.500         4
 0.14861E+02 0.35872E-02 0.23288E+01
 0.15045E+02 0.64980E-02 0.49896E+00
 0.13298E+02 0.33055E-03 0.00000E+00
 0.13482E+02 0.31226E-02 0.16226E+01
     8.000         5
 0.14070E+02 0.32461E-02 0.00000E+00
 0.14820E+02 0.42804E-02 0.10450E+01
 0.15006E+02 0.76135E-02-0.58446E+00
 0.13226E+02 0.32803E-03 0.00000E+00
 0.13415E+02 0.31996E-02 0.15545E+01
     8.500         5
 0.13927E+02 0.32279E-02 0.00000E+00
 0.14807E+02 0.51452E-02-0.71778E+00
 0.14873E+02 0.79325E-02-0.55010E+00
 0.13153E+02 0.32551E-03 0.00000E+00
 0.13352E+02 0.31800E-02 0.14049E+01
     9.000         4
 0.13784E+02 0.32017E-02 0.00000E+00
 0.14702E+02 0.79262E-02-0.59328E-01
 0.13080E+02 0.32300E-03 0.00000E+00
 0.13289E+02 0.31493E-02 0.12458E+01
     9.500         4
 0.13642E+02 0.31616E-02 0.00000E+00
 0.14531E+02 0.79199E-02 0.43145E+00
 0.13007E+02 0.32048E-03 0.00000E+00
 0.13227E+02 0.31186E-02 0.10868E+01
    10.000         4
 0.13500E+02 0.31127E-02 0.00000E+00
 0.14360E+02 0.79136E-02 0.92222E+00
 0.12958E+02 0.31037E-03 0.00000E+00
 0.13164E+02 0.30878E-02 0.92770E+00
    10.500         4
 0.13357E+02 0.30575E-02 0.00000E+00
 0.14189E+02 0.79073E-02 0.14130E+01
 0.12914E+02 0.29853E-03 0.00000E+00
 0.13101E+02 0.30571E-02 0.76863E+00
    11.000         4
 0.13214E+02 0.30058E-02 0.00000E+00
 0.14018E+02 0.79010E-02 0.19038E+01
 0.12870E+02 0.28669E-03 0.00000E+00
 0.13038E+02 0.30263E-02 0.60956E+00
    11.500         5
 0.13202E+02 0.46302E-02 0.00000E+00
 0.13072E+02 0.29551E-02 0.00000E+00
 0.13886E+02 0.78111E-02 0.19034E+01
 0.12800E+02 0.27100E-03 0.00000E+00
 0.12982E+02 0.28770E-02 0.46287E+00
    12.000         7
 0.13041E+02 0.45775E-02 0.00000E+00
 0.12927E+02 0.29242E-02 0.00000E+00
 0.13763E+02 0.77041E-02 0.18023E+01
 0.12966E+02 0.57356E-02 0.00000E+00
 0.12956E+02 0.34855E-02 0.31156E+01
 0.12728E+02 0.25496E-03 0.00000E+00
 0.12932E+02 0.26033E-02 0.32917E+00
    12.500         7
 0.12881E+02 0.45039E-02 0.00000E+00
 0.12782E+02 0.28952E-02 0.00000E+00
 0.13639E+02 0.75972E-02 0.17013E+01
 0.12908E+02 0.58577E-02 0.00000E+00
 0.12871E+02 0.35400E-02 0.30339E+01
 0.12657E+02 0.23893E-03 0.00000E+00
 0.12881E+02 0.23295E-02 0.19548E+00
    13.000         7
 0.12721E+02 0.44140E-02 0.00000E+00
 0.12638E+02 0.28697E-02 0.00000E+00
 0.13516E+02 0.74902E-02 0.16003E+01
 0.12850E+02 0.59722E-02 0.00000E+00
 0.12785E+02 0.35944E-02 0.29522E+01
 0.12585E+02 0.22287E-03 0.00000E+00
 0.12831E+02 0.20557E-02 0.61776E-01
    13.500         7
 0.12561E+02 0.43311E-02 0.00000E+00
 0.12494E+02 0.28445E-02 0.00000E+00
 0.13390E+02 0.74316E-02 0.14966E+01
 0.12795E+02 0.63432E-02 0.00000E+00
 0.12698E+02 0.36784E-02 0.28696E+01
 0.12510E+02 0.20650E-03 0.00000E+00
 0.12775E+02 0.18090E-02 0.00000E+00
    14.000         7
 0.12401E+02 0.42924E-02 0.00000E+00
 0.12352E+02 0.27982E-02 0.00000E+00
 0.13257E+02 0.75289E-02 0.13848E+01
 0.12752E+02 0.68995E-02 0.00000E+00
 0.12607E+02 0.38165E-02 0.27854E+01
 0.12435E+02 0.19012E-03 0.00000E+00
 0.12713E+02 0.15856E-02 0.00000E+00
    14.500         7
 0.12241E+02 0.42740E-02 0.00000E+00
 0.12210E+02 0.27488E-02 0.00000E+00
 0.13123E+02 0.76263E-02 0.12729E+01
 0.12683E+02 0.63706E-02 0.00000E+00
 0.12516E+02 0.39545E-02 0.27013E+01
 0.12360E+02 0.17375E-03 0.00000E+00
 0.12651E+02 0.13622E-02 0.00000E+00
    15.000         9
 0.12080E+02 0.42597E-02 0.00000E+00
 0.12067E+02 0.26792E-02 0.00000E+00
 0.12990E+02 0.77236E-02 0.11610E+01
 0.12900E+02 0.15429E-02 0.00000E+00
 0.12787E+02 0.22381E-02 0.15708E+01
 0.12577E+02 0.61650E-02 0.00000E+00
 0.12425E+02 0.41444E-02 0.26098E+01
 0.12284E+02 0.15782E-03 0.00000E+00
 0.12590E+02 0.11388E-02 0.00000E+00
    15.500         9
 0.11921E+02 0.42360E-02 0.00000E+00
 0.11924E+02 0.26077E-02 0.00000E+00
 0.12856E+02 0.78209E-02 0.10491E+01
 0.12908E+02 0.60443E-02 0.52269E+00
 0.12811E+02 0.94646E-03 0.00000E+00
 0.12619E+02 0.22070E-02 0.15708E+01
 0.12337E+02 0.44734E-02 0.24989E+01
 0.12207E+02 0.14491E-03 0.00000E+00
 0.12528E+02 0.92264E-03 0.00000E+00
    16.000         8
 0.11762E+02 0.41849E-02 0.00000E+00
 0.11780E+02 0.25304E-02 0.00000E+00
 0.12723E+02 0.79182E-02 0.93721E+00
 0.12771E+02 0.56977E-02 0.44438E+00
 0.12715E+02 0.22039E-03 0.00000E+00
 0.12249E+02 0.48024E-02 0.23879E+01
 0.12130E+02 0.13201E-03 0.00000E+00
 0.12468E+02 0.82643E-03 0.00000E+00
    16.500         7
 0.11601E+02 0.41249E-02 0.00000E+00
 0.11638E+02 0.24518E-02 0.00000E+00
 0.12590E+02 0.80155E-02 0.82532E+00
 0.12633E+02 0.53510E-02 0.36606E+00
 0.12157E+02 0.52293E-02 0.22695E+01
 0.12053E+02 0.11910E-03 0.00000E+00
 0.12407E+02 0.73023E-03 0.00000E+00
    17.000         7
 0.11444E+02 0.40471E-02 0.00000E+00
 0.11570E+02 0.61646E-02 0.00000E+00
 0.11497E+02 0.23709E-02 0.00000E+00
 0.12495E+02 0.50043E-02 0.28775E+00
 0.12064E+02 0.57247E-02 0.21459E+01
 0.11976E+02 0.10622E-03 0.00000E+00
 0.12347E+02 0.63402E-03 0.00000E+00
    17.500         7
 0.11284E+02 0.39427E-02 0.00000E+00
 0.11393E+02 0.60998E-02 0.00000E+00
 0.11357E+02 0.22770E-02 0.00000E+00
 0.12357E+02 0.46576E-02 0.20944E+00
 0.11970E+02 0.62201E-02 0.20222E+01
 0.11899E+02 0.93760E-04 0.00000E+00
 0.12286E+02 0.53781E-03 0.00000E+00
    18.000         7
 0.11125E+02 0.38247E-02 0.00000E+00
 0.11217E+02 0.59982E-02 0.00000E+00
 0.11217E+02 0.21697E-02 0.00000E+00
 0.12219E+02 0.43110E-02 0.13113E+00
 0.11884E+02 0.67897E-02 0.18219E+01
 0.11823E+02 0.81302E-04 0.00000E+00
 0.12231E+02 0.52949E-03 0.00000E+00
    18.500         7
 0.10967E+02 0.36945E-02 0.00000E+00
 0.11042E+02 0.58678E-02 0.00000E+00
 0.11076E+02 0.20426E-02 0.00000E+00
 0.12082E+02 0.39643E-02 0.52816E-01
 0.11803E+02 0.73961E-02 0.15834E+01
 0.11746E+02 0.68843E-04 0.00000E+00
 0.12175E+02 0.52890E-03 0.00000E+00
    19.000         7
 0.10809E+02 0.35482E-02 0.00000E+00
 0.10866E+02 0.57104E-02 0.00000E+00
 0.10935E+02 0.19088E-02 0.00000E+00
 0.11942E+02 0.36450E-02 0.00000E+00
 0.11719E+02 0.77072E-02 0.12676E+01
 0.11675E+02 0.54557E-04 0.00000E+00
 0.12120E+02 0.52831E-03 0.00000E+00
    19.500         7
 0.10651E+02 0.33840E-02 0.00000E+00
 0.10691E+02 0.55292E-02 0.00000E+00
 0.10794E+02 0.17522E-02 0.00000E+00
 0.11798E+02 0.33822E-02 0.00000E+00
 0.11632E+02 0.75028E-02 0.81659E+00
 0.11611E+02 0.38623E-04 0.00000E+00
 0.12065E+02 0.52772E-03 0.00000E+00
    20.000         6
 0.10493E+02 0.32042E-02 0.00000E+00
 0.10516E+02 0.53232E-02 0.00000E+00
 0.10653E+02 0.15876E-02 0.00000E+00
 0.11654E+02 0.31195E-02 0.00000E+00
 0.11547E+02 0.69615E-02 0.39201E+00
 0.12010E+02 0.52714E-03 0.00000E+00
    20.500         6
 0.10335E+02 0.30121E-02 0.00000E+00
 0.10341E+02 0.50926E-02 0.00000E+00
 0.10513E+02 0.14094E-02 0.00000E+00
 0.11510E+02 0.28568E-02 0.00000E+00
 0.11473E+02 0.50869E-02 0.71942E-01
 0.11955E+02 0.52655E-03 0.00000E+00
    21.000         6
 0.10178E+02 0.28138E-02 0.00000E+00
 0.10167E+02 0.48388E-02 0.00000E+00
 0.10373E+02 0.12238E-02 0.00000E+00
 0.11366E+02 0.25940E-02 0.00000E+00
 0.11386E+02 0.38444E-02 0.00000E+00
 0.11900E+02 0.52596E-03 0.00000E+00
    21.500         6
 0.10021E+02 0.26087E-02 0.00000E+00
 0.99924E+01 0.45622E-02 0.00000E+00
 0.10233E+02 0.10343E-02 0.00000E+00
 0.11222E+02 0.23313E-02 0.00000E+00
 0.11295E+02 0.27852E-02 0.00000E+00
 0.11844E+02 0.52537E-03 0.00000E+00
    22.000         6
 0.98645E+01 0.23832E-02 0.00000E+00
 0.98187E+01 0.42598E-02 0.00000E+00
 0.10094E+02 0.85623E-03 0.00000E+00
 0.11081E+02 0.21954E-02 0.00000E+00
 0.11205E+02 0.20366E-02 0.00000E+00
 0.11799E+02 0.56916E-03 0.00000E+00
    22.500         6
 0.97085E+01 0.21125E-02 0.00000E+00
 0.96453E+01 0.39293E-02 0.00000E+00
 0.99555E+01 0.68434E-03 0.00000E+00
 0.10942E+02 0.21818E-02 0.00000E+00
 0.11118E+02 0.16096E-02 0.00000E+00
 0.11755E+02 0.61823E-03 0.00000E+00
    23.000         6
 0.95527E+01 0.17940E-02 0.00000E+00
 0.94721E+01 0.35741E-02 0.00000E+00
 0.98172E+01 0.52368E-03 0.00000E+00
 0.10804E+02 0.21683E-02 0.00000E+00
 0.11031E+02 0.12552E-02 0.00000E+00
 0.11711E+02 0.66730E-03 0.00000E+00
    23.500         6
 0.93973E+01 0.14556E-02 0.00000E+00
 0.92993E+01 0.32040E-02 0.00000E+00
 0.96790E+01 0.35649E-03 0.00000E+00
 0.10666E+02 0.21548E-02 0.00000E+00
 0.10949E+02 0.11355E-02 0.00000E+00
 0.11668E+02 0.71901E-03 0.00000E+00
    24.000         7
 0.92422E+01 0.11443E-02 0.00000E+00
 0.91268E+01 0.28134E-02 0.00000E+00
 0.91338E+01 0.11412E-01 0.00000E+00
 0.95378E+01 0.22893E-03 0.00000E+00
 0.10527E+02 0.21412E-02 0.00000E+00
 0.10866E+02 0.10175E-02 0.00000E+00
 0.11626E+02 0.77152E-03 0.00000E+00
    24.500         6
 0.90877E+01 0.87769E-03 0.00000E+00
 0.89548E+01 0.23794E-02 0.00000E+00
 0.89462E+01 0.10219E-01 0.00000E+00
 0.10389E+02 0.21277E-02 0.00000E+00
 0.10788E+02 0.96427E-03 0.00000E+00
 0.11584E+02 0.82403E-03 0.00000E+00
    25.000         6
 0.89331E+01 0.65790E-03 0.00000E+00
 0.87829E+01 0.19032E-02 0.00000E+00
 0.87588E+01 0.88465E-02 0.00000E+00
 0.10251E+02 0.21142E-02 0.00000E+00
 0.10711E+02 0.91108E-03 0.00000E+00
 0.11544E+02 0.87807E-03 0.00000E+00
    25.500         6
 0.87779E+01 0.46971E-03 0.00000E+00
 0.86113E+01 0.14225E-02 0.00000E+00
 0.85720E+01 0.73995E-02 0.00000E+00
 0.10112E+02 0.21006E-02 0.00000E+00
 0.10636E+02 0.89877E-03 0.00000E+00
 0.11504E+02 0.93267E-03 0.00000E+00
    26.000         6
 0.86219E+01 0.27974E-03 0.00000E+00
 0.84400E+01 0.98553E-03 0.00000E+00
 0.83858E+01 0.55945E-02 0.00000E+00
 0.99768E+01 0.21007E-02 0.00000E+00
 0.10562E+02 0.88771E-03 0.00000E+00
 0.11464E+02 0.98727E-03 0.00000E+00
    26.500         6
 0.84669E+01 0.11960E-03 0.00000E+00
 0.82689E+01 0.62389E-03 0.00000E+00
 0.82004E+01 0.36779E-02 0.00000E+00
 0.98648E+01 0.22131E-02 0.00000E+00
 0.10494E+02 0.91145E-03 0.00000E+00
 0.11426E+02 0.10451E-02 0.00000E+00
    27.000         5
 0.80977E+01 0.34151E-03 0.00000E+00
 0.80157E+01 0.22137E-02 0.00000E+00
 0.97528E+01 0.23255E-02 0.00000E+00
 0.10427E+02 0.94526E-03 0.00000E+00
 0.11390E+02 0.11041E-02 0.00000E+00
    27.500         5
 0.79265E+01 0.15477E-03 0.00000E+00
 0.78317E+01 0.10498E-02 0.00000E+00
 0.96408E+01 0.24379E-02 0.00000E+00
 0.10361E+02 0.97906E-03 0.00000E+00
 0.11354E+02 0.11631E-02 0.00000E+00
    28.000         3
 0.95498E+01 0.27212E-02 0.00000E+00
 0.10296E+02 0.10282E-02 0.00000E+00
 0.11321E+02 0.12188E-02 0.00000E+00
    28.500         3
 0.94599E+01 0.30134E-02 0.00000E+00
 0.10240E+02 0.11298E-02 0.00000E+00
 0.11289E+02 0.12727E-02 0.00000E+00
    29.000         3
 0.93699E+01 0.33056E-02 0.00000E+00
 0.10184E+02 0.12299E-02 0.00000E+00
 0.11256E+02 0.13272E-02 0.00000E+00
    29.500         3
 0.92800E+01 0.35978E-02 0.00000E+00
 0.10134E+02 0.13186E-02 0.00000E+00
 0.11229E+02 0.14018E-02 0.00000E+00
    30.000         3
 0.91901E+01 0.38900E-02 0.00000E+00
 0.10085E+02 0.14073E-02 0.00000E+00
 0.11201E+02 0.14763E-02 0.00000E+00
    30.500         3
 0.91002E+01 0.41821E-02 0.00000E+00
 0.10044E+02 0.14745E-02 0.00000E+00
 0.11174E+02 0.15509E-02 0.00000E+00
    31.000         3
 0.90103E+01 0.44743E-02 0.00000E+00
 0.10004E+02 0.15415E-02 0.00000E+00
 0.11151E+02 0.17508E-02 0.00000E+00
    31.500         3
 0.89463E+01 0.53086E-02 0.00000E+00
 0.99698E+01 0.16728E-02 0.00000E+00
 0.11131E+02 0.19868E-02 0.00000E+00
    32.000         3
 0.89021E+01 0.65559E-02 0.00000E+00
 0.99388E+01 0.18325E-02 0.00000E+00
 0.11110E+02 0.22227E-02 0.00000E+00
    32.500         3
 0.88597E+01 0.78299E-02 0.00000E+00
 0.99159E+01 0.21837E-02 0.00000E+00
 0.11093E+02 0.24545E-02 0.00000E+00
    33.000         3
 0.88330E+01 0.93401E-02 0.00000E+00
 0.98957E+01 0.25986E-02 0.00000E+00
 0.11090E+02 0.26670E-02 0.00000E+00
    33.500         3
 0.88287E+01 0.10656E-01 0.00000E+00
 0.98806E+01 0.30183E-02 0.00000E+00
 0.11088E+02 0.28794E-02 0.00000E+00
    34.000         3
 0.88269E+01 0.11950E-01 0.00000E+00
 0.98882E+01 0.34599E-02 0.00000E+00
 0.11086E+02 0.30919E-02 0.00000E+00
    34.500         3
 0.88251E+01 0.13245E-01 0.00000E+00
 0.98958E+01 0.39015E-02 0.00000E+00
 0.11083E+02 0.33043E-02 0.00000E+00
    35.000         3
 0.88232E+01 0.14539E-01 0.00000E+00
 0.99035E+01 0.43431E-02 0.00000E+00
 0.11081E+02 0.35168E-02 0.00000E+00
    35.500         0
    36.000         0
    36.500         0
    37.000         0
    37.500         0
    38.000         0
    38.500         0
    39.000         0
    39.500         0
    40.000         0
    40.500         0
    41.000         0
    41.500         0
    42.000         0
    42.500         0
    43.000         0
    43.500         0
    44.000         0
    44.500         0
    45.000         0
    45.500         0
    46.000         0
    46.500         0
    47.000         0
    47.500         0
    48.000         0
    48.500         0
    49.000         0
    49.500         0
    50.000         0
    50.500         0
    51.000         0
    51.500         0
    52.000         0
    52.500         0
    53.000         0
    53.500         0
    54.000         0
    54.500         0
    55.000         0
    55.500         0
    56.000         0
    56.500         0
    57.000         0
    57.500         0
    58.000         0
    58.500         0
    59.000         0
    59.500         0
    60.000         0
    60.500         0
    61.000         0
    61.500         0
    62.000         0
    62.500         0
    63.000         0
    63.500         0
    64.000         0
    64.500         0
    65.000         0
    65.500         0
    66.000         0
    66.500         0
    67.000         0
    67.500         0
    68.000         0
    68.500         0
    69.000         0
    69.500         0
    70.000         0
    70.500         0
    71.000         0
    71.500         0
    72.000         0
    72.500         0
    73.000         0
    73.500         0
    74.000         0
    74.500         0
    75.000         0
    75.500         0
    76.000         0
    76.500         0
    77.000         0
    77.500         0
    78.000         0
    78.500         0
    79.000         0
    79.500         0
    80.000         0
    80.500         0
    81.000         0
    81.500         0
    82.000         0
    82.500         0
    83.000         0
    83.500         0
    84.000         0
    84.500         0
    85.000         0
    85.500         0
    86.000         0
    86.500         0
    87.000         0
    87.500         0
    88.000         0
    88.500         0
    89.000         0
    89.500         0
    90.000         0
    90.500         0
    91.000         0
    91.500         0
    92.000         0
    92.500         0
    93.000         0
    93.500         0
    94.000         0
    94.500         0
    95.000         0
    95.500         0
    96.000         0
    96.500         0
    97.000         0
    97.500         0
    98.000         0
    98.500         0
    99.000         0
    99.500         0
   100.000         0
   100.500         0
   101.000         0
   101.500         0
   102.000         0
   102.500         0
   103.000         0
   103.500         0
   104.000         0
   104.500         0
   105.000         0
   105.500         0
   106.000         0
   106.500         0
   107.000         0
   107.500         0
   108.000         0
   108.500         0
   109.000         0
   109.500         0
   110.000         0
