     0.000    27.000     0.000     5.000     0.000     1.350     0.500
     20     10
     9.999     9.999     9.999     9.999     9.999     9.999     9.999     9.999     9.999     9.999
     9.999     1.434     1.434     1.434     1.434     9.999     9.999     9.999     9.999     9.999
     9.999
     9.999     9.999     9.999     9.999     9.999     9.999     9.999     9.999     9.999     9.999
     9.999     1.444     1.444     1.444     1.444     9.999     9.999     9.999     9.999     9.999
     9.999
     9.999     9.999     9.999     9.999     9.999     9.999     9.999     9.999     9.999     9.999
     9.999     1.454     1.454     1.454     1.454     1.454     1.455     1.455     1.455     1.455
     1.455
     9.999     9.999     9.999     9.999     9.999     9.999     9.999     9.999     9.999     9.999
     9.999     9.999     1.465     1.465     1.465     1.465     1.465     1.465     1.465     1.465
     1.465
     9.999     9.999     9.999     9.999     9.999     9.999     9.999     9.999     9.999     9.999
     9.999     9.999     1.475     1.475     1.475     1.475     1.475     1.475     1.475     1.475
     1.475
     9.999     9.999     9.999     9.999     9.999     9.999     9.999     9.999     9.999     9.999
     9.999     9.999     1.485     1.485     1.485     1.485     1.485     1.485     1.485     1.486
     1.486
     9.999     9.999     9.999     9.999     9.999     9.999     9.999     9.999     9.999     9.999
     9.999     9.999     1.495     1.495     1.495     1.495     1.496     1.496     1.496     1.496
     1.496
     9.999     9.999     9.999     9.999     9.999     9.999     9.999     9.999     9.999     9.999
     9.999     9.999     1.506     1.506     1.506     1.506     1.506     1.506     1.506     1.506
     1.506
     9.999     9.999     9.999     9.999     9.999     9.999     9.999     9.999     9.999     9.999
     9.999     9.999     1.964     1.965     1.966     1.967     1.968     1.968     1.968     1.969
     1.969
     9.999     9.999     9.999     9.999     9.999     9.999     9.999     9.999     9.999     9.999
     9.999     9.999     2.332     2.333     2.333     2.334     2.334     2.334     2.334     2.334
     2.334
     9.999     9.999     9.999     9.999     9.999     9.999     9.999     9.999     9.999     9.999
     9.999     9.999     9.999     2.383     2.384     2.384     2.384     2.384     2.385     2.385
     2.385
      0
