 shot  ray#     dist   amplitude     phase  code
   -1    1    24.381   0.401E-01      0.00   1.1
   -1    2    24.120   0.395E-01      0.00   1.1
   -1    3    23.210   0.392E-01      0.00   1.1
   -1    4    22.938   0.395E-01      0.00   1.1
   -1    5    22.633   0.395E-01      0.00   1.1
   -1    6    22.291   0.384E-01      0.00   1.1
   -1    7    21.904   0.363E-01      0.00   1.1
   -1    8    21.461   0.340E-01      0.00   1.1
   -1    9    20.952   0.323E-01      0.00   1.1
   -1   10    20.358   0.315E-01      0.00   1.1
   -1   11    19.844   0.314E-01      0.00   1.1
   -1   12    19.491   0.313E-01      0.00   1.1
   -1   13    19.105   0.308E-01      0.00   1.1
   -1   14    18.684   0.297E-01      0.00   1.1
   -1   15    18.221   0.282E-01      0.00   1.1
   -1   16    17.711   0.267E-01      0.00   1.1
   -1   17    17.145   0.254E-01      0.00   1.1
   -1   18    16.514   0.246E-01      0.00   1.1
   -1   19    15.805   0.242E-01      0.00   1.1
   -1   20    15.130   0.241E-01      0.00   1.1
   -1   21    14.666   0.241E-01      0.00   1.1
   -1   22    14.203   0.241E-01      0.00   1.1
   -1   23    13.707   0.238E-01      0.00   1.1
   -1   24    13.173   0.234E-01      0.00   1.1
   -1   25    12.597   0.229E-01      0.00   1.1
   -1   26    11.976   0.225E-01      0.00   1.1
   -1   27    11.301   0.223E-01      0.00   1.1
   -1   28    10.762   0.221E-01      0.00   1.1
   -1   29    10.286   0.219E-01      0.00   1.1
   -1   30     9.781   0.216E-01      0.00   1.1
   -1   31     9.247   0.212E-01      0.00   1.1
   -1   32     8.681   0.209E-01      0.00   1.1
   -1   33     8.078   0.205E-01      0.00   1.1
   -1   34     7.436   0.202E-01      0.00   1.1
   -1   35     6.751   0.200E-01      0.00   1.1
   -1   36     6.232   0.199E-01      0.00   1.1
   -1   37     5.730   0.197E-01      0.00   1.1
   -1   38     5.204   0.195E-01      0.00   1.1
   -1   39     4.651   0.192E-01      0.00   1.1
   -1   40     4.071   0.189E-01      0.00   1.1
   -1   41     3.461   0.186E-01      0.00   1.1
   -1   42     2.818   0.184E-01      0.00   1.1
   -1   43     2.155   0.181E-01      0.00   1.1
   -1   44     1.613   0.180E-01      0.00   1.1
   -1   45     1.046   0.178E-01      0.00   1.1
   -1   46     0.453   0.177E-01      0.00   1.1
   -1    2     4.876   0.267E-01    176.08   1.2
   -1    3     8.953   0.283E-01    174.00   1.2
   -1    4    11.684   0.313E-01    172.06   1.2
   -1    5    13.594   0.355E-01    170.18   1.2
   -1    6    14.948   0.408E-01    168.32   1.2
   -1    7    16.175   0.469E-01    166.34   1.2
   -1    8    17.195   0.537E-01    164.22   1.2
   -1    9    18.041   0.608E-01    161.93   1.2
   -1   10    18.750   0.679E-01    159.43   1.2
   -1   11    19.331   0.748E-01    156.71   1.2
   -1   12    19.844   0.813E-01    153.71   1.2
   -1   13    20.329   0.877E-01    150.37   1.2
   -1   14    20.779   0.942E-01    146.64   1.2
   -1   15    21.186   0.101E+00    142.46   1.2
   -1   16    21.557   0.109E+00    137.76   1.2
   -1   17    21.898   0.117E+00    132.43   1.2
   -1   18    22.213   0.125E+00    126.38   1.2
   -1   19    22.504   0.134E+00    119.47   1.2
   -1   20    22.775   0.144E+00    111.51   1.2
   -1   21    23.029   0.154E+00    102.27   1.2
   -1   22    23.266   0.164E+00     91.39   1.2
   -1   23    23.534   0.173E+00     78.26   1.2
   -1   24    23.747   0.174E+00     61.64   1.2
   -1   25    23.947   0.163E+00     37.54   1.2
   -1   26    24.137   0.140E+00      0.00   1.2
   -1   27    24.342   0.113E+00      0.00   1.2
   -1   28    24.517   0.905E-01      0.00   1.2
   -1   29    24.684   0.754E-01      0.00   1.2
   -1   30    24.844   0.670E-01      0.00   1.2
   -1   31    24.997   0.626E-01      0.00   1.2
   -1   32    25.145   0.606E-01      0.00   1.2
   -1   33    25.287   0.602E-01      0.00   1.2
   -1   34    25.425   0.608E-01      0.00   1.2
   -1   35    25.558   0.622E-01      0.00   1.2
   -1   36    25.687   0.643E-01      0.00   1.2
   -1   37    25.812   0.668E-01      0.00   1.2
   -1   38    25.934   0.698E-01      0.00   1.2
   -1   39    26.052   0.731E-01      0.00   1.2
   -1   40    26.167   0.767E-01      0.00   1.2
   -1   41    26.280   0.804E-01      0.00   1.2
   -1   42    26.390   0.843E-01      0.00   1.2
   -1   43    26.498   0.883E-01      0.00   1.2
   -1   44    26.604   0.924E-01      0.00   1.2
   -1   45    26.707   0.964E-01      0.00   1.2
   -1   46    26.809   0.100E+00      0.00   1.2
   -1   47    26.910   0.104E+00      0.00   1.2
   -1   48    27.008   0.108E+00      0.00   1.2
   -1   49    27.106   0.112E+00      0.00   1.2
   -1   50    27.202   0.115E+00      0.00   1.2
   -1   51    27.297   0.118E+00      0.00   1.2
   -1   52    27.392   0.121E+00      0.00   1.2
   -1   53    27.485   0.124E+00      0.00   1.2
   -1   54    27.578   0.127E+00      0.00   1.2
   -1   55    27.670   0.129E+00      0.00   1.2
   -1   56    27.761   0.130E+00      0.00   1.2
   -1   57    27.852   0.131E+00      0.00   1.2
   -1   58    27.943   0.132E+00      0.00   1.2
   -1   59    28.033   0.132E+00      0.00   1.2
   -1   60    28.130   0.131E+00      0.00   1.2
   -1    1    24.055   0.795E-02      0.00   2.1
   -1    2    23.101   0.104E-01      0.00   2.1
   -1    3    22.669   0.141E-01      0.00   2.1
   -1    4    22.344   0.180E-01      0.00   2.1
   -1    5    22.077   0.216E-01      0.00   2.1
   -1    6    21.811   0.247E-01      0.00   2.1
   -1    7    21.610   0.275E-01      0.00   2.1
   -1    8    21.396   0.299E-01      0.00   2.1
   -1    9    21.213   0.320E-01      0.00   2.1
   -1   10    21.037   0.337E-01      0.00   2.1
   -1   11    20.854   0.351E-01      0.00   2.1
   -1   12    20.706   0.363E-01      0.00   2.1
   -1   13    20.550   0.374E-01      0.00   2.1
   -1   14    20.390   0.384E-01      0.00   2.1
   -1   15    20.258   0.393E-01      0.00   2.1
   -1   16    20.120   0.402E-01      0.00   2.1
   -1   17    19.977   0.411E-01      0.00   2.1
   -1   18    19.887   0.418E-01      0.00   2.1
   -1   19    19.767   0.424E-01      0.00   2.1
   -1   20    19.642   0.429E-01      0.00   2.1
   -1   21    19.515   0.433E-01      0.00   2.1
   -1   22    19.414   0.437E-01      0.00   2.1
   -1   23    19.304   0.439E-01      0.00   2.1
   -1   24    19.190   0.442E-01      0.00   2.1
   -1   25    19.072   0.444E-01      0.00   2.1
   -1   26    18.969   0.446E-01      0.00   2.1
   -1   27    18.865   0.447E-01      0.00   2.1
   -1   28    18.759   0.449E-01      0.00   2.1
   -1   29    18.650   0.451E-01      0.00   2.1
   -1   30    18.543   0.452E-01      0.00   2.1
   -1   31    18.444   0.454E-01      0.00   2.1
   -1   32    18.343   0.456E-01      0.00   2.1
   -1   33    18.240   0.459E-01      0.00   2.1
   -1   34    18.137   0.461E-01      0.00   2.1
   -1   35    18.045   0.463E-01      0.00   2.1
   -1   36    17.951   0.464E-01      0.00   2.1
   -1   37    17.856   0.466E-01      0.00   2.1
   -1   38    17.758   0.467E-01      0.00   2.1
   -1   39    17.663   0.468E-01      0.00   2.1
   -1   40    17.575   0.469E-01      0.00   2.1
   -1   41    17.485   0.470E-01      0.00   2.1
   -1   42    17.394   0.470E-01      0.00   2.1
   -1   43    17.301   0.471E-01      0.00   2.1
   -1   44    17.206   0.471E-01      0.00   2.1
   -1   45    17.121   0.471E-01      0.00   2.1
   -1   46    17.035   0.472E-01      0.00   2.1
   -1   47    16.948   0.472E-01      0.00   2.1
   -1   48    16.859   0.471E-01      0.00   2.1
   -1   49    16.769   0.471E-01      0.00   2.1
   -1   50    16.679   0.471E-01      0.00   2.1
   -1   51    16.596   0.472E-01      0.00   2.1
   -1   52    16.511   0.472E-01      0.00   2.1
   -1   53    16.425   0.472E-01      0.00   2.1
   -1   54    16.338   0.472E-01      0.00   2.1
   -1   55    16.251   0.471E-01      0.00   2.1
   -1   56    16.171   0.471E-01      0.00   2.1
   -1   57    16.089   0.470E-01      0.00   2.1
   -1   58    16.006   0.469E-01      0.00   2.1
   -1   59    15.921   0.469E-01      0.00   2.1
   -1   60    15.835   0.468E-01      0.00   2.1
   -1    1    16.188   0.360E-01    179.49   2.2
   -1    2    19.881   0.450E-01    170.95   2.2
   -1    3    21.029   0.598E-01    164.83   2.2
   -1    4    21.784   0.752E-01    157.98   2.2
   -1    5    22.365   0.880E-01    149.71   2.2
   -1    6    22.838   0.989E-01    139.63   2.2
   -1    7    23.241   0.110E+00    127.01   2.2
   -1    8    23.597   0.121E+00    110.82   2.2
   -1    9    23.918   0.128E+00     89.35   2.2
   -1   10    24.213   0.121E+00     58.13   2.2
   -1   11    24.484   0.968E-01      0.00   2.2
   -1   12    24.737   0.686E-01      0.00   2.2
   -1   13    24.976   0.497E-01      0.00   2.2
   -1   14    25.202   0.413E-01      0.00   2.2
   -1   15    25.418   0.388E-01      0.00   2.2
   -1   16    25.624   0.388E-01      0.00   2.2
   -1   17    25.823   0.401E-01      0.00   2.2
   -1   18    26.016   0.422E-01      0.00   2.2
   -1   19    26.202   0.447E-01      0.00   2.2
   -1   20    26.384   0.475E-01      0.00   2.2
   -1   21    26.561   0.503E-01      0.00   2.2
   -1   22    26.734   0.532E-01      0.00   2.2
   -1   23    26.904   0.559E-01      0.00   2.2
   -1   24    27.071   0.585E-01      0.00   2.2
   -1   25    27.236   0.608E-01      0.00   2.2
   -1   26    27.398   0.629E-01      0.00   2.2
   -1   27    27.560   0.646E-01      0.00   2.2
   -1   28    27.719   0.659E-01      0.00   2.2
   -1   29    27.878   0.669E-01      0.00   2.2
   -1   30    28.037   0.674E-01      0.00   2.2
   -1    1    24.392   0.101E-02      0.00   3.1
   -1    2    22.578   0.235E-02      0.00   3.1
   -1    3    21.794   0.403E-02      0.00   3.1
   -1    4    21.259   0.547E-02      0.00   3.1
   -1    5    20.716   0.657E-02      0.00   3.1
   -1    6    20.342   0.738E-02      0.00   3.1
   -1    7    19.960   0.798E-02      0.00   3.1
   -1    8    19.599   0.851E-02      0.00   3.1
   -1    9    19.311   0.900E-02      0.00   3.1
   -1   10    19.005   0.946E-02      0.00   3.1
   -1   11    18.707   0.991E-02      0.00   3.1
   -1   12    18.472   0.103E-01      0.00   3.1
   -1   13    18.228   0.106E-01      0.00   3.1
   -1   14    17.969   0.110E-01      0.00   3.1
   -1   15    17.743   0.113E-01      0.00   3.1
   -1   16    17.540   0.116E-01      0.00   3.1
   -1   17    17.331   0.119E-01      0.00   3.1
   -1   18    17.116   0.122E-01      0.00   3.1
   -1   19    16.919   0.125E-01      0.00   3.1
   -1   20    16.746   0.127E-01      0.00   3.1
   -1   21    16.566   0.129E-01      0.00   3.1
   -1   22    16.390   0.129E-01      0.00   3.1
   -1   23    16.205   0.129E-01      0.00   3.1
   -1   24    16.240   0.107E-01      0.00   3.1
   -1   25    16.008   0.108E-01      0.00   3.1
   -1   26    15.765   0.109E-01      0.00   3.1
   -1   27    15.541   0.110E-01      0.00   3.1
   -1   28    15.341   0.111E-01      0.00   3.1
   -1   29    15.134   0.111E-01      0.00   3.1
   -1   30    14.921   0.111E-01      0.00   3.1
   -1    1    15.749   0.192E-01    179.03   3.2
   -1    2    20.334   0.273E-01    165.53   3.2
   -1    3    21.550   0.401E-01    156.15   3.2
   -1    4    22.205   0.530E-01    146.82   3.2
   -1    5    22.703   0.632E-01    136.17   3.2
   -1    6    23.094   0.716E-01    123.57   3.2
   -1    7    23.422   0.794E-01    108.34   3.2
   -1    8    23.714   0.849E-01     89.09   3.2
   -1    9    23.976   0.829E-01     62.51   3.2
   -1   10    24.215   0.692E-01      0.00   3.2
   -1   11    24.432   0.489E-01      0.00   3.2
   -1   12    24.653   0.324E-01      0.00   3.2
   -1   13    24.851   0.238E-01      0.00   3.2
   -1   14    25.040   0.202E-01      0.00   3.2
   -1   15    25.221   0.187E-01      0.00   3.2
   -1   16    25.394   0.181E-01      0.00   3.2
   -1   17    25.562   0.182E-01      0.00   3.2
   -1   18    25.725   0.186E-01      0.00   3.2
   -1   19    25.883   0.192E-01      0.00   3.2
   -1   20    26.037   0.201E-01      0.00   3.2
   -1   21    26.188   0.210E-01      0.00   3.2
   -1   22    26.336   0.220E-01      0.00   3.2
   -1   23    26.481   0.231E-01      0.00   3.2
   -1   24    26.623   0.241E-01      0.00   3.2
   -1   25    26.764   0.251E-01      0.00   3.2
   -1   26    26.903   0.261E-01      0.00   3.2
   -1   27    27.040   0.270E-01      0.00   3.2
   -1   28    27.176   0.279E-01      0.00   3.2
   -1   29    27.311   0.286E-01      0.00   3.2
   -1   30    27.444   0.293E-01      0.00   3.2
   -1   31    27.577   0.297E-01      0.00   3.2
   -1   32    27.710   0.301E-01      0.00   3.2
   -1   33    27.841   0.317E-01      0.00   3.2
   -1   34    28.002   0.358E-01      0.00   3.2
   -1   35    28.082   0.401E-01      0.00   3.2
   -1    1    23.793   0.831E-03      0.00   4.1
   -1    2    21.698   0.130E-02      0.00   4.1
   -1    3    20.540   0.195E-02      0.00   4.1
   -1    4    19.563   0.256E-02      0.00   4.1
   -1    5    18.955   0.309E-02      0.00   4.1
   -1    6    18.266   0.354E-02      0.00   4.1
   -1    7    17.715   0.392E-02      0.00   4.1
   -1    8    17.203   0.423E-02      0.00   4.1
   -1    9    16.786   0.447E-02      0.00   4.1
   -1   10    16.441   0.464E-02      0.00   4.1
   -1   11    15.960   0.475E-02      0.00   4.1
   -1   12    15.591   0.483E-02      0.00   4.1
   -1   13    15.207   0.489E-02      0.00   4.1
   -1   14    14.809   0.494E-02      0.00   4.1
   -1   15    14.406   0.502E-02      0.00   4.1
   -1   16    14.067   0.511E-02      0.00   4.1
   -1   17    13.706   0.525E-02      0.00   4.1
   -1   18    13.277   0.543E-02      0.00   4.1
   -1   19    13.011   0.561E-02      0.00   4.1
   -1   20    12.734   0.577E-02      0.00   4.1
   -1   21    12.453   0.589E-02      0.00   4.1
   -1   22    12.163   0.598E-02      0.00   4.1
   -1   23    11.866   0.605E-02      0.00   4.1
   -1   24    11.618   0.611E-02      0.00   4.1
   -1   25    11.371   0.615E-02      0.00   4.1
   -1   26    11.119   0.615E-02      0.00   4.1
   -1   27    10.863   0.613E-02      0.00   4.1
   -1   28    10.600   0.611E-02      0.00   4.1
   -1   29    10.322   0.609E-02      0.00   4.1
   -1   30    10.082   0.608E-02      0.00   4.1
   -1    1    12.474   0.621E-02    176.09   4.2
   -1    2    13.054   0.644E-02    174.83   4.2
   -1    3    14.389   0.704E-02    171.93   4.2
   -1    4    15.644   0.825E-02    168.44   4.2
   -1    5    16.771   0.103E-01    164.43   4.2
   -1    6    17.537   0.132E-01    160.04   4.2
   -1    7    18.343   0.166E-01    155.13   4.2
   -1    8    19.040   0.200E-01    149.58   4.2
   -1    9    19.616   0.234E-01    143.36   4.2
   -1   10    20.139   0.267E-01    136.02   4.2
   -1   11    20.619   0.300E-01    127.25   4.2
   -1   12    21.061   0.336E-01    116.58   4.2
   -1   13    21.495   0.374E-01    103.24   4.2
   -1   14    21.873   0.405E-01     85.90   4.2
   -1   15    22.233   0.402E-01     61.59   4.2
   -1   16    22.574   0.341E-01      0.00   4.2
   -1   17    22.898   0.241E-01      0.00   4.2
   -1   18    23.204   0.155E-01      0.00   4.2
   -1   19    23.507   0.108E-01      0.00   4.2
   -1   20    23.822   0.869E-02      0.00   4.2
   -1   21    24.118   0.780E-02      0.00   4.2
   -1   22    24.411   0.753E-02      0.00   4.2
   -1   23    24.702   0.769E-02      0.00   4.2
   -1   24    24.991   0.813E-02      0.00   4.2
   -1   25    25.218   0.860E-02      0.00   4.2
   -1   26    25.506   0.907E-02      0.00   4.2
   -1   27    25.792   0.965E-02      0.00   4.2
   -1   28    26.080   0.104E-01      0.00   4.2
   -1   29    26.371   0.111E-01      0.00   4.2
   -1   30    26.666   0.118E-01      0.00   4.2
   -1   31    26.965   0.124E-01      0.00   4.2
   -1   32    27.268   0.130E-01      0.00   4.2
   -1   33    27.604   0.134E-01      0.00   4.2
   -1   34    27.868   0.135E-01      0.00   4.2
   -1   35    28.224   0.133E-01      0.00   4.2
   -1    1    16.413   0.486E-03      0.00   5.1
   -1    2    16.362   0.490E-03      0.00   5.1
   -1    3    16.203   0.498E-03      0.00   5.1
   -1    4    15.943   0.508E-03      0.00   5.1
   -1    5    15.590   0.518E-03      0.00   5.1
   -1    6    15.210   0.527E-03      0.00   5.1
   -1    7    14.756   0.533E-03      0.00   5.1
   -1    8    14.217   0.535E-03      0.00   5.1
   -1    9    13.495   0.533E-03      0.00   5.1
   -1   10    12.750   0.528E-03      0.00   5.1
   -1   11    11.855   0.520E-03      0.00   5.1
   -1   12    10.763   0.511E-03      0.00   5.1
   -1   13     9.396   0.501E-03      0.00   5.1
   -1   14     7.838   0.492E-03      0.00   5.1
   -1   15     6.570   0.484E-03      0.00   5.1
   -1   16     5.047   0.478E-03      0.00   5.1
   -1   17     3.198   0.474E-03      0.00   5.1
   -1   18     0.899   0.472E-03      0.00   5.1
   -1    6     2.585   0.578E-02    121.14   5.2
   -1    7     5.678   0.623E-02    105.08   5.2
   -1    8     8.150   0.681E-02     84.58   5.2
   -1    9    10.221   0.660E-02     54.48   5.2
   -1   10    11.927   0.513E-02      0.00   5.2
   -1   11    13.371   0.341E-02      0.00   5.2
   -1   12    14.766   0.233E-02      0.00   5.2
   -1   13    15.909   0.177E-02      0.00   5.2
   -1   14    16.949   0.143E-02      0.00   5.2
   -1   15    17.869   0.122E-02      0.00   5.2
   -1   16    18.745   0.109E-02      0.00   5.2
   -1   17    19.551   0.104E-02      0.00   5.2
   -1   18    20.278   0.104E-02      0.00   5.2
   -1   19    21.006   0.109E-02      0.00   5.2
   -1   20    21.703   0.119E-02      0.00   5.2
   -1   21    22.373   0.133E-02      0.00   5.2
   -1   22    23.018   0.149E-02      0.00   5.2
   -1   23    23.645   0.168E-02      0.00   5.2
   -1   24    24.268   0.187E-02      0.00   5.2
   -1   25    24.888   0.207E-02      0.00   5.2
   -1   26    25.507   0.226E-02      0.00   5.2
   -1   27    26.118   0.242E-02      0.00   5.2
   -1   28    26.742   0.256E-02      0.00   5.2
   -1   29    27.411   0.274E-02      0.00   5.2
   -1   30    27.972   0.289E-02      0.00   5.2
   -1    1     7.408   0.474E-04      0.00   6.1
   -1    2     7.347   0.477E-04      0.00   6.1
   -1    3     7.179   0.474E-04      0.00   6.1
   -1    4     6.880   0.453E-04      0.00   6.1
   -1    5     6.437   0.469E-04      0.00   6.1
   -1    6     4.173   0.615E-04      0.00   6.1
   -1    7     3.663   0.844E-04      0.00   6.1
   -1    8     3.038   0.105E-03      0.00   6.1
   -1    9     2.278   0.112E-03      0.00   6.1
   -1   10     1.318   0.113E-03      0.00   6.1
   -1   11     0.100   0.115E-03      0.00   6.1
   -1   16     0.442   0.103E-02      0.00   6.2
   -1   17     2.575   0.985E-03      0.00   6.2
   -1   18     4.640   0.965E-03      0.00   6.2
   -1   19     6.641   0.991E-03      0.00   6.2
   -1   20     8.586   0.105E-02      0.00   6.2
   -1   21    10.483   0.114E-02      0.00   6.2
   -1   22    12.349   0.126E-02      0.00   6.2
   -1   23    14.176   0.139E-02      0.00   6.2
   -1   24    16.063   0.154E-02      0.00   6.2
   -1   25    17.794   0.170E-02      0.00   6.2
   -1   26    19.603   0.184E-02      0.00   6.2
   -1   27    21.386   0.198E-02      0.00   6.2
   -1   28    23.178   0.209E-02      0.00   6.2
   -1   29    25.017   0.218E-02      0.00   6.2
   -1   30    26.843   0.223E-02      0.00   6.2
   -1   13     0.645   0.178E-04      0.00   7.2
   -1   14     2.893   0.175E-04      0.00   7.2
   -1   15     5.134   0.178E-04      0.00   7.2
   -1   16     7.299   0.191E-04      0.00   7.2
   -1   17     9.429   0.213E-04      0.00   7.2
   -1   18    11.542   0.243E-04      0.00   7.2
   -1   19    13.628   0.278E-04      0.00   7.2
   -1   20    15.780   0.318E-04      0.00   7.2
   -1   21    17.798   0.359E-04      0.00   7.2
   -1   22    19.907   0.399E-04      0.00   7.2
   -1   23    22.007   0.433E-04      0.00   7.2
   -1   24    24.138   0.460E-04      0.00   7.2
   -1   25    26.342   0.474E-04      0.00   7.2
    1    1    31.832   0.405E-01      0.00   1.1
    1    2    32.181   0.397E-01      0.00   1.1
    1    3    32.603   0.385E-01      0.00   1.1
    1    4    33.125   0.370E-01      0.00   1.1
    1    5    33.785   0.356E-01      0.00   1.1
    1    6    34.433   0.344E-01      0.00   1.1
    1    7    34.773   0.333E-01      0.00   1.1
    1    8    35.153   0.323E-01      0.00   1.1
    1    9    35.579   0.313E-01      0.00   1.1
    1   10    36.061   0.304E-01      0.00   1.1
    1   11    36.611   0.295E-01      0.00   1.1
    1   12    37.242   0.287E-01      0.00   1.1
    1   13    37.976   0.279E-01      0.00   1.1
    1   14    38.393   0.271E-01      0.00   1.1
    1   15    38.832   0.264E-01      0.00   1.1
    1   16    39.311   0.257E-01      0.00   1.1
    1   17    39.836   0.251E-01      0.00   1.1
    1   18    40.413   0.245E-01      0.00   1.1
    1   19    41.050   0.239E-01      0.00   1.1
    1   20    41.757   0.233E-01      0.00   1.1
    1   21    42.547   0.228E-01      0.00   1.1
    1   22    43.208   0.224E-01      0.00   1.1
    1   23    43.757   0.220E-01      0.00   1.1
    1   24    44.348   0.216E-01      0.00   1.1
    1   25    44.986   0.212E-01      0.00   1.1
    1   26    45.677   0.209E-01      0.00   1.1
    1   27    46.346   0.206E-01      0.00   1.1
    1   28    46.871   0.203E-01      0.00   1.1
    1   29    47.429   0.200E-01      0.00   1.1
    1   30    48.022   0.197E-01      0.00   1.1
    1   31    48.653   0.194E-01      0.00   1.1
    1   32    49.326   0.192E-01      0.00   1.1
    1   33    50.046   0.189E-01      0.00   1.1
    1   34    50.817   0.186E-01      0.00   1.1
    1   35    51.529   0.184E-01      0.00   1.1
    1   36    52.159   0.182E-01      0.00   1.1
    1   37    52.724   0.179E-01      0.00   1.1
    1   38    53.317   0.177E-01      0.00   1.1
    1   39    53.941   0.175E-01      0.00   1.1
    1   40    54.598   0.173E-01      0.00   1.1
    1   41    55.290   0.171E-01      0.00   1.1
    1   42    56.020   0.169E-01      0.00   1.1
    1   43    56.792   0.167E-01      0.00   1.1
    1   44    57.419   0.165E-01      0.00   1.1
    1   45    58.022   0.163E-01      0.00   1.1
    1   46    58.651   0.161E-01      0.00   1.1
    1   47    59.309   0.160E-01      0.00   1.1
    1   48    59.997   0.158E-01      0.00   1.1
    1   49    60.717   0.156E-01      0.00   1.1
    1   50    61.472   0.154E-01      0.00   1.1
    1   51    62.197   0.153E-01      0.00   1.1
    1   52    62.810   0.151E-01      0.00   1.1
    1   53    63.447   0.150E-01      0.00   1.1
    1   54    64.109   0.149E-01      0.00   1.1
    1   55    64.798   0.147E-01      0.00   1.1
    1   56    65.516   0.146E-01      0.00   1.1
    1   57    66.265   0.144E-01      0.00   1.1
    1   58    67.046   0.143E-01      0.00   1.1
    1   59    67.703   0.142E-01      0.00   1.1
    1   60    68.346   0.142E-01      0.00   1.1
    1    1    65.120   0.144E-01    179.38   1.2
    1    2    53.104   0.170E-01    176.02   1.2
    1    3    48.435   0.215E-01    173.98   1.2
    1    4    45.815   0.271E-01    172.20   1.2
    1    5    43.725   0.330E-01    170.41   1.2
    1    6    42.058   0.391E-01    168.55   1.2
    1    7    40.710   0.452E-01    166.61   1.2
    1    8    39.705   0.514E-01    164.57   1.2
    1    9    38.863   0.573E-01    162.36   1.2
    1   10    38.143   0.630E-01    159.95   1.2
    1   11    37.465   0.686E-01    157.30   1.2
    1   12    36.856   0.745E-01    154.37   1.2
    1   13    36.315   0.809E-01    151.12   1.2
    1   14    35.831   0.876E-01    147.50   1.2
    1   15    35.394   0.947E-01    143.45   1.2
    1   16    34.996   0.102E+00    138.90   1.2
    1   17    34.633   0.110E+00    133.75   1.2
    1   18    34.299   0.119E+00    127.93   1.2
    1   19    33.991   0.128E+00    121.28   1.2
    1   20    33.704   0.137E+00    113.66   1.2
    1   21    33.438   0.147E+00    104.84   1.2
    1   22    33.188   0.157E+00     94.51   1.2
    1   23    32.955   0.165E+00     82.16   1.2
    1   24    32.685   0.169E+00     66.82   1.2
    1   25    32.474   0.163E+00     45.88   1.2
    1   26    32.275   0.146E+00      0.00   1.2
    1   27    32.093   0.121E+00      0.00   1.2
    1   28    31.921   0.969E-01      0.00   1.2
    1   29    31.748   0.788E-01      0.00   1.2
    1   30    31.582   0.679E-01      0.00   1.2
    1   31    31.423   0.623E-01      0.00   1.2
    1   32    31.270   0.598E-01      0.00   1.2
    1   33    31.122   0.592E-01      0.00   1.2
    1   34    30.980   0.597E-01      0.00   1.2
    1   35    30.858   0.608E-01      0.00   1.2
    1   36    30.725   0.624E-01      0.00   1.2
    1   37    30.596   0.645E-01      0.00   1.2
    1   38    30.471   0.671E-01      0.00   1.2
    1   39    30.349   0.702E-01      0.00   1.2
    1   40    30.231   0.736E-01      0.00   1.2
    1   41    30.116   0.773E-01      0.00   1.2
    1   42    30.004   0.812E-01      0.00   1.2
    1   43    29.894   0.852E-01      0.00   1.2
    1   44    29.787   0.893E-01      0.00   1.2
    1   45    29.683   0.934E-01      0.00   1.2
    1   46    29.580   0.974E-01      0.00   1.2
    1   47    29.479   0.101E+00      0.00   1.2
    1   48    29.379   0.105E+00      0.00   1.2
    1   49    29.281   0.109E+00      0.00   1.2
    1   50    29.184   0.112E+00      0.00   1.2
    1   51    29.088   0.116E+00      0.00   1.2
    1   52    28.993   0.119E+00      0.00   1.2
    1   53    28.899   0.122E+00      0.00   1.2
    1   54    28.806   0.125E+00      0.00   1.2
    1   55    28.714   0.127E+00      0.00   1.2
    1   56    28.623   0.129E+00      0.00   1.2
    1   57    28.532   0.131E+00      0.00   1.2
    1   58    28.441   0.132E+00      0.00   1.2
    1   59    28.351   0.133E+00      0.00   1.2
    1   60    28.261   0.133E+00      0.00   1.2
    1    1    32.303   0.812E-02      0.00   2.1
    1    2    33.187   0.106E-01      0.00   2.1
    1    3    33.566   0.145E-01      0.00   2.1
    1    4    33.852   0.185E-01      0.00   2.1
    1    5    34.087   0.222E-01      0.00   2.1
    1    6    34.315   0.255E-01      0.00   2.1
    1    7    34.495   0.285E-01      0.00   2.1
    1    8    34.674   0.311E-01      0.00   2.1
    1    9    34.841   0.334E-01      0.00   2.1
    1   10    34.987   0.353E-01      0.00   2.1
    1   11    35.146   0.369E-01      0.00   2.1
    1   12    35.283   0.381E-01      0.00   2.1
    1   13    35.413   0.392E-01      0.00   2.1
    1   14    35.549   0.402E-01      0.00   2.1
    1   15    35.675   0.410E-01      0.00   2.1
    1   16    35.789   0.419E-01      0.00   2.1
    1   17    35.906   0.427E-01      0.00   2.1
    1   18    36.026   0.435E-01      0.00   2.1
    1   19    36.132   0.443E-01      0.00   2.1
    1   20    36.235   0.450E-01      0.00   2.1
    1   21    36.325   0.456E-01      0.00   2.1
    1   22    36.432   0.461E-01      0.00   2.1
    1   23    36.532   0.465E-01      0.00   2.1
    1   24    36.625   0.469E-01      0.00   2.1
    1   25    36.719   0.472E-01      0.00   2.1
    1   26    36.816   0.474E-01      0.00   2.1
    1   27    36.915   0.477E-01      0.00   2.1
    1   28    37.000   0.480E-01      0.00   2.1
    1   29    37.087   0.483E-01      0.00   2.1
    1   30    37.192   0.486E-01      0.00   2.1
    1   31    37.279   0.490E-01      0.00   2.1
    1   32    37.368   0.495E-01      0.00   2.1
    1   33    37.447   0.499E-01      0.00   2.1
    1   34    37.526   0.503E-01      0.00   2.1
    1   35    37.606   0.507E-01      0.00   2.1
    1   36    37.688   0.510E-01      0.00   2.1
    1   37    37.770   0.513E-01      0.00   2.1
    1   38    37.848   0.515E-01      0.00   2.1
    1   39    37.922   0.518E-01      0.00   2.1
    1   40    37.998   0.520E-01      0.00   2.1
    1   41    38.072   0.521E-01      0.00   2.1
    1   42    38.148   0.523E-01      0.00   2.1
    1   43    38.226   0.524E-01      0.00   2.1
    1   44    38.297   0.525E-01      0.00   2.1
    1   45    38.367   0.526E-01      0.00   2.1
    1   46    38.438   0.527E-01      0.00   2.1
    1   47    38.510   0.527E-01      0.00   2.1
    1   48    38.583   0.527E-01      0.00   2.1
    1   49    38.657   0.528E-01      0.00   2.1
    1   50    38.727   0.528E-01      0.00   2.1
    1   51    38.795   0.528E-01      0.00   2.1
    1   52    38.863   0.528E-01      0.00   2.1
    1   53    38.933   0.528E-01      0.00   2.1
    1   54    39.003   0.527E-01      0.00   2.1
    1   55    39.075   0.527E-01      0.00   2.1
    1   56    39.147   0.527E-01      0.00   2.1
    1   57    39.213   0.527E-01      0.00   2.1
    1   58    39.279   0.526E-01      0.00   2.1
    1   59    39.347   0.526E-01      0.00   2.1
    1   60    39.415   0.525E-01      0.00   2.1
    1    1    39.342   0.387E-01    179.87   2.2
    1    2    35.989   0.478E-01    170.74   2.2
    1    3    34.953   0.631E-01    164.37   2.2
    1    4    34.224   0.796E-01    156.69   2.2
    1    5    33.694   0.934E-01    147.90   2.2
    1    6    33.284   0.105E+00    137.78   2.2
    1    7    32.901   0.116E+00    124.37   2.2
    1    8    32.570   0.127E+00    107.16   2.2
    1    9    32.276   0.133E+00     84.42   2.2
    1   10    31.994   0.122E+00     49.23   2.2
    1   11    31.728   0.937E-01      0.00   2.2
    1   12    31.489   0.650E-01      0.00   2.2
    1   13    31.260   0.478E-01      0.00   2.2
    1   14    31.041   0.409E-01      0.00   2.2
    1   15    30.829   0.390E-01      0.00   2.2
    1   16    30.627   0.394E-01      0.00   2.2
    1   17    30.435   0.410E-01      0.00   2.2
    1   18    30.248   0.432E-01      0.00   2.2
    1   19    30.069   0.457E-01      0.00   2.2
    1   20    29.891   0.485E-01      0.00   2.2
    1   21    29.717   0.513E-01      0.00   2.2
    1   22    29.549   0.541E-01      0.00   2.2
    1   23    29.382   0.568E-01      0.00   2.2
    1   24    29.218   0.593E-01      0.00   2.2
    1   25    29.056   0.615E-01      0.00   2.2
    1   26    28.895   0.634E-01      0.00   2.2
    1   27    28.736   0.648E-01      0.00   2.2
    1   28    28.579   0.649E-01      0.00   2.2
    1   29    28.421   0.634E-01      0.00   2.2
    1   30    28.228   0.617E-01      0.00   2.2
    1    1    32.496   0.200E-02      0.00   3.1
    1    2    34.338   0.280E-02      0.00   3.1
    1    3    35.384   0.386E-02      0.00   3.1
    1    4    36.294   0.479E-02      0.00   3.1
    1    5    37.018   0.555E-02      0.00   3.1
    1    6    37.710   0.614E-02      0.00   3.1
    1    7    38.286   0.661E-02      0.00   3.1
    1    8    38.947   0.698E-02      0.00   3.1
    1    9    39.470   0.728E-02      0.00   3.1
    1   10    39.923   0.753E-02      0.00   3.1
    1   11    40.402   0.773E-02      0.00   3.1
    1   12    40.916   0.791E-02      0.00   3.1
    1   13    41.335   0.807E-02      0.00   3.1
    1   14    41.745   0.821E-02      0.00   3.1
    1   15    42.177   0.834E-02      0.00   3.1
    1   16    42.624   0.846E-02      0.00   3.1
    1   17    42.981   0.858E-02      0.00   3.1
    1   18    43.352   0.869E-02      0.00   3.1
    1   19    43.737   0.879E-02      0.00   3.1
    1   20    44.135   0.889E-02      0.00   3.1
    1   21    44.470   0.898E-02      0.00   3.1
    1   22    44.800   0.906E-02      0.00   3.1
    1   23    45.140   0.913E-02      0.00   3.1
    1   24    45.491   0.919E-02      0.00   3.1
    1   25    45.846   0.925E-02      0.00   3.1
    1   26    46.144   0.930E-02      0.00   3.1
    1   27    46.447   0.932E-02      0.00   3.1
    1   28    46.759   0.931E-02      0.00   3.1
    1   29    47.081   0.930E-02      0.00   3.1
    1   30    47.407   0.928E-02      0.00   3.1
    1    1    46.300   0.134E-01    179.21   3.2
    1    2    37.951   0.203E-01    167.39   3.2
    1    3    36.231   0.309E-01    159.84   3.2
    1    4    35.204   0.412E-01    151.91   3.2
    1    5    34.526   0.498E-01    143.12   3.2
    1    6    33.996   0.578E-01    132.96   3.2
    1    7    33.559   0.658E-01    120.91   3.2
    1    8    33.203   0.736E-01    106.33   3.2
    1    9    32.895   0.801E-01     87.94   3.2
    1   10    32.606   0.815E-01     62.80   3.2
    1   11    32.332   0.714E-01      1.25   3.2
    1   12    32.091   0.517E-01      0.00   3.2
    1   13    31.871   0.335E-01      0.00   3.2
    1   14    31.659   0.237E-01      0.00   3.2
    1   15    31.459   0.197E-01      0.00   3.2
    1   16    31.268   0.181E-01      0.00   3.2
    1   17    31.085   0.174E-01      0.00   3.2
    1   18    30.909   0.174E-01      0.00   3.2
    1   19    30.739   0.177E-01      0.00   3.2
    1   20    30.575   0.183E-01      0.00   3.2
    1   21    30.415   0.191E-01      0.00   3.2
    1   22    30.259   0.200E-01      0.00   3.2
    1   23    30.106   0.210E-01      0.00   3.2
    1   24    29.957   0.220E-01      0.00   3.2
    1   25    29.813   0.231E-01      0.00   3.2
    1   26    29.669   0.241E-01      0.00   3.2
    1   27    29.529   0.251E-01      0.00   3.2
    1   28    29.389   0.261E-01      0.00   3.2
    1   29    29.252   0.270E-01      0.00   3.2
    1   30    29.116   0.278E-01      0.00   3.2
    1   31    28.981   0.285E-01      0.00   3.2
    1   32    28.847   0.292E-01      0.00   3.2
    1   33    28.714   0.297E-01      0.00   3.2
    1   34    28.583   0.302E-01      0.00   3.2
    1   35    28.451   0.304E-01      0.00   3.2
    1    1    32.385   0.736E-03      0.00   4.1
    1    2    36.338   0.132E-02      0.00   4.1
    1    3    37.956   0.205E-02      0.00   4.1
    1    4    39.238   0.259E-02      0.00   4.1
    1    5    40.392   0.288E-02      0.00   4.1
    1    6    41.616   0.308E-02      0.00   4.1
    1    7    42.582   0.327E-02      0.00   4.1
    1    8    43.567   0.346E-02      0.00   4.1
    1    9    44.402   0.363E-02      0.00   4.1
    1   10    45.205   0.378E-02      0.00   4.1
    1   11    46.052   0.390E-02      0.00   4.1
    1   12    46.710   0.401E-02      0.00   4.1
    1   13    47.405   0.409E-02      0.00   4.1
    1   14    48.142   0.417E-02      0.00   4.1
    1   15    48.784   0.424E-02      0.00   4.1
    1   16    49.399   0.431E-02      0.00   4.1
    1   17    50.025   0.436E-02      0.00   4.1
    1   18    50.593   0.439E-02      0.00   4.1
    1   19    51.164   0.442E-02      0.00   4.1
    1   20    51.758   0.445E-02      0.00   4.1
    1   21    52.362   0.450E-02      0.00   4.1
    1   22    52.899   0.457E-02      0.00   4.1
    1   23    53.393   0.464E-02      0.00   4.1
    1   24    53.902   0.469E-02      0.00   4.1
    1   25    54.428   0.475E-02      0.00   4.1
    1   26    54.917   0.482E-02      0.00   4.1
    1   27    55.362   0.488E-02      0.00   4.1
    1   28    55.821   0.492E-02      0.00   4.1
    1   29    56.284   0.495E-02      0.00   4.1
    1   30    56.704   0.497E-02      0.00   4.1
    1    1    55.384   0.263E-02    178.89   4.2
    1    2    53.713   0.282E-02    177.37   4.2
    1    3    50.103   0.335E-02    173.84   4.2
    1    4    47.602   0.438E-02    170.77   4.2
    1    5    45.369   0.592E-02    167.34   4.2
    1    6    43.644   0.778E-02    163.81   4.2
    1    7    42.066   0.986E-02    159.83   4.2
    1    8    40.799   0.122E-01    155.49   4.2
    1    9    39.788   0.147E-01    150.73   4.2
    1   10    38.934   0.173E-01    145.27   4.2
    1   11    38.128   0.200E-01    138.96   4.2
    1   12    37.408   0.230E-01    131.58   4.2
    1   13    36.788   0.263E-01    122.88   4.2
    1   14    36.241   0.297E-01    112.40   4.2
    1   15    35.737   0.330E-01     99.33   4.2
    1   16    35.269   0.351E-01     82.29   4.2
    1   17    34.831   0.339E-01     57.77   4.2
    1   18    34.393   0.280E-01      0.00   4.2
    1   19    34.006   0.197E-01      0.00   4.2
    1   20    33.611   0.132E-01      0.00   4.2
    1   21    33.240   0.958E-02      0.00   4.2
    1   22    32.888   0.796E-02      0.00   4.2
    1   23    32.562   0.721E-02      0.00   4.2
    1   24    32.234   0.692E-02      0.00   4.2
    1   25    31.910   0.697E-02      0.00   4.2
    1   26    31.599   0.727E-02      0.00   4.2
    1   27    31.290   0.773E-02      0.00   4.2
    1   28    30.983   0.833E-02      0.00   4.2
    1   29    30.677   0.903E-02      0.00   4.2
    1   30    30.373   0.978E-02      0.00   4.2
    1   31    30.069   0.105E-01      0.00   4.2
    1   32    29.765   0.113E-01      0.00   4.2
    1   33    29.461   0.120E-01      0.00   4.2
    1   34    29.152   0.125E-01      0.00   4.2
    1   35    28.839   0.129E-01      0.00   4.2
    1    1    34.679   0.140E-04      0.00   5.1
    1    2    35.423   0.292E-04      0.00   5.1
    1    3    36.555   0.600E-04      0.00   5.1
    1    4    38.430   0.103E-03      0.00   5.1
    1    5    39.246   0.155E-03      0.00   5.1
    1    6    41.875   0.219E-03      0.00   5.1
    1    7    42.878   0.277E-03      0.00   5.1
    1    8    44.193   0.302E-03      0.00   5.1
    1    9    45.965   0.283E-03      0.00   5.1
    1   10    47.990   0.251E-03      0.00   5.1
    1   11    51.188   0.294E-03      0.00   5.1
    1   12    66.812   0.471E-03      0.00   5.1
    1   13    68.329   0.665E-03     90.00   5.1
    1   14    69.886   0.758E-03      0.00   5.1
    1   15    71.896   0.844E-03      0.00   5.1
    1   16    72.727   0.101E-02      0.00   5.1
    1   17    73.421   0.119E-02      0.00   5.1
    1   18    74.107   0.131E-02      0.00   5.1
    1   19    74.414   0.133E-02      0.00   5.1
    1   20    75.194   0.127E-02      0.00   5.1
    1   21    75.990   0.124E-02      0.00   5.1
    1   22    76.800   0.128E-02      0.00   5.1
    1   23    77.648   0.137E-02      0.00   5.1
    1   24    78.463   0.136E-02      0.00   5.1
    1   25    78.697   0.112E-02      0.00   5.1
    1   26    80.953   0.853E-03      0.00   5.1
    1   27    84.893   0.782E-03      0.00   5.1
    1   28    86.515   0.852E-03      0.00   5.1
    1   29    88.100   0.910E-03      0.00   5.1
    1   30    89.753   0.921E-03      0.00   5.1
    1    1    88.362   0.584E-03    178.96   5.2
    1    2    76.847   0.803E-03    169.45   5.2
    1    3    69.703   0.123E-02    157.93   5.2
    1    4    61.937   0.194E-02    145.50   5.2
    1    5    53.785   0.310E-02    132.93   5.2
    1    6    50.590   0.459E-02    118.57   5.2
    1    7    48.103   0.611E-02    101.21   5.2
    1    8    46.254   0.717E-02     79.16   5.2
    1    9    44.736   0.704E-02     46.63   5.2
    1   10    43.415   0.560E-02      0.00   5.2
    1   11    42.235   0.384E-02      0.00   5.2
    1   12    41.216   0.260E-02      0.00   5.2
    1   13    40.274   0.192E-02      0.00   5.2
    1   14    39.336   0.154E-02      0.00   5.2
    1   15    38.553   0.130E-02      0.00   5.2
    1   16    37.799   0.115E-02      0.00   5.2
    1   17    37.026   0.107E-02      0.00   5.2
    1   18    36.372   0.105E-02      0.00   5.2
    1   19    35.715   0.107E-02      0.00   5.2
    1   20    35.082   0.113E-02      0.00   5.2
    1   21    34.467   0.125E-02      0.00   5.2
    1   22    33.867   0.139E-02      0.00   5.2
    1   23    33.386   0.153E-02      0.00   5.2
    1   24    32.800   0.166E-02      0.00   5.2
    1   25    32.224   0.182E-02      0.00   5.2
    1   26    31.650   0.199E-02      0.00   5.2
    1   27    31.079   0.217E-02      0.00   5.2
    1   28    30.509   0.233E-02      0.00   5.2
    1   29    29.933   0.246E-02      0.00   5.2
    1   30    29.352   0.254E-02      0.00   5.2
    1    1    44.454   0.122E-04      0.00   6.1
    1    2    46.170   0.260E-04      0.00   6.1
    1    3    48.884   0.512E-04      0.00   6.1
    1    4    52.850   0.829E-04      0.00   6.1
    1    5    56.735   0.119E-03      0.00   6.1
    1    6    61.873   0.158E-03      0.00   6.1
    1    7    65.036   0.192E-03      0.00   6.1
    1    8    68.833   0.221E-03      0.00   6.1
    1    9    72.822   0.261E-03      0.00   6.1
    1   10    76.231   0.312E-03      0.00   6.1
    1   11    78.709   0.348E-03      0.00   6.1
    1   12    81.971   0.366E-03      0.00   6.1
    1   13    86.132   0.395E-03      0.00   6.1
    1   14    89.438   0.448E-03      0.00   6.1
    1   15    92.377   0.506E-03      0.00   6.1
    1   16    94.909   0.546E-03      0.00   6.1
    1   17    97.726   0.574E-03      0.00   6.1
    1   18   100.346   0.600E-03      0.00   6.1
    1   19   102.848   0.620E-03      0.00   6.1
    1   20   105.591   0.637E-03      0.00   6.1
    1   21   108.168   0.649E-03      0.00   6.1
    1    3    99.874   0.168E-02    152.50   6.2
    1    4    96.672   0.171E-02    147.49   6.2
    1    5    93.076   0.175E-02    141.06   6.2
    1    6    89.441   0.179E-02    132.71   6.2
    1    7    98.089   0.226E-02    151.45   6.2
    1    8    91.589   0.235E-02    143.66   6.2
    1    9    85.881   0.250E-02    134.36   6.2
    1   10    83.673   0.271E-02    130.69   6.2
    1   11    78.588   0.299E-02    118.44   6.2
    1   12    74.863   0.334E-02    102.79   6.2
    1   13    71.156   0.363E-02     81.51   6.2
    1   14    67.172   0.339E-02     47.69   6.2
    1   15    63.931   0.247E-02      0.00   6.2
    1   16    60.950   0.157E-02      0.00   6.2
    1   17    57.943   0.111E-02      0.00   6.2
    1   18    55.236   0.952E-03      0.00   6.2
    1   19    52.732   0.922E-03      0.00   6.2
    1   20    50.632   0.955E-03      0.00   6.2
    1   21    48.514   0.102E-02      0.00   6.2
    1   22    46.510   0.112E-02      0.00   6.2
    1   23    44.572   0.124E-02      0.00   6.2
    1   24    42.654   0.138E-02      0.00   6.2
    1   25    40.775   0.153E-02      0.00   6.2
    1   26    38.924   0.169E-02      0.00   6.2
    1   27    37.107   0.184E-02      0.00   6.2
    1   28    35.277   0.197E-02      0.00   6.2
    1   29    33.442   0.208E-02      0.00   6.2
    1   30    31.588   0.214E-02      0.00   6.2
    1    1    66.390   0.510E-05      0.00   7.1
    1    2    67.312   0.737E-05      0.00   7.1
    1    3    67.638   0.108E-04      0.00   7.1
    1    4    69.584   0.173E-04      0.00   7.1
    1    5    70.619   0.253E-04      0.00   7.1
    1    6    73.270   0.398E-04      0.00   7.1
    1    7    74.441   0.566E-04      0.00   7.1
    1    8    76.022   0.565E-04      0.00   7.1
    1    9    78.007   0.471E-04      0.00   7.1
    1   10    82.579   0.531E-04      0.00   7.1
    1   11    84.819   0.452E-04      0.00   7.1
    1   12   106.965   0.578E-04      0.00   7.1
    1   13   108.498   0.977E-04     90.00   7.1
    1    2   108.813   0.258E-03    110.83   7.2
    1    3    85.276   0.208E-03      0.00   7.2
    1    4    78.152   0.157E-03      0.00   7.2
    1    5    75.001   0.116E-03      0.00   7.2
    1    6    72.056   0.801E-04      0.00   7.2
    1    7    68.989   0.567E-04      0.00   7.2
    1    8    66.376   0.434E-04      0.00   7.2
    1    9    64.039   0.341E-04      0.00   7.2
    1   10    61.708   0.268E-04      0.00   7.2
    1   11    59.364   0.217E-04      0.00   7.2
    1   12    57.136   0.186E-04      0.00   7.2
    1   13    54.934   0.170E-04      0.00   7.2
    1   14    52.781   0.168E-04      0.00   7.2
    1   15    50.897   0.175E-04      0.00   7.2
    1   16    48.997   0.189E-04      0.00   7.2
    1   17    47.069   0.210E-04      0.00   7.2
    1   18    45.152   0.239E-04      0.00   7.2
    1   19    43.292   0.272E-04      0.00   7.2
    1   20    41.399   0.308E-04      0.00   7.2
    1   21    39.505   0.346E-04      0.00   7.2
    1   22    37.618   0.382E-04      0.00   7.2
    1   23    35.696   0.416E-04      0.00   7.2
    1   24    33.750   0.444E-04      0.00   7.2
    1   25    31.762   0.461E-04      0.00   7.2
    1    1    97.179   0.143E-05      0.00   8.1
    1    2   100.923   0.568E-05      0.00   8.1
    1    3   106.628   0.108E-04      0.00   8.1
