    4 1.4833 1.4833
-110.000   0.000   0.000   0.000   0.000   1.810-110.000   1.810
    4 1.4833 1.4833
 110.000   0.000 220.000   0.000 220.000   2.300 110.000   2.300
    4 1.9431 1.9431
-110.000   1.810   0.000   1.810   0.000   2.670-110.000   2.670
    4 1.9431 1.9431
 110.000   2.300 220.000   2.300 220.000   2.840 110.000   2.840
    4 2.3122 2.3122
-110.000   2.670   0.000   2.670   0.000   3.410-110.000   3.410
    4 2.3122 2.3122
 110.000   2.840 220.000   2.840 220.000   5.440 110.000   5.440
    4 2.4645 2.4645
-110.000   3.410   0.000   3.410   0.000   4.250-110.000   4.250
    4 2.4719 2.4719
 110.000   5.440 220.000   5.440 220.000   5.720 110.000   5.720
    4 2.6208 2.6208
-110.000   4.250   0.000   4.250   0.000   6.770-110.000   6.770
    4 2.6165 2.6165
 110.000   5.720 220.000   5.720 220.000   8.200 110.000   8.200
    4 2.7616 2.7616
-110.000   6.770   0.000   6.770   0.000  18.690-110.000  18.690
    4 2.7616 2.7616
 110.000   8.200 220.000   8.200 220.000  14.960 110.000  14.960
    4 3.3092 3.3092
-110.000  18.690   0.000  18.690   0.000  20.810-110.000  20.810
    4 3.3092 3.3092
 110.000  14.960 220.000  14.960 220.000  17.250 110.000  17.250
    4 3.3570 3.3570
-110.000  20.810   0.000  20.810   0.000  29.000-110.000  29.000
    4 3.3648 3.3648
 110.000  17.250 220.000  17.250 220.000  29.000 110.000  29.000
    4 1.4833 1.4833
   0.000   0.000  11.070   0.000  11.070   1.840   0.000   1.810
    4 1.4833 1.4833
  11.070   0.000  15.000   0.000  15.000   1.900  11.070   1.840
    4 1.4833 1.4833
  15.000   0.000  20.000   0.000  20.000   1.930  15.000   1.900
    4 1.4833 1.4833
  20.000   0.000  29.520   0.000  29.520   2.000  20.000   1.930
    4 1.4833 1.4833
  29.520   0.000  38.000   0.000  38.000   2.040  29.520   2.000
    4 1.4833 1.4833
  38.000   0.000  46.190   0.000  46.190   2.060  38.000   2.040
    4 1.4833 1.4833
  46.190   0.000  52.000   0.000  52.000   2.060  46.190   2.060
    4 1.4833 1.4833
  52.000   0.000  62.000   0.000  62.000   2.130  52.000   2.060
    4 1.4833 1.4833
  62.000   0.000  67.260   0.000  67.260   2.170  62.000   2.130
    4 1.4833 1.4833
  67.260   0.000  81.790   0.000  81.790   2.170  67.260   2.170
    4 1.4833 1.4833
  81.790   0.000  85.480   0.000  85.480   2.170  81.790   2.170
    4 1.4833 1.4833
  85.480   0.000  99.640   0.000  99.640   2.130  85.480   2.170
    4 1.4833 1.4833
  99.640   0.000 110.000   0.000 110.000   2.300  99.640   2.130
    4 1.9431 1.9431
   0.000   1.810  11.070   1.840  11.070   2.655   0.000   2.670
    4 1.9431 1.9431
  11.070   1.840  14.640   1.895  14.640   2.650  11.070   2.655
    4 1.9431 1.9431
  14.640   1.895  15.000   1.900  15.000   2.682  14.640   2.650
    4 1.9431 1.9431
  15.000   1.900  17.980   1.918  17.980   2.950  15.000   2.682
    4 1.9431 1.9431
  17.980   1.918  20.000   1.930  20.000   2.938  17.980   2.950
    4 1.9431 1.9431
  20.000   1.930  29.520   2.000  29.520   2.881  20.000   2.938
    4 1.9431 1.9431
  29.520   2.000  31.430   2.009  31.430   2.870  29.520   2.881
    4 1.9431 1.9431
  31.430   2.009  38.000   2.040  38.000   2.867  31.430   2.870
    4 1.9431 1.9431
  38.000   2.040  46.190   2.060  46.190   2.864  38.000   2.867
    4 1.9431 1.9431
  46.190   2.060  52.000   2.060  52.000   2.862  46.190   2.864
    4 1.9431 1.9431
  52.000   2.060  62.000   2.130  62.000   2.858  52.000   2.862
    4 1.9431 1.9431
  62.000   2.130  67.260   2.170  67.260   2.856  62.000   2.858
    4 1.9431 1.9431
  67.260   2.170  81.790   2.170  81.790   2.851  67.260   2.856
    4 1.9431 1.9431
  81.790   2.170  85.480   2.170  85.480   2.849  81.790   2.851
    4 1.9431 1.9431
  85.480   2.170  99.640   2.130  99.640   2.844  85.480   2.849
    4 1.9431 1.9431
  99.640   2.130 110.000   2.300 110.000   2.840  99.640   2.844
    4 2.3122 2.3122
   0.000   2.670  14.640   2.650  14.640   3.410   0.000   3.410
    4 2.3122 2.3122
  14.640   2.650  15.240   2.704  15.240   3.410  14.640   3.410
    4 2.3122 2.3122
  15.240   2.704  17.980   2.950  17.980   3.460  15.240   3.410
    4 2.3122 2.3122
  17.980   2.950  24.640   2.910  24.640   3.580  17.980   3.460
    4 2.3122 2.3122
  24.640   2.910  31.430   2.870  31.430   3.737  24.640   3.580
    4 2.3122 2.3122
  31.430   2.870  37.620   2.868  37.620   3.880  31.430   3.737
    4 2.3122 2.3122
  37.620   2.868  47.740   2.864  47.740   3.900  37.620   3.880
    4 2.3122 2.3122
  47.740   2.864  70.120   2.855  70.120   3.750  47.740   3.900
    4 2.3122 2.3122
  70.120   2.855  81.190   2.851  81.190   4.880  70.120   3.750
    4 2.3122 2.3122
  81.190   2.851 110.000   2.840 110.000   5.440  81.190   4.880
    4 2.4645 2.4645
   0.000   3.410  15.240   3.410  15.240   4.338   0.000   4.250
    4 2.4652 2.4652
  15.240   3.410  19.050   3.479  19.050   4.360  15.240   4.338
    4 2.4656 2.4656
  19.050   3.479  24.640   3.580  24.640   4.708  19.050   4.360
    4 2.4659 2.4659
  24.640   3.580  26.430   3.621  26.430   4.820  24.640   4.708
    4 2.4662 2.4662
  26.430   3.621  30.480   3.715  30.480   5.030  26.430   4.820
    4 2.4666 2.4666
  30.480   3.715  37.620   3.880  37.620   5.405  30.480   5.030
    4 2.4672 2.4672
  37.620   3.880  43.810   3.892  43.810   5.730  37.620   5.405
    4 2.4676 2.4676
  43.810   3.892  47.740   3.900  47.740   5.768  43.810   5.730
    4 2.4677 2.4677
  47.740   3.900  47.980   3.898  47.980   5.770  47.740   5.768
    4 2.4679 2.4679
  47.980   3.898  50.600   3.881  50.600   5.730  47.980   5.770
    4 2.4682 2.4682
  50.600   3.881  55.240   3.850  55.240   4.950  50.600   5.730
    4 2.4685 2.4685
  55.240   3.850  59.640   3.820  59.640   4.380  55.240   4.950
    4 2.4691 2.4691
  59.640   3.820  68.330   3.762  68.330   4.430  59.640   4.380
    4 2.4695 2.4695
  68.330   3.762  70.000   3.751  70.000   5.120  68.330   4.430
    4 2.4696 2.4696
  70.000   3.751  70.120   3.750  70.120   5.152  70.000   5.120
    4 2.4697 2.4697
  70.120   3.750  73.450   4.090  73.450   6.030  70.120   5.152
    4 2.4700 2.4700
  73.450   4.090  78.210   4.576  78.210   5.900  73.450   6.030
    4 2.4703 2.4703
  78.210   4.576  81.190   4.880  81.190   5.542  78.210   5.900
    4 2.4705 2.4705
  81.190   4.880  81.790   4.892  81.790   5.470  81.190   5.542
    4 2.4707 2.4707
  81.790   4.892  87.500   5.003  87.500   5.470  81.790   5.470
    4 2.4719 2.4719
  87.500   5.003 110.000   5.440 110.000   5.720  87.500   5.470
    4 2.6208 2.6208
   0.000   4.250  17.800   4.353  17.800   7.212   0.000   6.770
    4 2.6204 2.6204
  17.800   4.353  19.050   4.360  19.050   7.243  17.800   7.212
    4 2.6183 2.6183
  19.050   4.360  24.730   4.714  24.730   7.384  19.050   7.243
    4 2.6165 2.6165
  24.730   4.714  26.430   4.820  26.430   7.426  24.730   7.384
    4 2.6165 2.6165
  26.430   4.820  30.480   5.030  30.480   7.527  26.430   7.426
    4 2.6165 2.6165
  30.480   5.030  30.600   5.036  30.600   7.530  30.480   7.527
    4 2.6165 2.6165
  30.600   5.036  43.810   5.730  43.810   7.730  30.600   7.530
    4 2.6165 2.6165
  43.810   5.730  47.980   5.770  47.980   7.793  43.810   7.730
    4 2.6165 2.6165
  47.980   5.770  50.600   5.730  50.600   7.833  47.980   7.793
    4 2.6165 2.6165
  50.600   5.730  55.240   4.950  55.240   7.903  50.600   7.833
    4 2.6165 2.6165
  55.240   4.950  59.020   4.460  59.020   7.960  55.240   7.903
    4 2.6165 2.6165
  59.020   4.460  59.640   4.380  59.640   7.959  59.020   7.960
    4 2.6165 2.6165
  59.640   4.380  68.330   4.430  68.330   7.938  59.640   7.959
    4 2.6165 2.6165
  68.330   4.430  70.000   5.120  70.000   7.934  68.330   7.938
    4 2.6165 2.6165
  70.000   5.120  73.450   6.030  73.450   7.925  70.000   7.934
    4 2.6165 2.6165
  73.450   6.030  78.210   5.900  78.210   7.914  73.450   7.925
    4 2.6165 2.6165
  78.210   5.900  81.790   5.470  81.790   7.905  78.210   7.914
    4 2.6165 2.6165
  81.790   5.470  83.930   5.470  83.930   7.900  81.790   7.905
    4 2.6165 2.6165
  83.930   5.470  87.500   5.470  87.500   7.941  83.930   7.900
    4 2.6165 2.6165
  87.500   5.470 110.000   5.720 110.000   8.200  87.500   7.941
    4 2.7616 2.7616
   0.000   6.770  30.600   7.530  30.600  18.601   0.000  18.690
    4 2.7616 2.7616
  30.600   7.530  58.210   7.948  58.210  18.520  30.600  18.601
    4 2.7616 2.7616
  58.210   7.948  59.020   7.960  59.020  18.491  58.210  18.520
    4 2.7616 2.7616
  59.020   7.960  70.120   7.933  70.120  18.090  59.020  18.491
    4 2.7616 2.7616
  70.120   7.933  81.550   7.906  81.550  15.800  70.120  18.090
    4 2.7616 2.7616
  81.550   7.906  83.930   7.900  83.930  15.716  81.550  15.800
    4 2.7616 2.7616
  83.930   7.900 101.070   8.097 101.070  15.110  83.930  15.716
    4 2.7616 2.7616
 101.070   8.097 110.000   8.200 110.000  14.960 101.070  15.110
    4 3.3092 3.3092
   0.000  18.690  58.210  18.520  58.210  19.963   0.000  20.810
    4 3.3092 3.3092
  58.210  18.520  58.450  18.511  58.450  19.960  58.210  19.963
    4 3.3092 3.3092
  58.450  18.511  70.120  18.090  70.120  19.735  58.450  19.960
    4 3.3092 3.3092
  70.120  18.090  71.430  17.828  71.430  19.710  70.120  19.735
    4 3.3092 3.3092
  71.430  17.828  81.550  15.800  81.550  18.820  71.430  19.710
    4 3.3092 3.3092
  81.550  15.800  84.050  15.712  84.050  18.600  81.550  18.820
    4 3.3092 3.3092
  84.050  15.712 101.070  15.110 101.070  17.490  84.050  18.600
    4 3.3092 3.3092
 101.070  15.110 102.140  15.092 102.140  17.420 101.070  17.490
    4 3.3092 3.3092
 102.140  15.092 110.000  14.960 110.000  17.250 102.140  17.420
    4 3.3570 3.3570
   0.000  20.810  58.450  19.960  58.450  29.000   0.000  29.000
    4 3.3606 3.3606
  58.450  19.960  71.430  19.710  71.430  29.000  58.450  29.000
    4 3.3619 3.3619
  71.430  19.710  84.050  18.600  84.050  29.000  71.430  29.000
    4 3.3635 3.3635
  84.050  18.600 102.140  17.420 102.140  29.000  84.050  29.000
    4 3.3648 3.3648
 102.140  17.420 110.000  17.250 110.000  29.000 102.140  29.000
