shot  ray i.angle  f.angle   dist     depth red.time  npts code
  -1   1    0.000   -2.289   24.381    0.00   2.044     3   1.1
  -1   2    0.186   -2.262   24.120    0.00   2.185     3   1.1
  -1   3    0.371   -2.625   23.210    0.00   2.676     3   1.1
  -1   4    0.557   -2.607   22.938    0.00   2.823     3   1.1
  -1   5    0.742   -2.609   22.633    0.00   2.988     3   1.1
  -1   6    0.928   -2.633   22.291    0.00   3.172     3   1.1
  -1   7    1.113   -2.685   21.904    0.00   3.382     3   1.1
  -1   8    1.299   -2.771   21.461    0.00   3.620     3   1.1
  -1   9    1.484   -2.898   20.952    0.00   3.895     3   1.1
  -1  10    1.670   -3.077   20.358    0.00   4.216     3   1.1
  -1  11    1.855   -3.207   19.844    0.00   4.493     4   1.1
  -1  12    2.041   -3.242   19.491    0.00   4.684     4   1.1
  -1  13    2.227   -3.296   19.105    0.00   4.892     4   1.1
  -1  14    2.412   -3.372   18.684    0.00   5.119     4   1.1
  -1  15    2.598   -3.474   18.221    0.00   5.368     4   1.1
  -1  16    2.783   -3.605   17.711    0.00   5.644     4   1.1
  -1  17    2.969   -3.771   17.145    0.00   5.949     4   1.1
  -1  18    3.154   -3.977   16.514    0.00   6.289     4   1.1
  -1  19    3.340   -4.230   15.805    0.00   6.671     4   1.1
  -1  20    3.525   -4.465   15.130    0.00   7.035     5   1.1
  -1  21    3.711   -4.572   14.666    0.00   7.284     6   1.1
  -1  22    3.896   -4.680   14.203    0.00   7.534     6   1.1
  -1  23    4.082   -4.810   13.707    0.00   7.801     6   1.1
  -1  24    4.267   -4.963   13.173    0.00   8.088     6   1.1
  -1  25    4.453   -5.142   12.597    0.00   8.397     6   1.1
  -1  26    4.638   -5.350   11.976    0.00   8.732     6   1.1
  -1  27    4.824   -5.592   11.301    0.00   9.094     6   1.1
  -1  28    5.009   -5.751   10.762    0.00   9.384     7   1.1
  -1  29    5.195   -5.873   10.286    0.00   9.640     7   1.1
  -1  30    5.380   -6.012    9.781    0.00   9.911     7   1.1
  -1  31    5.566   -6.171    9.247    0.00  10.197     7   1.1
  -1  32    5.751   -6.350    8.681    0.00  10.501     7   1.1
  -1  33    5.937   -6.552    8.078    0.00  10.824     7   1.1
  -1  34    6.122   -6.778    7.436    0.00  11.168     7   1.1
  -1  35    6.308   -7.033    6.751    0.00  11.535     7   1.1
  -1  36    6.494   -7.182    6.232    0.00  11.813     8   1.1
  -1  37    6.679   -7.320    5.730    0.00  12.082     8   1.1
  -1  38    6.865   -7.474    5.204    0.00  12.363     8   1.1
  -1  39    7.050   -7.645    4.651    0.00  12.658     8   1.1
  -1  40    7.236   -7.833    4.071    0.00  12.968     8   1.1
  -1  41    7.421   -8.039    3.461    0.00  13.294     8   1.1
  -1  42    7.607   -8.267    2.818    0.00  13.637     8   1.1
  -1  43    7.792   -8.507    2.155    0.00  13.990     9   1.1
  -1  44    7.978   -8.671    1.613    0.00  14.280     9   1.1
  -1  45    8.163   -8.850    1.046    0.00  14.581     9   1.1
  -1  46    8.349   -9.045    0.453    0.00  14.897     9   1.1
  -1  47    8.534   -9.149    0.000    0.02  15.135     9   1.1
  -1  48    8.720   -8.954    0.000    0.12  15.125     9   1.1
  -1  49    8.905   -8.759    0.000    0.21  15.115     9   1.1
  -1  50    9.091   -8.564    0.000    0.31  15.105     9   1.1
  -1  51    9.276   -8.369    0.000    0.40  15.096     9   1.1
  -1  52    9.462   -8.174    0.000    0.49  15.086     9   1.1
  -1  53    9.647   -7.979    0.000    0.59  15.077     9   1.1
  -1  54    9.833   -7.784    0.000    0.68  15.068     9   1.1
  -1  55   10.018   -7.589    0.000    0.77  15.060     9   1.1
  -1  56   10.204   -7.394    0.000    0.87  15.051     9   1.1
  -1  57   10.390   -7.199    0.000    0.96  15.043     9   1.1
  -1  58   10.575   -7.004    0.000    1.05  15.035     9   1.1
  -1  59   10.761   -6.809    0.000    1.15  15.027     9   1.1
  -1  60   10.946   -6.614    0.000    1.24  15.020     9   1.1
  -1   1   10.978   -9.405    0.000    0.71  15.071    10   1.2
  -1   2   12.300  -13.036    4.876    0.00  12.611     8   1.2
  -1   3   13.623  -14.342    8.953    0.00  10.487     7   1.2
  -1   4   14.945  -15.748   11.684    0.00   9.076     7   1.2
  -1   5   16.268  -17.140   13.594    0.00   8.098     7   1.2
  -1   6   17.590  -18.487   14.948    0.00   7.411     7   1.2
  -1   7   18.912  -19.788   16.175    0.00   6.795     5   1.2
  -1   8   20.235  -21.105   17.195    0.00   6.288     5   1.2
  -1   9   21.557  -22.438   18.041    0.00   5.873     5   1.2
  -1  10   22.880  -23.775   18.750    0.00   5.530     4   1.2
  -1  11   24.202  -25.097   19.331    0.00   5.252     4   1.2
  -1  12   25.524  -26.423   19.844    0.00   5.010     4   1.2
  -1  13   26.847  -27.740   20.329    0.00   4.784     4   1.2
  -1  14   28.169  -29.054   20.779    0.00   4.579     4   1.2
  -1  15   29.492  -30.371   21.186    0.00   4.395     4   1.2
  -1  16   30.814  -31.690   21.557    0.00   4.231     4   1.2
  -1  17   32.136  -33.010   21.898    0.00   4.083     4   1.2
  -1  18   33.459  -34.331   22.213    0.00   3.949     4   1.2
  -1  19   34.781  -35.652   22.504    0.00   3.828     4   1.2
  -1  20   36.104  -36.974   22.775    0.00   3.718     4   1.2
  -1  21   37.426  -38.297   23.029    0.00   3.617     4   1.2
  -1  22   38.749  -39.620   23.266    0.00   3.525     4   1.2
  -1  23   40.071  -40.928   23.534    0.00   3.424     4   1.2
  -1  24   41.393  -42.250   23.747    0.00   3.346     4   1.2
  -1  25   42.716  -43.573   23.947    0.00   3.274     4   1.2
  -1  26   44.038  -44.897   24.137    0.00   3.209     4   1.2
  -1  27   45.361  -46.245   24.342    0.00   3.140     4   1.2
  -1  28   46.683  -47.566   24.517    0.00   3.084     4   1.2
  -1  29   48.005  -48.886   24.684    0.00   3.033     4   1.2
  -1  30   49.328  -50.207   24.844    0.00   2.985     4   1.2
  -1  31   50.650  -51.527   24.997    0.00   2.942     4   1.2
  -1  32   51.973  -52.848   25.145    0.00   2.901     4   1.2
  -1  33   53.295  -54.169   25.287    0.00   2.865     4   1.2
  -1  34   54.617  -55.490   25.425    0.00   2.831     4   1.2
  -1  35   55.940  -56.810   25.558    0.00   2.800     4   1.2
  -1  36   57.262  -58.131   25.687    0.00   2.771     4   1.2
  -1  37   58.585  -59.452   25.812    0.00   2.746     4   1.2
  -1  38   59.907  -60.773   25.934    0.00   2.722     4   1.2
  -1  39   61.229  -62.094   26.052    0.00   2.701     4   1.2
  -1  40   62.552  -63.415   26.167    0.00   2.682     4   1.2
  -1  41   63.874  -64.736   26.280    0.00   2.665     4   1.2
  -1  42   65.197  -66.056   26.390    0.00   2.650     4   1.2
  -1  43   66.519  -67.377   26.498    0.00   2.637     4   1.2
  -1  44   67.841  -68.698   26.604    0.00   2.626     4   1.2
  -1  45   69.164  -70.019   26.707    0.00   2.617     4   1.2
  -1  46   70.486  -71.340   26.809    0.00   2.609     4   1.2
  -1  47   71.809  -72.661   26.910    0.00   2.603     4   1.2
  -1  48   73.131  -73.982   27.008    0.00   2.598     4   1.2
  -1  49   74.454  -75.303   27.106    0.00   2.595     4   1.2
  -1  50   75.776  -76.624   27.202    0.00   2.594     4   1.2
  -1  51   77.098  -77.946   27.297    0.00   2.594     4   1.2
  -1  52   78.421  -79.267   27.392    0.00   2.596     4   1.2
  -1  53   79.743  -80.588   27.485    0.00   2.599     4   1.2
  -1  54   81.066  -81.909   27.578    0.00   2.603     4   1.2
  -1  55   82.388  -83.230   27.670    0.00   2.609     4   1.2
  -1  56   83.710  -84.551   27.761    0.00   2.616     4   1.2
  -1  57   85.033  -85.872   27.852    0.00   2.625     4   1.2
  -1  58   86.355  -87.193   27.943    0.00   2.635     4   1.2
  -1  59   87.678  -88.514   28.033    0.00   2.647     4   1.2
  -1  60   89.000  -89.831   28.130    0.00   2.661     4   1.2
  -1   1   43.489  -44.339   24.055    0.00   3.237     5   2.1
  -1   2   43.580  -44.419   23.101    0.00   3.564     6   2.1
  -1   3   43.671  -44.512   22.669    0.00   3.711     7   2.1
  -1   4   43.762  -44.600   22.344    0.00   3.822     7   2.1
  -1   5   43.853  -44.683   22.077    0.00   3.913     8   2.1
  -1   6   43.944  -44.789   21.811    0.00   4.003     8   2.1
  -1   7   44.035  -44.862   21.610    0.00   4.071     9   2.1
  -1   8   44.125  -44.961   21.396    0.00   4.144     9   2.1
  -1   9   44.216  -45.043   21.213    0.00   4.205    10   2.1
  -1  10   44.307  -45.129   21.037    0.00   4.264    10   2.1
  -1  11   44.398  -45.231   20.854    0.00   4.325    11   2.1
  -1  12   44.489  -45.305   20.706    0.00   4.375    11   2.1
  -1  13   44.580  -45.394   20.550    0.00   4.427    11   2.1
  -1  14   44.671  -45.495   20.390    0.00   4.480    12   2.1
  -1  15   44.762  -45.568   20.258    0.00   4.525    12   2.1
  -1  16   44.853  -45.653   20.120    0.00   4.570    12   2.1
  -1  17   44.944  -45.751   19.977    0.00   4.617    13   2.1
  -1  18   45.035  -45.846   19.887    0.00   4.647    14   2.1
  -1  19   45.126  -45.925   19.767    0.00   4.687    14   2.1
  -1  20   45.217  -46.015   19.642    0.00   4.728    14   2.1
  -1  21   45.308  -46.113   19.515    0.00   4.769    15   2.1
  -1  22   45.399  -46.183   19.414    0.00   4.802    15   2.1
  -1  23   45.490  -46.263   19.304    0.00   4.838    15   2.1
  -1  24   45.581  -46.351   19.190    0.00   4.875    15   2.1
  -1  25   45.672  -46.447   19.072    0.00   4.914    15   2.1
  -1  26   45.763  -46.524   18.969    0.00   4.947    16   2.1
  -1  27   45.854  -46.602   18.865    0.00   4.981    16   2.1
  -1  28   45.945  -46.686   18.759    0.00   5.015    16   2.1
  -1  29   46.036  -46.777   18.650    0.00   5.050    16   2.1
  -1  30   46.127  -46.868   18.543    0.00   5.085    17   2.1
  -1  31   46.218  -46.945   18.444    0.00   5.116    17   2.1
  -1  32   46.309  -47.028   18.343    0.00   5.149    17   2.1
  -1  33   46.400  -47.117   18.240    0.00   5.182    17   2.1
  -1  34   46.491  -47.151   18.137    0.00   5.214    17   2.1
  -1  35   46.582  -47.225   18.045    0.00   5.244    17   2.1
  -1  36   46.673  -47.304   17.951    0.00   5.273    17   2.1
  -1  37   46.764  -47.389   17.856    0.00   5.304    17   2.1
  -1  38   46.855  -47.479   17.758    0.00   5.334    17   2.1
  -1  39   46.945  -47.565   17.663    0.00   5.364    18   2.1
  -1  40   47.036  -47.639   17.575    0.00   5.392    18   2.1
  -1  41   47.127  -47.718   17.485    0.00   5.420    18   2.1
  -1  42   47.218  -47.800   17.394    0.00   5.449    18   2.1
  -1  43   47.309  -47.888   17.301    0.00   5.478    18   2.1
  -1  44   47.400  -47.980   17.206    0.00   5.507    18   2.1
  -1  45   47.491  -48.054   17.121    0.00   5.534    19   2.1
  -1  46   47.582  -48.131   17.035    0.00   5.560    19   2.1
  -1  47   47.673  -48.211   16.948    0.00   5.587    19   2.1
  -1  48   47.764  -48.295   16.859    0.00   5.615    19   2.1
  -1  49   47.855  -48.383   16.769    0.00   5.643    19   2.1
  -1  50   47.946  -48.471   16.679    0.00   5.670    20   2.1
  -1  51   48.037  -48.546   16.596    0.00   5.696    20   2.1
  -1  52   48.128  -48.625   16.511    0.00   5.721    20   2.1
  -1  53   48.219  -48.707   16.425    0.00   5.748    20   2.1
  -1  54   48.310  -48.793   16.338    0.00   5.774    20   2.1
  -1  55   48.401  -48.879   16.251    0.00   5.800    21   2.1
  -1  56   48.492  -48.956   16.171    0.00   5.825    21   2.1
  -1  57   48.583  -49.038   16.089    0.00   5.849    21   2.1
  -1  58   48.674  -49.123   16.006    0.00   5.875    21   2.1
  -1  59   48.765  -49.214   15.921    0.00   5.900    21   2.1
  -1  60   48.856  -49.309   15.835    0.00   5.926    21   2.1
  -1   1   48.857  -49.279   16.188    0.00   5.820    22   2.2
  -1   2   50.241  -50.614   19.881    0.00   4.730    16   2.2
  -1   3   51.626  -51.919   21.029    0.00   4.407    13   2.2
  -1   4   53.010  -53.225   21.784    0.00   4.204    11   2.2
  -1   5   54.394  -54.577   22.365    0.00   4.056    11   2.2
  -1   6   55.778  -55.905   22.838    0.00   3.941     9   2.2
  -1   7   57.163  -57.245   23.241    0.00   3.849     9   2.2
  -1   8   58.547  -58.602   23.597    0.00   3.772     9   2.2
  -1   9   59.931  -59.968   23.918    0.00   3.708     9   2.2
  -1  10   61.315  -61.323   24.213    0.00   3.653     7   2.2
  -1  11   62.699  -62.684   24.484    0.00   3.606     7   2.2
  -1  12   64.084  -64.046   24.737    0.00   3.566     7   2.2
  -1  13   65.468  -65.411   24.976    0.00   3.532     7   2.2
  -1  14   66.852  -66.777   25.202    0.00   3.503     7   2.2
  -1  15   68.236  -68.144   25.418    0.00   3.479     7   2.2
  -1  16   69.621  -69.514   25.624    0.00   3.459     7   2.2
  -1  17   71.005  -70.885   25.823    0.00   3.443     7   2.2
  -1  18   72.389  -72.256   26.016    0.00   3.430     7   2.2
  -1  19   73.773  -73.629   26.202    0.00   3.421     7   2.2
  -1  20   75.158  -75.003   26.384    0.00   3.415     7   2.2
  -1  21   76.542  -76.378   26.561    0.00   3.412     7   2.2
  -1  22   77.926  -77.754   26.734    0.00   3.411     7   2.2
  -1  23   79.310  -79.131   26.904    0.00   3.414     7   2.2
  -1  24   80.695  -80.509   27.071    0.00   3.419     7   2.2
  -1  25   82.079  -81.887   27.236    0.00   3.427     7   2.2
  -1  26   83.463  -83.266   27.398    0.00   3.437     7   2.2
  -1  27   84.847  -84.646   27.560    0.00   3.450     7   2.2
  -1  28   86.232  -86.027   27.719    0.00   3.466     7   2.2
  -1  29   87.616  -87.408   27.878    0.00   3.484     7   2.2
  -1  30   89.000  -88.790   28.037    0.00   3.505     7   2.2
  -1   1   62.311  -62.302   24.392    0.00   3.621     9   3.1
  -1   2   62.340  -62.328   22.578    0.00   3.928    10   3.1
  -1   3   62.369  -62.360   21.794    0.00   4.060    10   3.1
  -1   4   62.397  -62.387   21.259    0.00   4.150    11   3.1
  -1   5   62.426  -62.426   20.716    0.00   4.241    11   3.1
  -1   6   62.455  -62.453   20.342    0.00   4.304    12   3.1
  -1   7   62.484  -62.487   19.960    0.00   4.367    13   3.1
  -1   8   62.512  -62.523   19.599    0.00   4.428    14   3.1
  -1   9   62.541  -62.552   19.311    0.00   4.476    14   3.1
  -1  10   62.570  -62.589   19.005    0.00   4.526    14   3.1
  -1  11   62.598  -62.594   18.707    0.00   4.576    15   3.1
  -1  12   62.627  -62.622   18.472    0.00   4.615    15   3.1
  -1  13   62.656  -62.655   18.228    0.00   4.655    15   3.1
  -1  14   62.685  -62.702   17.969    0.00   4.698    14   3.1
  -1  15   62.713  -62.739   17.743    0.00   4.735    15   3.1
  -1  16   62.742  -62.772   17.540    0.00   4.768    15   3.1
  -1  17   62.771  -62.809   17.331    0.00   4.802    15   3.1
  -1  18   62.799  -62.850   17.116    0.00   4.838    15   3.1
  -1  19   62.828  -62.888   16.919    0.00   4.870    17   3.1
  -1  20   62.857  -62.940   16.746    0.00   4.898    17   3.1
  -1  21   62.886  -63.024   16.566    0.00   4.927    16   3.1
  -1  22   62.914  -63.123   16.390    0.00   4.955    17   3.1
  -1  23   62.943  -63.256   16.205    0.00   4.985    17   3.1
  -1  24   62.972  -65.763   16.240    0.00   4.980    19   3.1
  -1  25   63.000  -65.812   16.008    0.00   5.010    19   3.1
  -1  26   63.029  -65.868   15.765    0.00   5.042    19   3.1
  -1  27   63.058  -65.917   15.541    0.00   5.071    20   3.1
  -1  28   63.087  -65.958   15.341    0.00   5.097    20   3.1
  -1  29   63.115  -66.002   15.134    0.00   5.124    20   3.1
  -1  30   63.144  -66.050   14.921    0.00   5.151    21   3.1
  -1   1   63.145  -65.982   15.749    0.00   5.045    19   3.2
  -1   2   63.905  -64.274   20.334    0.00   4.349    12   3.2
  -1   3   64.666  -65.236   21.550    0.00   4.175    12   3.2
  -1   4   65.426  -66.087   22.205    0.00   4.088    11   3.2
  -1   5   66.186  -66.922   22.703    0.00   4.027    11   3.2
  -1   6   66.947  -67.752   23.094    0.00   3.983    11   3.2
  -1   7   67.707  -68.565   23.422    0.00   3.948    10   3.2
  -1   8   68.468  -69.369   23.714    0.00   3.920    10   3.2
  -1   9   69.228  -70.170   23.976    0.00   3.898    10   3.2
  -1  10   69.989  -70.967   24.215    0.00   3.879    10   3.2
  -1  11   70.749  -71.765   24.432    0.00   3.864    10   3.2
  -1  12   71.510  -72.561   24.653    0.00   3.851    10   3.2
  -1  13   72.270  -73.350   24.851    0.00   3.841    10   3.2
  -1  14   73.031  -74.135   25.040    0.00   3.834    10   3.2
  -1  15   73.791  -74.919   25.221    0.00   3.828    10   3.2
  -1  16   74.551  -75.701   25.394    0.00   3.824    10   3.2
  -1  17   75.312  -76.481   25.562    0.00   3.822    10   3.2
  -1  18   76.072  -77.259   25.725    0.00   3.821    10   3.2
  -1  19   76.833  -78.036   25.883    0.00   3.822    10   3.2
  -1  20   77.593  -78.811   26.037    0.00   3.824    10   3.2
  -1  21   78.354  -79.585   26.188    0.00   3.828    10   3.2
  -1  22   79.114  -80.358   26.336    0.00   3.833    10   3.2
  -1  23   79.875  -81.129   26.481    0.00   3.839    10   3.2
  -1  24   80.635  -81.900   26.623    0.00   3.846    10   3.2
  -1  25   81.395  -82.669   26.764    0.00   3.855    10   3.2
  -1  26   82.156  -83.437   26.903    0.00   3.864    10   3.2
  -1  27   82.916  -84.205   27.040    0.00   3.875    10   3.2
  -1  28   83.677  -84.971   27.176    0.00   3.887    10   3.2
  -1  29   84.437  -85.737   27.311    0.00   3.900    10   3.2
  -1  30   85.198  -86.501   27.444    0.00   3.915    10   3.2
  -1  31   85.958  -87.265   27.577    0.00   3.930    10   3.2
  -1  32   86.719  -88.028   27.710    0.00   3.947    10   3.2
  -1  33   87.479  -88.790   27.841    0.00   3.964    10   3.2
  -1  34   88.240  -89.484   28.002    0.00   3.988    10   3.2
  -1  35   89.000   89.654   28.082    0.00   4.000    10   3.2
  -1   1   69.943  -70.917   23.793    0.00   3.910    11   4.1
  -1   2   69.962  -70.834   21.698    0.00   4.064    11   4.1
  -1   3   69.980  -70.853   20.540    0.00   4.150    12   4.1
  -1   4   69.999  -70.878   19.563    0.00   4.222    14   4.1
  -1   5   70.017  -70.867   18.955    0.00   4.267    14   4.1
  -1   6   70.036  -70.893   18.266    0.00   4.317    13   4.1
  -1   7   70.054  -70.915   17.715    0.00   4.358    14   4.1
  -1   8   70.072  -70.946   17.203    0.00   4.395    16   4.1
  -1   9   70.091  -71.158   16.786    0.00   4.425    16   4.1
  -1  10   70.109  -72.677   16.441    0.00   4.443    17   4.1
  -1  11   70.128  -72.705   15.960    0.00   4.468    17   4.1
  -1  12   70.146  -72.720   15.591    0.00   4.488    17   4.1
  -1  13   70.164  -72.737   15.207    0.00   4.508    17   4.1
  -1  14   70.183  -72.757   14.809    0.00   4.528    18   4.1
  -1  15   70.201  -72.788   14.406    0.00   4.549    19   4.1
  -1  16   70.220  -72.978   14.067    0.00   4.566    19   4.1
  -1  17   70.238  -72.819   13.706    0.00   4.584    19   4.1
  -1  18   70.257  -71.141   13.277    0.00   4.612    19   4.1
  -1  19   70.275  -71.135   13.011    0.00   4.631    19   4.1
  -1  20   70.293  -71.145   12.734    0.00   4.651    18   4.1
  -1  21   70.312  -71.161   12.453    0.00   4.670    18   4.1
  -1  22   70.330  -71.178   12.163    0.00   4.691    18   4.1
  -1  23   70.349  -71.198   11.866    0.00   4.711    18   4.1
  -1  24   70.367  -71.211   11.618    0.00   4.729    19   4.1
  -1  25   70.386  -71.224   11.371    0.00   4.746    19   4.1
  -1  26   70.404  -71.239   11.119    0.00   4.764    19   4.1
  -1  27   70.422  -71.252   10.863    0.00   4.781    20   4.1
  -1  28   70.441  -71.266   10.600    0.00   4.799    20   4.1
  -1  29   70.459  -71.053   10.322    0.00   4.819    20   4.1
  -1  30   70.478  -71.053   10.082    0.00   4.836    21   4.1
  -1   1   70.485  -71.452   12.474    0.00   4.672    19   4.2
  -1   2   70.501  -71.516   13.054    0.00   4.634    20   4.2
  -1   3   70.549  -73.473   14.389    0.00   4.562    18   4.2
  -1   4   70.629  -73.462   15.644    0.00   4.506    18   4.2
  -1   5   70.741  -73.620   16.771    0.00   4.458    17   4.2
  -1   6   70.886  -72.224   17.537    0.00   4.415    15   4.2
  -1   7   71.062  -72.466   18.343    0.00   4.369    14   4.2
  -1   8   71.270  -72.743   19.040    0.00   4.332    14   4.2
  -1   9   71.510  -73.072   19.616    0.00   4.303    15   4.2
  -1  10   71.783  -73.413   20.139    0.00   4.279    14   4.2
  -1  11   72.087  -73.787   20.619    0.00   4.258    15   4.2
  -1  12   72.423  -74.195   21.061    0.00   4.242    15   4.2
  -1  13   72.792  -74.631   21.495    0.00   4.227    15   4.2
  -1  14   73.192  -75.101   21.873    0.00   4.217    13   4.2
  -1  15   73.624  -75.595   22.233    0.00   4.209    13   4.2
  -1  16   74.089  -76.121   22.574    0.00   4.204    13   4.2
  -1  17   74.585  -76.680   22.898    0.00   4.201    13   4.2
  -1  18   75.114  -77.272   23.204    0.00   4.200    13   4.2
  -1  19   75.674  -77.894   23.507    0.00   4.201    13   4.2
  -1  20   76.267  -78.586   23.822    0.00   4.205    14   4.2
  -1  21   76.892  -79.267   24.118    0.00   4.211    13   4.2
  -1  22   77.548  -79.974   24.411    0.00   4.220    13   4.2
  -1  23   78.237  -80.711   24.702    0.00   4.230    13   4.2
  -1  24   78.958  -81.477   24.991    0.00   4.244    13   4.2
  -1  25   79.711  -81.920   25.218    0.00   4.256    12   4.2
  -1  26   80.495  -82.734   25.506    0.00   4.273    12   4.2
  -1  27   81.312  -83.580   25.792    0.00   4.294    12   4.2
  -1  28   82.161  -84.456   26.080    0.00   4.317    12   4.2
  -1  29   83.042  -85.361   26.371    0.00   4.344    12   4.2
  -1  30   83.955  -86.294   26.666    0.00   4.374    12   4.2
  -1  31   84.900  -87.256   26.965    0.00   4.409    12   4.2
  -1  32   85.877  -88.246   27.268    0.00   4.447    12   4.2
  -1  33   86.886  -89.249   27.604    0.00   4.494    12   4.2
  -1  34   87.927   89.652   27.868    0.00   4.534    12   4.2
  -1  35   89.000   88.617   28.224    0.00   4.573    12   4.2
  -1   1   74.076  -77.015   16.413    0.00   4.271    16   5.1
  -1   2   74.076  -77.016   16.362    0.00   4.271    16   5.1
  -1   3   74.076  -77.017   16.203    0.00   4.271    16   5.1
  -1   4   74.077  -77.020   15.943    0.00   4.272    16   5.1
  -1   5   74.078  -77.024   15.590    0.00   4.272    16   5.1
  -1   6   74.080  -77.022   15.210    0.00   4.273    17   5.1
  -1   7   74.082  -77.020   14.756    0.00   4.274    18   5.1
  -1   8   74.084  -77.191   14.217    0.00   4.275    18   5.1
  -1   9   74.087  -75.596   13.495    0.00   4.282    18   5.1
  -1  10   74.090  -75.585   12.750    0.00   4.297    16   5.1
  -1  11   74.093  -75.584   11.855    0.00   4.314    16   5.1
  -1  12   74.097  -75.577   10.763    0.00   4.334    17   5.1
  -1  13   74.101  -75.344    9.396    0.00   4.364    16   5.1
  -1  14   74.105  -75.344    7.838    0.00   4.398    17   5.1
  -1  15   74.110  -75.344    6.570    0.00   4.425    17   5.1
  -1  16   74.115  -75.344    5.047    0.00   4.458    17   5.1
  -1  17   74.121  -75.345    3.198    0.00   4.499    17   5.1
  -1  18   74.126  -75.348    0.899    0.00   4.549    17   5.1
  -1  19   74.132  -56.247    0.000    3.10   2.871    15   5.1
  -1  20   74.139   -3.435    0.000    4.31   2.665    13   5.1
  -1  21   74.146   -3.155    0.000    4.43   2.663    13   5.1
  -1  22   74.153   -2.876    0.000    4.55   2.662    13   5.1
  -1  23   74.161   -2.595    0.000    4.67   2.661    13   5.1
  -1  24   74.168   -2.314    0.000    4.80   2.660    13   5.1
  -1  25   74.177   -2.032    0.000    4.92   2.659    13   5.1
  -1  26   74.185   -1.751    0.000    5.04   2.659    13   5.1
  -1  27   74.194   -1.469    0.000    5.17   2.658    13   5.1
  -1  28   74.203   -1.186    0.000    5.29   2.658    13   5.1
  -1  29   74.213   -0.903    0.000    5.42   2.657    13   5.1
  -1  30   74.223   -0.620    0.000    5.54   2.657    13   5.1
  -1   1   74.340   -5.015    0.000    6.77   2.660    14   5.2
  -1   2   74.357   -6.220    0.000    6.60   2.663    14   5.2
  -1   3   74.410   -8.747    0.000    6.05   2.676    13   5.2
  -1   4   74.497  -11.723    0.000    5.13   2.705    14   5.2
  -1   5   74.619  -42.503    0.000    3.55   2.847    14   5.2
  -1   6   74.776  -75.938    2.585    0.00   4.615    18   5.2
  -1   7   74.967  -76.123    5.678    0.00   4.572    18   5.2
  -1   8   75.194  -76.343    8.150    0.00   4.544    18   5.2
  -1   9   75.455  -76.601   10.221    0.00   4.526    17   5.2
  -1  10   75.752  -77.142   11.927    0.00   4.521    17   5.2
  -1  11   76.083  -77.483   13.371    0.00   4.522    18   5.2
  -1  12   76.449  -79.214   14.766    0.00   4.542    19   5.2
  -1  13   76.850  -79.624   15.909    0.00   4.572    18   5.2
  -1  14   77.286  -80.057   16.949    0.00   4.603    17   5.2
  -1  15   77.756  -79.461   17.869    0.00   4.630    17   5.2
  -1  16   78.262  -79.955   18.745    0.00   4.656    16   5.2
  -1  17   78.802  -80.483   19.551    0.00   4.684    16   5.2
  -1  18   79.378  -81.023   20.278    0.00   4.715    16   5.2
  -1  19   79.988  -81.627   21.006    0.00   4.751    16   5.2
  -1  20   80.633  -82.269   21.703    0.00   4.790    15   5.2
  -1  21   81.313  -82.945   22.373    0.00   4.833    15   5.2
  -1  22   82.027  -83.654   23.018    0.00   4.880    15   5.2
  -1  23   82.777  -84.390   23.645    0.00   4.931    15   5.2
  -1  24   83.561  -85.199   24.268    0.00   4.988    16   5.2
  -1  25   84.381  -86.022   24.888    0.00   5.050    15   5.2
  -1  26   85.235  -86.878   25.507    0.00   5.119    14   5.2
  -1  27   86.124  -87.721   26.118    0.00   5.193    15   5.2
  -1  28   87.048  -88.645   26.742    0.00   5.275    14   5.2
  -1  29   88.006  -89.535   27.411    0.00   5.371    14   5.2
  -1  30   89.000   89.340   27.972    0.00   5.458    14   5.2
  -1   1   75.645  -76.793    7.408    0.00   4.538    17   6.1
  -1   2   75.646  -76.793    7.347    0.00   4.539    17   6.1
  -1   3   75.646  -76.793    7.179    0.00   4.540    17   6.1
  -1   4   75.646  -76.793    6.880    0.00   4.541    17   6.1
  -1   5   75.646  -76.793    6.437    0.00   4.543    17   6.1
  -1   6   75.647  -76.795    4.173    0.00   4.554    17   6.1
  -1   7   75.647  -76.795    3.663    0.00   4.556    17   6.1
  -1   8   75.648  -76.795    3.038    0.00   4.559    17   6.1
  -1   9   75.648  -76.795    2.278    0.00   4.563    17   6.1
  -1  10   75.649  -76.796    1.318    0.00   4.568    17   6.1
  -1  11   75.650  -76.797    0.100    0.00   4.574    17   6.1
  -1  12   75.651  -46.386    0.000    3.74   2.718    13   6.1
  -1  13   75.652  -25.561    0.000    4.74   2.597    13   6.1
  -1  14   75.653  -25.378    0.000    5.18   2.564    13   6.1
  -1  15   75.654  -25.171    0.000    5.67   2.527    13   6.1
  -1  16   75.656  -24.932    0.000    6.23   2.485    13   6.1
  -1  17   75.657   -3.715    0.000    6.78   2.445    12   6.1
  -1  18   75.658   -3.576    0.000    6.83   2.445    12   6.1
  -1  19   75.660   -3.437    0.000    6.87   2.444    12   6.1
  -1  20   75.662   -3.296    0.000    6.92   2.444    12   6.1
  -1  21   75.663   -3.156    0.000    6.97   2.443    12   6.1
  -1  22   75.665   -3.016    0.000    7.02   2.443    12   6.1
  -1  23   75.667   -2.874    0.000    7.07   2.442    12   6.1
  -1  24   75.669   -2.734    0.000    7.11   2.442    12   6.1
  -1  25   75.671   -2.593    0.000    7.16   2.442    12   6.1
  -1  26   75.673   -2.451    0.000    7.21   2.441    12   6.1
  -1  27   75.676   -2.311    0.000    7.26   2.441    12   6.1
  -1  28   75.678   -2.169    0.000    7.31   2.441    12   6.1
  -1  29   75.681   -2.027    0.000    7.36   2.440    12   6.1
  -1  30   75.683   -1.886    0.000    7.41   2.440    12   6.1
  -1  31   75.686   -1.744    0.000    7.46   2.440    12   6.1
  -1  32   75.689   -1.602    0.000    7.51   2.440    12   6.1
  -1  33   75.691   -1.461    0.000    7.55   2.439    12   6.1
  -1  34   75.694   -1.319    0.000    7.60   2.439    12   6.1
  -1  35   75.697   -1.178    0.000    7.65   2.439    12   6.1
  -1   1   77.609  -23.696    0.000   18.68   2.806    14   6.2
  -1   2   77.623  -23.863    0.000   18.62   2.810    14   6.2
  -1   3   77.663  -24.359    0.000   18.44   2.822    14   6.2
  -1   4   77.731  -25.161    0.000   18.14   2.841    13   6.2
  -1   5   77.826  -26.246    0.000   17.72   2.869    13   6.2
  -1   6   77.948  -27.588    0.000   17.16   2.908    13   6.2
  -1   7   78.097  -29.158    0.000   16.47   2.959    13   6.2
  -1   8   78.273  -30.926    0.000   15.63   3.023    13   6.2
  -1   9   78.476  -32.866    0.000   14.64   3.105    13   6.2
  -1  10   78.706  -34.955    0.000   13.49   3.205    14   6.2
  -1  11   78.964  -37.168    0.000   12.18   3.326    14   6.2
  -1  12   79.248  -39.112    0.000   10.93   3.448    13   6.2
  -1  13   79.560  -41.560    0.000    9.28   3.619    13   6.2
  -1  14   79.898  -44.100    0.000    7.39   3.824    13   6.2
  -1  15   80.264  -51.129    0.000    4.98   4.136    14   6.2
  -1  16   80.657  -81.258    0.442    0.00   6.277    18   6.2
  -1  17   81.077  -81.665    2.575    0.00   6.385    18   6.2
  -1  18   81.524  -82.100    4.640    0.00   6.500    18   6.2
  -1  19   81.998  -82.562    6.641    0.00   6.623    18   6.2
  -1  20   82.499  -83.052    8.586    0.00   6.753    18   6.2
  -1  21   83.027  -83.570   10.483    0.00   6.891    18   6.2
  -1  22   83.582  -84.338   12.349    0.00   7.043    18   6.2
  -1  23   84.165  -84.911   14.176    0.00   7.205    18   6.2
  -1  24   84.774  -86.711   16.063    0.00   7.410    17   6.2
  -1  25   85.411  -86.138   17.794    0.00   7.613    19   6.2
  -1  26   86.074  -86.992   19.603    0.00   7.816    17   6.2
  -1  27   86.765  -87.696   21.386    0.00   8.033    17   6.2
  -1  28   87.483  -88.406   23.178    0.00   8.266    17   6.2
  -1  29   88.228  -89.135   25.017    0.00   8.522    17   6.2
  -1  30   89.000  -89.843   26.843    0.00   8.793    17   6.2
  -1   1   79.011  -37.508    0.000   12.11   3.333    16   7.1
  -1   3   79.011  -37.449    0.000   12.31   3.314    16   7.1
  -1   4   79.011  -37.339    0.000   12.67   3.279    16   7.1
  -1   5   79.011  -37.324    0.000   12.72   3.275    16   7.1
  -1   6   79.011  -37.117    0.000   13.40   3.210    15   7.1
  -1   7   79.011  -37.100    0.000   13.45   3.205    15   7.1
  -1   8   79.011  -37.061    0.000   13.58   3.193    15   7.1
  -1   9   79.011  -37.039    0.000   13.65   3.186    15   7.1
  -1  10   79.011  -36.683    0.000   14.82   3.076    15   7.1
  -1  11   79.011  -36.632    0.000   14.99   3.061    15   7.1
  -1  12   79.011  -36.580    0.000   15.16   3.045    15   7.1
  -1  13   79.011  -36.529    0.000   15.33   3.029    15   7.1
  -1  14   79.011  -36.461    0.000   15.55   3.009    15   7.1
  -1  15   79.012  -36.382    0.000   15.81   2.985    15   7.1
  -1  16   79.012  -36.292    0.000   16.10   2.958    15   7.1
  -1  17   79.012  -36.195    0.000   16.42   2.929    15   7.1
  -1  18   79.012  -35.840    0.000   17.59   2.822    15   7.1
  -1  19   79.012  -35.753    0.000   17.87   2.797    15   7.1
  -1  20   79.012  -35.648    0.000   18.21   2.766    15   7.1
  -1  21   79.012  -35.539    0.000   18.57   2.734    15   7.1
  -1  22   79.012   -0.734    0.000   18.70   2.723    14   7.1
  -1  23   79.013   -0.688    0.000   18.70   2.723    14   7.1
  -1  24   79.013   -0.640    0.000   18.71   2.723    14   7.1
  -1  25   79.013   -0.596    0.000   18.72   2.723    14   7.1
  -1  26   79.013   -0.547    0.000   18.73   2.723    14   7.1
  -1  27   79.013   -0.501    0.000   18.73   2.723    14   7.1
  -1  28   79.014   -0.454    0.000   18.74   2.723    14   7.1
  -1  29   79.014   -0.407    0.000   18.75   2.723    14   7.1
  -1  30   79.014   -0.361    0.000   18.76   2.723    14   7.1
  -1   1   79.331   -9.187    0.000   20.81   2.748    14   7.2
  -1   2   79.348   -9.750    0.000   20.72   2.750    14   7.2
  -1   3   79.398  -11.295    0.000   20.46   2.755    14   7.2
  -1   4   79.482  -13.524    0.000   20.03   2.767    14   7.2
  -1   5   79.600  -16.163    0.000   19.45   2.785    13   7.2
  -1   6   79.751  -19.066    0.000   18.71   2.813    13   7.2
  -1   7   79.935  -41.381    0.000   16.76   3.008    15   7.2
  -1   8   80.154  -43.185    0.000   14.77   3.216    15   7.2
  -1   9   80.405  -45.157    0.000   12.65   3.447    15   7.2
  -1  10   80.691  -47.261    0.000   10.39   3.705    15   7.2
  -1  11   81.010  -49.499    0.000    7.97   3.994    15   7.2
  -1  12   81.362  -55.582    0.000    5.07   4.387    16   7.2
  -1  13   81.748  -82.163    0.645    0.00   6.575    21   7.2
  -1  14   82.168  -82.562    2.893    0.00   6.714    21   7.2
  -1  15   82.621  -82.996    5.134    0.00   6.862    21   7.2
  -1  16   83.108  -83.464    7.299    0.00   7.018    21   7.2
  -1  17   83.628  -83.967    9.429    0.00   7.184    21   7.2
  -1  18   84.182  -84.726   11.542    0.00   7.363    21   7.2
  -1  19   84.770  -85.298   13.628    0.00   7.558    20   7.2
  -1  20   85.391  -87.098   15.780    0.00   7.794    20   7.2
  -1  21   86.046  -86.580   17.798    0.00   8.041    21   7.2
  -1  22   86.734  -87.417   19.907    0.00   8.288    21   7.2
  -1  23   87.456  -88.147   22.007    0.00   8.555    20   7.2
  -1  24   88.211  -88.892   24.138    0.00   8.844    20   7.2
  -1  25   89.000  -89.619   26.342    0.00   9.165    21   7.2
***  shot#  -1 ray code  8.1 no rays traced  ***
***  shot#  -1 ray code  8.2 no rays traced  ***
***  shot#  -1 ray code  9.1 no rays traced  ***
***  shot#  -1 ray code  9.2 no rays traced  ***
   1   1    0.000   -2.183   31.832    0.00   1.983     3   1.1
   1   2    0.194   -2.195   32.181    0.00   2.171     3   1.1
   1   3    0.389   -2.251   32.603    0.00   2.399     3   1.1
   1   4    0.583   -2.366   33.125    0.00   2.681     3   1.1
   1   5    0.777   -2.563   33.785    0.00   3.037     3   1.1
   1   6    0.971   -2.752   34.433    0.00   3.387     4   1.1
   1   7    1.166   -2.758   34.773    0.00   3.571     4   1.1
   1   8    1.360   -2.787   35.153    0.00   3.776     4   1.1
   1   9    1.554   -2.842   35.579    0.00   4.006     4   1.1
   1  10    1.748   -2.931   36.061    0.00   4.266     4   1.1
   1  11    1.942   -3.058   36.611    0.00   4.563     4   1.1
   1  12    2.137   -3.234   37.242    0.00   4.903     4   1.1
   1  13    2.331   -3.470   37.976    0.00   5.299     4   1.1
   1  14    2.525   -3.518   38.393    0.00   5.524     5   1.1
   1  15    2.719   -3.580   38.832    0.00   5.761     5   1.1
   1  16    2.914   -3.664   39.311    0.00   6.019     5   1.1
   1  17    3.108   -3.775   39.836    0.00   6.302     5   1.1
   1  18    3.302   -3.915   40.413    0.00   6.613     5   1.1
   1  19    3.496   -4.091   41.050    0.00   6.956     5   1.1
   1  20    3.690   -4.307   41.757    0.00   7.337     5   1.1
   1  21    3.885   -4.572   42.547    0.00   7.763     5   1.1
   1  22    4.079   -4.760   43.208    0.00   8.119     6   1.1
   1  23    4.273   -4.882   43.757    0.00   8.414     6   1.1
   1  24    4.467   -5.029   44.348    0.00   8.732     6   1.1
   1  25    4.662   -5.202   44.986    0.00   9.075     6   1.1
   1  26    4.856   -5.406   45.677    0.00   9.447     6   1.1
   1  27    5.050   -5.596   46.346    0.00   9.806     7   1.1
   1  28    5.244   -5.704   46.871    0.00  10.089     7   1.1
   1  29    5.438   -5.830   47.429    0.00  10.388     7   1.1
   1  30    5.633   -5.975   48.022    0.00  10.706     7   1.1
   1  31    5.827   -6.143   48.653    0.00  11.045     7   1.1
   1  32    6.021   -6.334   49.326    0.00  11.406     7   1.1
   1  33    6.215   -6.552   50.046    0.00  11.792     7   1.1
   1  34    6.410   -6.798   50.817    0.00  12.205     7   1.1
   1  35    6.604   -7.011   51.529    0.00  12.587     8   1.1
   1  36    6.798   -7.176   52.159    0.00  12.924     9   1.1
   1  37    6.992   -7.301   52.724    0.00  13.226     9   1.1
   1  38    7.186   -7.442   53.317    0.00  13.544     9   1.1
   1  39    7.381   -7.600   53.941    0.00  13.877     9   1.1
   1  40    7.575   -7.777   54.598    0.00  14.228     9   1.1
   1  41    7.769   -7.972   55.290    0.00  14.597     9   1.1
   1  42    7.963   -8.190   56.020    0.00  14.987     9   1.1
   1  43    8.158   -8.430   56.792    0.00  15.399     9   1.1
   1  44    8.352   -8.584   57.419    0.00  15.733    10   1.1
   1  45    8.546   -8.722   58.022    0.00  16.054    10   1.1
   1  46    8.740   -8.875   58.651    0.00  16.389    10   1.1
   1  47    8.934   -9.043   59.309    0.00  16.739    10   1.1
   1  48    9.129   -9.228   59.997    0.00  17.105    10   1.1
   1  49    9.323   -9.430   60.717    0.00  17.488    10   1.1
   1  50    9.517   -9.650   61.472    0.00  17.889    10   1.1
   1  51    9.711   -9.852   62.197    0.00  18.273    11   1.1
   1  52    9.906   -9.988   62.810    0.00  18.598    11   1.1
   1  53   10.100  -10.136   63.447    0.00  18.936    11   1.1
   1  54   10.294  -10.298   64.109    0.00  19.286    11   1.1
   1  55   10.488  -10.473   64.798    0.00  19.651    11   1.1
   1  56   10.682  -10.664   65.516    0.00  20.031    11   1.1
   1  57   10.877  -10.870   66.265    0.00  20.426    11   1.1
   1  58   11.071  -11.093   67.046    0.00  20.838    11   1.1
   1  59   11.265  -11.247   67.703    0.00  21.185    13   1.1
   1  60   11.459  -11.392   68.346    0.00  21.524    13   1.1
   1   1   11.460  -11.397   65.120    0.00  19.825    12   1.2
   1   2   12.775  -12.674   53.104    0.00  13.509    10   1.2
   1   3   14.089  -13.850   48.435    0.00  11.071     8   1.2
   1   4   15.403  -15.141   45.815    0.00   9.713     7   1.2
   1   5   16.717  -16.410   43.725    0.00   8.637     7   1.2
   1   6   18.032  -17.693   42.058    0.00   7.787     6   1.2
   1   7   19.346  -18.974   40.710    0.00   7.106     5   1.2
   1   8   20.660  -20.262   39.705    0.00   6.604     5   1.2
   1   9   21.974  -21.569   38.863    0.00   6.187     5   1.2
   1  10   23.288  -22.888   38.143    0.00   5.835     6   1.2
   1  11   24.603  -24.185   37.465    0.00   5.507     5   1.2
   1  12   25.917  -25.481   36.856    0.00   5.217     5   1.2
   1  13   27.231  -26.784   36.315    0.00   4.963     5   1.2
   1  14   28.545  -28.090   35.831    0.00   4.738     5   1.2
   1  15   29.860  -29.399   35.394    0.00   4.539     5   1.2
   1  16   31.174  -30.710   34.996    0.00   4.361     5   1.2
   1  17   32.488  -32.022   34.633    0.00   4.202     5   1.2
   1  18   33.802  -33.334   34.299    0.00   4.058     5   1.2
   1  19   35.117  -34.648   33.991    0.00   3.927     5   1.2
   1  20   36.431  -35.961   33.704    0.00   3.809     5   1.2
   1  21   37.745  -37.275   33.438    0.00   3.701     5   1.2
   1  22   39.059  -38.589   33.188    0.00   3.602     5   1.2
   1  23   40.373  -39.903   32.955    0.00   3.512     5   1.2
   1  24   41.688  -41.200   32.685    0.00   3.411     5   1.2
   1  25   43.002  -42.514   32.474    0.00   3.335     5   1.2
   1  26   44.316  -43.827   32.275    0.00   3.265     5   1.2
   1  27   45.630  -45.139   32.093    0.00   3.203     5   1.2
   1  28   46.945  -46.467   31.921    0.00   3.146     5   1.2
   1  29   48.259  -47.779   31.748    0.00   3.090     5   1.2
   1  30   49.573  -49.090   31.582    0.00   3.039     5   1.2
   1  31   50.887  -50.402   31.423    0.00   2.992     5   1.2
   1  32   52.202  -51.714   31.270    0.00   2.949     5   1.2
   1  33   53.516  -53.026   31.122    0.00   2.909     5   1.2
   1  34   54.830  -54.338   30.980    0.00   2.872     5   1.2
   1  35   56.144  -55.357   30.858    0.00   2.842     4   1.2
   1  36   57.458  -56.668   30.725    0.00   2.811     4   1.2
   1  37   58.773  -57.980   30.596    0.00   2.783     4   1.2
   1  38   60.087  -59.292   30.471    0.00   2.757     4   1.2
   1  39   61.401  -60.604   30.349    0.00   2.733     4   1.2
   1  40   62.715  -61.916   30.231    0.00   2.712     4   1.2
   1  41   64.030  -63.228   30.116    0.00   2.693     4   1.2
   1  42   65.344  -64.540   30.004    0.00   2.676     4   1.2
   1  43   66.658  -65.853   29.894    0.00   2.661     4   1.2
   1  44   67.972  -67.165   29.787    0.00   2.648     4   1.2
   1  45   69.287  -68.477   29.683    0.00   2.636     4   1.2
   1  46   70.601  -69.789   29.580    0.00   2.627     4   1.2
   1  47   71.915  -71.102   29.479    0.00   2.619     4   1.2
   1  48   73.229  -72.414   29.379    0.00   2.613     4   1.2
   1  49   74.543  -73.727   29.281    0.00   2.608     4   1.2
   1  50   75.858  -75.039   29.184    0.00   2.605     4   1.2
   1  51   77.172  -76.352   29.088    0.00   2.603     4   1.2
   1  52   78.486  -77.665   28.993    0.00   2.603     4   1.2
   1  53   79.800  -78.978   28.899    0.00   2.604     4   1.2
   1  54   81.115  -80.290   28.806    0.00   2.607     4   1.2
   1  55   82.429  -81.603   28.714    0.00   2.611     4   1.2
   1  56   83.743  -82.916   28.623    0.00   2.616     4   1.2
   1  57   85.057  -84.229   28.532    0.00   2.623     4   1.2
   1  58   86.372  -85.541   28.441    0.00   2.631     4   1.2
   1  59   87.686  -86.854   28.351    0.00   2.641     4   1.2
   1  60   89.000  -88.167   28.261    0.00   2.652     4   1.2
   1   1   44.158  -43.662   32.303    0.00   3.274     6   2.1
   1   2   44.244  -43.742   33.187    0.00   3.582     7   2.1
   1   3   44.330  -43.827   33.566    0.00   3.714     8   2.1
   1   4   44.416  -43.912   33.852    0.00   3.813     8   2.1
   1   5   44.502  -43.993   34.087    0.00   3.895     9   2.1
   1   6   44.588  -44.092   34.315    0.00   3.973     9   2.1
   1   7   44.674  -44.169   34.495    0.00   4.035    10   2.1
   1   8   44.760  -44.260   34.674    0.00   4.097    10   2.1
   1   9   44.846  -44.351   34.841    0.00   4.154    11   2.1
   1  10   44.933  -44.431   34.987    0.00   4.204    11   2.1
   1  11   45.019  -44.527   35.146    0.00   4.258    11   2.1
   1  12   45.105  -44.611   35.283    0.00   4.305    12   2.1
   1  13   45.191  -44.694   35.413    0.00   4.349    12   2.1
   1  14   45.277  -44.790   35.549    0.00   4.395    13   2.1
   1  15   45.363  -44.882   35.675    0.00   4.438    14   2.1
   1  16   45.449  -44.962   35.789    0.00   4.476    14   2.1
   1  17   45.535  -45.052   35.906    0.00   4.516    14   2.1
   1  18   45.621  -45.152   36.026    0.00   4.556    14   2.1
   1  19   45.707  -45.235   36.132    0.00   4.592    15   2.1
   1  20   45.793  -45.317   36.235    0.00   4.626    15   2.1
   1  21   45.879  -45.414   36.325    0.00   4.656    15   2.1
   1  22   45.965  -45.512   36.432    0.00   4.692    15   2.1
   1  23   46.051  -45.601   36.532    0.00   4.725    16   2.1
   1  24   46.137  -45.682   36.625    0.00   4.756    16   2.1
   1  25   46.223  -45.769   36.719    0.00   4.787    16   2.1
   1  26   46.309  -45.863   36.816    0.00   4.819    16   2.1
   1  27   46.395  -45.964   36.915    0.00   4.852    16   2.1
   1  28   46.481  -46.044   37.000    0.00   4.880    17   2.1
   1  29   46.567  -46.127   37.087    0.00   4.908    17   2.1
   1  30   46.653  -46.221   37.192    0.00   4.942    17   2.1
   1  31   46.739  -46.315   37.279    0.00   4.971    17   2.1
   1  32   46.826  -46.415   37.368    0.00   5.000    17   2.1
   1  33   46.912  -46.494   37.447    0.00   5.025    18   2.1
   1  34   46.998  -46.578   37.526    0.00   5.051    18   2.1
   1  35   47.084  -46.665   37.606    0.00   5.077    18   2.1
   1  36   47.170  -46.758   37.688    0.00   5.103    18   2.1
   1  37   47.256  -46.855   37.770    0.00   5.130    18   2.1
   1  38   47.342  -46.943   37.848    0.00   5.155    19   2.1
   1  39   47.428  -47.026   37.922    0.00   5.178    19   2.1
   1  40   47.514  -47.112   37.998    0.00   5.202    19   2.1
   1  41   47.600  -47.201   38.072    0.00   5.226    20   2.1
   1  42   47.686  -47.295   38.148    0.00   5.250    20   2.1
   1  43   47.772  -47.392   38.226    0.00   5.275    20   2.1
   1  44   47.858  -47.477   38.297    0.00   5.297    21   2.1
   1  45   47.944  -47.560   38.367    0.00   5.319    21   2.1
   1  46   48.030  -47.647   38.438    0.00   5.342    21   2.1
   1  47   48.116  -47.737   38.510    0.00   5.364    21   2.1
   1  48   48.202  -47.830   38.583    0.00   5.387    21   2.1
   1  49   48.288  -47.927   38.657    0.00   5.410    21   2.1
   1  50   48.374  -48.016   38.727    0.00   5.432    22   2.1
   1  51   48.460  -48.099   38.795    0.00   5.453    22   2.1
   1  52   48.546  -48.185   38.863    0.00   5.474    22   2.1
   1  53   48.632  -48.275   38.933    0.00   5.496    22   2.1
   1  54   48.718  -48.367   39.003    0.00   5.517    22   2.1
   1  55   48.805  -48.462   39.075    0.00   5.539    22   2.1
   1  56   48.891  -48.560   39.147    0.00   5.561    23   2.1
   1  57   48.977  -48.643   39.213    0.00   5.582    23   2.1
   1  58   49.063  -48.728   39.279    0.00   5.602    23   2.1
   1  59   49.149  -48.816   39.347    0.00   5.622    23   2.1
   1  60   49.235  -48.906   39.415    0.00   5.643    23   2.1
   1   1   49.238  -48.910   39.342    0.00   5.621    23   2.2
   1   2   50.609  -50.323   35.989    0.00   4.620    15   2.2
   1   3   51.981  -51.732   34.953    0.00   4.326    13   2.2
   1   4   53.352  -53.334   34.224    0.00   4.130    12   2.2
   1   5   54.723  -54.764   33.694    0.00   3.995    12   2.2
   1   6   56.094  -56.102   33.284    0.00   3.897    11   2.2
   1   7   57.465  -57.502   32.901    0.00   3.810    10   2.2
   1   8   58.836  -58.911   32.570    0.00   3.740     9   2.2
   1   9   60.207  -60.289   32.276    0.00   3.682     8   2.2
   1  10   61.578  -61.691   31.994    0.00   3.630     8   2.2
   1  11   62.949  -63.091   31.728    0.00   3.585     7   2.2
   1  12   64.320  -64.474   31.489    0.00   3.548     8   2.2
   1  13   65.691  -65.859   31.260    0.00   3.517     8   2.2
   1  14   67.063  -67.245   31.041    0.00   3.490     8   2.2
   1  15   68.434  -68.628   30.829    0.00   3.467     8   2.2
   1  16   69.805  -70.007   30.627    0.00   3.449     8   2.2
   1  17   71.176  -71.389   30.435    0.00   3.434     7   2.2
   1  18   72.547  -72.766   30.248    0.00   3.423     8   2.2
   1  19   73.918  -74.100   30.069    0.00   3.415     8   2.2
   1  20   75.289  -75.478   29.891    0.00   3.410     8   2.2
   1  21   76.660  -76.855   29.717    0.00   3.408     8   2.2
   1  22   78.031  -78.230   29.549    0.00   3.409     8   2.2
   1  23   79.402  -79.605   29.382    0.00   3.412     7   2.2
   1  24   80.773  -80.980   29.218    0.00   3.418     7   2.2
   1  25   82.145  -82.354   29.056    0.00   3.427     7   2.2
   1  26   83.516  -83.727   28.895    0.00   3.438     7   2.2
   1  27   84.887  -85.100   28.736    0.00   3.452     7   2.2
   1  28   86.258  -86.471   28.579    0.00   3.468     7   2.2
   1  29   87.629  -87.842   28.421    0.00   3.487     7   2.2
   1  30   89.000  -89.153   28.228    0.00   3.513     7   2.2
   1   1   62.278  -62.406   32.496    0.00   3.713    11   3.1
   1   2   62.315  -62.254   34.338    0.00   4.024    11   3.1
   1   3   62.353  -62.282   35.384    0.00   4.201    12   3.1
   1   4   62.390  -62.317   36.294    0.00   4.355    13   3.1
   1   5   62.427  -62.347   37.018    0.00   4.477    13   3.1
   1   6   62.465  -62.380   37.710    0.00   4.594    14   3.1
   1   7   62.502  -62.407   38.286    0.00   4.690    15   3.1
   1   8   62.539  -62.449   38.947    0.00   4.801    15   3.1
   1   9   62.577  -62.525   39.470    0.00   4.889    17   3.1
   1  10   62.614  -62.554   39.923    0.00   4.964    16   3.1
   1  11   62.651  -62.583   40.402    0.00   5.043    16   3.1
   1  12   62.689  -62.621   40.916    0.00   5.129    16   3.1
   1  13   62.726  -62.648   41.335    0.00   5.198    16   3.1
   1  14   62.763  -62.675   41.745    0.00   5.266    16   3.1
   1  15   62.801  -62.709   42.177    0.00   5.337    16   3.1
   1  16   62.838  -62.747   42.624    0.00   5.410    17   3.1
   1  17   62.875  -62.772   42.981    0.00   5.469    17   3.1
   1  18   62.913  -62.802   43.352    0.00   5.530    17   3.1
   1  19   62.950  -62.835   43.737    0.00   5.592    17   3.1
   1  20   62.987  -62.873   44.135    0.00   5.657    18   3.1
   1  21   63.025  -62.901   44.470    0.00   5.712    19   3.1
   1  22   63.062  -62.930   44.800    0.00   5.765    19   3.1
   1  23   63.100  -62.961   45.140    0.00   5.820    19   3.1
   1  24   63.137  -62.997   45.491    0.00   5.877    19   3.1
   1  25   63.174  -63.034   45.846    0.00   5.935    20   3.1
   1  26   63.212  -63.061   46.144    0.00   5.982    20   3.1
   1  27   63.249  -63.090   46.447    0.00   6.031    21   3.1
   1  28   63.286  -63.123   46.759    0.00   6.081    21   3.1
   1  29   63.324  -63.158   47.081    0.00   6.133    21   3.1
   1  30   63.361  -63.243   47.407    0.00   6.185    21   3.1
   1   1   63.361  -63.171   46.300    0.00   6.008    21   3.2
   1   2   64.115  -63.643   37.951    0.00   4.686    14   3.2
   1   3   64.869  -64.291   36.231    0.00   4.425    13   3.2
   1   4   65.623  -64.963   35.204    0.00   4.277    13   3.2
   1   5   66.377  -65.655   34.526    0.00   4.185    13   3.2
   1   6   67.131  -66.349   33.996    0.00   4.117    12   3.2
   1   7   67.886  -67.050   33.559    0.00   4.064    11   3.2
   1   8   68.640  -67.759   33.203    0.00   4.024    10   3.2
   1   9   69.394  -68.476   32.895    0.00   3.992    10   3.2
   1  10   70.148  -69.280   32.606    0.00   3.964    11   3.2
   1  11   70.902  -70.007   32.332    0.00   3.940    11   3.2
   1  12   71.656  -70.730   32.091    0.00   3.920    10   3.2
   1  13   72.410  -71.454   31.871    0.00   3.905    10   3.2
   1  14   73.164  -72.179   31.659    0.00   3.891    10   3.2
   1  15   73.918  -72.906   31.459    0.00   3.881    10   3.2
   1  16   74.672  -73.635   31.268    0.00   3.872    10   3.2
   1  17   75.426  -74.366   31.085    0.00   3.865    10   3.2
   1  18   76.181  -75.099   30.909    0.00   3.860    10   3.2
   1  19   76.935  -75.833   30.739    0.00   3.856    10   3.2
   1  20   77.689  -76.569   30.575    0.00   3.854    10   3.2
   1  21   78.443  -77.306   30.415    0.00   3.854    10   3.2
   1  22   79.197  -78.044   30.259    0.00   3.855    10   3.2
   1  23   79.951  -78.781   30.106    0.00   3.857    11   3.2
   1  24   80.705  -79.520   29.957    0.00   3.860    11   3.2
   1  25   81.459  -80.221   29.813    0.00   3.865    11   3.2
   1  26   82.213  -80.963   29.669    0.00   3.871    11   3.2
   1  27   82.967  -81.706   29.529    0.00   3.878    11   3.2
   1  28   83.721  -82.451   29.389    0.00   3.886    10   3.2
   1  29   84.475  -83.197   29.252    0.00   3.895    10   3.2
   1  30   85.230  -83.944   29.116    0.00   3.905    10   3.2
   1  31   85.984  -84.692   28.981    0.00   3.917    10   3.2
   1  32   86.738  -85.441   28.847    0.00   3.929    10   3.2
   1  33   87.492  -86.190   28.714    0.00   3.943    10   3.2
   1  34   88.246  -86.941   28.583    0.00   3.958    10   3.2
   1  35   89.000  -87.692   28.451    0.00   3.974    10   3.2
   1   1   70.902  -70.005   32.385    0.00   3.944    12   4.1
   1   2   70.932  -69.935   36.338    0.00   4.278    13   4.1
   1   3   70.962  -69.959   37.956    0.00   4.414    13   4.1
   1   4   70.991  -70.033   39.238    0.00   4.522    15   4.1
   1   5   71.021  -70.419   40.392    0.00   4.616    15   4.1
   1   6   71.050  -70.453   41.616    0.00   4.712    15   4.1
   1   7   71.080  -70.479   42.582    0.00   4.788    16   4.1
   1   8   71.110  -70.511   43.567    0.00   4.864    16   4.1
   1   9   71.139  -70.536   44.402    0.00   4.929    17   4.1
   1  10   71.169  -70.563   45.205    0.00   4.991    17   4.1
   1  11   71.199  -70.595   46.052    0.00   5.056    19   4.1
   1  12   71.228  -70.617   46.710    0.00   5.107    20   4.1
   1  13   71.258  -70.692   47.405    0.00   5.160    19   4.1
   1  14   71.288  -70.723   48.142    0.00   5.215    19   4.1
   1  15   71.317  -70.753   48.784    0.00   5.264    20   4.1
   1  16   71.347  -70.778   49.399    0.00   5.310    21   4.1
   1  17   71.376  -70.941   50.025    0.00   5.356    21   4.1
   1  18   71.406  -70.967   50.593    0.00   5.398    22   4.1
   1  19   71.436  -70.995   51.164    0.00   5.439    22   4.1
   1  20   71.465  -71.027   51.758    0.00   5.482    22   4.1
   1  21   71.495  -71.061   52.362    0.00   5.525    24   4.1
   1  22   71.525  -70.959   52.899    0.00   5.564    25   4.1
   1  23   71.554  -70.988   53.393    0.00   5.600    24   4.1
   1  24   71.584  -71.025   53.902    0.00   5.636    24   4.1
   1  25   71.614  -71.067   54.428    0.00   5.674    24   4.1
   1  26   71.643  -71.113   54.917    0.00   5.709    25   4.1
   1  27   71.673  -71.162   55.362    0.00   5.741    25   4.1
   1  28   71.702  -71.217   55.821    0.00   5.773    25   4.1
   1  29   71.732  -71.275   56.284    0.00   5.805    26   4.1
   1  30   71.762  -71.346   56.704    0.00   5.834    26   4.1
   1   1   71.762  -71.226   55.384    0.00   5.743    25   4.2
   1   2   71.777  -71.141   53.713    0.00   5.625    24   4.2
   1   3   71.822  -71.222   50.103    0.00   5.373    22   4.2
   1   4   71.897  -71.107   47.602    0.00   5.195    20   4.2
   1   5   72.001  -71.113   45.369    0.00   5.037    17   4.2
   1   6   72.135  -71.198   43.644    0.00   4.915    17   4.2
   1   7   72.299  -71.305   42.066    0.00   4.806    17   4.2
   1   8   72.493  -71.443   40.799    0.00   4.720    15   4.2
   1   9   72.717  -71.609   39.788    0.00   4.653    16   4.2
   1  10   72.970  -71.541   38.934    0.00   4.596    17   4.2
   1  11   73.254  -71.733   38.128    0.00   4.543    15   4.2
   1  12   73.567  -71.997   37.408    0.00   4.498    14   4.2
   1  13   73.910  -72.291   36.788    0.00   4.462    13   4.2
   1  14   74.282  -72.613   36.241    0.00   4.431    13   4.2
   1  15   74.685  -72.967   35.737    0.00   4.405    13   4.2
   1  16   75.118  -73.351   35.269    0.00   4.383    13   4.2
   1  17   75.580  -73.767   34.831    0.00   4.364    13   4.2
   1  18   76.072  -74.208   34.393    0.00   4.348    13   4.2
   1  19   76.594  -74.682   34.006    0.00   4.335    13   4.2
   1  20   77.145  -75.190   33.611    0.00   4.325    13   4.2
   1  21   77.727  -75.746   33.240    0.00   4.317    12   4.2
   1  22   78.338  -76.313   32.888    0.00   4.313    12   4.2
   1  23   78.980  -76.916   32.562    0.00   4.310    13   4.2
   1  24   79.651  -77.549   32.234    0.00   4.311    13   4.2
   1  25   80.351  -78.287   31.910    0.00   4.313    13   4.2
   1  26   81.082  -78.982   31.599    0.00   4.319    12   4.2
   1  27   81.843  -79.707   31.290    0.00   4.326    12   4.2
   1  28   82.633  -80.463   30.983    0.00   4.337    12   4.2
   1  29   83.453  -81.252   30.677    0.00   4.350    12   4.2
   1  30   84.303  -82.074   30.373    0.00   4.366    12   4.2
   1  31   85.183  -82.927   30.069    0.00   4.386    12   4.2
   1  32   86.092  -83.810   29.765    0.00   4.408    13   4.2
   1  33   87.032  -84.688   29.461    0.00   4.434    12   4.2
   1  34   88.001  -85.641   29.152    0.00   4.463    12   4.2
   1  35   89.000  -86.628   28.839    0.00   4.496    12   4.2
   1   1   76.018  -74.163   34.679    0.00   4.358    14   5.1
   1   2   76.018  -74.164   35.423    0.00   4.385    14   5.1
   1   3   76.019  -74.164   36.555    0.00   4.425    15   5.1
   1   4   76.020  -74.167   38.430    0.00   4.492    16   5.1
   1   5   76.022  -74.219   39.246    0.00   4.521    16   5.1
   1   6   76.024  -74.435   41.875    0.00   4.606    15   5.1
   1   7   76.027  -74.436   42.878    0.00   4.639    15   5.1
   1   8   76.030  -74.440   44.193    0.00   4.681    15   5.1
   1   9   76.033  -74.445   45.965    0.00   4.739    15   5.1
   1  10   76.038  -74.982   47.990    0.00   4.803    17   5.1
   1  11   76.042  -75.086   51.188    0.00   4.884    18   5.1
   1  12   76.047  -75.105   66.812    0.00   5.094    22   5.1
   1  13   76.053  -75.252   68.329    0.00   5.131    22   5.1
   1  14   76.059  -75.249   69.886    0.00   5.166    24   5.1
   1  15   76.066  -72.718   71.896    0.00   5.238    27   5.1
   1  16   76.073  -71.552   72.727    0.00   5.292    26   5.1
   1  17   76.081  -71.539   73.421    0.00   5.337    26   5.1
   1  18   76.089  -71.537   74.107    0.00   5.383    26   5.1
   1  19   76.097  -72.145   74.414    0.00   5.403    25   5.1
   1  20   76.106  -72.139   75.194    0.00   5.449    25   5.1
   1  21   76.116  -72.142   75.990    0.00   5.496    26   5.1
   1  22   76.126  -72.171   76.800    0.00   5.544    26   5.1
   1  23   76.137  -72.231   77.648    0.00   5.594    26   5.1
   1  24   76.148  -72.326   78.463    0.00   5.641    26   5.1
   1  25   76.159  -74.526   78.697    0.00   5.639    26   5.1
   1  26   76.171  -74.562   80.953    0.00   5.709    26   5.1
   1  27   76.184  -75.134   84.893    0.00   5.779    28   5.1
   1  28   76.197  -75.203   86.515    0.00   5.818    28   5.1
   1  29   76.210  -75.219   88.100    0.00   5.855    29   5.1
   1  30   76.224  -75.240   89.753    0.00   5.893    29   5.1
   1   1   76.225  -75.234   88.362    0.00   5.861    30   5.2
   1   2   76.240  -72.372   76.847    0.00   5.555    27   5.2
   1   3   76.286  -75.476   69.703    0.00   5.191    24   5.2
   1   4   76.362  -75.484   61.937    0.00   5.029    22   5.2
   1   5   76.468  -75.758   53.785    0.00   5.009    18   5.2
   1   6   76.605  -75.727   50.590    0.00   4.954    18   5.2
   1   7   76.772  -75.812   48.103    0.00   4.913    16   5.2
   1   8   76.970  -75.665   46.254    0.00   4.880    17   5.2
   1   9   77.197  -75.910   44.736    0.00   4.854    15   5.2
   1  10   77.456  -76.185   43.415    0.00   4.836    16   5.2
   1  11   77.744  -76.495   42.235    0.00   4.824    16   5.2
   1  12   78.063  -76.831   41.216    0.00   4.818    16   5.2
   1  13   78.413  -77.193   40.274    0.00   4.815    17   5.2
   1  14   78.792  -77.580   39.336    0.00   4.817    17   5.2
   1  15   79.202  -77.821   38.553    0.00   4.822    18   5.2
   1  16   79.643  -78.231   37.799    0.00   4.829    16   5.2
   1  17   80.114  -78.716   37.026    0.00   4.840    16   5.2
   1  18   80.615  -79.228   36.372    0.00   4.854    16   5.2
   1  19   81.147  -79.768   35.715    0.00   4.872    16   5.2
   1  20   81.709  -80.337   35.082    0.00   4.893    16   5.2
   1  21   82.301  -80.936   34.467    0.00   4.918    16   5.2
   1  22   82.924  -81.563   33.867    0.00   4.947    16   5.2
   1  23   83.577  -81.974   33.386    0.00   4.974    15   5.2
   1  24   84.261  -82.653   32.800    0.00   5.009    15   5.2
   1  25   84.975  -83.363   32.224    0.00   5.049    15   5.2
   1  26   85.719  -84.179   31.650    0.00   5.094    16   5.2
   1  27   86.494  -84.955   31.079    0.00   5.145    15   5.2
   1  28   87.299  -85.756   30.509    0.00   5.200    14   5.2
   1  29   88.134  -86.589   29.933    0.00   5.262    14   5.2
   1  30   89.000  -87.406   29.352    0.00   5.330    14   5.2
   1   1   77.325  -76.046   44.454    0.00   4.850    17   6.1
   1   2   77.325  -76.051   46.170    0.00   4.874    18   6.1
   1   3   77.327  -76.396   48.884    0.00   4.903    19   6.1
   1   4   77.328  -76.560   52.850    0.00   4.934    19   6.1
   1   5   77.331  -77.881   56.735    0.00   4.913    19   6.1
   1   6   77.334  -76.438   61.873    0.00   4.896    21   6.1
   1   7   77.338  -76.394   65.036    0.00   4.926    21   6.1
   1   8   77.342  -76.626   68.833    0.00   4.960    23   6.1
   1   9   77.348  -73.613   72.822    0.00   5.054    24   6.1
   1  10   77.354  -74.159   76.231    0.00   5.181    25   6.1
   1  11   77.361  -75.876   78.709    0.00   5.240    24   6.1
   1  12   77.368  -76.672   81.971    0.00   5.282    27   6.1
   1  13   77.376  -76.534   86.132    0.00   5.302    27   6.1
   1  14   77.385  -76.531   89.438    0.00   5.328    28   6.1
   1  15   77.395  -76.402   92.377    0.00   5.354    28   6.1
   1  16   77.405  -76.417   94.909    0.00   5.377    28   6.1
   1  17   77.416  -76.437   97.726    0.00   5.403    27   6.1
   1  18   77.428  -76.102  100.346    0.00   5.427    29   6.1
   1  19   77.440  -76.119  102.848    0.00   5.459    28   6.1
   1  20   77.453  -76.144  105.591    0.00   5.494    28   6.1
   1  21   77.467  -76.169  108.168    0.00   5.525    29   6.1
   1  22   77.481  -75.945  110.000    2.00   4.210    30   6.1
   1  23   77.497  -27.033  110.000    5.95   2.998    24   6.1
   1  24   77.513  -26.210  110.000    7.32   2.890    24   6.1
   1  25   77.529  -12.087  110.000    8.36   2.816    24   6.1
   1  26   77.547  -11.633  110.000    8.93   2.797    24   6.1
   1  27   77.565  -11.177  110.000    9.49   2.780    24   6.1
   1  28   77.583  -10.722  110.000   10.06   2.762    24   6.1
   1  29   77.603  -10.266  110.000   10.63   2.746    24   6.1
   1  30   77.623   -9.808  110.000   11.20   2.730    24   6.1
   1  31   77.644   -9.351  110.000   11.77   2.715    24   6.1
   1  32   77.666   -8.892  110.000   12.34   2.701    24   6.1
   1  33   77.688   -8.433  110.000   12.92   2.687    24   6.1
   1  34   77.711   -7.885  110.000   13.60   2.672    24   6.1
***  ray stopped - illegal reflection  ***
   1  35   77.735   -1.478   94.240   15.35   2.648    21   6.2
   1   1   77.736  -10.751  110.000   13.10   2.687    24   6.2
   1   2   77.749  -14.016  110.000   11.70   2.734    24   6.2
   1   3   77.789  -78.406   99.874    0.00   5.722    30   6.2
   1   4   77.856  -78.666   96.672    0.00   5.773    29   6.2
   1   5   77.950  -78.958   93.076    0.00   5.843    27   6.2
   1   6   78.071  -79.293   89.441    0.00   5.927    29   6.2
   1   7   78.218  -77.757   98.089    0.00   5.794    29   6.2
   1   8   78.392  -77.953   91.589    0.00   5.844    28   6.2
   1   9   78.593  -78.224   85.881    0.00   5.906    28   6.2
   1  10   78.821  -78.845   83.673    0.00   5.933    26   6.2
   1  11   79.075  -77.826   78.588    0.00   5.991    24   6.2
   1  12   79.356  -76.679   74.863    0.00   5.998    24   6.2
   1  13   79.665  -77.457   71.156    0.00   5.977    25   6.2
   1  14   79.999  -79.370   67.172    0.00   6.053    22   6.2
   1  15   80.361  -79.746   63.931    0.00   6.144    22   6.2
   1  16   80.749  -80.150   60.950    0.00   6.240    21   6.2
   1  17   81.165  -81.293   57.943    0.00   6.378    21   6.2
   1  18   81.607  -81.955   55.236    0.00   6.520    20   6.2
   1  19   82.075  -82.406   52.732    0.00   6.669    21   6.2
   1  20   82.571  -82.232   50.632    0.00   6.793    20   6.2
   1  21   83.093  -82.642   48.514    0.00   6.925    20   6.2
   1  22   83.642  -83.121   46.510    0.00   7.060    19   6.2
   1  23   84.218  -83.476   44.572    0.00   7.202    19   6.2
   1  24   84.821  -84.087   42.654    0.00   7.352    18   6.2
   1  25   85.451  -84.727   40.775    0.00   7.514    18   6.2
   1  26   86.107  -85.392   38.924    0.00   7.688    18   6.2
   1  27   86.790  -85.884   37.107    0.00   7.871    17   6.2
   1  28   87.500  -86.600   35.277    0.00   8.069    17   6.2
   1  29   88.237  -87.342   33.442    0.00   8.284    18   6.2
   1  30   89.000  -88.108   31.588    0.00   8.518    18   6.2
   1   1   80.171  -79.550   66.390    0.00   6.073    23   7.1
   1   2   80.171  -79.553   67.312    0.00   6.047    24   7.1
   1   3   80.171  -79.557   67.638    0.00   6.038    24   7.1
   1   4   80.172  -79.612   69.584    0.00   5.981    23   7.1
   1   5   80.172  -78.056   70.619    0.00   5.965    24   7.1
   1   6   80.173  -77.611   73.270    0.00   5.954    26   7.1
   1   7   80.174  -77.615   74.441    0.00   5.948    25   7.1
   1   8   80.175  -77.751   76.022    0.00   5.940    25   7.1
   1   9   80.176  -79.260   78.007    0.00   5.891    25   7.1
   1  10   80.177  -80.458   82.579    0.00   5.765    26   7.1
   1  11   80.178  -79.859   84.819    0.00   5.687    27   7.1
   1  12   80.180  -79.446  106.965    0.00   4.874    31   7.1
   1  13   80.182  -79.445  108.498    0.00   4.833    31   7.1
   1  14   80.183  -79.362  110.000    0.89   4.185    31   7.1
   1  15   80.185  -47.277  110.000    5.79   2.169    26   7.1
   1  16   80.188  -45.840  110.000    7.87   1.900    27   7.1
   1  17   80.190  -40.254  110.000    9.19   1.755    26   7.1
   1  18   80.192  -39.677  110.000   10.41   1.630    26   7.1
   1  19   80.195  -39.072  110.000   11.67   1.503    26   7.1
   1  20   80.198  -38.431  110.000   12.98   1.375    26   7.1
   1  21   80.201  -37.754  110.000   14.33   1.245    26   7.1
   1  22   80.204   -9.072  110.000   15.09   1.184    26   7.1
   1  23   80.207   -8.849  110.000   15.33   1.179    26   7.1
   1  24   80.210   -8.627  110.000   15.57   1.175    26   7.1
   1  25   80.214   -8.406  110.000   15.82   1.170    26   7.1
***  ray stopped - illegal reflection  ***
   1  26   80.217   -3.074   79.472   19.00   2.053    19   7.2
***  ray stopped - illegal reflection  ***
   1  27   80.221   -2.385   76.822   19.24   2.131    18   7.2
***  ray stopped - illegal reflection  ***
   1  28   80.225   -1.771   74.720   19.42   2.193    18   7.2
***  ray stopped - illegal reflection  ***
   1  29   80.229   -1.210   72.893   19.58   2.247    18   7.2
***  ray stopped - illegal reflection  ***
   1  30   80.233   -0.479   70.443   19.73   2.320    17   7.2
***  ray stopped - illegal reflection  ***
   1   1   80.233   -2.231   71.958   19.66   2.275    19   7.2
   1   2   80.249  -79.500  108.813    0.00   4.833    31   7.2
   1   3   80.294  -79.980   85.276    0.00   5.692    28   7.2
   1   4   80.370  -79.455   78.152    0.00   5.919    26   7.2
   1   5   80.477  -78.032   75.001    0.00   5.991    26   7.2
   1   6   80.614  -77.724   72.056    0.00   6.021    27   7.2
   1   7   80.781  -80.409   68.989    0.00   6.082    23   7.2
   1   8   80.979  -80.482   66.376    0.00   6.182    23   7.2
   1   9   81.207  -80.726   64.039    0.00   6.277    24   7.2
   1  10   81.466  -80.998   61.708    0.00   6.378    24   7.2
   1  11   81.755  -81.999   59.364    0.00   6.499    23   7.2
   1  12   82.075  -82.333   57.136    0.00   6.631    24   7.2
   1  13   82.425  -82.897   54.934    0.00   6.773    23   7.2
   1  14   82.806  -83.280   52.781    0.00   6.925    24   7.2
   1  15   83.216  -83.060   50.897    0.00   7.058    22   7.2
   1  16   83.658  -83.391   48.997    0.00   7.195    24   7.2
   1  17   84.130  -83.810   47.069    0.00   7.342    21   7.2
   1  18   84.632  -84.281   45.152    0.00   7.499    22   7.2
   1  19   85.165  -84.646   43.292    0.00   7.659    21   7.2
   1  20   85.728  -85.224   41.399    0.00   7.834    21   7.2
   1  21   86.321  -85.830   39.505    0.00   8.022    21   7.2
   1  22   86.945  -86.268   37.618    0.00   8.224    20   7.2
   1  23   87.600  -86.932   35.696    0.00   8.440    20   7.2
   1  24   88.285  -87.625   33.750    0.00   8.675    21   7.2
   1  25   89.000  -88.345   31.762    0.00   8.932    21   7.2
   1   1   80.278  -79.899   97.179    0.00   5.166    33   8.1
   1   2   80.278  -79.542  100.923    0.00   5.050    32   8.1
   1   3   80.278  -79.531  106.628    0.00   4.891    33   8.1
   1   4   80.278   -5.525  110.000   17.26   1.119    24   8.1
   1   5   80.279   -5.291  110.000   17.47   1.117    24   8.1
   1   6   80.279   -5.064  110.000   17.67   1.115    24   8.1
   1   7   80.280   -4.837  110.000   17.88   1.113    24   8.1
   1   8   80.281   -4.614  110.000   18.08   1.111    24   8.1
   1   9   80.282   -4.388  110.000   18.28   1.109    24   8.1
   1  10   80.283   -4.914  110.000   17.81   1.113    24   8.1
   1  11   80.285   -4.550  110.000   18.14   1.110    24   8.1
   1  12   80.286   -4.243  110.000   18.42   1.107    23   8.1
   1  13   80.288   -3.965  110.000   18.68   1.105    23   8.1
   1  14   80.289   -3.701  110.000   18.92   1.103    23   8.1
   1  15   80.291   -3.449  110.000   19.16   1.101    23   8.1
   1  16   80.293   -3.204  110.000   19.38   1.100    23   8.1
   1  17   80.296   -2.965  110.000   19.61   1.098    23   8.1
   1  18   80.298   -2.731  110.000   19.83   1.097    23   8.1
   1  19   80.300   -2.499  110.000   20.05   1.095    23   8.1
   1  20   80.303   -2.270  110.000   20.27   1.094    23   8.1
   1  21   80.306   -2.044  110.000   20.49   1.093    23   8.1
   1  22   80.308   -1.819  110.000   20.71   1.092    23   8.1
   1  23   80.311   -1.597  110.000   20.93   1.092    23   8.1
   1  24   80.315   -1.376  110.000   21.15   1.091    23   8.1
   1  25   80.318   -1.154  110.000   21.37   1.090    23   8.1
   1  26   80.321   -0.936  110.000   21.58   1.090    23   8.1
   1  27   80.325   -0.717  110.000   21.81   1.089    23   8.1
   1  28   80.329   -0.500  110.000   22.03   1.089    23   8.1
   1  29   80.332   -0.283  110.000   22.25   1.089    23   8.1
   1  30   80.336   -0.066  110.000   22.47   1.089    23   8.1
***  shot#   1 ray code  8.2 no rays traced  ***
***  shot#   1 ray code  9.1 no rays traced  ***
***  shot#   1 ray code  9.2 no rays traced  ***

***  less than nray rays traced for    7 ray groups  ***

|----------------------------------------------------------------|
|                                                                |
|  total of  1716 rays consisting of   22219 points were traced  |
|                                                                |
|           model consists of  8 layers and 102 blocks           |
|                                                                |
|----------------------------------------------------------------|

