    28.163        -1
     0.000         0
     1.000         5
 0.18785E+02 0.17822E-01 0.00000E+00
 0.87255E+01 0.47184E-03 0.00000E+00
 0.87481E+01 0.11305E-03 0.00000E+00
 0.10484E+02 0.10170E-02 0.00000E+00
 0.10776E+02 0.17778E-04 0.00000E+00
     2.000         5
 0.18098E+02 0.18096E-01 0.00000E+00
 0.85499E+01 0.47276E-03 0.00000E+00
 0.85895E+01 0.11201E-03 0.00000E+00
 0.10381E+02 0.99661E-03 0.00000E+00
 0.10684E+02 0.17619E-04 0.00000E+00
     3.000         6
 0.17411E+02 0.18442E-01 0.00000E+00
 0.83743E+01 0.47367E-03 0.00000E+00
 0.84803E+01 0.58392E-02 0.20768E+01
 0.84309E+01 0.10488E-03 0.00000E+00
 0.10280E+02 0.98087E-03 0.00000E+00
 0.10592E+02 0.17493E-04 0.00000E+00
     4.000         6
 0.16724E+02 0.18896E-01 0.00000E+00
 0.81986E+01 0.47573E-03 0.00000E+00
 0.83127E+01 0.59864E-02 0.19862E+01
 0.82723E+01 0.69255E-04 0.00000E+00
 0.10182E+02 0.97141E-03 0.00000E+00
 0.10504E+02 0.17640E-04 0.00000E+00
     5.000         7
 0.16035E+02 0.19409E-01 0.00000E+00
 0.16110E+02 0.26791E-01 0.30720E+01
 0.80230E+01 0.47806E-03 0.00000E+00
 0.81451E+01 0.61337E-02 0.18955E+01
 0.81136E+01 0.56165E-04 0.00000E+00
 0.10086E+02 0.96988E-03 0.00000E+00
 0.10417E+02 0.17787E-04 0.00000E+00
     6.000         7
 0.15347E+02 0.19817E-01 0.00000E+00
 0.15435E+02 0.27174E-01 0.30631E+01
 0.78474E+01 0.48210E-03 0.00000E+00
 0.79783E+01 0.63090E-02 0.17875E+01
 0.79550E+01 0.49731E-04 0.00000E+00
 0.99932E+01 0.98245E-03 0.00000E+00
 0.10334E+02 0.18341E-04 0.00000E+00
     7.000         7
 0.14658E+02 0.20114E-01 0.00000E+00
 0.14761E+02 0.27558E-01 0.30543E+01
 0.76717E+01 0.48711E-03 0.00000E+00
 0.78130E+01 0.65435E-02 0.16427E+01
 0.77963E+01 0.46150E-04 0.00000E+00
 0.99025E+01 0.10018E-02 0.00000E+00
 0.10253E+02 0.18958E-04 0.00000E+00
     8.000         6
 0.13968E+02 0.20479E-01 0.00000E+00
 0.14086E+02 0.27941E-01 0.30454E+01
 0.74960E+01 0.49322E-03 0.00000E+00
 0.76478E+01 0.67780E-02 0.14979E+01
 0.98155E+01 0.10331E-02 0.00000E+00
 0.10175E+02 0.19865E-04 0.00000E+00
     9.000         6
 0.13278E+02 0.21079E-01 0.00000E+00
 0.13411E+02 0.28358E-01 0.30363E+01
 0.73204E+01 0.49902E-03 0.00000E+00
 0.74850E+01 0.67278E-02 0.12606E+01
 0.97310E+01 0.10712E-02 0.00000E+00
 0.10099E+02 0.20895E-04 0.00000E+00
    10.000         6
 0.12588E+02 0.21715E-01 0.00000E+00
 0.12741E+02 0.29450E-01 0.30239E+01
 0.71449E+01 0.50560E-03 0.00000E+00
 0.73226E+01 0.66272E-02 0.10069E+01
 0.96501E+01 0.11191E-02 0.00000E+00
 0.10027E+02 0.22129E-04 0.00000E+00
    11.000         7
 0.11897E+02 0.22151E-01 0.00000E+00
 0.12070E+02 0.30542E-01 0.30115E+01
 0.74122E+01 0.61405E-02 0.00000E+00
 0.69703E+01 0.51299E-03 0.00000E+00
 0.71642E+01 0.59327E-02 0.51666E+00
 0.95735E+01 0.11742E-02 0.00000E+00
 0.99577E+01 0.23515E-04 0.00000E+00
    12.000         7
 0.11205E+02 0.22542E-01 0.00000E+00
 0.11401E+02 0.31986E-01 0.29976E+01
 0.71887E+01 0.60196E-02 0.00000E+00
 0.67974E+01 0.52140E-03 0.00000E+00
 0.70073E+01 0.50456E-02 0.00000E+00
 0.95011E+01 0.12361E-02 0.00000E+00
 0.98926E+01 0.25042E-04 0.00000E+00
    13.000         8
 0.10514E+02 0.23239E-01 0.00000E+00
 0.10735E+02 0.34192E-01 0.29804E+01
 0.69646E+01 0.56203E-02 0.00000E+00
 0.69703E+01 0.64170E-02 0.30534E+01
 0.66246E+01 0.52940E-03 0.00000E+00
 0.68544E+01 0.38525E-02 0.00000E+00
 0.94335E+01 0.13060E-02 0.00000E+00
 0.98322E+01 0.26734E-04 0.00000E+00
    14.000         8
 0.98219E+01 0.23958E-01 0.00000E+00
 0.10071E+02 0.37080E-01 0.29605E+01
 0.67483E+01 0.51371E-02 0.00000E+00
 0.67620E+01 0.68613E-02 0.30155E+01
 0.64558E+01 0.53402E-03 0.00000E+00
 0.67100E+01 0.29214E-02 0.00000E+00
 0.93683E+01 0.13801E-02 0.00000E+00
 0.97778E+01 0.28482E-04 0.00000E+00
    15.000         9
 0.91296E+01 0.24094E-01 0.00000E+00
 0.94100E+01 0.41024E-01 0.29363E+01
 0.71659E+01 0.11135E-01 0.00000E+00
 0.65435E+01 0.49162E-02 0.00000E+00
 0.65601E+01 0.76277E-02 0.29711E+01
 0.62986E+01 0.52935E-03 0.00000E+00
 0.65733E+01 0.22124E-02 0.00000E+00
 0.93196E+01 0.14582E-02 0.00000E+00
 0.97335E+01 0.30323E-04 0.00000E+00
    16.000        11
 0.84371E+01 0.24270E-01 0.00000E+00
 0.87537E+01 0.46032E-01 0.29082E+01
 0.77475E+01 0.46925E-01 0.00000E+00
 0.68827E+01 0.10823E-01 0.00000E+00
 0.68778E+01 0.19681E-01 0.31118E+01
 0.63374E+01 0.47445E-02 0.00000E+00
 0.63624E+01 0.89079E-02 0.29178E+01
 0.61426E+01 0.50542E-03 0.00000E+00
 0.64456E+01 0.17384E-02 0.00000E+00
 0.92742E+01 0.15372E-02 0.00000E+00
 0.96921E+01 0.32210E-04 0.00000E+00
    17.000        11
 0.77443E+01 0.25231E-01 0.00000E+00
 0.81022E+01 0.52394E-01 0.28733E+01
 0.72886E+01 0.47151E-01 0.00000E+00
 0.72978E+01 0.37992E-01 0.30999E+01
 0.65738E+01 0.12336E-01 0.00000E+00
 0.65722E+01 0.21429E-01 0.30604E+01
 0.61272E+01 0.43502E-02 0.00000E+00
 0.61628E+01 0.11195E-01 0.28470E+01
 0.63223E+01 0.14221E-02 0.00000E+00
 0.92374E+01 0.16256E-02 0.00000E+00
 0.96607E+01 0.34261E-04 0.00000E+00
    18.000        11
 0.70514E+01 0.27573E-01 0.00000E+00
 0.74567E+01 0.60458E-01 0.28281E+01
 0.68214E+01 0.46337E-01 0.00000E+00
 0.68487E+01 0.40417E-01 0.30595E+01
 0.62562E+01 0.10932E-01 0.00000E+00
 0.62667E+01 0.23177E-01 0.30090E+01
 0.59004E+01 0.37249E-02 0.00000E+00
 0.59525E+01 0.15163E-01 0.27440E+01
 0.61974E+01 0.12001E-02 0.00000E+00
 0.91999E+01 0.17132E-02 0.00000E+00
 0.96283E+01 0.36279E-04 0.00000E+00
    19.000        11
 0.63583E+01 0.30520E-01 0.00000E+00
 0.68199E+01 0.70872E-01 0.27622E+01
 0.63468E+01 0.44495E-01 0.00000E+00
 0.63996E+01 0.42842E-01 0.30192E+01
 0.59369E+01 0.94649E-02 0.00000E+00
 0.59611E+01 0.24924E-01 0.29576E+01
 0.56731E+01 0.30508E-02 0.00000E+00
 0.57438E+01 0.19825E-01 0.26161E+01
 0.60745E+01 0.10773E-02 0.00000E+00
 0.91581E+01 0.17953E-02 0.00000E+00
 0.95916E+01 0.38166E-04 0.00000E+00
    20.000        11
 0.56649E+01 0.31405E-01 0.00000E+00
 0.61933E+01 0.83386E-01 0.26641E+01
 0.58657E+01 0.40938E-01 0.00000E+00
 0.59521E+01 0.46509E-01 0.29726E+01
 0.56166E+01 0.79167E-02 0.00000E+00
 0.56555E+01 0.26672E-01 0.29062E+01
 0.54456E+01 0.22850E-02 0.00000E+00
 0.55410E+01 0.25805E-01 0.24081E+01
 0.59592E+01 0.10435E-02 0.00000E+00
 0.91202E+01 0.18747E-02 0.00000E+00
 0.95559E+01 0.40032E-04 0.00000E+00
    21.000        11
 0.49714E+01 0.32446E-01 0.00000E+00
 0.55809E+01 0.97964E-01 0.25197E+01
 0.53786E+01 0.34010E-01 0.00000E+00
 0.55171E+01 0.59405E-01 0.28794E+01
 0.52953E+01 0.59956E-02 0.00000E+00
 0.53557E+01 0.34312E-01 0.27993E+01
 0.52179E+01 0.16883E-02 0.00000E+00
 0.53461E+01 0.33099E-01 0.20606E+01
 0.58524E+01 0.10921E-02 0.00000E+00
 0.90881E+01 0.19499E-02 0.00000E+00
 0.95291E+01 0.41683E-04 0.00000E+00
    22.000        11
 0.42778E+01 0.36809E-01 0.00000E+00
 0.49881E+01 0.11943E+00 0.22772E+01
 0.48872E+01 0.22484E-01 0.00000E+00
 0.50972E+01 0.79968E-01 0.27036E+01
 0.49733E+01 0.35878E-02 0.00000E+00
 0.50635E+01 0.48994E-01 0.26135E+01
 0.49902E+01 0.12300E-02 0.00000E+00
 0.51626E+01 0.40420E-01 0.13496E+01
 0.57572E+01 0.12487E-02 0.00000E+00
 0.90611E+01 0.20177E-02 0.00000E+00
 0.95023E+01 0.43334E-04 0.00000E+00
    23.000        11
 0.35841E+01 0.39399E-01 0.00000E+00
 0.44225E+01 0.15278E+00 0.18032E+01
 0.43926E+01 0.11259E-01 0.00000E+00
 0.46984E+01 0.10327E+00 0.23483E+01
 0.46508E+01 0.20376E-02 0.00000E+00
 0.47875E+01 0.69620E-01 0.22094E+01
 0.47627E+01 0.10076E-02 0.00000E+00
 0.49950E+01 0.21240E-01 0.00000E+00
 0.56732E+01 0.14885E-02 0.00000E+00
 0.90375E+01 0.20810E-02 0.00000E+00
 0.94842E+01 0.44563E-04 0.00000E+00
    24.000        10
 0.28902E+01 0.39440E-01 0.00000E+00
 0.38967E+01 0.15625E+00 0.47320E+00
 0.38964E+01 0.80898E-02 0.00000E+00
 0.43330E+01 0.12621E+00 0.14078E+01
 0.43281E+01 0.13029E-02 0.00000E+00
 0.45362E+01 0.81470E-01 0.98007E+00
 0.48493E+01 0.81544E-02 0.00000E+00
 0.56039E+01 0.17880E-02 0.00000E+00
 0.90212E+01 0.21311E-02 0.00000E+00
 0.94662E+01 0.45788E-04 0.00000E+00
    25.000         7
 0.34275E+01 0.62559E-01 0.00000E+00
 0.40156E+01 0.48818E-01 0.00000E+00
 0.43219E+01 0.20978E-01 0.00000E+00
 0.47308E+01 0.81486E-02 0.00000E+00
 0.55492E+01 0.21019E-02 0.00000E+00
 0.90065E+01 0.21785E-02 0.00000E+00
 0.94564E+01 0.46519E-04 0.00000E+00
    26.000         7
 0.30431E+01 0.71653E-01 0.00000E+00
 0.37639E+01 0.42004E-01 0.00000E+00
 0.41566E+01 0.19874E-01 0.00000E+00
 0.46435E+01 0.10163E-01 0.00000E+00
 0.55113E+01 0.23860E-02 0.00000E+00
 0.90006E+01 0.22059E-02 0.00000E+00
 0.94479E+01 0.47171E-04 0.00000E+00
    27.000         5
 0.27777E+01 0.10781E+00 0.00000E+00
 0.35957E+01 0.57397E-01 0.00000E+00
 0.40511E+01 0.26765E-01 0.00000E+00
 0.45922E+01 0.12461E-01 0.00000E+00
 0.54911E+01 0.26276E-02 0.00000E+00
    28.000         4
 0.26677E+01 0.13167E+00 0.00000E+00
 0.35249E+01 0.67256E-01 0.00000E+00
 0.40126E+01 0.35706E-01 0.00000E+00
 0.45736E+01 0.13432E-01 0.00000E+00
    29.000         4
 0.27314E+01 0.11874E+00 0.00000E+00
 0.35593E+01 0.62144E-01 0.00000E+00
 0.40438E+01 0.28428E-01 0.00000E+00
 0.46080E+01 0.12704E-01 0.00000E+00
    30.000         5
 0.29579E+01 0.81345E-01 0.00000E+00
 0.36958E+01 0.46805E-01 0.00000E+00
 0.41419E+01 0.21720E-01 0.00000E+00
 0.46733E+01 0.10720E-01 0.00000E+00
 0.55375E+01 0.24449E-02 0.00000E+00
    31.000         5
 0.33140E+01 0.59669E-01 0.00000E+00
 0.39219E+01 0.40530E-01 0.00000E+00
 0.42988E+01 0.17399E-01 0.00000E+00
 0.47729E+01 0.82990E-02 0.00000E+00
 0.55888E+01 0.21916E-02 0.00000E+00
    32.000         8
 0.26640E+01 0.40141E-01 0.00000E+00
 0.37620E+01 0.10801E+00 0.00000E+00
 0.42211E+01 0.12195E+00 0.87175E+00
 0.45043E+01 0.44133E-01 0.00000E+00
 0.49029E+01 0.69571E-02 0.00000E+00
 0.56572E+01 0.18876E-02 0.00000E+00
 0.90566E+01 0.21294E-02 0.00000E+00
 0.94920E+01 0.45876E-04 0.00000E+00
    33.000        11
 0.33578E+01 0.37372E-01 0.00000E+00
 0.42737E+01 0.16356E+00 0.14758E+01
 0.42612E+01 0.10084E-01 0.00000E+00
 0.45765E+01 0.11310E+00 0.22313E+01
 0.45426E+01 0.22202E-02 0.00000E+00
 0.47468E+01 0.77890E-01 0.16441E+01
 0.47401E+01 0.82686E-03 0.00000E+00
 0.50582E+01 0.84787E-02 0.00000E+00
 0.57414E+01 0.16170E-02 0.00000E+00
 0.90842E+01 0.20942E-02 0.00000E+00
 0.95164E+01 0.45036E-04 0.00000E+00
    34.000        11
 0.40516E+01 0.35219E-01 0.00000E+00
 0.48291E+01 0.12731E+00 0.21203E+01
 0.47623E+01 0.20811E-01 0.00000E+00
 0.49710E+01 0.85435E-01 0.26699E+01
 0.48653E+01 0.26515E-02 0.00000E+00
 0.50154E+01 0.57738E-01 0.23219E+01
 0.49784E+01 0.97373E-03 0.00000E+00
 0.52332E+01 0.19654E-01 0.00000E+00
 0.58388E+01 0.13554E-02 0.00000E+00
 0.91169E+01 0.20455E-02 0.00000E+00
 0.95430E+01 0.44047E-04 0.00000E+00
    35.000        12
 0.47454E+01 0.32700E-01 0.00000E+00
 0.54149E+01 0.10215E+00 0.24249E+01
 0.52603E+01 0.35450E-01 0.00000E+00
 0.53911E+01 0.62451E-01 0.28739E+01
 0.51883E+01 0.34681E-02 0.00000E+00
 0.53015E+01 0.43778E-01 0.26053E+01
 0.52168E+01 0.11206E-02 0.00000E+00
 0.54235E+01 0.34366E-01 0.11735E+01
 0.54213E+01 0.20534E-04 0.00000E+00
 0.59485E+01 0.11491E-02 0.00000E+00
 0.91536E+01 0.19859E-02 0.00000E+00
 0.95760E+01 0.42614E-04 0.00000E+00
    36.000        12
 0.54389E+01 0.30534E-01 0.00000E+00
 0.60224E+01 0.85248E-01 0.25965E+01
 0.57532E+01 0.43337E-01 0.00000E+00
 0.58287E+01 0.47800E-01 0.29805E+01
 0.55113E+01 0.44906E-02 0.00000E+00
 0.55977E+01 0.33207E-01 0.27586E+01
 0.54551E+01 0.12675E-02 0.00000E+00
 0.56247E+01 0.31312E-01 0.18526E+01
 0.56108E+01 0.44901E-04 0.00000E+00
 0.60699E+01 0.10594E-02 0.00000E+00
 0.91967E+01 0.19169E-02 0.00000E+00
 0.96115E+01 0.41083E-04 0.00000E+00
    37.000        12
 0.61323E+01 0.28989E-01 0.00000E+00
 0.66450E+01 0.73145E-01 0.27064E+01
 0.62392E+01 0.47975E-01 0.00000E+00
 0.62811E+01 0.45081E-01 0.30280E+01
 0.58338E+01 0.55270E-02 0.00000E+00
 0.59012E+01 0.26151E-01 0.28486E+01
 0.56933E+01 0.16181E-02 0.00000E+00
 0.58339E+01 0.25205E-01 0.21965E+01
 0.58003E+01 0.70186E-04 0.00000E+00
 0.62006E+01 0.10682E-02 0.00000E+00
 0.92423E+01 0.18442E-02 0.00000E+00
 0.96527E+01 0.39330E-04 0.00000E+00
    38.000        12
 0.68256E+01 0.27815E-01 0.00000E+00
 0.72793E+01 0.64200E-01 0.27819E+01
 0.67166E+01 0.51976E-01 0.00000E+00
 0.67336E+01 0.42363E-01 0.30755E+01
 0.61559E+01 0.63767E-02 0.00000E+00
 0.62067E+01 0.20244E-01 0.29227E+01
 0.59313E+01 0.20710E-02 0.00000E+00
 0.60487E+01 0.20541E-01 0.24024E+01
 0.59898E+01 0.93000E-04 0.00000E+00
 0.63405E+01 0.11911E-02 0.00000E+00
 0.92945E+01 0.17637E-02 0.00000E+00
 0.96962E+01 0.37500E-04 0.00000E+00
    39.000        12
 0.75188E+01 0.26164E-01 0.00000E+00
 0.79224E+01 0.56347E-01 0.28400E+01
 0.71837E+01 0.52742E-01 0.00000E+00
 0.71861E+01 0.39644E-01 0.31230E+01
 0.64773E+01 0.70112E-02 0.00000E+00
 0.65189E+01 0.19416E-01 0.29474E+01
 0.61690E+01 0.24879E-02 0.00000E+00
 0.62675E+01 0.17101E-01 0.25428E+01
 0.61791E+01 0.13960E-03 0.00000E+00
 0.64865E+01 0.14381E-02 0.00000E+00
 0.93480E+01 0.16820E-02 0.00000E+00
 0.97435E+01 0.35546E-04 0.00000E+00
    40.000        10
 0.82117E+01 0.24903E-01 0.00000E+00
 0.85725E+01 0.49567E-01 0.28827E+01
 0.67977E+01 0.75634E-02 0.00000E+00
 0.68312E+01 0.18589E-01 0.29721E+01
 0.64048E+01 0.27828E-02 0.00000E+00
 0.64881E+01 0.14197E-01 0.26481E+01
 0.63662E+01 0.17368E-03 0.00000E+00
 0.66371E+01 0.18116E-02 0.00000E+00
 0.94079E+01 0.15981E-02 0.00000E+00
 0.97942E+01 0.33578E-04 0.00000E+00
    41.000        10
 0.89044E+01 0.23920E-01 0.00000E+00
 0.92277E+01 0.43914E-01 0.29152E+01
 0.71174E+01 0.79409E-02 0.00000E+00
 0.71434E+01 0.17761E-01 0.29968E+01
 0.66384E+01 0.29799E-02 0.00000E+00
 0.67085E+01 0.11827E-01 0.27259E+01
 0.65526E+01 0.19782E-03 0.00000E+00
 0.67922E+01 0.24470E-02 0.00000E+00
 0.94695E+01 0.15150E-02 0.00000E+00
 0.98484E+01 0.31594E-04 0.00000E+00
    42.000        10
 0.95969E+01 0.23175E-01 0.00000E+00
 0.98866E+01 0.39365E-01 0.29403E+01
 0.74363E+01 0.82835E-02 0.00000E+00
 0.74557E+01 0.16933E-01 0.30215E+01
 0.68708E+01 0.31527E-02 0.00000E+00
 0.69303E+01 0.99794E-02 0.27856E+01
 0.67390E+01 0.22621E-03 0.00000E+00
 0.69517E+01 0.35511E-02 0.00000E+00
 0.95373E+01 0.14346E-02 0.00000E+00
 0.99069E+01 0.29662E-04 0.00000E+00
    43.000        10
 0.10289E+02 0.22518E-01 0.00000E+00
 0.10550E+02 0.35672E-01 0.29601E+01
 0.77545E+01 0.85898E-02 0.00000E+00
 0.77679E+01 0.16105E-01 0.30462E+01
 0.71028E+01 0.33469E-02 0.00000E+00
 0.71534E+01 0.86279E-02 0.28307E+01
 0.69253E+01 0.27949E-03 0.00000E+00
 0.71149E+01 0.49800E-02 0.00000E+00
 0.96076E+01 0.13569E-02 0.00000E+00
 0.99683E+01 0.27765E-04 0.00000E+00
    44.000        10
 0.10981E+02 0.21808E-01 0.00000E+00
 0.11215E+02 0.32246E-01 0.29783E+01
 0.80718E+01 0.88567E-02 0.00000E+00
 0.80802E+01 0.15277E-01 0.30709E+01
 0.73344E+01 0.35453E-02 0.00000E+00
 0.73769E+01 0.73968E-02 0.28717E+01
 0.71116E+01 0.29833E-03 0.00000E+00
 0.72809E+01 0.62398E-02 0.36039E+00
 0.96830E+01 0.12845E-02 0.00000E+00
 0.10034E+02 0.25946E-04 0.00000E+00
    45.000        11
 0.11673E+02 0.21226E-01 0.00000E+00
 0.11884E+02 0.29384E-01 0.29933E+01
 0.83881E+01 0.90982E-02 0.00000E+00
 0.83924E+01 0.14449E-01 0.30956E+01
 0.75657E+01 0.37380E-02 0.00000E+00
 0.76012E+01 0.63199E-02 0.29075E+01
 0.72978E+01 0.29340E-03 0.00000E+00
 0.74492E+01 0.70656E-02 0.91259E+00
 0.74480E+01 0.16636E-04 0.00000E+00
 0.97607E+01 0.12162E-02 0.00000E+00
 0.10102E+02 0.24159E-04 0.00000E+00
    46.000        11
 0.12364E+02 0.20748E-01 0.00000E+00
 0.12553E+02 0.26656E-01 0.30076E+01
 0.87034E+01 0.92726E-02 0.00000E+00
 0.87047E+01 0.13621E-01 0.31203E+01
 0.77966E+01 0.38951E-02 0.00000E+00
 0.78258E+01 0.54872E-02 0.29376E+01
 0.74841E+01 0.28260E-03 0.00000E+00
 0.76198E+01 0.71502E-02 0.12866E+01
 0.76155E+01 0.24676E-04 0.00000E+00
 0.98415E+01 0.11535E-02 0.00000E+00
 0.10174E+02 0.22627E-04 0.00000E+00
    47.000        10
 0.13056E+02 0.20221E-01 0.00000E+00
 0.13225E+02 0.24519E-01 0.30195E+01
 0.90176E+01 0.93003E-02 0.00000E+00
 0.80270E+01 0.40413E-02 0.00000E+00
 0.80507E+01 0.47973E-02 0.29644E+01
 0.76696E+01 0.26658E-03 0.00000E+00
 0.77911E+01 0.67418E-02 0.15369E+01
 0.77806E+01 0.33736E-04 0.00000E+00
 0.99252E+01 0.10975E-02 0.00000E+00
 0.10246E+02 0.21141E-04 0.00000E+00
    48.000         9
 0.13746E+02 0.19731E-01 0.00000E+00
 0.13898E+02 0.22382E-01 0.30313E+01
 0.82566E+01 0.41509E-02 0.00000E+00
 0.82755E+01 0.42173E-02 0.29890E+01
 0.78551E+01 0.25085E-03 0.00000E+00
 0.79626E+01 0.61655E-02 0.17451E+01
 0.79453E+01 0.43003E-04 0.00000E+00
 0.10012E+02 0.10485E-02 0.00000E+00
 0.10323E+02 0.20021E-04 0.00000E+00
    49.000         9
 0.14437E+02 0.19301E-01 0.00000E+00
 0.14572E+02 0.20909E-01 0.30408E+01
 0.84856E+01 0.42679E-02 0.00000E+00
 0.85003E+01 0.38037E-02 0.30105E+01
 0.80344E+01 0.26423E-03 0.00000E+00
 0.81334E+01 0.55593E-02 0.18758E+01
 0.81095E+01 0.52123E-04 0.00000E+00
 0.10101E+02 0.10076E-02 0.00000E+00
 0.10401E+02 0.18930E-04 0.00000E+00
    50.000         9
 0.15127E+02 0.18913E-01 0.00000E+00
 0.15248E+02 0.19947E-01 0.30484E+01
 0.87141E+01 0.43616E-02 0.00000E+00
 0.87251E+01 0.33902E-02 0.30319E+01
 0.82136E+01 0.27762E-03 0.00000E+00
 0.83041E+01 0.49497E-02 0.19976E+01
 0.82711E+01 0.60110E-04 0.00000E+00
 0.10192E+02 0.97506E-03 0.00000E+00
 0.10482E+02 0.18198E-04 0.00000E+00
    51.000         9
 0.15817E+02 0.18570E-01 0.00000E+00
 0.15924E+02 0.18985E-01 0.30560E+01
 0.89406E+01 0.44096E-02 0.00000E+00
 0.89490E+01 0.32172E-02 0.30494E+01
 0.83929E+01 0.29100E-03 0.00000E+00
 0.84749E+01 0.43984E-02 0.21017E+01
 0.84327E+01 0.68097E-04 0.00000E+00
 0.10285E+02 0.94882E-03 0.00000E+00
 0.10564E+02 0.17498E-04 0.00000E+00
    52.000         9
 0.16506E+02 0.18210E-01 0.00000E+00
 0.16600E+02 0.18023E-01 0.30637E+01
 0.91665E+01 0.44672E-02 0.00000E+00
 0.91727E+01 0.30718E-02 0.30664E+01
 0.85625E+01 0.30272E-03 0.00000E+00
 0.86458E+01 0.39309E-02 0.21801E+01
 0.85943E+01 0.76084E-04 0.00000E+00
 0.10379E+02 0.93337E-03 0.00000E+00
 0.10647E+02 0.17089E-04 0.00000E+00
    53.000         9
 0.17195E+02 0.17830E-01 0.00000E+00
 0.17275E+02 0.17061E-01 0.30713E+01
 0.93922E+01 0.45822E-02 0.00000E+00
 0.93964E+01 0.29263E-02 0.30835E+01
 0.87297E+01 0.31406E-03 0.00000E+00
 0.88167E+01 0.34634E-02 0.22586E+01
 0.87540E+01 0.84256E-04 0.00000E+00
 0.10474E+02 0.92531E-03 0.00000E+00
 0.10730E+02 0.16791E-04 0.00000E+00
    54.000         9
 0.17883E+02 0.17485E-01 0.00000E+00
 0.17955E+02 0.16772E-01 0.30765E+01
 0.96184E+01 0.47046E-02 0.00000E+00
 0.96202E+01 0.27900E-02 0.31002E+01
 0.88970E+01 0.32539E-03 0.00000E+00
 0.89845E+01 0.30660E-02 0.23259E+01
 0.89026E+01 0.93483E-04 0.00000E+00
 0.10569E+02 0.93743E-03 0.00000E+00
 0.10814E+02 0.16887E-04 0.00000E+00
    55.000         9
 0.18571E+02 0.17171E-01 0.00000E+00
 0.18634E+02 0.16562E-01 0.30813E+01
 0.98437E+01 0.48267E-02 0.00000E+00
 0.98444E+01 0.26766E-02 0.31161E+01
 0.90643E+01 0.33673E-03 0.00000E+00
 0.91408E+01 0.29242E-02 0.23528E+01
 0.90512E+01 0.10271E-03 0.00000E+00
 0.10663E+02 0.94954E-03 0.00000E+00
 0.10898E+02 0.17025E-04 0.00000E+00
    56.000         8
 0.19259E+02 0.16881E-01 0.00000E+00
 0.19313E+02 0.16352E-01 0.30862E+01
 0.10068E+02 0.49351E-02 0.00000E+00
 0.92316E+01 0.34806E-03 0.00000E+00
 0.92970E+01 0.27824E-02 0.23797E+01
 0.91998E+01 0.11194E-03 0.00000E+00
 0.10763E+02 0.99712E-03 0.00000E+00
 0.10987E+02 0.17749E-04 0.00000E+00
    57.000         7
 0.19946E+02 0.16612E-01 0.00000E+00
 0.19993E+02 0.16142E-01 0.30911E+01
 0.93988E+01 0.35940E-03 0.00000E+00
 0.94533E+01 0.26406E-02 0.24066E+01
 0.93489E+01 0.12073E-03 0.00000E+00
 0.10864E+02 0.10556E-02 0.00000E+00
 0.11076E+02 0.18473E-04 0.00000E+00
    58.000         7
 0.20633E+02 0.16309E-01 0.00000E+00
 0.20672E+02 0.15932E-01 0.30960E+01
 0.95661E+01 0.37073E-03 0.00000E+00
 0.96095E+01 0.24988E-02 0.24335E+01
 0.94994E+01 0.12835E-03 0.00000E+00
 0.10966E+02 0.11195E-02 0.00000E+00
 0.11170E+02 0.19792E-04 0.00000E+00
    59.000         7
 0.21319E+02 0.16034E-01 0.00000E+00
 0.21352E+02 0.15722E-01 0.31009E+01
 0.97334E+01 0.38207E-03 0.00000E+00
 0.97658E+01 0.23569E-02 0.24604E+01
 0.96498E+01 0.13596E-03 0.00000E+00
 0.11074E+02 0.12716E-02 0.00000E+00
 0.11265E+02 0.21205E-04 0.00000E+00
    60.000         7
 0.22005E+02 0.15779E-01 0.00000E+00
 0.22031E+02 0.15511E-01 0.31058E+01
 0.99007E+01 0.39340E-03 0.00000E+00
 0.99220E+01 0.22151E-02 0.24873E+01
 0.98003E+01 0.14357E-03 0.00000E+00
 0.11181E+02 0.14238E-02 0.00000E+00
 0.11364E+02 0.23096E-04 0.00000E+00
    61.000         7
 0.22690E+02 0.15548E-01 0.00000E+00
 0.22711E+02 0.15301E-01 0.31107E+01
 0.10068E+02 0.40474E-03 0.00000E+00
 0.10078E+02 0.20733E-02 0.25142E+01
 0.99508E+01 0.15118E-03 0.00000E+00
 0.11290E+02 0.15835E-02 0.00000E+00
 0.11466E+02 0.25261E-04 0.00000E+00
    62.000         7
 0.23374E+02 0.15330E-01 0.00000E+00
 0.23390E+02 0.15091E-01 0.31156E+01
 0.10235E+02 0.41607E-03 0.00000E+00
 0.10236E+02 0.19346E-02 0.25412E+01
 0.10103E+02 0.15920E-03 0.00000E+00
 0.11412E+02 0.18872E-02 0.00000E+00
 0.11571E+02 0.27705E-04 0.00000E+00
    63.000         7
 0.24058E+02 0.15094E-01 0.00000E+00
 0.24070E+02 0.14881E-01 0.31205E+01
 0.10403E+02 0.42741E-03 0.00000E+00
 0.10410E+02 0.18425E-02 0.25691E+01
 0.10266E+02 0.16997E-03 0.00000E+00
 0.11533E+02 0.21909E-02 0.00000E+00
 0.11681E+02 0.30827E-04 0.00000E+00
    64.000         7
 0.24742E+02 0.14876E-01 0.00000E+00
 0.24749E+02 0.14671E-01 0.31253E+01
 0.10570E+02 0.43874E-03 0.00000E+00
 0.10585E+02 0.17504E-02 0.25971E+01
 0.10429E+02 0.18075E-03 0.00000E+00
 0.11655E+02 0.24932E-02 0.17687E-01
 0.11792E+02 0.33948E-04 0.00000E+00
    65.000         7
 0.25425E+02 0.14676E-01 0.00000E+00
 0.25428E+02 0.14461E-01 0.31302E+01
 0.10737E+02 0.45008E-03 0.00000E+00
 0.10760E+02 0.16583E-02 0.26250E+01
 0.10592E+02 0.19153E-03 0.00000E+00
 0.11781E+02 0.27761E-02 0.27453E+00
 0.11905E+02 0.37922E-04 0.00000E+00
    66.000         6
 0.26107E+02 0.14492E-01 0.00000E+00
 0.10904E+02 0.46141E-03 0.00000E+00
 0.10935E+02 0.15662E-02 0.26529E+01
 0.10755E+02 0.19919E-03 0.00000E+00
 0.11907E+02 0.30591E-02 0.53137E+00
 0.12019E+02 0.41931E-04 0.00000E+00
    67.000         7
 0.26789E+02 0.14332E-01 0.00000E+00
 0.11074E+02 0.49475E-03 0.19457E+00
 0.11109E+02 0.14741E-02 0.26808E+01
 0.10919E+02 0.20674E-03 0.00000E+00
 0.12033E+02 0.33421E-02 0.78821E+00
 0.12031E+02 0.66041E-05 0.00000E+00
 0.12133E+02 0.46616E-04 0.00000E+00
    68.000         7
 0.27470E+02 0.14204E-01 0.00000E+00
 0.11251E+02 0.62322E-03 0.12304E+01
 0.11284E+02 0.13820E-02 0.27088E+01
 0.11082E+02 0.21428E-03 0.00000E+00
 0.12166E+02 0.34404E-02 0.95505E+00
 0.12156E+02 0.12020E-04 0.00000E+00
 0.12248E+02 0.51710E-04 0.00000E+00
    69.000         6
 0.11429E+02 0.70532E-03 0.89370E+00
 0.11459E+02 0.12899E-02 0.27367E+01
 0.11247E+02 0.22226E-03 0.00000E+00
 0.12301E+02 0.35004E-02 0.11032E+01
 0.12281E+02 0.15346E-04 0.00000E+00
 0.12364E+02 0.56832E-04 0.00000E+00
    70.000         6
 0.11607E+02 0.76281E-03 0.00000E+00
 0.11642E+02 0.12076E-02 0.27647E+01
 0.11424E+02 0.23240E-03 0.00000E+00
 0.12436E+02 0.35604E-02 0.12514E+01
 0.12411E+02 0.20522E-04 0.00000E+00
 0.12498E+02 0.64461E-04 0.00000E+00
    71.000         6
 0.11796E+02 0.80549E-03 0.00000E+00
 0.11847E+02 0.11485E-02 0.27928E+01
 0.11602E+02 0.24253E-03 0.00000E+00
 0.12571E+02 0.36204E-02 0.13996E+01
 0.12553E+02 0.27405E-04 0.00000E+00
 0.12632E+02 0.72091E-04 0.00000E+00
    72.000         6
 0.11989E+02 0.86428E-03 0.00000E+00
 0.12052E+02 0.10894E-02 0.28210E+01
 0.11779E+02 0.25266E-03 0.00000E+00
 0.12726E+02 0.35635E-02 0.15072E+01
 0.12703E+02 0.32846E-04 0.00000E+00
 0.12767E+02 0.79720E-04 0.00000E+00
    73.000         6
 0.12208E+02 0.10785E-02 0.00000E+00
 0.12257E+02 0.10302E-02 0.28491E+01
 0.11959E+02 0.26367E-03 0.00000E+00
 0.12886E+02 0.34851E-02 0.16075E+01
 0.12853E+02 0.38288E-04 0.00000E+00
 0.12910E+02 0.91552E-04 0.00000E+00
    74.000         6
 0.12428E+02 0.12905E-02 0.00000E+00
 0.12461E+02 0.97111E-03 0.28773E+01
 0.12150E+02 0.27867E-03 0.00000E+00
 0.13045E+02 0.34066E-02 0.17077E+01
 0.13002E+02 0.50270E-04 0.00000E+00
 0.13053E+02 0.10363E-03 0.00000E+00
    75.000         6
 0.12643E+02 0.12872E-02 0.00000E+00
 0.12666E+02 0.91198E-03 0.29055E+01
 0.12341E+02 0.29368E-03 0.00000E+00
 0.13204E+02 0.33259E-02 0.18042E+01
 0.13151E+02 0.56581E-04 0.00000E+00
 0.13196E+02 0.11571E-03 0.00000E+00
    76.000         6
 0.12856E+02 0.12398E-02 0.00000E+00
 0.12871E+02 0.85286E-03 0.29336E+01
 0.12532E+02 0.30869E-03 0.00000E+00
 0.13356E+02 0.32309E-02 0.18775E+01
 0.13300E+02 0.56501E-04 0.00000E+00
 0.13328E+02 0.12876E-03 0.00000E+00
    77.000         6
 0.13069E+02 0.13044E-02 0.00000E+00
 0.13072E+02 0.79989E-03 0.29596E+01
 0.12712E+02 0.32337E-03 0.00000E+00
 0.13507E+02 0.31360E-02 0.19508E+01
 0.13429E+02 0.51881E-04 0.00000E+00
 0.13459E+02 0.14181E-03 0.00000E+00
    78.000         6
 0.13282E+02 0.13665E-02 0.00000E+00
 0.13253E+02 0.78088E-03 0.29741E+01
 0.12890E+02 0.33795E-03 0.00000E+00
 0.13659E+02 0.30411E-02 0.20241E+01
 0.13559E+02 0.47161E-04 0.00000E+00
 0.13590E+02 0.15486E-03 0.00000E+00
    79.000         6
 0.13470E+02 0.10833E-02 0.00000E+00
 0.13433E+02 0.76188E-03 0.29885E+01
 0.13065E+02 0.34986E-03 0.00000E+00
 0.13807E+02 0.29627E-02 0.20845E+01
 0.13685E+02 0.48432E-04 0.00000E+00
 0.13713E+02 0.16288E-03 0.00000E+00
    80.000         6
 0.13655E+02 0.96550E-03 0.00000E+00
 0.13613E+02 0.74288E-03 0.30029E+01
 0.13231E+02 0.35525E-03 0.00000E+00
 0.13950E+02 0.29081E-02 0.21265E+01
 0.13811E+02 0.49744E-04 0.00000E+00
 0.13835E+02 0.16999E-03 0.00000E+00
    81.000         6
 0.13839E+02 0.85237E-03 0.00000E+00
 0.13794E+02 0.72387E-03 0.30173E+01
 0.13398E+02 0.36065E-03 0.00000E+00
 0.14092E+02 0.28535E-02 0.21686E+01
 0.13937E+02 0.51057E-04 0.00000E+00
 0.13957E+02 0.17711E-03 0.00000E+00
    82.000         6
 0.14011E+02 0.83422E-03 0.00000E+00
 0.13974E+02 0.70487E-03 0.30317E+01
 0.13565E+02 0.36608E-03 0.00000E+00
 0.14234E+02 0.27990E-02 0.22106E+01
 0.14064E+02 0.52369E-04 0.00000E+00
 0.14079E+02 0.18422E-03 0.00000E+00
    83.000         6
 0.14182E+02 0.81606E-03 0.00000E+00
 0.14155E+02 0.68587E-03 0.30461E+01
 0.13724E+02 0.37297E-03 0.00000E+00
 0.14377E+02 0.27444E-02 0.22526E+01
 0.14187E+02 0.51642E-04 0.00000E+00
 0.14201E+02 0.19134E-03 0.00000E+00
    84.000         6
 0.14354E+02 0.79791E-03 0.00000E+00
 0.14335E+02 0.66687E-03 0.30605E+01
 0.13882E+02 0.37986E-03 0.00000E+00
 0.14519E+02 0.26769E-02 0.22904E+01
 0.14306E+02 0.48107E-04 0.00000E+00
 0.14323E+02 0.19845E-03 0.00000E+00
    85.000         6
 0.14526E+02 0.78634E-03 0.00000E+00
 0.14516E+02 0.64786E-03 0.30749E+01
 0.14041E+02 0.38675E-03 0.00000E+00
 0.14661E+02 0.25829E-02 0.23194E+01
 0.14425E+02 0.45316E-04 0.00000E+00
 0.14445E+02 0.20557E-03 0.00000E+00
    86.000         6
 0.14704E+02 0.82983E-03 0.00000E+00
 0.14696E+02 0.62886E-03 0.30893E+01
 0.14199E+02 0.39365E-03 0.00000E+00
 0.14803E+02 0.24970E-02 0.23484E+01
 0.14542E+02 0.45883E-04 0.00000E+00
 0.14563E+02 0.20908E-03 0.59540E-01
    87.000         6
 0.14881E+02 0.86986E-03 0.00000E+00
 0.14877E+02 0.60986E-03 0.31038E+01
 0.14361E+02 0.40861E-03 0.00000E+00
 0.14946E+02 0.24704E-02 0.23768E+01
 0.14659E+02 0.46450E-04 0.00000E+00
 0.14681E+02 0.21121E-03 0.14173E+00
    88.000         6
 0.15058E+02 0.90624E-03 0.00000E+00
 0.15057E+02 0.59085E-03 0.31182E+01
 0.14522E+02 0.42480E-03 0.00000E+00
 0.15089E+02 0.24437E-02 0.24053E+01
 0.14776E+02 0.47016E-04 0.00000E+00
 0.14798E+02 0.21335E-03 0.22391E+00
    89.000         5
 0.15235E+02 0.91605E-03 0.00000E+00
 0.14684E+02 0.44099E-03 0.00000E+00
 0.15232E+02 0.24171E-02 0.24337E+01
 0.14893E+02 0.47583E-04 0.00000E+00
 0.14915E+02 0.21549E-03 0.30610E+00
    90.000         5
 0.14846E+02 0.45907E-03 0.00000E+00
 0.15427E+02 0.17803E-02 0.23387E+01
 0.15375E+02 0.23905E-02 0.24621E+01
 0.15010E+02 0.48150E-04 0.00000E+00
 0.15033E+02 0.21763E-03 0.38829E+00
    91.000         5
 0.15009E+02 0.47863E-03 0.00000E+00
 0.15558E+02 0.17688E-02 0.23787E+01
 0.15518E+02 0.23639E-02 0.24906E+01
 0.15128E+02 0.48716E-04 0.00000E+00
 0.15150E+02 0.21977E-03 0.47047E+00
    92.000         5
 0.15172E+02 0.49818E-03 0.00000E+00
 0.15689E+02 0.17574E-02 0.24188E+01
 0.15662E+02 0.23426E-02 0.25159E+01
 0.15245E+02 0.49283E-04 0.00000E+00
 0.15267E+02 0.22191E-03 0.55266E+00
    93.000         5
 0.15334E+02 0.51547E-03 0.00000E+00
 0.15820E+02 0.17459E-02 0.24589E+01
 0.15808E+02 0.23290E-02 0.25368E+01
 0.15362E+02 0.49850E-04 0.00000E+00
 0.15385E+02 0.22405E-03 0.63485E+00
    94.000         5
 0.15498E+02 0.53140E-03 0.00000E+00
 0.15954E+02 0.17353E-02 0.24908E+01
 0.15954E+02 0.23155E-02 0.25577E+01
 0.15479E+02 0.50416E-04 0.00000E+00
 0.15502E+02 0.22619E-03 0.71703E+00
    95.000         5
 0.15661E+02 0.54678E-03 0.00000E+00
 0.16088E+02 0.17248E-02 0.25220E+01
 0.16100E+02 0.23019E-02 0.25787E+01
 0.15596E+02 0.50983E-04 0.00000E+00
 0.15620E+02 0.22833E-03 0.79922E+00
    96.000         5
 0.15824E+02 0.55678E-03 0.00000E+00
 0.16223E+02 0.17144E-02 0.25532E+01
 0.16246E+02 0.22883E-02 0.25996E+01
 0.15713E+02 0.51549E-04 0.00000E+00
 0.15737E+02 0.23047E-03 0.88140E+00
    97.000         5
 0.15987E+02 0.56678E-03 0.00000E+00
 0.16359E+02 0.17041E-02 0.25831E+01
 0.16392E+02 0.22748E-02 0.26205E+01
 0.15830E+02 0.52116E-04 0.00000E+00
 0.15854E+02 0.23261E-03 0.96359E+00
    98.000         6
 0.16150E+02 0.57673E-03 0.00000E+00
 0.16496E+02 0.16943E-02 0.26104E+01
 0.16538E+02 0.22612E-02 0.26414E+01
 0.15947E+02 0.52683E-04 0.00000E+00
 0.15972E+02 0.23475E-03 0.10458E+01
 0.15885E+02 0.23624E-05 0.00000E+00
    99.000         5
 0.16313E+02 0.58655E-03 0.00000E+00
 0.16634E+02 0.16845E-02 0.26377E+01
 0.16064E+02 0.53249E-04 0.00000E+00
 0.16089E+02 0.23689E-03 0.11280E+01
 0.16007E+02 0.34970E-05 0.00000E+00
   100.000         4
 0.16476E+02 0.59637E-03 0.00000E+00
 0.16182E+02 0.53816E-04 0.00000E+00
 0.16207E+02 0.23903E-03 0.12102E+01
 0.16130E+02 0.46317E-05 0.00000E+00
   101.000         4
 0.16641E+02 0.60517E-03 0.00000E+00
 0.16299E+02 0.54383E-04 0.00000E+00
 0.16324E+02 0.24116E-03 0.12923E+01
 0.16253E+02 0.57485E-05 0.00000E+00
   102.000         4
 0.16808E+02 0.61341E-03 0.00000E+00
 0.16416E+02 0.54949E-04 0.00000E+00
 0.16441E+02 0.24330E-03 0.13745E+01
 0.16379E+02 0.66514E-05 0.00000E+00
   103.000         4
 0.16974E+02 0.62132E-03 0.00000E+00
 0.16533E+02 0.55516E-04 0.00000E+00
 0.16559E+02 0.24544E-03 0.14567E+01
 0.16505E+02 0.75543E-05 0.00000E+00
   104.000         4
 0.17141E+02 0.62731E-03 0.00000E+00
 0.16650E+02 0.56083E-04 0.00000E+00
 0.16676E+02 0.24758E-03 0.15389E+01
 0.16632E+02 0.84573E-05 0.00000E+00
   105.000         4
 0.17307E+02 0.63330E-03 0.00000E+00
 0.16767E+02 0.56649E-04 0.00000E+00
 0.16793E+02 0.24972E-03 0.16211E+01
 0.16758E+02 0.93602E-05 0.00000E+00
   106.000         4
 0.17474E+02 0.63881E-03 0.00000E+00
 0.16884E+02 0.57216E-04 0.00000E+00
 0.16911E+02 0.25186E-03 0.17033E+01
 0.16884E+02 0.10263E-04 0.00000E+00
   107.000         3
 0.17640E+02 0.64361E-03 0.00000E+00
 0.17002E+02 0.58670E-04 0.35660E-01
 0.17028E+02 0.25400E-03 0.17855E+01
   108.000         3
 0.17806E+02 0.64842E-03 0.00000E+00
 0.17129E+02 0.84743E-04 0.10607E+01
 0.17146E+02 0.25614E-03 0.18676E+01
   109.000         0
   110.000         0
