 shot  ray#     dist   amplitude     phase  code
   -1    6  ***  ray refl. from zero vel. contrast boundary  ***
   -1    7  ***  ray refl. from zero vel. contrast boundary  ***
   -1    8  ***  ray refl. from zero vel. contrast boundary  ***
   -1    9  ***  ray refl. from zero vel. contrast boundary  ***
   -1   10  ***  ray refl. from zero vel. contrast boundary  ***
   -1   11  ***  ray refl. from zero vel. contrast boundary  ***
   -1   12  ***  ray refl. from zero vel. contrast boundary  ***
   -1   13  ***  ray refl. from zero vel. contrast boundary  ***
   -1   14  ***  ray refl. from zero vel. contrast boundary  ***
   -1   15  ***  ray refl. from zero vel. contrast boundary  ***
   -1   16  ***  ray refl. from zero vel. contrast boundary  ***
   -1   17  ***  ray refl. from zero vel. contrast boundary  ***
   -1   18  ***  ray refl. from zero vel. contrast boundary  ***
   -1   19  ***  ray refl. from zero vel. contrast boundary  ***
   -1   20  ***  ray refl. from zero vel. contrast boundary  ***
   -1   21  ***  ray refl. from zero vel. contrast boundary  ***
   -1   22  ***  ray refl. from zero vel. contrast boundary  ***
   -1   23  ***  ray refl. from zero vel. contrast boundary  ***
   -1   24  ***  ray refl. from zero vel. contrast boundary  ***
   -1   25  ***  ray refl. from zero vel. contrast boundary  ***
   -1   26  ***  ray refl. from zero vel. contrast boundary  ***
   -1   27  ***  ray refl. from zero vel. contrast boundary  ***
   -1   28  ***  ray refl. from zero vel. contrast boundary  ***
   -1   29  ***  ray refl. from zero vel. contrast boundary  ***
   -1   30  ***  ray refl. from zero vel. contrast boundary  ***
   -1   31  ***  ray refl. from zero vel. contrast boundary  ***
   -1   32  ***  ray refl. from zero vel. contrast boundary  ***
   -1   33  ***  ray refl. from zero vel. contrast boundary  ***
   -1   34  ***  ray refl. from zero vel. contrast boundary  ***
   -1   35  ***  ray refl. from zero vel. contrast boundary  ***
   -1   36  ***  ray refl. from zero vel. contrast boundary  ***
   -1   37  ***  ray refl. from zero vel. contrast boundary  ***
   -1   38  ***  ray refl. from zero vel. contrast boundary  ***
   -1   39  ***  ray refl. from zero vel. contrast boundary  ***
   -1   40  ***  ray refl. from zero vel. contrast boundary  ***
   -1   41  ***  ray refl. from zero vel. contrast boundary  ***
   -1   42  ***  ray refl. from zero vel. contrast boundary  ***
   -1   43  ***  ray refl. from zero vel. contrast boundary  ***
   -1   44  ***  ray refl. from zero vel. contrast boundary  ***
   -1   45  ***  ray refl. from zero vel. contrast boundary  ***
   -1   46  ***  ray refl. from zero vel. contrast boundary  ***
   -1   47  ***  ray refl. from zero vel. contrast boundary  ***
   -1   48  ***  ray refl. from zero vel. contrast boundary  ***
   -1   49  ***  ray refl. from zero vel. contrast boundary  ***
   -1   50  ***  ray refl. from zero vel. contrast boundary  ***
   -1   51  ***  ray refl. from zero vel. contrast boundary  ***
   -1   52  ***  ray refl. from zero vel. contrast boundary  ***
   -1   53  ***  ray refl. from zero vel. contrast boundary  ***
   -1   54  ***  ray refl. from zero vel. contrast boundary  ***
   -1   55  ***  ray refl. from zero vel. contrast boundary  ***
   -1   56  ***  ray refl. from zero vel. contrast boundary  ***
   -1   57  ***  ray refl. from zero vel. contrast boundary  ***
   -1   58  ***  ray refl. from zero vel. contrast boundary  ***
   -1   59  ***  ray refl. from zero vel. contrast boundary  ***
   -1   60  ***  ray refl. from zero vel. contrast boundary  ***
   -1   13     1.099   0.337E-01     90.00   2.1
   -1   14     2.305   0.342E-01     90.00   2.1
   -1   15     3.547   0.351E-01     90.00   2.1
   -1   16     4.527   0.362E-01     90.00   2.1
   -1   17     5.576   0.375E-01     90.00   2.1
   -1   18     6.389   0.390E-01     90.00   2.1
   -1   19     7.266   0.406E-01     90.00   2.1
   -1   20     7.944   0.424E-01     90.00   2.1
   -1   21     8.675   0.444E-01     90.00   2.1
   -1   22     9.270   0.466E-01     90.00   2.1
   -1   23     9.899   0.490E-01     90.00   2.1
   -1   24    10.423   0.516E-01     90.00   2.1
   -1   25    10.960   0.544E-01     90.00   2.1
   -1   26    11.422   0.574E-01     90.00   2.1
   -1   27    11.885   0.606E-01     90.00   2.1
   -1   28    12.296   0.639E-01     90.00   2.1
   -1   29    12.700   0.674E-01     90.00   2.1
   -1   30    13.067   0.709E-01     90.00   2.1
   -1   31    13.423   0.745E-01     90.00   2.1
   -1   32    13.757   0.782E-01     90.00   2.1
   -1   33    14.075   0.820E-01     90.00   2.1
   -1   34    14.376   0.857E-01     90.00   2.1
   -1   35    14.660   0.895E-01     90.00   2.1
   -1   36    14.934   0.933E-01     90.00   2.1
   -1   37    15.189   0.972E-01     90.00   2.1
   -1   38    15.441   0.101E+00     90.00   2.1
   -1   39    15.672   0.105E+00     90.00   2.1
   -1   40    15.902   0.109E+00     90.00   2.1
   -1   41    16.112   0.113E+00     90.00   2.1
   -1   42    16.323   0.117E+00     90.00   2.1
   -1   43    16.513   0.121E+00     90.00   2.1
   -1   44    16.708   0.126E+00     90.00   2.1
   -1   45    16.881   0.130E+00     90.00   2.1
   -1   46    17.059   0.135E+00     90.00   2.1
   -1   47    17.220   0.139E+00     90.00   2.1
   -1   48    17.382   0.144E+00     90.00   2.1
   -1   49    17.532   0.149E+00     90.00   2.1
   -1   50    17.680   0.153E+00     90.00   2.1
   -1   51    17.820   0.158E+00     90.00   2.1
   -1   52    17.956   0.163E+00     90.00   2.1
   -1   53    18.086   0.168E+00     90.00   2.1
   -1   54    18.212   0.173E+00     90.00   2.1
   -1   55    18.333   0.178E+00     90.00   2.1
   -1   56    18.449   0.182E+00     90.00   2.1
   -1   57    18.562   0.186E+00     90.00   2.1
   -1   58    18.665   0.189E+00     90.00   2.1
   -1   59    18.771   0.191E+00     90.00   2.1
   -1   60    18.870   0.192E+00     90.00   2.1
   -1    1  ***  ray refl. from zero vel. contrast boundary  ***
   -1    2  ***  ray refl. from zero vel. contrast boundary  ***
   -1    3  ***  ray refl. from zero vel. contrast boundary  ***
   -1    4  ***  ray refl. from zero vel. contrast boundary  ***
   -1    5  ***  ray refl. from zero vel. contrast boundary  ***
   -1    6  ***  ray refl. from zero vel. contrast boundary  ***
   -1    7  ***  ray refl. from zero vel. contrast boundary  ***
   -1    8  ***  ray refl. from zero vel. contrast boundary  ***
   -1    9  ***  ray refl. from zero vel. contrast boundary  ***
   -1   10  ***  ray refl. from zero vel. contrast boundary  ***
   -1   11  ***  ray refl. from zero vel. contrast boundary  ***
   -1   12  ***  ray refl. from zero vel. contrast boundary  ***
   -1   13  ***  ray refl. from zero vel. contrast boundary  ***
   -1   14  ***  ray refl. from zero vel. contrast boundary  ***
   -1   15  ***  ray refl. from zero vel. contrast boundary  ***
   -1   16  ***  ray refl. from zero vel. contrast boundary  ***
   -1   17  ***  ray refl. from zero vel. contrast boundary  ***
   -1   18  ***  ray refl. from zero vel. contrast boundary  ***
   -1   19  ***  ray refl. from zero vel. contrast boundary  ***
   -1   20  ***  ray refl. from zero vel. contrast boundary  ***
   -1   21  ***  ray refl. from zero vel. contrast boundary  ***
   -1   22  ***  ray refl. from zero vel. contrast boundary  ***
   -1   23  ***  ray refl. from zero vel. contrast boundary  ***
   -1   24  ***  ray refl. from zero vel. contrast boundary  ***
   -1   25  ***  ray refl. from zero vel. contrast boundary  ***
   -1   26  ***  ray refl. from zero vel. contrast boundary  ***
   -1   27  ***  ray refl. from zero vel. contrast boundary  ***
   -1   28  ***  ray refl. from zero vel. contrast boundary  ***
   -1   29  ***  ray refl. from zero vel. contrast boundary  ***
   -1   30  ***  ray refl. from zero vel. contrast boundary  ***
   -1    1    18.653   0.361E-01      0.00   3.1
   -1    2    18.036   0.357E-01      0.00   3.1
   -1    3    17.597   0.356E-01      0.00   3.1
   -1    4    17.341   0.360E-01      0.00   3.1
   -1    5    17.135   0.369E-01      0.00   3.1
   -1    6    16.895   0.381E-01      0.00   3.1
   -1    7    16.692   0.395E-01      0.00   3.1
   -1    8    16.516   0.411E-01      0.00   3.1
   -1    9    16.376   0.427E-01      0.00   3.1
   -1   10    16.226   0.442E-01      0.00   3.1
   -1   11    16.069   0.456E-01      0.00   3.1
   -1   12    15.933   0.469E-01      0.00   3.1
   -1   13    15.789   0.480E-01      0.00   3.1
   -1   14    15.651   0.490E-01      0.00   3.1
   -1   15    15.539   0.499E-01      0.00   3.1
   -1   16    15.433   0.507E-01      0.00   3.1
   -1   17    15.323   0.513E-01      0.00   3.1
   -1   18    15.206   0.518E-01      0.00   3.1
   -1   19    15.133   0.521E-01      0.00   3.1
   -1   20    15.039   0.523E-01      0.00   3.1
   -1   21    14.932   0.523E-01      0.00   3.1
   -1   22    14.817   0.523E-01      0.00   3.1
   -1   23    14.712   0.522E-01      0.00   3.1
   -1   24    14.621   0.522E-01      0.00   3.1
   -1   25    14.527   0.521E-01      0.00   3.1
   -1   26    14.431   0.521E-01      0.00   3.1
   -1   27    14.338   0.520E-01      0.00   3.1
   -1   28    14.251   0.519E-01      0.00   3.1
   -1   29    14.162   0.517E-01      0.00   3.1
   -1   30    14.070   0.516E-01      0.00   3.1
   -1    1    14.125   0.477E-01    179.72   3.2
   -1    2    17.083   0.597E-01    156.56   3.2
   -1    3    17.936   0.799E-01    142.94   3.2
   -1    4    18.515   0.102E+00    128.83   3.2
   -1    5    18.956   0.119E+00    113.15   3.2
   -1    6    19.328   0.131E+00     94.14   3.2
   -1    7    19.658   0.133E+00     68.68   3.2
   -1    8    19.954   0.116E+00     21.31   3.2
   -1    9    20.227   0.822E-01      0.00   3.2
   -1   10    20.481   0.510E-01      0.00   3.2
   -1   11    20.726   0.338E-01      0.00   3.2
   -1   12    20.947   0.266E-01      0.00   3.2
   -1   13    21.162   0.233E-01      0.00   3.2
   -1   14    21.368   0.216E-01      0.00   3.2
   -1   15    21.567   0.209E-01      0.00   3.2
   -1   16    21.758   0.210E-01      0.00   3.2
   -1   17    21.943   0.215E-01      0.00   3.2
   -1   18    22.123   0.224E-01      0.00   3.2
   -1   19    22.299   0.235E-01      0.00   3.2
   -1   20    22.470   0.248E-01      0.00   3.2
   -1   21    22.638   0.262E-01      0.00   3.2
   -1   22    22.802   0.276E-01      0.00   3.2
   -1   23    22.963   0.291E-01      0.00   3.2
   -1   24    23.122   0.306E-01      0.00   3.2
   -1   25    23.279   0.321E-01      0.00   3.2
   -1   26    23.433   0.335E-01      0.00   3.2
   -1   27    23.585   0.348E-01      0.00   3.2
   -1   28    23.736   0.360E-01      0.00   3.2
   -1   29    23.886   0.371E-01      0.00   3.2
   -1   30    24.034   0.381E-01      0.00   3.2
   -1   31    24.181   0.389E-01      0.00   3.2
   -1   32    24.328   0.395E-01      0.00   3.2
   -1   33    24.474   0.396E-01      0.00   3.2
   -1   34    24.620   0.391E-01      0.00   3.2
   -1   35    24.785   0.384E-01      0.00   3.2
   -1    1    19.923   0.528E-02      0.00   4.1
   -1    2    18.257   0.913E-02      0.00   4.1
   -1    3    17.479   0.143E-01      0.00   4.1
   -1    4    16.935   0.188E-01      0.00   4.1
   -1    5    16.498   0.224E-01      0.00   4.1
   -1    6    16.104   0.250E-01      0.00   4.1
   -1    7    15.737   0.267E-01      0.00   4.1
   -1    8    15.389   0.278E-01      0.00   4.1
   -1    9    15.087   0.287E-01      0.00   4.1
   -1   10    14.787   0.295E-01      0.00   4.1
   -1   11    14.511   0.302E-01      0.00   4.1
   -1   12    14.243   0.309E-01      0.00   4.1
   -1   13    13.991   0.315E-01      0.00   4.1
   -1   14    13.748   0.320E-01      0.00   4.1
   -1   15    13.511   0.325E-01      0.00   4.1
   -1   16    13.282   0.330E-01      0.00   4.1
   -1   17    13.065   0.335E-01      0.00   4.1
   -1   18    12.846   0.340E-01      0.00   4.1
   -1   19    12.669   0.343E-01      0.00   4.1
   -1   20    12.462   0.344E-01      0.00   4.1
   -1   21    12.266   0.346E-01      0.00   4.1
   -1   22    12.072   0.348E-01      0.00   4.1
   -1   23    11.884   0.352E-01      0.00   4.1
   -1   24    11.705   0.356E-01      0.00   4.1
   -1   25    11.531   0.362E-01      0.00   4.1
   -1   26    11.367   0.368E-01      0.00   4.1
   -1   27    11.200   0.373E-01      0.00   4.1
   -1   28    11.049   0.378E-01      0.00   4.1
   -1   29    10.909   0.381E-01      0.00   4.1
   -1   30    10.767   0.382E-01      0.00   4.1
   -1    1    11.192   0.206E-01    178.13   4.2
   -1    2    11.530   0.208E-01    176.60   4.2
   -1    3    12.321   0.215E-01    173.08   4.2
   -1    4    13.005   0.227E-01    169.63   4.2
   -1    5    13.676   0.249E-01    165.96   4.2
   -1    6    14.334   0.285E-01    161.81   4.2
   -1    7    14.901   0.334E-01    157.51   4.2
   -1    8    15.464   0.393E-01    152.50   4.2
   -1    9    15.963   0.454E-01    146.98   4.2
   -1   10    16.434   0.510E-01    140.56   4.2
   -1   11    16.896   0.564E-01    132.94   4.2
   -1   12    17.302   0.617E-01    124.08   4.2
   -1   13    17.686   0.671E-01    113.17   4.2
   -1   14    18.076   0.723E-01     99.35   4.2
   -1   15    18.446   0.749E-01     81.20   4.2
   -1   16    18.796   0.696E-01     54.37   4.2
   -1   17    19.139   0.548E-01      0.00   4.2
   -1   18    19.459   0.372E-01      0.00   4.2
   -1   19    19.790   0.244E-01      0.00   4.2
   -1   20    20.123   0.178E-01      0.00   4.2
   -1   21    20.441   0.148E-01      0.00   4.2
   -1   22    20.744   0.134E-01      0.00   4.2
   -1   23    21.052   0.129E-01      0.00   4.2
   -1   24    21.361   0.131E-01      0.00   4.2
   -1   25    21.670   0.138E-01      0.00   4.2
   -1   26    21.979   0.149E-01      0.00   4.2
   -1   27    22.245   0.160E-01      0.00   4.2
   -1   28    22.555   0.170E-01      0.00   4.2
   -1   29    22.866   0.182E-01      0.00   4.2
   -1   30    23.180   0.194E-01      0.00   4.2
   -1   31    23.499   0.205E-01      0.00   4.2
   -1   32    23.823   0.217E-01      0.00   4.2
   -1   33    24.153   0.230E-01      0.00   4.2
   -1   34    24.490   0.248E-01      0.00   4.2
   -1   35    24.752   0.262E-01      0.00   4.2
   -1    1    18.730   0.210E-02      0.00   5.1
   -1    2    18.712   0.238E-02      0.00   5.1
   -1    3    18.553   0.285E-02      0.00   5.1
   -1    4    18.484   0.340E-02      0.00   5.1
   -1    5    18.377   0.398E-02      0.00   5.1
   -1    6    18.205   0.461E-02      0.00   5.1
   -1    7    18.047   0.525E-02      0.00   5.1
   -1    8    17.923   0.588E-02      0.00   5.1
   -1    9    17.760   0.652E-02      0.00   5.1
   -1   10    17.602   0.717E-02      0.00   5.1
   -1   11    17.469   0.786E-02      0.00   5.1
   -1   12    17.309   0.858E-02      0.00   5.1
   -1   13    17.120   0.934E-02      0.00   5.1
   -1   14    16.981   0.101E-01      0.00   5.1
   -1   15    16.821   0.109E-01      0.00   5.1
   -1   16    16.634   0.118E-01      0.00   5.1
   -1   17    16.488   0.126E-01      0.00   5.1
   -1   18    16.328   0.134E-01      0.00   5.1
   -1   19    16.146   0.141E-01      0.00   5.1
   -1   20    15.986   0.147E-01      0.00   5.1
   -1   21    15.825   0.153E-01      0.00   5.1
   -1   22    15.645   0.159E-01      0.00   5.1
   -1   23    15.470   0.164E-01      0.00   5.1
   -1   24    15.302   0.168E-01      0.00   5.1
   -1   25    15.119   0.173E-01      0.00   5.1
   -1   26    14.962   0.178E-01      0.00   5.1
   -1   27    14.798   0.182E-01      0.00   5.1
   -1   28    14.609   0.185E-01      0.00   5.1
   -1   29    14.453   0.188E-01      0.00   5.1
   -1   30    14.294   0.189E-01      0.00   5.1
   -1    1    14.704   0.146E-01    176.96   5.2
   -1    2    15.287   0.155E-01    172.13   5.2
   -1    3    16.145   0.180E-01    163.66   5.2
   -1    4    16.752   0.229E-01    155.46   5.2
   -1    5    17.263   0.306E-01    146.23   5.2
   -1    6    17.699   0.398E-01    135.75   5.2
   -1    7    18.054   0.486E-01    123.88   5.2
   -1    8    18.393   0.562E-01    109.66   5.2
   -1    9    18.699   0.625E-01     91.84   5.2
   -1   10    18.993   0.643E-01     67.34   5.2
   -1   11    19.285   0.561E-01     16.51   5.2
   -1   12    19.553   0.392E-01      0.00   5.2
   -1   13    19.822   0.232E-01      0.00   5.2
   -1   14    20.086   0.141E-01      0.00   5.2
   -1   15    20.349   0.991E-02      0.00   5.2
   -1   16    20.619   0.771E-02      0.00   5.2
   -1   17    20.891   0.644E-02      0.00   5.2
   -1   18    21.159   0.577E-02      0.00   5.2
   -1   19    21.435   0.551E-02      0.00   5.2
   -1   20    21.706   0.555E-02      0.00   5.2
   -1   21    21.987   0.580E-02      0.00   5.2
   -1   22    22.275   0.623E-02      0.00   5.2
   -1   23    22.558   0.677E-02      0.00   5.2
   -1   24    22.853   0.737E-02      0.00   5.2
   -1   25    23.152   0.800E-02      0.00   5.2
   -1   26    23.457   0.860E-02      0.00   5.2
   -1   27    23.770   0.915E-02      0.00   5.2
   -1   28    24.091   0.963E-02      0.00   5.2
   -1   29    24.420   0.100E-01      0.00   5.2
   -1   30    24.745   0.102E-01      0.00   5.2
   -1    1    19.243   0.280E-02      0.00   6.1
   -1    2    19.153   0.500E-02      0.00   6.1
   -1    3    18.965   0.854E-02      0.00   6.1
   -1    4    18.787   0.121E-01      0.00   6.1
   -1    5    18.620   0.153E-01      0.00   6.1
   -1    6    18.456   0.183E-01      0.00   6.1
   -1    7    18.296   0.215E-01      0.00   6.1
   -1    8    18.145   0.250E-01      0.00   6.1
   -1    9    18.011   0.290E-01      0.00   6.1
   -1   10    17.875   0.332E-01      0.00   6.1
   -1   11    17.735   0.374E-01      0.00   6.1
   -1   12    17.597   0.409E-01      0.00   6.1
   -1   13    17.461   0.437E-01      0.00   6.1
   -1   14    17.329   0.458E-01      0.00   6.1
   -1   15    17.199   0.475E-01      0.00   6.1
   -1   16    17.070   0.489E-01      0.00   6.1
   -1   17    16.941   0.502E-01      0.00   6.1
   -1   18    16.811   0.514E-01      0.00   6.1
   -1   19    16.683   0.525E-01      0.00   6.1
   -1   20    16.554   0.534E-01      0.00   6.1
   -1   21    16.424   0.541E-01      0.00   6.1
   -1   22    16.289   0.548E-01      0.00   6.1
   -1   23    16.155   0.552E-01      0.00   6.1
   -1   24    16.028   0.555E-01      0.00   6.1
   -1   25    16.039   0.516E-01      0.00   6.1
   -1   26    15.901   0.511E-01      0.00   6.1
   -1   27    15.756   0.505E-01      0.00   6.1
   -1   28    15.600   0.497E-01      0.00   6.1
   -1   29    15.460   0.490E-01      0.00   6.1
   -1   30    15.266   0.481E-01      0.00   6.1
   -1   31    15.052   0.473E-01      0.00   6.1
   -1   32    14.830   0.463E-01      0.00   6.1
   -1   33    14.572   0.454E-01      0.00   6.1
   -1   34    14.310   0.446E-01      0.00   6.1
   -1    1    14.979   0.222E-01    163.48   6.2
   -1    2    15.095   0.224E-01    161.28   6.2
   -1    3    15.410   0.227E-01    154.76   6.2
   -1    4    15.777   0.233E-01    146.52   6.2
   -1    5    16.136   0.243E-01    136.26   6.2
   -1    6    16.511   0.260E-01    124.02   6.2
   -1    7    16.861   0.283E-01    109.05   6.2
   -1    8    17.136   0.307E-01     89.79   6.2
   -1    9    17.451   0.308E-01     67.29   6.2
   -1   10    17.820   0.261E-01      0.00   6.2
   -1   11    18.186   0.178E-01      0.00   6.2
   -1   12    18.551   0.104E-01      0.00   6.2
   -1   13    18.907   0.644E-02      0.00   6.2
   -1   14    19.251   0.483E-02      0.00   6.2
   -1   15    19.610   0.427E-02      0.00   6.2
   -1   16    19.960   0.413E-02      0.00   6.2
   -1   17    20.001   0.399E-02      0.00   6.2
   -1   18    20.368   0.376E-02      0.00   6.2
   -1   19    20.733   0.366E-02      0.00   6.2
   -1   20    21.098   0.381E-02      0.00   6.2
   -1   21    21.467   0.415E-02      0.00   6.2
   -1   22    21.844   0.457E-02      0.00   6.2
   -1   23    22.218   0.501E-02      0.00   6.2
   -1   24    22.602   0.546E-02      0.00   6.2
   -1   25    22.992   0.589E-02      0.00   6.2
   -1   26    23.388   0.629E-02      0.00   6.2
   -1   27    23.788   0.668E-02      0.00   6.2
   -1   28    24.240   0.697E-02      0.00   6.2
   -1   29    24.550   0.693E-02      0.00   6.2
   -1   30    25.072   0.670E-02      0.00   6.2
   -1    1    14.927   0.364E-02      0.00   7.1
   -1    2    14.883   0.366E-02      0.00   7.1
   -1    3    14.754   0.371E-02      0.00   7.1
   -1    4    14.551   0.378E-02      0.00   7.1
   -1    5    14.478   0.384E-02      0.00   7.1
   -1    6    14.087   0.388E-02      0.00   7.1
   -1    7    13.678   0.391E-02      0.00   7.1
   -1    8    13.139   0.393E-02      0.00   7.1
   -1    9    12.407   0.395E-02      0.00   7.1
   -1   10    11.427   0.400E-02      0.00   7.1
   -1   11    10.644   0.407E-02      0.00   7.1
   -1   12     9.748   0.420E-02      0.00   7.1
   -1   13     8.765   0.437E-02      0.00   7.1
   -1   14     8.063   0.460E-02      0.00   7.1
   -1   15     7.314   0.488E-02      0.00   7.1
   -1   16     6.645   0.520E-02      0.00   7.1
   -1   17     5.858   0.551E-02      0.00   7.1
   -1   18     5.486   0.579E-02      0.00   7.1
   -1   19     4.750   0.597E-02      0.00   7.1
   -1   20     4.076   0.602E-02      0.00   7.1
   -1   21     3.718   0.596E-02      0.00   7.1
   -1   22     2.883   0.582E-02      0.00   7.1
   -1   23     2.048   0.567E-02      0.00   7.1
   -1   24     1.056   0.557E-02      0.00   7.1
   -1    3  ***  ray refl. from zero vel. contrast boundary  ***
   -1    4  ***  ray refl. from zero vel. contrast boundary  ***
   -1    5  ***  ray refl. from zero vel. contrast boundary  ***
   -1    6  ***  ray refl. from zero vel. contrast boundary  ***
   -1    7  ***  ray refl. from zero vel. contrast boundary  ***
   -1    8  ***  ray refl. from zero vel. contrast boundary  ***
   -1    9  ***  ray refl. from zero vel. contrast boundary  ***
   -1   10  ***  ray refl. from zero vel. contrast boundary  ***
   -1   11  ***  ray refl. from zero vel. contrast boundary  ***
   -1   12  ***  ray refl. from zero vel. contrast boundary  ***
   -1   13  ***  ray refl. from zero vel. contrast boundary  ***
   -1   14  ***  ray refl. from zero vel. contrast boundary  ***
   -1   15  ***  ray refl. from zero vel. contrast boundary  ***
   -1   16  ***  ray refl. from zero vel. contrast boundary  ***
   -1   17  ***  ray refl. from zero vel. contrast boundary  ***
   -1   18  ***  ray refl. from zero vel. contrast boundary  ***
   -1   19  ***  ray refl. from zero vel. contrast boundary  ***
   -1   20  ***  ray refl. from zero vel. contrast boundary  ***
   -1   21  ***  ray refl. from zero vel. contrast boundary  ***
   -1   22  ***  ray refl. from zero vel. contrast boundary  ***
   -1   23  ***  ray refl. from zero vel. contrast boundary  ***
   -1   24  ***  ray refl. from zero vel. contrast boundary  ***
   -1   25  ***  ray refl. from zero vel. contrast boundary  ***
    1    2  ***  ray refl. from zero vel. contrast boundary  ***
    1    3  ***  ray refl. from zero vel. contrast boundary  ***
    1    4  ***  ray refl. from zero vel. contrast boundary  ***
    1    5  ***  ray refl. from zero vel. contrast boundary  ***
    1    6  ***  ray refl. from zero vel. contrast boundary  ***
    1    7  ***  ray refl. from zero vel. contrast boundary  ***
    1    8  ***  ray refl. from zero vel. contrast boundary  ***
    1    9  ***  ray refl. from zero vel. contrast boundary  ***
    1   10  ***  ray refl. from zero vel. contrast boundary  ***
    1   11  ***  ray refl. from zero vel. contrast boundary  ***
    1   12  ***  ray refl. from zero vel. contrast boundary  ***
    1   13  ***  ray refl. from zero vel. contrast boundary  ***
    1   14  ***  ray refl. from zero vel. contrast boundary  ***
    1   15  ***  ray refl. from zero vel. contrast boundary  ***
    1   16  ***  ray refl. from zero vel. contrast boundary  ***
    1   17  ***  ray refl. from zero vel. contrast boundary  ***
    1   18  ***  ray refl. from zero vel. contrast boundary  ***
    1   19  ***  ray refl. from zero vel. contrast boundary  ***
    1   20  ***  ray refl. from zero vel. contrast boundary  ***
    1   21  ***  ray refl. from zero vel. contrast boundary  ***
    1   22  ***  ray refl. from zero vel. contrast boundary  ***
    1   23  ***  ray refl. from zero vel. contrast boundary  ***
    1   24  ***  ray refl. from zero vel. contrast boundary  ***
    1   25  ***  ray refl. from zero vel. contrast boundary  ***
    1   26  ***  ray refl. from zero vel. contrast boundary  ***
    1   27  ***  ray refl. from zero vel. contrast boundary  ***
    1   28  ***  ray refl. from zero vel. contrast boundary  ***
    1   29  ***  ray refl. from zero vel. contrast boundary  ***
    1   30  ***  ray refl. from zero vel. contrast boundary  ***
    1   31  ***  ray refl. from zero vel. contrast boundary  ***
    1   32  ***  ray refl. from zero vel. contrast boundary  ***
    1   33  ***  ray refl. from zero vel. contrast boundary  ***
    1   34  ***  ray refl. from zero vel. contrast boundary  ***
    1   35  ***  ray refl. from zero vel. contrast boundary  ***
    1   36  ***  ray refl. from zero vel. contrast boundary  ***
    1   37  ***  ray refl. from zero vel. contrast boundary  ***
    1   38  ***  ray refl. from zero vel. contrast boundary  ***
    1   39  ***  ray refl. from zero vel. contrast boundary  ***
    1   40  ***  ray refl. from zero vel. contrast boundary  ***
    1   41  ***  ray refl. from zero vel. contrast boundary  ***
    1   42  ***  ray refl. from zero vel. contrast boundary  ***
    1   43  ***  ray refl. from zero vel. contrast boundary  ***
    1   44  ***  ray refl. from zero vel. contrast boundary  ***
    1   45  ***  ray refl. from zero vel. contrast boundary  ***
    1   46  ***  ray refl. from zero vel. contrast boundary  ***
    1   47  ***  ray refl. from zero vel. contrast boundary  ***
    1   48  ***  ray refl. from zero vel. contrast boundary  ***
    1   49  ***  ray refl. from zero vel. contrast boundary  ***
    1   50  ***  ray refl. from zero vel. contrast boundary  ***
    1   51  ***  ray refl. from zero vel. contrast boundary  ***
    1   52  ***  ray refl. from zero vel. contrast boundary  ***
    1   53  ***  ray refl. from zero vel. contrast boundary  ***
    1   54  ***  ray refl. from zero vel. contrast boundary  ***
    1   55  ***  ray refl. from zero vel. contrast boundary  ***
    1   56  ***  ray refl. from zero vel. contrast boundary  ***
    1   57  ***  ray refl. from zero vel. contrast boundary  ***
    1   58  ***  ray refl. from zero vel. contrast boundary  ***
    1   59  ***  ray refl. from zero vel. contrast boundary  ***
    1   60  ***  ray refl. from zero vel. contrast boundary  ***
    1    5    69.709   0.143E-01     90.00   2.1
    1    6    65.289   0.147E-01     90.00   2.1
    1    7    62.286   0.154E-01     90.00   2.1
    1    8    59.187   0.163E-01     90.00   2.1
    1    9    56.784   0.175E-01     90.00   2.1
    1   10    54.513   0.188E-01     90.00   2.1
    1   11    52.571   0.203E-01     90.00   2.1
    1   12    50.872   0.220E-01     90.00   2.1
    1   13    49.269   0.239E-01     90.00   2.1
    1   14    47.944   0.260E-01     90.00   2.1
    1   15    46.643   0.283E-01     90.00   2.1
    1   16    45.585   0.308E-01     90.00   2.1
    1   17    44.487   0.334E-01     90.00   2.1
    1   18    43.627   0.360E-01     90.00   2.1
    1   19    42.709   0.387E-01     90.00   2.1
    1   20    42.001   0.415E-01     90.00   2.1
    1   21    41.238   0.442E-01     90.00   2.1
    1   22    40.613   0.470E-01     90.00   2.1
    1   23    39.968   0.498E-01     90.00   2.1
    1   24    39.422   0.526E-01     90.00   2.1
    1   25    38.876   0.555E-01     90.00   2.1
    1   26    38.394   0.585E-01     90.00   2.1
    1   27    37.926   0.615E-01     90.00   2.1
    1   28    37.497   0.646E-01     90.00   2.1
    1   29    37.085   0.678E-01     90.00   2.1
    1   30    36.698   0.711E-01     90.00   2.1
    1   31    36.338   0.745E-01     90.00   2.1
    1   32    35.991   0.780E-01     90.00   2.1
    1   33    35.675   0.816E-01     90.00   2.1
    1   34    35.361   0.853E-01     90.00   2.1
    1   35    35.081   0.890E-01     90.00   2.1
    1   36    34.796   0.929E-01     90.00   2.1
    1   37    34.546   0.968E-01     90.00   2.1
    1   38    34.288   0.101E+00     90.00   2.1
    1   39    34.063   0.105E+00     90.00   2.1
    1   40    33.831   0.109E+00     90.00   2.1
    1   41    33.625   0.113E+00     90.00   2.1
    1   42    33.416   0.118E+00     90.00   2.1
    1   43    33.226   0.122E+00     90.00   2.1
    1   44    33.037   0.126E+00     90.00   2.1
    1   45    32.861   0.131E+00     90.00   2.1
    1   46    32.688   0.135E+00     90.00   2.1
    1   47    32.523   0.140E+00     90.00   2.1
    1   48    32.366   0.144E+00     90.00   2.1
    1   49    32.214   0.149E+00     90.00   2.1
    1   50    32.070   0.154E+00     90.00   2.1
    1   51    31.929   0.159E+00     90.00   2.1
    1   52    31.798   0.164E+00     90.00   2.1
    1   53    31.668   0.169E+00     90.00   2.1
    1   54    31.548   0.175E+00     90.00   2.1
    1   55    31.427   0.180E+00     90.00   2.1
    1   56    31.317   0.186E+00     90.00   2.1
    1   57    31.206   0.191E+00     90.00   2.1
    1   58    31.104   0.195E+00     90.00   2.1
    1   59    31.005   0.199E+00     90.00   2.1
    1   60    30.910   0.201E+00     90.00   2.1
    1    1  ***  ray refl. from zero vel. contrast boundary  ***
    1    2  ***  ray refl. from zero vel. contrast boundary  ***
    1    3  ***  ray refl. from zero vel. contrast boundary  ***
    1    4  ***  ray refl. from zero vel. contrast boundary  ***
    1    5  ***  ray refl. from zero vel. contrast boundary  ***
    1    6  ***  ray refl. from zero vel. contrast boundary  ***
    1    7  ***  ray refl. from zero vel. contrast boundary  ***
    1    8  ***  ray refl. from zero vel. contrast boundary  ***
    1    9  ***  ray refl. from zero vel. contrast boundary  ***
    1   10  ***  ray refl. from zero vel. contrast boundary  ***
    1   11  ***  ray refl. from zero vel. contrast boundary  ***
    1   12  ***  ray refl. from zero vel. contrast boundary  ***
    1   13  ***  ray refl. from zero vel. contrast boundary  ***
    1   14  ***  ray refl. from zero vel. contrast boundary  ***
    1   15  ***  ray refl. from zero vel. contrast boundary  ***
    1   16  ***  ray refl. from zero vel. contrast boundary  ***
    1   17  ***  ray refl. from zero vel. contrast boundary  ***
    1   18  ***  ray refl. from zero vel. contrast boundary  ***
    1   19  ***  ray refl. from zero vel. contrast boundary  ***
    1   20  ***  ray refl. from zero vel. contrast boundary  ***
    1   21  ***  ray refl. from zero vel. contrast boundary  ***
    1   22  ***  ray refl. from zero vel. contrast boundary  ***
    1   23  ***  ray refl. from zero vel. contrast boundary  ***
    1   24  ***  ray refl. from zero vel. contrast boundary  ***
    1   25  ***  ray refl. from zero vel. contrast boundary  ***
    1   26  ***  ray refl. from zero vel. contrast boundary  ***
    1   27  ***  ray refl. from zero vel. contrast boundary  ***
    1   28  ***  ray refl. from zero vel. contrast boundary  ***
    1   29  ***  ray refl. from zero vel. contrast boundary  ***
    1   30  ***  ray refl. from zero vel. contrast boundary  ***
    1    1    31.334   0.390E-01      0.00   3.1
    1    2    31.845   0.386E-01      0.00   3.1
    1    3    32.225   0.382E-01      0.00   3.1
    1    4    32.472   0.381E-01      0.00   3.1
    1    5    32.705   0.384E-01      0.00   3.1
    1    6    32.954   0.390E-01      0.00   3.1
    1    7    33.112   0.398E-01      0.00   3.1
    1    8    33.274   0.408E-01      0.00   3.1
    1    9    33.426   0.419E-01      0.00   3.1
    1   10    33.570   0.431E-01      0.00   3.1
    1   11    33.727   0.443E-01      0.00   3.1
    1   12    33.864   0.454E-01      0.00   3.1
    1   13    33.987   0.465E-01      0.00   3.1
    1   14    34.107   0.476E-01      0.00   3.1
    1   15    34.217   0.485E-01      0.00   3.1
    1   16    34.325   0.494E-01      0.00   3.1
    1   17    34.438   0.501E-01      0.00   3.1
    1   18    34.552   0.507E-01      0.00   3.1
    1   19    34.653   0.512E-01      0.00   3.1
    1   20    34.758   0.516E-01      0.00   3.1
    1   21    34.867   0.520E-01      0.00   3.1
    1   22    34.965   0.523E-01      0.00   3.1
    1   23    35.051   0.525E-01      0.00   3.1
    1   24    35.139   0.526E-01      0.00   3.1
    1   25    35.229   0.527E-01      0.00   3.1
    1   26    35.321   0.527E-01      0.00   3.1
    1   27    35.403   0.526E-01      0.00   3.1
    1   28    35.487   0.525E-01      0.00   3.1
    1   29    35.573   0.524E-01      0.00   3.1
    1   30    35.662   0.523E-01      0.00   3.1
    1    1    35.672   0.463E-01   -180.00   3.2
    1    2    32.652   0.582E-01    156.40   3.2
    1    3    31.815   0.783E-01    143.03   3.2
    1    4    31.236   0.995E-01    129.16   3.2
    1    5    30.796   0.116E+00    113.90   3.2
    1    6    30.423   0.128E+00     95.53   3.2
    1    7    30.091   0.130E+00     71.27   3.2
    1    8    29.792   0.114E+00     30.07   3.2
    1    9    29.520   0.823E-01      0.00   3.2
    1   10    29.265   0.520E-01      0.00   3.2
    1   11    29.021   0.347E-01      0.00   3.2
    1   12    28.797   0.271E-01      0.00   3.2
    1   13    28.585   0.234E-01      0.00   3.2
    1   14    28.379   0.215E-01      0.00   3.2
    1   15    28.180   0.207E-01      0.00   3.2
    1   16    27.989   0.206E-01      0.00   3.2
    1   17    27.803   0.210E-01      0.00   3.2
    1   18    27.623   0.218E-01      0.00   3.2
    1   19    27.448   0.228E-01      0.00   3.2
    1   20    27.277   0.240E-01      0.00   3.2
    1   21    27.110   0.254E-01      0.00   3.2
    1   22    26.947   0.268E-01      0.00   3.2
    1   23    26.786   0.283E-01      0.00   3.2
    1   24    26.629   0.297E-01      0.00   3.2
    1   25    26.474   0.312E-01      0.00   3.2
    1   26    26.321   0.326E-01      0.00   3.2
    1   27    26.170   0.340E-01      0.00   3.2
    1   28    26.020   0.352E-01      0.00   3.2
    1   29    25.873   0.364E-01      0.00   3.2
    1   30    25.726   0.374E-01      0.00   3.2
    1   31    25.581   0.383E-01      0.00   3.2
    1   32    25.437   0.391E-01      0.00   3.2
    1   33    25.293   0.397E-01      0.00   3.2
    1   34    25.150   0.402E-01      0.00   3.2
    1   35    25.007   0.404E-01      0.00   3.2
    1    1    29.741   0.506E-02      0.00   4.1
    1    2    31.637   0.896E-02      0.00   4.1
    1    3    32.447   0.141E-01      0.00   4.1
    1    4    33.086   0.184E-01      0.00   4.1
    1    5    33.597   0.216E-01      0.00   4.1
    1    6    34.070   0.237E-01      0.00   4.1
    1    7    34.488   0.251E-01      0.00   4.1
    1    8    34.874   0.260E-01      0.00   4.1
    1    9    35.254   0.267E-01      0.00   4.1
    1   10    35.599   0.272E-01      0.00   4.1
    1   11    35.937   0.278E-01      0.00   4.1
    1   12    36.262   0.283E-01      0.00   4.1
    1   13    36.559   0.287E-01      0.00   4.1
    1   14    36.866   0.290E-01      0.00   4.1
    1   15    37.147   0.293E-01      0.00   4.1
    1   16    37.433   0.296E-01      0.00   4.1
    1   17    37.703   0.297E-01      0.00   4.1
    1   18    37.971   0.299E-01      0.00   4.1
    1   19    38.235   0.300E-01      0.00   4.1
    1   20    38.483   0.301E-01      0.00   4.1
    1   21    38.745   0.302E-01      0.00   4.1
    1   22    38.985   0.303E-01      0.00   4.1
    1   23    39.231   0.303E-01      0.00   4.1
    1   24    39.474   0.304E-01      0.00   4.1
    1   25    39.705   0.305E-01      0.00   4.1
    1   26    39.930   0.305E-01      0.00   4.1
    1   27    40.152   0.304E-01      0.00   4.1
    1   28    40.379   0.303E-01      0.00   4.1
    1   29    40.613   0.301E-01      0.00   4.1
    1   30    40.834   0.300E-01      0.00   4.1
    1    1    40.488   0.157E-01    178.95   4.2
    1    2    39.797   0.160E-01    176.83   4.2
    1    3    38.919   0.167E-01    173.90   4.2
    1    4    38.032   0.182E-01    170.60   4.2
    1    5    37.189   0.208E-01    167.00   4.2
    1    6    36.449   0.247E-01    163.31   4.2
    1    7    35.773   0.298E-01    159.28   4.2
    1    8    35.134   0.352E-01    154.78   4.2
    1    9    34.578   0.402E-01    149.85   4.2
    1   10    34.033   0.449E-01    144.11   4.2
    1   11    33.527   0.497E-01    137.45   4.2
    1   12    33.074   0.546E-01    129.76   4.2
    1   13    32.628   0.598E-01    120.47   4.2
    1   14    32.206   0.653E-01    109.02   4.2
    1   15    31.810   0.706E-01     94.62   4.2
    1   16    31.429   0.724E-01     75.44   4.2
    1   17    31.061   0.654E-01     45.46   4.2
    1   18    30.705   0.494E-01      0.00   4.2
    1   19    30.363   0.327E-01      0.00   4.2
    1   20    30.021   0.219E-01      0.00   4.2
    1   21    29.692   0.166E-01      0.00   4.2
    1   22    29.368   0.140E-01      0.00   4.2
    1   23    29.049   0.129E-01      0.00   4.2
    1   24    28.733   0.126E-01      0.00   4.2
    1   25    28.420   0.128E-01      0.00   4.2
    1   26    28.109   0.134E-01      0.00   4.2
    1   27    27.799   0.144E-01      0.00   4.2
    1   28    27.489   0.155E-01      0.00   4.2
    1   29    27.178   0.167E-01      0.00   4.2
    1   30    26.865   0.180E-01      0.00   4.2
    1   31    26.550   0.193E-01      0.00   4.2
    1   32    26.232   0.205E-01      0.00   4.2
    1   33    25.910   0.215E-01      0.00   4.2
    1   34    25.582   0.222E-01      0.00   4.2
    1   35    25.248   0.227E-01      0.00   4.2
    1    1    30.957   0.421E-03      0.00   5.1
    1    2    31.064   0.668E-03      0.00   5.1
    1    3    31.287   0.112E-02      0.00   5.1
    1    4    31.625   0.167E-02      0.00   5.1
    1    5    31.866   0.222E-02      0.00   5.1
    1    6    32.183   0.275E-02      0.00   5.1
    1    7    32.413   0.330E-02      0.00   5.1
    1    8    32.745   0.390E-02      0.00   5.1
    1    9    33.086   0.454E-02      0.00   5.1
    1   10    33.366   0.520E-02      0.00   5.1
    1   11    33.716   0.584E-02      0.00   5.1
    1   12    34.049   0.643E-02      0.00   5.1
    1   13    34.357   0.694E-02      0.00   5.1
    1   14    34.730   0.738E-02      0.00   5.1
    1   15    35.089   0.779E-02      0.00   5.1
    1   16    35.433   0.818E-02      0.00   5.1
    1   17    35.807   0.855E-02      0.00   5.1
    1   18    36.148   0.886E-02      0.00   5.1
    1   19    36.542   0.908E-02      0.00   5.1
    1   20    36.847   0.918E-02      0.00   5.1
    1   21    37.252   0.928E-02      0.00   5.1
    1   22    37.713   0.945E-02      0.00   5.1
    1   23    38.105   0.971E-02      0.00   5.1
    1   24    38.540   0.100E-01      0.00   5.1
    1   25    38.914   0.103E-01      0.00   5.1
    1   26    39.317   0.106E-01      0.00   5.1
    1   27    39.759   0.109E-01      0.00   5.1
    1   28    40.136   0.111E-01      0.00   5.1
    1   29    40.548   0.113E-01      0.00   5.1
    1   30    40.947   0.114E-01      0.00   5.1
    1    1    40.248   0.702E-02    177.91   5.2
    1    2    38.812   0.774E-02    173.11   5.2
    1    3    37.260   0.981E-02    166.79   5.2
    1    4    35.885   0.142E-01    159.05   5.2
    1    5    34.888   0.212E-01    151.18   5.2
    1    6    34.036   0.289E-01    142.24   5.2
    1    7    33.914   0.341E-01    140.17   5.2
    1    8    33.202   0.371E-01    129.50   5.2
    1    9    32.621   0.412E-01    117.08   5.2
    1   10    32.110   0.475E-01    102.27   5.2
    1   11    31.697   0.521E-01     83.39   5.2
    1   12    31.306   0.501E-01     56.12   5.2
    1   13    30.957   0.401E-01      0.00   5.2
    1   14    30.630   0.271E-01      0.00   5.2
    1   15    30.309   0.173E-01      0.00   5.2
    1   16    30.004   0.117E-01      0.00   5.2
    1   17    29.703   0.878E-02      0.00   5.2
    1   18    29.408   0.706E-02      0.00   5.2
    1   19    29.116   0.603E-02      0.00   5.2
    1   20    28.826   0.548E-02      0.00   5.2
    1   21    28.536   0.527E-02      0.00   5.2
    1   22    28.242   0.534E-02      0.00   5.2
    1   23    27.950   0.563E-02      0.00   5.2
    1   24    27.658   0.612E-02      0.00   5.2
    1   25    27.363   0.665E-02      0.00   5.2
    1   26    27.065   0.687E-02      0.00   5.2
    1   27    26.764   0.704E-02      0.00   5.2
    1   28    25.838   0.795E-02      0.00   5.2
    1   29    25.529   0.924E-02      0.00   5.2
    1   30    25.214   0.991E-02      0.00   5.2
    1    1    31.066   0.253E-02      0.00   6.1
    1    2    31.198   0.458E-02      0.00   6.1
    1    3    31.422   0.778E-02      0.00   6.1
    1    4    31.620   0.111E-01      0.00   6.1
    1    5    31.809   0.141E-01      0.00   6.1
    1    6    31.994   0.169E-01      0.00   6.1
    1    7    32.180   0.198E-01      0.00   6.1
    1    8    32.357   0.229E-01      0.00   6.1
    1    9    32.417   0.263E-01      0.00   6.1
    1   10    32.594   0.301E-01      0.00   6.1
    1   11    32.755   0.340E-01      0.00   6.1
    1   12    32.910   0.376E-01      0.00   6.1
    1   13    33.055   0.407E-01      0.00   6.1
    1   14    33.196   0.432E-01      0.00   6.1
    1   15    33.333   0.453E-01      0.00   6.1
    1   16    33.468   0.470E-01      0.00   6.1
    1   17    33.601   0.485E-01      0.00   6.1
    1   18    33.732   0.498E-01      0.00   6.1
    1   19    33.863   0.508E-01      0.00   6.1
    1   20    33.995   0.516E-01      0.00   6.1
    1   21    34.128   0.522E-01      0.00   6.1
    1   22    34.264   0.526E-01      0.00   6.1
    1   23    34.407   0.530E-01      0.00   6.1
    1   24    34.546   0.538E-01      0.00   6.1
    1   25    34.687   0.548E-01      0.00   6.1
    1   26    34.835   0.556E-01      0.00   6.1
    1   27    34.937   0.556E-01      0.00   6.1
    1   28    35.095   0.544E-01      0.00   6.1
    1   29    35.229   0.522E-01      0.00   6.1
    1   30    35.398   0.496E-01      0.00   6.1
    1   31    35.597   0.472E-01      0.00   6.1
    1   32    35.798   0.452E-01      0.00   6.1
    1   33    36.015   0.435E-01      0.00   6.1
    1   34    36.249   0.421E-01      0.00   6.1
    1   35    36.504   0.413E-01      0.00   6.1
    1    1    36.418   0.143E-01    178.25   6.2
    1    2    36.123   0.145E-01    173.17   6.2
    1    3    35.653   0.149E-01    164.67   6.2
    1    4    35.219   0.158E-01    156.13   6.2
    1    5    34.801   0.175E-01    146.94   6.2
    1    6    34.422   0.201E-01    136.80   6.2
    1    7    34.090   0.233E-01    125.74   6.2
    1    8    33.708   0.265E-01    112.53   6.2
    1    9    33.324   0.291E-01     96.10   6.2
    1   10    32.953   0.303E-01     74.72   6.2
    1   11    32.586   0.269E-01     40.34   6.2
    1   12    32.219   0.185E-01      0.00   6.2
    1   13    31.871   0.109E-01      0.00   6.2
    1   14    31.520   0.703E-02      0.00   6.2
    1   15    31.177   0.523E-02      0.00   6.2
    1   16    30.836   0.422E-02      0.00   6.2
    1   17    30.497   0.372E-02      0.00   6.2
    1   18    30.589   0.387E-02      0.00   6.2
    1   19    30.239   0.356E-02      0.00   6.2
    1   20    29.897   0.333E-02      0.00   6.2
    1   21    29.573   0.329E-02      0.00   6.2
    1   22    29.225   0.339E-02      0.00   6.2
    1   23    28.876   0.358E-02      0.00   6.2
    1   24    28.523   0.385E-02      0.00   6.2
    1   25    28.165   0.420E-02      0.00   6.2
    1   26    27.680   0.465E-02      0.00   6.2
    1   27    27.288   0.511E-02      0.00   6.2
    1   28    26.893   0.553E-02      0.00   6.2
    1   29    26.502   0.591E-02      0.00   6.2
    1   30    26.125   0.615E-02      0.00   6.2
    1    1    32.454   0.227E-03      0.00   7.1
    1    2    33.116   0.417E-03      0.00   7.1
    1    3    33.547   0.740E-03      0.00   7.1
    1    4    34.424   0.115E-02      0.00   7.1
    1    5    35.083   0.165E-02      0.00   7.1
    1    6    35.838   0.220E-02      0.00   7.1
    1    7    36.573   0.275E-02      0.00   7.1
    1    8    37.109   0.319E-02      0.00   7.1
    1    9    37.795   0.347E-02      0.00   7.1
    1   10    38.507   0.366E-02      0.00   7.1
    1   11    39.374   0.386E-02      0.00   7.1
    1   12    40.122   0.410E-02      0.00   7.1
    1   13    40.898   0.433E-02      0.00   7.1
    1   14    41.616   0.451E-02      0.00   7.1
    1   15    42.409   0.459E-02      0.00   7.1
    1   16    43.161   0.460E-02      0.00   7.1
    1   17    43.992   0.455E-02      0.00   7.1
    1   18    44.963   0.450E-02      0.00   7.1
    1   19    45.865   0.447E-02      0.00   7.1
    1   20    46.895   0.447E-02      0.00   7.1
    1   21    47.903   0.448E-02      0.00   7.1
    1   22    48.913   0.446E-02      0.00   7.1
    1   23    49.938   0.440E-02      0.00   7.1
    1   24    51.079   0.431E-02      0.00   7.1
    1   25    52.269   0.426E-02      0.00   7.1
    1   26    53.547   0.427E-02      0.00   7.1
    1   27    54.630   0.425E-02      0.00   7.1
    1   28    55.857   0.418E-02      0.00   7.1
    1   29    57.186   0.411E-02      0.00   7.1
    1   30    58.507   0.407E-02      0.00   7.1
    1    1  ***  ray refl. from zero vel. contrast boundary  ***
    1    2  ***  ray refl. from zero vel. contrast boundary  ***
    1    3  ***  ray refl. from zero vel. contrast boundary  ***
    1    4  ***  ray refl. from zero vel. contrast boundary  ***
    1    5  ***  ray refl. from zero vel. contrast boundary  ***
    1    6  ***  ray refl. from zero vel. contrast boundary  ***
    1    7  ***  ray refl. from zero vel. contrast boundary  ***
    1    8  ***  ray refl. from zero vel. contrast boundary  ***
    1    9  ***  ray refl. from zero vel. contrast boundary  ***
    1   10  ***  ray refl. from zero vel. contrast boundary  ***
    1   11  ***  ray refl. from zero vel. contrast boundary  ***
    1   12  ***  ray refl. from zero vel. contrast boundary  ***
    1   13  ***  ray refl. from zero vel. contrast boundary  ***
    1   14  ***  ray refl. from zero vel. contrast boundary  ***
    1   15  ***  ray refl. from zero vel. contrast boundary  ***
    1   16  ***  ray refl. from zero vel. contrast boundary  ***
    1   17  ***  ray refl. from zero vel. contrast boundary  ***
    1   18  ***  ray refl. from zero vel. contrast boundary  ***
    1   19  ***  ray refl. from zero vel. contrast boundary  ***
    1   20  ***  ray refl. from zero vel. contrast boundary  ***
    1   21  ***  ray refl. from zero vel. contrast boundary  ***
    1   22  ***  ray refl. from zero vel. contrast boundary  ***
    1   23  ***  ray refl. from zero vel. contrast boundary  ***
    1   24  ***  ray refl. from zero vel. contrast boundary  ***
    1   25  ***  ray refl. from zero vel. contrast boundary  ***
    1    1    58.594   0.212E-02      0.00   8.1
    1    2    58.623   0.212E-02      0.00   8.1
    1    3    58.724   0.212E-02      0.00   8.1
    1    4    58.873   0.211E-02      0.00   8.1
    1    5    59.087   0.211E-02      0.00   8.1
    1    6    59.337   0.210E-02      0.00   8.1
    1    7    59.638   0.209E-02      0.00   8.1
    1    8    60.001   0.208E-02      0.00   8.1
    1    9    60.440   0.207E-02      0.00   8.1
    1   10    60.920   0.206E-02      0.00   8.1
    1   11    61.361   0.205E-02      0.00   8.1
    1   12    61.868   0.203E-02      0.00   8.1
    1   13    62.379   0.202E-02      0.00   8.1
    1   14    62.945   0.201E-02      0.00   8.1
    1   15    63.587   0.199E-02      0.00   8.1
    1   16    64.249   0.198E-02      0.00   8.1
    1   17    64.978   0.196E-02      0.00   8.1
    1   18    65.716   0.194E-02      0.00   8.1
    1   19    66.528   0.192E-02      0.00   8.1
    1   20    67.360   0.191E-02      0.00   8.1
    1   21    68.077   0.189E-02      0.00   8.1
    1   22    68.877   0.187E-02      0.00   8.1
    1   23    69.700   0.186E-02      0.00   8.1
