 &PLTPAR
 IPLOT   =           0,
 IMOD    =           1,
 IBND    =           0,
 IDASH   =           0,
 IVEL    =           0,
 IRAY    =           2,
 IRAYS   =           0,
 IRAYPS  =           0,
 IDOT    =           0,
 ITX     =           1,
 IDATA   =           1,
 ISZERO  =           0,
 ITXOUT  =           1,
 ISTEP   =           0,
 IBREAK  = 30*1,
 IDUMP   =           0,
 ISUM    =           1,
 SYMHT   =  0.1000000    ,
 VELHT   =  5.0000001E-02,
 NSKIP   =           0,
 NRSKIP  =           3,
 VRED    =   7.000000    ,
 DVMAX   =  1.0000000E+10,
 DSMAX   =  1.0000000E+10,
 ISEP    =           0,
 IROUTE  =           1,
 ITCOL   =           3,
 IRCOL   =           3,
 MCOL    =           8,          14,           1,           4,          14,
 ITXBOX  =           1,
 ISEG    =           0,
 XWNDOW  =  0.0000000E+00,
 YWNDOW  =  0.0000000E+00,
 COLOUR  =           1,           2,           3,           4,           5,           6,           7,           8,           9,
           10,          11,          12,          13,          14,          15,          16,          17, 3*-1,
 IBCOL   =           0,
 IFCOL   =           6,
 MODOUT  =           0,
 DXMOD   =  0.0000000E+00,
 DZMOD   =  0.0000000E+00,
 MODI    = 25*0,
 FRZ     =  0.0000000E+00,
 XMMIN   =  -999999.0    ,
 XMMAX   =  -999999.0    ,
 XMIN1D  =  -999999.0    ,
 XMAX1D  =  -999999.0    
 /
 &AXEPAR
 IAXLAB  =           1,
 ITREV   =           0,
 ALBHT   =   2.500000    ,
 ORIG    =   15.00000    ,
 SEP     =   15.00000    ,
 XMIN    =  0.0000000E+00,
 XMAX    =   35.00000    ,
 XTMIN   =  0.0000000E+00,
 XTMAX   =   35.00000    ,
 XMM     =   200.0000    ,
 NTICKX  =           0,
 NDECIX  =          -1,
 XMINT   =  0.0000000E+00,
 XMAXT   =   35.00000    ,
 XTMINT  =  0.0000000E+00,
 XTMAXT  =   35.00000    ,
 XMMT    =  -9999.000    ,
 NTCKXT  =          -1,
 NDECXT  =          -2,
 ZMIN    =  0.0000000E+00,
 ZMAX    =   25.00000    ,
 ZTMIN   =  0.0000000E+00,
 ZTMAX   =   25.00000    ,
 ZMM     =   85.00000    ,
 NTICKZ  =           0,
 NDECIZ  =          -1,
 TMIN    =  0.0000000E+00,
 TMAX    =   12.00000    ,
 TTMIN   =  0.0000000E+00,
 TTMAX   =   12.00000    ,
 TMM     =   85.00000    ,
 NTICKT  =           0,
 NDECIT  =          -1
 /
 &TRAPAR
 ISHOT   =          -1, 99*0,
 IRAYSL  =           1,
 IRAYT   = 6000*1,
 ITURN   = 5*0, 25*1,
 ISRCH   =           1,
 ISTOP   =           0,
 IBSMTH  =           0,
 IMODF   =           1,
 XSHOT   =   35.00000    , 99*0.0000000E+00  ,
 ZSHOT   =  4.8999999E-02, 99*-9999.000      ,
 RAY     =   10.10000    ,   11.10000    ,   12.10000    ,   13.10000    ,   14.10000    , 25*0.0000000E+00  ,
 NRAY    = 5*20, 25*-1,
 SPACE   = 5*2.000000       , 25*0.0000000E+00  ,
 AMIN    = 6000*181.0000       ,
 AMAX    = 6000*181.0000       ,
 NSMAX   =          45, 29*-1,
 AAMIN   =  0.1000000    ,
 AAMAX   =   89.00000    ,
 STOL    =  -1.000000    ,
 XSMAX   =  0.0000000E+00,
 STEP    =  3.0000000E-03,
 SMIN    =  -1.000000    ,
 SMAX    =  -1.000000    ,
 NRBND   = 30*0,
 RBND    = 150*0,
 NCBND   = 30*-1,
 CBND    = 150*-99,
 POIS    =  0.5000000    ,  0.4500000    ,  0.4100000    ,  0.3700000    ,  0.3400000    ,  0.3000000    ,
  5*0.2600000      , 14*-99.00000      ,
 POISB   = 50*0,
 POISL   = 50*0,
 POISBL  = 50*-99.00000      ,
 CRIT    =  0.0000000E+00,
 HWS     =   1.000000    ,
 NPBND   =         100,
 NBSMTH  =           0,
 NHRAY   =          30,
 FRBND   = 30*0,
 I2PT    =           1,
 N2PT    =          30,
 X2PT    =  -1.000000    ,
 IFAST   =           1,
 NTAN    =          90,
 IS_ANISOTROPY   =           1,
 ANISOTROPY      = 25*0.0000000E+00  
 /
 &INVPAR
 INVR    =           1,
 IVRAY   =          10,          11,          12,          13,          14, 25*0,
 XIMAX   =  -1.000000    ,
 TTUNC   =  9.9999998E-03,
 VELUNC  =  0.1000000    ,
 BNDUNC  =  0.1000000    
 /
shot  ray i.angle  f.angle   dist     depth red.time  npts code
  -1   1   68.851  -68.813    17.08583    0.00   8.59860   188  10.1
  -1   2   68.850  -68.819    17.14711    0.00   8.59204   187  10.1
  -1   3   68.849  -68.813    17.20780    0.00   8.58555   187  10.1
  -1   4   68.848  -68.810    17.26986    0.00   8.57891   187  10.1
  -1   5   68.847  -68.813    17.33023    0.00   8.57245   186  10.1
  -1   6   68.846  -68.816    17.39297    0.00   8.56574   186  10.1
  -1   7   68.845  -68.813    17.45355    0.00   8.55925   187  10.1
  -1   8   68.844  -68.816    17.51588    0.00   8.55258   185  10.1
  -1   9   68.843  -68.813    17.57832    0.00   8.54590   185  10.1
  -1  10   68.842  -68.815    17.64011    0.00   8.53928   184  10.1
  -1  11   68.841  -68.813    17.70123    0.00   8.53274   184  10.1
  -1  12   68.840  -68.811    17.76256    0.00   8.52617   184  10.1
  -1  13   68.839  -68.813    17.82514    0.00   8.51947   183  10.1
  -1  14   68.838  -68.811    17.88616    0.00   8.51294   183  10.1
  -1  15   68.837  -68.808    17.94926    0.00   8.50618   183  10.1
  -1  16   68.836  -68.810    18.01137    0.00   8.49953   182  10.1
  -1  17   68.835  -68.808    18.07043    0.00   8.49320   182  10.1
  -1  18   68.834  -68.810    18.13605    0.00   8.48617   181  10.1
  -1  19   68.834  -68.808    18.19582    0.00   8.47977   181  10.1
  -1  20   68.833  -68.806    18.25806    0.00   8.47310   181  10.1
  -1  21   68.832  -68.808    18.32000    0.00   8.46647   179  10.1
  -1  22   68.831  -68.806    18.38009    0.00   8.46003   179  10.1
  -1  23   68.830  -68.804    18.44228    0.00   8.45337   179  10.1
  -1  24   68.829  -68.806    18.50419    0.00   8.44673   178  10.1
  -1  25   68.828  -68.803    18.56651    0.00   8.44005   178  10.1
  -1  26   68.827  -68.801    18.62367    0.00   8.43392   178  10.1
  -1  27   68.827  -68.803    18.68684    0.00   8.42715   177  10.1
  -1  28   68.826  -68.801    18.74738    0.00   8.42067   177  10.1
  -1  29   68.825  -68.803    18.80969    0.00   8.41398   176  10.1
  -1  30   68.824  -68.801    18.87047    0.00   8.40747   176  10.1
  -1  31   68.823  -68.799    18.93125    0.00   8.40095   176  10.1
  -1  32   68.822  -68.801    18.99312    0.00   8.39432   175  10.1
  -1  33   68.822  -68.799    19.05525    0.00   8.38766   175  10.1
  -1  34   68.821  -68.797    19.11507    0.00   8.38124   175  10.1
  -1  35   68.820  -68.799    19.17720    0.00   8.37458   174  10.1
  -1  36   68.819  -68.797    19.23799    0.00   8.36806   173  10.1
  -1  37   68.818  -68.795    19.29224    0.00   8.36224   173  10.1
  -1  38   68.818  -68.910    19.36704    0.00   8.35423   173  10.1
  -1  39   68.818  -68.935    19.42232    0.00   8.34838   172  10.1
  -1  40   68.817  -68.912    19.48195    0.00   8.34208   171  10.1
  -1  41   68.816  -68.933    19.54649    0.00   8.33524   171  10.1
  -1  42   68.816  -68.909    19.60467    0.00   8.32909   171  10.1
  -1  43   68.815  -68.935    19.66570    0.00   8.32263   170  10.1
  -1  44   68.814  -68.910    19.72527    0.00   8.31632   170  10.1
  -1  45   68.814  -68.934    19.78880    0.00   8.30960   169  10.1
  -1  46   68.813  -68.909    19.84847    0.00   8.30329   169  10.1
  -1  47   68.813  -68.931    19.91071    0.00   8.29670   169  10.1
  -1  48   68.812  -68.909    19.97040    0.00   8.29039   169  10.1
  -1  49   68.811  -68.929    20.03603    0.00   8.28343   168  10.1
  -1  50   68.811  -68.906    20.09028    0.00   8.27770   169  10.1
  -1  51   68.810  -68.931    20.15428    0.00   8.27092   167  10.1
  -1  52   68.809  -68.904    20.21614    0.00   8.26438   168  10.1
  -1  53   68.809  -68.927    20.28049    0.00   8.25756   167  10.1
  -1  54   68.808  -68.904    20.33810    0.00   8.25146   167  10.1
  -1  55   68.808  -68.903    20.39858    0.00   8.24506   167  10.1
  -1  56   68.807  -68.904    20.45959    0.00   8.23859   166  10.1
  -1  57   68.807  -68.902    20.52076    0.00   8.23212   166  10.1
  -1  58   68.806  -68.901    20.58158    0.00   8.22568   166  10.1
  -1  59   68.806  -68.902    20.64131    0.00   8.21935   165  10.1
  -1  60   68.805  -68.901    20.70033    0.00   8.21310   165  10.1
  -1   1   70.436  -70.344    15.01651    0.00   8.85996   243  11.1
  -1   2   70.433  -70.335    15.08418    0.00   8.85390   241  11.1
  -1   3   70.429  -70.343    15.13027    0.00   8.84976   241  11.1
  -1   4   70.425  -70.334    15.20001    0.00   8.84350   238  11.1
  -1   5   70.422  -70.321    15.25765    0.00   8.83833   237  11.1
  -1   6   70.418  -70.333    15.31939    0.00   8.83278   236  11.1
  -1   7   70.415  -70.320    15.37867    0.00   8.82746   235  11.1
  -1   8   70.411  -70.331    15.44107    0.00   8.82184   233  11.1
  -1   9   70.408  -70.318    15.50066    0.00   8.81648   233  11.1
  -1  10   70.404  -70.306    15.55870    0.00   8.81126   231  11.1
  -1  11   70.401  -70.321    15.63103    0.00   8.80474   229  11.1
  -1  12   70.398  -70.310    15.68859    0.00   8.79956   228  11.1
  -1  13   70.395  -70.300    15.74129    0.00   8.79481   227  11.1
  -1  14   70.393  -70.311    15.80476    0.00   8.78909   226  11.1
  -1  15   70.389  -70.299    15.86479    0.00   8.78367   225  11.1
  -1  16   70.387  -70.288    15.92074    0.00   8.77863   226  11.1
  -1  17   70.384  -70.300    15.98448    0.00   8.77287   224  11.1
  -1  18   70.381  -70.289    16.04439    0.00   8.76747   224  11.1
  -1  19   70.379  -70.301    16.10692    0.00   8.76182   223  11.1
  -1  20   70.376  -70.290    16.16668    0.00   8.75642   221  11.1
  -1  21   70.373  -70.279    16.22674    0.00   8.75100   221  11.1
  -1  22   70.371  -70.292    16.28967    0.00   8.74531   218  11.1
  -1  23   70.369  -70.281    16.35037    0.00   8.73982   217  11.1
  -1  24   70.366  -70.273    16.41776    0.00   8.73373   216  11.1
  -1  25   70.364  -70.284    16.47839    0.00   8.72824   214  11.1
  -1  26   70.362  -70.273    16.54011    0.00   8.72266   213  11.1
  -1  27   70.360  -70.285    16.60701    0.00   8.71660   213  11.1
  -1  28   70.358  -70.277    16.65900    0.00   8.71189   211  11.1
  -1  29   70.356  -70.267    16.71774    0.00   8.70657   210  11.1
  -1  30   70.354  -70.280    16.78093    0.00   8.70084   208  11.1
  -1  31   70.352  -70.273    16.84212    0.00   8.69530   209  11.1
  -1  32   70.350  -70.267    16.90057    0.00   8.69001   208  11.1
  -1  33   70.348  -70.280    16.96361    0.00   8.68429   207  11.1
  -1  34   70.347  -70.270    17.02443    0.00   8.67878   206  11.1
  -1  35   70.345  -70.261    17.08463    0.00   8.67333   206  11.1
  -1  36   70.344  -70.275    17.14695    0.00   8.66767   204  11.1
  -1  37   70.342  -70.265    17.20753    0.00   8.66218   203  11.1
  -1  38   70.340  -70.256    17.26717    0.00   8.65678   203  11.1
  -1  39   70.339  -70.270    17.33045    0.00   8.65104   201  11.1
  -1  40   70.338  -70.261    17.39089    0.00   8.64556   200  11.1
  -1  41   70.336  -70.275    17.45335    0.00   8.63989   199  11.1
  -1  42   70.335  -70.278    17.51562    0.00   8.63424   198  11.1
  -1  43   70.334  -70.269    17.57708    0.00   8.62866   196  11.1
  -1  44   70.332  -70.260    17.63830    0.00   8.62311   197  11.1
  -1  45   70.331  -70.275    17.70057    0.00   8.61746   194  11.1
  -1  46   70.330  -70.266    17.76261    0.00   8.61183   194  11.1
  -1  47   70.329  -70.257    17.82353    0.00   8.60631   193  11.1
  -1  48   70.328  -70.271    17.88622    0.00   8.60061   191  11.1
  -1  49   70.327  -70.263    17.95016    0.00   8.59481   190  11.1
  -1  50   70.326  -70.277    18.01372    0.00   8.58904   188  11.1
  -1  51   70.325  -70.269    18.07302    0.00   8.58366   187  11.1
  -1  52   70.325  -70.262    18.11781    0.00   8.57959   188  11.1
  -1  54   70.325  -70.342    18.29024    0.00   8.56400   186  11.1
  -1  55   70.325  -70.337    18.31989    0.00   8.56134   186  11.1
  -1  56   70.324  -70.330    18.37446    0.00   8.55644   185  11.1
  -1  57   70.324  -70.344    18.44317    0.00   8.55027   183  11.1
  -1  58   70.324  -70.336    18.50407    0.00   8.54480   183  11.1
  -1  59   70.324  -70.351    18.56693    0.00   8.53915   181  11.1
  -1  60   70.323  -70.343    18.62512    0.00   8.53393   181  11.1
  -1  61   70.323  -70.336    18.68104    0.00   8.52890   180  11.1
  -1  62   70.323  -70.350    18.74963    0.00   8.52274   179  11.1
  -1   1   71.211  -71.181     9.33317    0.00   9.32689   323  12.1
  -1   2   71.206  -71.137     9.39313    0.00   9.32206   322  12.1
  -1   3   71.201  -71.158     9.45654    0.00   9.31695   322  12.1
  -1   4   71.198  -71.136     9.51354    0.00   9.31236   322  12.1
  -1   5   71.194  -71.161     9.55055    0.00   9.30937   322  12.1
  -1   6   71.191  -71.131     9.61910    0.00   9.30385   321  12.1
  -1   7   71.187  -71.164     9.67334    0.00   9.29947   319  12.1
  -1   8   71.181  -71.122     9.74794    0.00   9.29345   320  12.1
  -1   9   71.181  -71.118     9.75158    0.00   9.29316   320  12.1
  -1  10   71.181  -71.217     9.94965    0.00   9.27720   317  12.1
  -1  12   71.179  -71.204     9.99140    0.00   9.27386   316  12.1
  -1  13   71.175  -71.175    10.04149    0.00   9.26986   318  12.1
  -1  14   71.172  -71.205    10.11408    0.00   9.26404   316  12.1
  -1  15   71.169  -71.195    10.15881    0.00   9.26046   316  12.1
  -1  16   71.167  -71.235    10.23033    0.00   9.25474   316  12.1
  -1  17   71.164  -71.224    10.28126    0.00   9.25068   315  12.1
  -1  18   71.161  -71.213    10.34397    0.00   9.24567   314  12.1
  -1  19   71.158  -71.230    10.41625    0.00   9.23990   311  12.1
  -1  20   71.155  -71.220    10.46095    0.00   9.23633   312  12.1
  -1  21   71.152  -71.209    10.52153    0.00   9.23150   312  12.1
  -1  22   71.149  -71.231    10.58813    0.00   9.22617   310  12.1
  -1  23   71.146  -71.214    10.65554    0.00   9.22079   310  12.1
  -1  24   71.143  -71.202    10.70062    0.00   9.21720   311  12.1
  -1  25   71.140  -71.224    10.76669    0.00   9.21193   309  12.1
  -1  26   71.137  -71.211    10.82865    0.00   9.20697   309  12.1
  -1  27   71.134  -71.225    10.90128    0.00   9.20116   307  12.1
  -1  28   71.131  -71.212    10.94725    0.00   9.19749   308  12.1
  -1  29   71.129  -71.199    11.00792    0.00   9.19264   308  12.1
  -1  30   71.126  -71.218    11.07378    0.00   9.18738   306  12.1
  -1  31   71.124  -71.206    11.13240    0.00   9.18269   305  12.1
  -1  32   71.120  -71.188    11.18251    0.00   9.17869   305  12.1
  -1  33   71.118  -71.207    11.24766    0.00   9.17347   303  12.1
  -1  34   71.116  -71.194    11.30634    0.00   9.16878   304  12.1
  -1  35   71.113  -71.212    11.37157    0.00   9.16356   303  12.1
  -1  36   71.110  -71.208    11.45398    0.00   9.15696   303  12.1
  -1  37   71.108  -71.196    11.49604    0.00   9.15360   303  12.1
  -1  38   71.106  -71.206    11.53749    0.00   9.15027   302  12.1
  -1  39   71.104  -71.206    11.61145    0.00   9.14435   301  12.1
  -1  40   71.101  -71.188    11.65903    0.00   9.14054   300  12.1
  -1  41   71.098  -71.205    11.73387    0.00   9.13455   297  12.1
  -1  42   71.096  -71.179    11.77913    0.00   9.13092   299  12.1
  -1  43   71.094  -71.198    11.84014    0.00   9.12603   297  12.1
  -1  44   71.092  -71.186    11.90012    0.00   9.12121   296  12.1
  -1  45   71.090  -71.174    11.95180    0.00   9.11707   297  12.1
  -1  46   71.088  -71.193    12.01469    0.00   9.11202   295  12.1
  -1  47   71.085  -71.180    12.07624    0.00   9.10708   295  12.1
  -1  48   71.083  -71.169    12.13638    0.00   9.10225   294  12.1
  -1  49   71.081  -71.187    12.19117    0.00   9.09785   293  12.1
  -1  50   71.079  -71.175    12.25156    0.00   9.09299   293  12.1
  -1  51   71.077  -71.192    12.32101    0.00   9.08741   291  12.1
  -1  52   71.076  -71.182    12.37326    0.00   9.08321   290  12.1
  -1  53   71.074  -71.171    12.42190    0.00   9.07930   291  12.1
  -1  54   71.071  -71.171    12.48763    0.00   9.07401   290  12.1
  -1  55   71.070  -71.159    12.54766    0.00   9.06919   290  12.1
  -1  56   71.068  -71.148    12.60716    0.00   9.06440   289  12.1
  -1  57   71.066  -71.166    12.67139    0.00   9.05923   287  12.1
  -1  58   71.064  -71.153    12.73751    0.00   9.05390   287  12.1
  -1  59   71.062  -71.142    12.78488    0.00   9.05008   286  12.1
  -1  60   71.061  -71.169    12.84627    0.00   9.04513   284  12.1
  -1  61   71.060  -71.154    12.90448    0.00   9.04044   285  12.1
  -1  62   71.058  -71.165    12.97281    0.00   9.03493   284  12.1
  -1  63   71.056  -71.157    13.02201    0.00   9.03096   284  12.1
  -1  64   71.055  -71.154    13.08231    0.00   9.02610   282  12.1
  -1  65   71.053  -71.150    13.14310    0.00   9.02120   281  12.1
  -1  66   71.052  -71.150    13.19692    0.00   9.01686   280  12.1
  -1  67   71.050  -71.155    13.28472    0.00   9.00977   279  12.1
  -1  68   71.049  -71.153    13.33175    0.00   9.00597   279  12.1
  -1  69   71.046  -71.135    13.38833    0.00   9.00139   278  12.1
  -1  70   71.045  -71.132    13.44666    0.00   8.99668   277  12.1
  -1  71   71.043  -71.129    13.50455    0.00   8.99199   277  12.1
  -1  72   71.042  -71.137    13.58480    0.00   8.98548   276  12.1
  -1  73   71.041  -71.136    13.62882    0.00   8.98192   276  12.1
  -1  74   71.039  -71.131    13.69040    0.00   8.97693   275  12.1
  -1  75   71.038  -71.128    13.74814    0.00   8.97225   275  12.1
  -1  76   71.037  -71.123    13.80321    0.00   8.96778   274  12.1
  -1  77   71.036  -71.118    13.86504    0.00   8.96276   273  12.1
  -1  78   71.035  -71.112    13.92700    0.00   8.95774   272  12.1
  -1  79   71.033  -71.120    13.99727    0.00   8.95203   271  12.1
  -1  80   71.032  -71.119    14.05123    0.00   8.94764   270  12.1
  -1  81   71.031  -71.114    14.11115    0.00   8.94277   270  12.1
  -1  82   71.030  -71.110    14.16991    0.00   8.93800   269  12.1
  -1  83   71.029  -71.074    14.22627    0.00   8.93342   270  12.1
  -1  84   71.028  -71.111    14.31330    0.00   8.92633   267  12.1
  -1  85   71.027  -71.068    14.33214    0.00   8.92480   269  12.1
  -1  86   71.026  -71.076    14.41041    0.00   8.91842   267  12.1
  -1  87   71.025  -71.072    14.46855    0.00   8.91369   266  12.1
  -1  88   71.024  -71.067    14.52818    0.00   8.90883   265  12.1
  -1  89   71.023  -71.014    14.59191    0.00   8.90368   264  12.1
  -1  90   71.022  -71.018    14.65628    0.00   8.89838   262  12.1
  -1  91   71.021  -71.020    14.72991    0.00   8.89231   260  12.1
  -1  92   71.020  -70.997    14.75964    0.00   8.88987   262  12.1
  -1  93   71.020  -71.014    14.82242    0.00   8.88469   260  12.1
  -1  94   71.019  -71.012    14.90252    0.00   8.87809   259  12.1
  -1  95   71.019  -71.002    14.95504    0.00   8.87378   258  12.1
  -1   1   77.634  -77.323     6.99426    0.00   8.68914   235  13.1
  -1   2   77.634  -77.323     6.99635    0.00   8.68912   235  13.1
  -1   3   77.633  -77.322     7.05696    0.00   8.68857   235  13.1
  -1   4   77.633  -77.324     7.11601    0.00   8.68801   234  13.1
  -1   5   77.633  -77.324     7.17665    0.00   8.68744   234  13.1
  -1   6   77.633  -77.323     7.22806    0.00   8.68697   234  13.1
  -1   7   77.633  -77.329     7.28838    0.00   8.68641   234  13.1
  -1   8   77.632  -77.328     7.35023    0.00   8.68584   234  13.1
  -1   9   77.632  -77.327     7.40982    0.00   8.68528   234  13.1
  -1  10   77.632  -77.327     7.46857    0.00   8.68474   234  13.1
  -1  11   77.632  -77.329     7.52491    0.00   8.68421   233  13.1
  -1  12   77.632  -77.328     7.58750    0.00   8.68363   233  13.1
  -1  13   77.631  -77.327     7.64581    0.00   8.68309   233  13.1
  -1  14   77.631  -77.326     7.70391    0.00   8.68255   233  13.1
  -1  15   77.631  -77.325     7.75850    0.00   8.68204   233  13.1
  -1  16   77.631  -77.325     7.81957    0.00   8.68148   233  13.1
  -1  17   77.631  -77.324     7.87842    0.00   8.68093   233  13.1
  -1  18   77.630  -77.326     7.93740    0.00   8.68038   232  13.1
  -1  19   77.630  -77.325     7.99237    0.00   8.67987   232  13.1
  -1  20   77.630  -77.324     8.05541    0.00   8.67929   232  13.1
  -1  21   77.630  -77.323     8.10987    0.00   8.67878   232  13.1
  -1  22   77.630  -77.322     8.16508    0.00   8.67826   232  13.1
  -1  23   77.629  -77.322     8.22329    0.00   8.67772   232  13.1
  -1  24   77.629  -77.318     8.28745    0.00   8.67711   233  13.1
  -1  25   77.629  -77.320     8.33874    0.00   8.67664   232  13.1
  -1  26   77.629  -77.320     8.39605    0.00   8.67611   232  13.1
  -1  27   77.629  -77.319     8.46182    0.00   8.67549   232  13.1
  -1  28   77.628  -77.318     8.51340    0.00   8.67501   232  13.1
  -1  29   77.628  -77.317     8.57229    0.00   8.67446   232  13.1
  -1  30   77.628  -77.316     8.63120    0.00   8.67391   232  13.1
  -1  31   77.628  -77.315     8.68892    0.00   8.67336   233  13.1
  -1  32   77.628  -77.317     8.74664    0.00   8.67282   231  13.1
  -1  33   77.628  -77.317     8.80652    0.00   8.67227   232  13.1
  -1  34   77.627  -77.315     8.86559    0.00   8.67171   232  13.1
  -1  35   77.627  -77.314     8.92398    0.00   8.67116   231  13.1
  -1  36   77.627  -77.313     8.98139    0.00   8.67062   231  13.1
  -1  37   77.627  -77.312     9.03534    0.00   8.67012   232  13.1
  -1  38   77.627  -77.311     9.10072    0.00   8.66951   232  13.1
  -1  39   77.626  -77.310     9.15622    0.00   8.66899   231  13.1
  -1  40   77.626  -77.312     9.21519    0.00   8.66843   231  13.1
  -1  41   77.626  -77.310     9.27137    0.00   8.66790   231  13.1
  -1  42   77.626  -77.309     9.33590    0.00   8.66729   231  13.1
  -1  43   77.626  -77.307     9.39266    0.00   8.66677   230  13.1
  -1  44   77.625  -77.307     9.45245    0.00   8.66620   231  13.1
  -1  45   77.625  -77.305     9.51037    0.00   8.66565   231  13.1
  -1  46   77.625  -77.303     9.56576    0.00   8.66513   230  13.1
  -1  47   77.625  -77.304     9.62569    0.00   8.66456   229  13.1
  -1  48   77.625  -77.303     9.68717    0.00   8.66398   230  13.1
  -1  49   77.625  -77.301     9.74679    0.00   8.66341   230  13.1
  -1  50   77.624  -77.299     9.80535    0.00   8.66286   229  13.1
  -1  51   77.624  -77.293     9.86549    0.00   8.66229   230  13.1
  -1  52   77.624  -77.291     9.92648    0.00   8.66171   230  13.1
  -1  53   77.624  -77.289     9.98462    0.00   8.66115   230  13.1
  -1  54   77.624  -77.290    10.04489    0.00   8.66057   230  13.1
  -1  55   77.623  -77.289    10.10656    0.00   8.65998   229  13.1
  -1  56   77.623  -77.287    10.16543    0.00   8.65941   230  13.1
  -1  57   77.623  -77.294    10.22483    0.00   8.65884   229  13.1
  -1  58   77.623  -77.290    10.28593    0.00   8.65825   229  13.1
  -1  59   77.623  -77.289    10.34645    0.00   8.65768   228  13.1
  -1  60   77.623  -77.288    10.40552    0.00   8.65710   229  13.1
  -1  61   77.622  -77.297    10.46550    0.00   8.65653   227  13.1
  -1  62   77.622  -77.296    10.52697    0.00   8.65594   227  13.1
  -1  63   77.622  -77.295    10.58848    0.00   8.65535   227  13.1
  -1  64   77.622  -77.294    10.64633    0.00   8.65479   227  13.1
  -1  65   77.622  -77.296    10.70576    0.00   8.65422   226  13.1
  -1  66   77.622  -77.294    10.76721    0.00   8.65363   226  13.1
  -1  67   77.621  -77.293    10.82655    0.00   8.65307   226  13.1
  -1  68   77.621  -77.292    10.88889    0.00   8.65246   226  13.1
  -1  69   77.621  -77.247    10.94620    0.00   8.65189   226  13.1
  -1  70   77.621  -77.246    11.00550    0.00   8.65129   226  13.1
  -1  71   77.621  -77.247    11.07128    0.00   8.65062   225  13.1
  -1  72   77.620  -77.246    11.13368    0.00   8.64998   224  13.1
  -1  73   77.620  -77.245    11.19287    0.00   8.64937   224  13.1
  -1  74   77.620  -77.244    11.25000    0.00   8.64879   224  13.1
  -1  75   77.620  -77.243    11.31092    0.00   8.64816   224  13.1
  -1  76   77.620  -77.243    11.37323    0.00   8.64752   224  13.1
  -1  77   77.620  -77.242    11.42748    0.00   8.64697   224  13.1
  -1  78   77.619  -77.244    11.49036    0.00   8.64633   223  13.1
  -1  79   77.619  -77.243    11.54762    0.00   8.64573   223  13.1
  -1  80   77.619  -77.242    11.61063    0.00   8.64509   223  13.1
  -1  81   77.619  -77.242    11.66401    0.00   8.64454   223  13.1
  -1  82   77.619  -77.241    11.72207    0.00   8.64395   223  13.1
  -1  83   77.619  -77.240    11.78040    0.00   8.64335   223  13.1
  -1  84   77.618  -77.240    11.83813    0.00   8.64275   224  13.1
  -1  85   77.618  -77.241    11.90122    0.00   8.64211   224  13.1
  -1  86   77.618  -77.242    11.95724    0.00   8.64153   223  13.1
  -1  87   77.618  -77.242    12.01339    0.00   8.64095   223  13.1
  -1  88   77.618  -77.241    12.07442    0.00   8.64033   223  13.1
  -1  89   77.618  -77.240    12.13187    0.00   8.63975   223  13.1
  -1  90   77.618  -77.240    12.19222    0.00   8.63913   223  13.1
  -1  91   77.617  -77.239    12.25406    0.00   8.63849   223  13.1
  -1  92   77.617  -77.238    12.31095    0.00   8.63791   223  13.1
  -1  93   77.617  -77.240    12.37250    0.00   8.63728   222  13.1
  -1  94   77.617  -77.239    12.43016    0.00   8.63669   222  13.1
  -1  95   77.617  -77.239    12.49431    0.00   8.63603   222  13.1
  -1  96   77.617  -77.238    12.55104    0.00   8.63545   222  13.1
  -1  97   77.616  -77.238    12.60759    0.00   8.63487   222  13.1
  -1  98   77.616  -77.237    12.66945    0.00   8.63423   222  13.1
  -1  99   77.616  -77.236    12.73050    0.00   8.63361   222  13.1
  -1 100   77.616  -77.238    12.79140    0.00   8.63298   220  13.1
  -1 101   77.616  -77.237    12.84713    0.00   8.63241   220  13.1
  -1 102   77.616  -77.236    12.90862    0.00   8.63178   220  13.1
  -1 103   77.615  -77.235    12.96782    0.00   8.63118   220  13.1
  -1 104   77.615  -77.235    13.02637    0.00   8.63057   221  13.1
  -1 105   77.615  -77.234    13.08619    0.00   8.62996   221  13.1
  -1 106   77.615  -77.234    13.14552    0.00   8.62934   221  13.1
  -1 107   77.615  -77.233    13.17298    0.00   8.62907   221  13.1
  -1 108   77.615  -77.438    13.29773    0.00   8.62792   221  13.1
  -1 109   77.615  -77.441    13.32758    0.00   8.62768   220  13.1
  -1 110   77.615  -77.441    13.38694    0.00   8.62722   219  13.1
  -1 111   77.615  -77.440    13.44766    0.00   8.62674   219  13.1
  -1 112   77.615  -77.442    13.50580    0.00   8.62629   221  13.1
  -1 113   77.614  -77.458    13.56418    0.00   8.62583   220  13.1
  -1 114   77.614  -77.458    13.63001    0.00   8.62532   219  13.1
  -1 115   77.614  -77.460    13.69352    0.00   8.62483   221  13.1
  -1 116   77.614  -77.459    13.74394    0.00   8.62444   219  13.1
  -1 117   77.614  -77.459    13.80892    0.00   8.62395   219  13.1
  -1 118   77.614  -77.461    13.86684    0.00   8.62350   220  13.1
  -1 119   77.614  -77.461    13.93117    0.00   8.62301   219  13.1
  -1 120   77.614  -77.463    13.98617    0.00   8.62259   218  13.1
  -1 121   77.614  -77.464    14.04923    0.00   8.62212   219  13.1
  -1 122   77.614  -77.465    14.11443    0.00   8.62162   218  13.1
  -1 123   77.613  -77.465    14.16905    0.00   8.62120   218  13.1
  -1 124   77.613  -77.466    14.23103    0.00   8.62073   219  13.1
  -1 125   77.613  -77.465    14.29339    0.00   8.62027   220  13.1
  -1 126   77.613  -77.465    14.34940    0.00   8.61984   219  13.1
  -1 127   77.613  -77.467    14.40966    0.00   8.61938   218  13.1
  -1 128   77.613  -77.468    14.46984    0.00   8.61893   218  13.1
  -1 129   77.613  -77.470    14.53267    0.00   8.61846   218  13.1
  -1 130   77.613  -77.471    14.59460    0.00   8.61799   217  13.1
  -1 131   77.613  -77.473    14.65193    0.00   8.61757   218  13.1
  -1 132   77.613  -77.474    14.71271    0.00   8.61712   218  13.1
  -1 133   77.612  -77.490    14.77653    0.00   8.61665   218  13.1
  -1 134   77.612  -77.494    14.83365    0.00   8.61623   217  13.1
  -1 135   77.612  -77.497    14.89945    0.00   8.61576   217  13.1
  -1 136   77.612  -77.506    14.95847    0.00   8.61534   216  13.1
  -1 137   77.612  -77.499    15.02054    0.00   8.61490   217  13.1
  -1 138   77.612  -77.499    15.08567    0.00   8.61444   217  13.1
  -1 139   77.612  -77.498    15.13795    0.00   8.61407   216  13.1
  -1 140   77.612  -77.510    15.20538    0.00   8.61360   215  13.1
  -1 141   77.612  -77.509    15.25529    0.00   8.61324   215  13.1
  -1 142   77.612  -77.509    15.32397    0.00   8.61276   214  13.1
  -1 143   77.612  -77.508    15.38488    0.00   8.61233   214  13.1
  -1 144   77.611  -77.507    15.44387    0.00   8.61191   214  13.1
  -1 145   77.611  -77.506    15.50189    0.00   8.61150   214  13.1
  -1 146   77.611  -77.505    15.56421    0.00   8.61105   214  13.1
  -1 147   77.611  -77.504    15.62047    0.00   8.61066   214  13.1
  -1 148   77.611  -77.504    15.68319    0.00   8.61021   213  13.1
  -1 149   77.611  -77.503    15.74579    0.00   8.60977   213  13.1
  -1 150   77.611  -77.502    15.80094    0.00   8.60938   213  13.1
  -1 151   77.611  -77.501    15.86595    0.00   8.60892   213  13.1
  -1 152   77.611  -77.500    15.92622    0.00   8.60849   213  13.1
  -1 153   77.611  -77.499    15.98343    0.00   8.60808   213  13.1
  -1 154   77.611  -77.498    16.04875    0.00   8.60762   213  13.1
  -1 155   77.611  -77.497    16.10760    0.00   8.60721   213  13.1
  -1 156   77.610  -77.498    16.16254    0.00   8.60682   212  13.1
  -1 157   77.610  -77.498    16.22977    0.00   8.60634   212  13.1
  -1 158   77.610  -77.497    16.29185    0.00   8.60590   212  13.1
  -1 159   77.610  -77.497    16.35015    0.00   8.60549   212  13.1
  -1 160   77.610  -77.496    16.41817    0.00   8.60500   212  13.1
  -1 161   77.610  -77.495    16.48185    0.00   8.60455   212  13.1
  -1 162   77.610  -77.495    16.53356    0.00   8.60419   212  13.1
  -1 163   77.610  -77.496    16.59477    0.00   8.60375   211  13.1
  -1 164   77.610  -77.495    16.65353    0.00   8.60333   211  13.1
  -1 165   77.610  -77.495    16.72019    0.00   8.60286   211  13.1
  -1 166   77.610  -77.494    16.78148    0.00   8.60243   211  13.1
  -1 167   77.610  -77.493    16.84124    0.00   8.60200   211  13.1
  -1   1   79.622  -79.491     0.63297    0.00   9.08516   282  14.1
  -1   2   79.621  -79.490     0.65613    0.00   9.08555   280  14.1
  -1   3   79.621  -79.482     0.71327    0.00   9.08649   282  14.1
  -1   4   79.621  -79.461     0.76620    0.00   9.08733   279  14.1
  -1   5   79.620  -79.458     0.82618    0.00   9.08829   281  14.1
  -1   6   79.620  -79.458     0.88426    0.00   9.08922   279  14.1
  -1   7   79.619  -79.456     0.93921    0.00   9.09010   278  14.1
  -1   8   79.619  -79.455     0.99206    0.00   9.09095   279  14.1
  -1   9   79.619  -79.459     1.05896    0.00   9.09202   279  14.1
  -1  10   79.618  -79.455     1.11148    0.00   9.09286   278  14.1
  -1  11   79.618  -79.451     1.17074    0.00   9.09381   277  14.1
  -1  12   79.618  -79.448     1.23312    0.00   9.09481   277  14.1
  -1  13   79.617  -79.444     1.28274    0.00   9.09560   277  14.1
  -1  14   79.617  -79.441     1.34053    0.00   9.09652   276  14.1
  -1  15   79.617  -79.460     1.39951    0.00   9.09746   274  14.1
  -1  16   79.616  -79.456     1.45493    0.00   9.09835   276  14.1
  -1  17   79.616  -79.454     1.51190    0.00   9.09926   274  14.1
  -1  18   79.616  -79.450     1.56938    0.00   9.10019   275  14.1
  -1  19   79.615  -79.447     1.62736    0.00   9.10110   274  14.1
  -1  20   79.615  -79.442     1.68660    0.00   9.10205   274  14.1
  -1  21   79.615  -79.438     1.73993    0.00   9.10291   273  14.1
  -1  22   79.615  -79.456     1.79858    0.00   9.10384   272  14.1
  -1  23   79.614  -79.451     1.86036    0.00   9.10483   273  14.1
  -1  24   79.614  -79.449     1.91355    0.00   9.10567   272  14.1
  -1  25   79.614  -79.444     1.97070    0.00   9.10658   271  14.1
  -1  26   79.613  -79.440     2.03079    0.00   9.10753   271  14.1
  -1  27   79.613  -79.416     2.08934    0.00   9.10846   271  14.1
  -1  28   79.613  -79.414     2.15247    0.00   9.10944   271  14.1
  -1  29   79.612  -79.410     2.20237    0.00   9.11023   270  14.1
  -1  30   79.612  -79.427     2.26037    0.00   9.11113   270  14.1
  -1  31   79.612  -79.424     2.31976    0.00   9.11207   269  14.1
  -1  32   79.612  -79.420     2.37588    0.00   9.11294   270  14.1
  -1  33   79.611  -79.417     2.43406    0.00   9.11385   268  14.1
  -1  34   79.611  -79.417     2.48944    0.00   9.11472   268  14.1
  -1  35   79.611  -79.410     2.55017    0.00   9.11567   267  14.1
  -1  36   79.611  -79.406     2.60561    0.00   9.11652   267  14.1
  -1  37   79.610  -79.423     2.66478    0.00   9.11744   267  14.1
  -1  38   79.610  -79.420     2.72256    0.00   9.11836   266  14.1
  -1  39   79.610  -79.416     2.78197    0.00   9.11928   267  14.1
  -1  40   79.610  -79.414     2.83616    0.00   9.12012   265  14.1
  -1  41   79.609  -79.415     2.89780    0.00   9.12108   264  14.1
  -1  42   79.609  -79.413     2.95378    0.00   9.12196   263  14.1
  -1  43   79.609  -79.409     3.00982    0.00   9.12283   264  14.1
  -1  44   79.609  -79.406     3.06132    0.00   9.12363   264  14.1
  -1  45   79.609  -79.424     3.12536    0.00   9.12463   263  14.1
  -1  46   79.608  -79.421     3.18198    0.00   9.12551   263  14.1
  -1  47   79.608  -79.419     3.23943    0.00   9.12641   261  14.1
  -1  48   79.608  -79.416     3.29934    0.00   9.12734   262  14.1
  -1  49   79.608  -79.414     3.35910    0.00   9.12827   261  14.1
  -1  50   79.608  -79.411     3.41851    0.00   9.12920   261  14.1
  -1  51   79.607  -79.409     3.47343    0.00   9.13006   260  14.1
  -1  52   79.607  -79.429     3.52869    0.00   9.13092   258  14.1
  -1  53   79.607  -79.426     3.58798    0.00   9.13185   259  14.1
  -1  54   79.607  -79.425     3.64706    0.00   9.13277   258  14.1
  -1  55   79.607  -79.423     3.70500    0.00   9.13368   258  14.1
  -1  56   79.607  -79.422     3.76284    0.00   9.13458   257  14.1
  -1  57   79.606  -79.421     3.81845    0.00   9.13546   257  14.1
  -1  58   79.606  -79.429     3.87931    0.00   9.13642   258  14.1
  -1  59   79.606  -79.448     3.94551    0.00   9.13746   255  14.1
  -1  60   79.606  -79.447     3.99505    0.00   9.13824   257  14.1
  -1  61   79.606  -79.446     4.05343    0.00   9.13919   257  14.1
  -1  62   79.606  -79.443     4.10589    0.00   9.14002   257  14.1
  -1  63   79.606  -79.441     4.16406    0.00   9.14094   257  14.1
  -1  64   79.606  -79.439     4.22058    0.00   9.14183   255  14.1
  -1  65   79.605  -79.436     4.27678    0.00   9.14274   255  14.1
  -1  66   79.605  -79.434     4.33725    0.00   9.14370   255  14.1
  -1  67   79.605  -79.451     4.40045    0.00   9.14470   255  14.1
  -1  68   79.605  -79.446     4.44861    0.00   9.14547   254  14.1
  -1  69   79.605  -79.444     4.50595    0.00   9.14639   254  14.1
  -1  70   79.605  -79.440     4.56213    0.00   9.14727   254  14.1
  -1  71   79.605  -79.437     4.62097    0.00   9.14820   253  14.1
  -1  72   79.605  -79.434     4.68186    0.00   9.14919   253  14.1
  -1  73   79.605  -79.431     4.73169    0.00   9.14997   252  14.1
  -1  74   79.605  -79.448     4.79684    0.00   9.15101   251  14.1
  -1  75   79.604  -79.446     4.84162    0.00   9.15171   251  14.1
  -1  76   79.604  -79.443     4.90496    0.00   9.15272   251  14.1
  -1  77   79.604  -79.440     4.94689    0.00   9.15339   251  14.1
  -1  78   79.604  -79.437     5.00102    0.00   9.15425   251  14.1
  -1  79   79.604  -79.435     5.05571    0.00   9.15512   250  14.1
  -1  80   79.604  -79.431     5.11132    0.00   9.15600   250  14.1
  -1  81   79.604  -79.429     5.15646    0.00   9.15672   249  14.1
  -1  82   79.604  -79.446     5.22597    0.00   9.15781   247  14.1
  -1  83   79.604  -79.443     5.28362    0.00   9.15873   247  14.1
  -1  84   79.604  -79.441     5.33306    0.00   9.15951   247  14.1
  -1  85   79.604  -79.438     5.38891    0.00   9.16039   247  14.1
  -1  86   79.604  -79.435     5.44428    0.00   9.16129   246  14.1
  -1  87   79.604  -79.432     5.50665    0.00   9.16226   246  14.1
  -1  88   79.604  -79.430     5.54729    0.00   9.16291   246  14.1
  -1  89   79.604  -79.427     5.59068    0.00   9.16361   245  14.1
  -1  90   79.604  -79.445     5.65257    0.00   9.16458   244  14.1
  -1  91   79.604  -79.441     5.72610    0.00   9.16574   243  14.1
  -1  92   79.604  -79.438     5.78259    0.00   9.16664   244  14.1
  -1  93   79.604  -79.436     5.82415    0.00   9.16731   244  14.1
  -1  94   79.604  -79.433     5.88108    0.00   9.16821   244  14.1
  -1  95   79.604  -79.430     5.94587    0.00   9.16924   244  14.1

|----------------------------------------------------------------|
|                                                                |
|  total of  1436 rays consisting of  329667 points were traced  |
|                                                                |
|           model consists of 14 layers and   76 blocks           |
|                                                                |
|----------------------------------------------------------------|

 
Number of data points used:      479
RMS traveltime residual:       0.013
Normalized chi-squared:        0.05558
 
