      0.0000   0   0      0.0000      0.0000
      0.0000   0   0      0.0000      0.0000
      0.0000   0   0      0.0000      0.0000
      0.0000   0   0      0.0000      0.0000
      0.0000   0   0      0.0000      0.0000
      0.0000   0   0      0.0000      0.0000
      0.0000   0   0      0.0000      0.0000
      0.0000   0   0      0.0000      0.0000
      0.0000   0   0      0.0000      0.0000
      0.0000   0   0      0.0000      0.0000
      0.0000   0   0      0.0000      0.0000
      0.0000   0   0      0.0000      0.0000
      0.0000   0   0      0.0000      0.0000
      0.0000   0   0      0.0000      0.0000
      0.0000   0   0      0.0000      0.0000
     35.0000  10   1     17.0860      8.5986
     35.0000  10   1     17.2700      8.5789
     35.0000  10   1     17.4540      8.5592
     35.0000  10   1     17.6400      8.5393
     35.0000  10   1     17.8250      8.5195
     35.0000  10   1     18.0110      8.4995
     35.0000  10   1     18.1970      8.4798
     35.0000  10   1     18.3810      8.4600
     35.0000  10   1     18.5660      8.4400
     35.0000  10   1     18.7480      8.4207
     35.0000  10   1     18.9320      8.4009
     35.0000  10   1     19.1150      8.3812
     35.0000  10   1     19.3000      8.3622
     35.0000  10   1     19.4820      8.3421
     35.0000  10   1     19.6650      8.3226
     35.0000  10   1     19.8480      8.3033
     35.0000  10   1     20.0320      8.2834
     35.0000  10   1     20.2150      8.2644
     35.0000  10   1     20.3980      8.2451
     35.0000  10   1     20.5810      8.2257
     35.0000  11   2     15.0190      8.8600
     35.0000  11   2     15.2010      8.8435
     35.0000  11   2     15.3820      8.8275
     35.0000  11   2     15.5620      8.8113
     35.0000  11   2     15.7430      8.7948
     35.0000  11   2     15.9240      8.7786
     35.0000  11   2     16.1080      8.7618
     35.0000  11   2     16.2910      8.7453
     35.0000  11   2     16.4730      8.7282
     35.0000  11   2     16.6590      8.7119
     35.0000  11   2     16.8430      8.6953
     35.0000  11   2     17.0250      8.6788
     35.0000  11   2     17.2080      8.6622
     35.0000  11   2     17.3930      8.6456
     35.0000  11   2     17.5780      8.6287
     35.0000  11   2     17.7630      8.6118
     35.0000  11   2     17.9500      8.5948
     35.0000  11   2     18.1360      8.5796
     35.0000  11   2     18.3200      8.5613
     35.0000  11   2     18.5040      8.5448
     35.0000  11   2     18.6860      8.5289
     35.0000  12   3      9.3330      9.3269
     35.0000  12   3      9.5100      9.3124
     35.0000  12   3      9.6880      9.2995
     35.0000  12   3      9.8680      9.2772
     35.0000  12   3     10.0460      9.2699
     35.0000  12   3     10.2260      9.2547
     35.0000  12   3     10.4060      9.2399
     35.0000  12   3     10.5870      9.2262
     35.0000  12   3     10.7670      9.2119
     35.0000  12   3     10.9490      9.1975
     35.0000  12   3     11.1310      9.1827
     35.0000  12   3     11.3110      9.1688
     35.0000  12   3     11.4890      9.1536
     35.0000  12   3     11.6650      9.1405
     35.0000  12   3     11.8400      9.1260
     35.0000  12   3     12.0160      9.1120
     35.0000  12   3     12.1930      9.0978
     35.0000  12   3     12.3710      9.0832
     35.0000  12   3     12.5490      9.0692
     35.0000  12   3     12.7280      9.0539
     35.0000  12   3     12.9080      9.0404
     35.0000  12   3     13.0860      9.0261
     35.0000  12   3     13.2660      9.0098
     35.0000  12   3     13.4480      8.9967
     35.0000  12   3     13.6280      8.9819
     35.0000  12   3     13.8080      8.9678
     35.0000  12   3     13.9890      8.9520
     35.0000  12   3     14.1700      8.9380
     35.0000  12   3     14.3510      8.9248
     35.0000  12   3     14.5320      8.9088
     35.0000  12   3     14.7140      8.8923
     35.0000  12   3     14.8970      8.8781
     35.0000  13   4      6.9970      8.6891
     35.0000  13   4      7.1150      8.6880
     35.0000  13   4      7.2900      8.6864
     35.0000  13   4      7.4690      8.6847
     35.0000  13   4      7.6450      8.6831
     35.0000  13   4      7.8210      8.6815
     35.0000  13   4      7.9930      8.6799
     35.0000  13   4      8.1660      8.6783
     35.0000  13   4      8.3410      8.6766
     35.0000  13   4      8.5140      8.6750
     35.0000  13   4      8.6880      8.6734
     35.0000  13   4      8.8650      8.6717
     35.0000  13   4      9.0380      8.6701
     35.0000  13   4      9.2120      8.6684
     35.0000  13   4      9.3920      8.6668
     35.0000  13   4      9.5680      8.6651
     35.0000  13   4      9.7480      8.6634
     35.0000  13   4      9.9260      8.6617
     35.0000  13   4     10.1060      8.6600
     35.0000  13   4     10.2860      8.6583
     35.0000  13   4     10.4660      8.6565
     35.0000  13   4     10.6470      8.6548
     35.0000  13   4     10.8290      8.6531
     35.0000  13   4     11.0100      8.6513
     35.0000  13   4     11.1910      8.6494
     35.0000  13   4     11.3720      8.6475
     35.0000  13   4     11.5480      8.6457
     35.0000  13   4     11.7230      8.6439
     35.0000  13   4     11.9000      8.6421
     35.0000  13   4     12.0760      8.6403
     35.0000  13   4     12.2530      8.6385
     35.0000  13   4     12.4310      8.6367
     35.0000  13   4     12.6090      8.6349
     35.0000  13   4     12.7890      8.6330
     35.0000  13   4     12.9680      8.6312
     35.0000  13   4     13.1460      8.6293
     35.0000  13   4     13.3270      8.6277
     35.0000  13   4     13.5080      8.6263
     35.0000  13   4     13.6890      8.6248
     35.0000  13   4     13.8690      8.6235
     35.0000  13   4     14.0500      8.6221
     35.0000  13   4     14.2310      8.6207
     35.0000  13   4     14.4110      8.6194
     35.0000  13   4     14.5930      8.6180
     35.0000  13   4     14.7750      8.6166
     35.0000  13   4     14.9570      8.6153
     35.0000  13   4     15.1400      8.6141
     35.0000  13   4     15.3210      8.6128
     35.0000  13   4     15.5030      8.6115
     35.0000  13   4     15.6830      8.6102
     35.0000  13   4     15.8650      8.6089
     35.0000  13   4     16.0470      8.6076
     35.0000  13   4     16.2300      8.6063
     35.0000  13   4     16.4150      8.6050
     35.0000  13   4     16.5970      8.6037
     35.0000  13   4     16.7810      8.6024
     35.0000  14   5      0.6320      9.0852
     35.0000  14   5      0.7660      9.0873
     35.0000  14   5      0.9400      9.0901
     35.0000  14   5      1.1120      9.0929
     35.0000  14   5      1.2830      9.0956
     35.0000  14   5      1.4540      9.0984
     35.0000  14   5      1.6270      9.1011
     35.0000  14   5      1.7980      9.1038
     35.0000  14   5      1.9710      9.1066
     35.0000  14   5      2.1460      9.1094
     35.0000  14   5      2.3190      9.1121
     35.0000  14   5      2.4900      9.1147
     35.0000  14   5      2.6660      9.1174
     35.0000  14   5      2.8380      9.1201
     35.0000  14   5      3.0100      9.1228
     35.0000  14   5      3.1830      9.1255
     35.0000  14   5      3.3570      9.1283
     35.0000  14   5      3.5310      9.1309
     35.0000  14   5      3.7050      9.1337
     35.0000  14   5      3.8790      9.1364
     35.0000  14   5      4.0510      9.1392
     35.0000  14   5      4.2240      9.1418
     35.0000  14   5      4.3970      9.1447
     35.0000  14   5      4.5640      9.1473
     35.0000  14   5      4.7310      9.1500
     35.0000  14   5      4.8950      9.1527
     35.0000  14   5      5.0540      9.1551
     35.0000  14   5      5.2220      9.1578
     35.0000  14   5      5.3890      9.1604
     35.0000  14   5      5.5550      9.1629
     35.0000  14   5      5.7170      9.1657
     35.0000  14   5      5.8810      9.1682
