    24.800        -1
     0.000         0
     1.000         0
     2.000         2
 0.15424E+02 0.34097E-01 0.15708E+01
 0.80530E+01 0.56639E-02 0.00000E+00
     3.000         2
 0.14782E+02 0.34712E-01 0.15708E+01
 0.79555E+01 0.58374E-02 0.00000E+00
     4.000         2
 0.14140E+02 0.35614E-01 0.15708E+01
 0.78532E+01 0.60110E-02 0.00000E+00
     5.000         2
 0.13501E+02 0.36796E-01 0.15708E+01
 0.77160E+01 0.59070E-02 0.00000E+00
     6.000         2
 0.12863E+02 0.38259E-01 0.15708E+01
 0.75731E+01 0.54563E-02 0.00000E+00
     7.000         2
 0.12229E+02 0.40077E-01 0.15708E+01
 0.74118E+01 0.50293E-02 0.00000E+00
     8.000         2
 0.11597E+02 0.42518E-01 0.15708E+01
 0.72521E+01 0.46244E-02 0.00000E+00
     9.000         2
 0.10968E+02 0.45564E-01 0.15708E+01
 0.70974E+01 0.43286E-02 0.00000E+00
    10.000         2
 0.10344E+02 0.49476E-01 0.15708E+01
 0.69553E+01 0.41616E-02 0.00000E+00
    11.000         3
 0.97241E+01 0.54663E-01 0.15708E+01
 0.80184E+01 0.37901E-01 0.00000E+00
 0.68281E+01 0.40382E-02 0.00000E+00
    12.000         4
 0.91108E+01 0.61508E-01 0.15708E+01
 0.77042E+01 0.34973E-01 0.00000E+00
 0.77116E+01 0.21198E-01 0.30458E+01
 0.67170E+01 0.39700E-02 0.00000E+00
    13.000         4
 0.85049E+01 0.70259E-01 0.15708E+01
 0.73800E+01 0.33667E-01 0.00000E+00
 0.74030E+01 0.22694E-01 0.29611E+01
 0.66228E+01 0.39333E-02 0.00000E+00
    14.000         4
 0.79085E+01 0.81094E-01 0.15708E+01
 0.70476E+01 0.31438E-01 0.00000E+00
 0.70941E+01 0.26686E-01 0.28609E+01
 0.65367E+01 0.38881E-02 0.00000E+00
    15.000         9
 0.73242E+01 0.94338E-01 0.15708E+01
 0.70048E+01 0.52271E-01 0.00000E+00
 0.70090E+01 0.51264E-01 0.30172E+01
 0.67103E+01 0.28932E-01 0.00000E+00
 0.67888E+01 0.34472E-01 0.27337E+01
 0.66377E+01 0.17645E-01 0.00000E+00
 0.66383E+01 0.15082E-01 0.30457E+01
 0.64587E+01 0.47047E-01 0.00000E+00
 0.64662E+01 0.22262E-01 0.28462E+01
    16.000         9
 0.67558E+01 0.11085E+00 0.15708E+01
 0.65645E+01 0.46229E-01 0.00000E+00
 0.65824E+01 0.55300E-01 0.28806E+01
 0.63688E+01 0.25462E-01 0.00000E+00
 0.64896E+01 0.45813E-01 0.25565E+01
 0.63964E+01 0.14679E-01 0.00000E+00
 0.63997E+01 0.17570E-01 0.28815E+01
 0.63069E+01 0.51441E-01 0.00000E+00
 0.63443E+01 0.23945E-01 0.24462E+01
    17.000         9
 0.62088E+01 0.13306E+00 0.15708E+01
 0.61184E+01 0.37549E-01 0.00000E+00
 0.61559E+01 0.59336E-01 0.27439E+01
 0.60231E+01 0.18277E-01 0.00000E+00
 0.61997E+01 0.57795E-01 0.22806E+01
 0.61534E+01 0.10021E-01 0.00000E+00
 0.61625E+01 0.26671E-01 0.26351E+01
 0.61173E+01 0.49624E-01 0.00000E+00
 0.62237E+01 0.29520E-01 0.17334E+01
    18.000         9
 0.56918E+01 0.16489E+00 0.15708E+01
 0.56692E+01 0.35712E-01 0.00000E+00
 0.57396E+01 0.82306E-01 0.24678E+01
 0.56735E+01 0.10829E-01 0.00000E+00
 0.59219E+01 0.71309E-01 0.17810E+01
 0.59086E+01 0.54916E-02 0.00000E+00
 0.59282E+01 0.47221E-01 0.21939E+01
 0.59131E+01 0.29330E-01 0.00000E+00
 0.61047E+01 0.22038E-01 0.00000E+00
    19.000         6
 0.53401E+01 0.12054E+00 0.19352E+01
 0.53214E+01 0.74140E-02 0.00000E+00
 0.56621E+01 0.60793E-01 0.38416E+00
 0.57014E+01 0.64102E-01 0.11548E+01
 0.57005E+01 0.78754E-02 0.00000E+00
 0.59966E+01 0.60089E-02 0.00000E+00
    20.000         4
 0.49690E+01 0.11036E+00 0.30954E+00
 0.54274E+01 0.20214E-01 0.00000E+00
 0.54922E+01 0.17087E-01 0.00000E+00
 0.59015E+01 0.39973E-02 0.00000E+00
    21.000         4
 0.46395E+01 0.25775E-01 0.00000E+00
 0.52247E+01 0.13003E-01 0.00000E+00
 0.53094E+01 0.61710E-02 0.00000E+00
 0.58192E+01 0.37732E-02 0.00000E+00
    22.000         4
 0.43663E+01 0.21756E-01 0.00000E+00
 0.50613E+01 0.14941E-01 0.00000E+00
 0.51606E+01 0.58242E-02 0.00000E+00
 0.57558E+01 0.47532E-02 0.00000E+00
    23.000         4
 0.41638E+01 0.29492E-01 0.00000E+00
 0.49442E+01 0.18683E-01 0.00000E+00
 0.50539E+01 0.76809E-02 0.00000E+00
 0.57134E+01 0.59032E-02 0.00000E+00
    24.000         4
 0.40448E+01 0.37894E-01 0.00000E+00
 0.48781E+01 0.22409E-01 0.00000E+00
 0.49932E+01 0.94901E-02 0.00000E+00
 0.56951E+01 0.68167E-02 0.00000E+00
    25.000         1
 0.56900E+01 0.67351E-02 0.00000E+00
    26.000         3
 0.40847E+01 0.35386E-01 0.00000E+00
 0.49107E+01 0.21186E-01 0.00000E+00
 0.50252E+01 0.77930E-02 0.00000E+00
    27.000         4
 0.42409E+01 0.26320E-01 0.00000E+00
 0.50083E+01 0.17466E-01 0.00000E+00
 0.51197E+01 0.69100E-02 0.00000E+00
 0.57875E+01 0.54185E-02 0.00000E+00
    28.000         4
 0.44756E+01 0.20595E-01 0.00000E+00
 0.51548E+01 0.13764E-01 0.00000E+00
 0.52637E+01 0.55822E-02 0.00000E+00
 0.58670E+01 0.43563E-02 0.00000E+00
    29.000         4
 0.47757E+01 0.33969E-01 0.00000E+00
 0.53442E+01 0.12848E-01 0.00000E+00
 0.54444E+01 0.58117E-02 0.00000E+00
 0.59666E+01 0.35135E-02 0.00000E+00
    30.000         5
 0.51268E+01 0.12528E+00 0.10245E+01
 0.51249E+01 0.55951E-02 0.00000E+00
 0.55698E+01 0.21541E-01 0.00000E+00
 0.56537E+01 0.11692E-01 0.00000E+00
 0.60834E+01 0.34025E-02 0.00000E+00
    31.000         7
 0.54086E+01 0.19907E+00 0.15708E+01
 0.55147E+01 0.10852E+00 0.21114E+01
 0.54856E+01 0.76509E-02 0.00000E+00
 0.58246E+01 0.62642E-01 0.65746E+00
 0.58242E+01 0.51984E-03 0.00000E+00
 0.58842E+01 0.41284E-01 0.11988E+00
 0.62115E+01 0.47058E-02 0.00000E+00
    32.000         9
 0.58985E+01 0.15641E+00 0.15708E+01
 0.58661E+01 0.38414E-01 0.00000E+00
 0.59269E+01 0.73855E-01 0.25479E+01
 0.58458E+01 0.11246E-01 0.00000E+00
 0.61015E+01 0.68049E-01 0.17720E+01
 0.60879E+01 0.24444E-02 0.00000E+00
 0.61284E+01 0.48714E-01 0.16971E+01
 0.61228E+01 0.16996E-01 0.00000E+00
 0.63491E+01 0.13715E-01 0.00000E+00
    33.000        10
 0.64273E+01 0.12711E+00 0.15708E+01
 0.63222E+01 0.39225E-01 0.00000E+00
 0.63546E+01 0.56851E-01 0.20531E+01
 0.62045E+01 0.17799E-01 0.00000E+00
 0.63945E+01 0.55480E-01 0.22377E+01
 0.63514E+01 0.43810E-02 0.00000E+00
 0.63798E+01 0.38519E-01 0.21849E+01
 0.63562E+01 0.39545E-01 0.00000E+00
 0.64969E+01 0.30145E-01 0.13513E+01
 0.64955E+01 0.38395E-03 0.00000E+00
    34.000        10
 0.69829E+01 0.10611E+00 0.15708E+01
 0.67747E+01 0.46657E-01 0.00000E+00
 0.67901E+01 0.52905E-01 0.10923E+00
 0.65611E+01 0.23421E-01 0.00000E+00
 0.66993E+01 0.45240E-01 0.25076E+01
 0.66145E+01 0.63431E-02 0.00000E+00
 0.66351E+01 0.30458E-01 0.24720E+01
 0.65796E+01 0.51665E-01 0.00000E+00
 0.66527E+01 0.24073E-01 0.21400E+01
 0.66422E+01 0.95374E-03 0.00000E+00
    35.000        10
 0.75577E+01 0.90137E-01 0.15708E+01
 0.72218E+01 0.52349E-01 0.00000E+00
 0.72256E+01 0.48959E-01-0.18347E+01
 0.69151E+01 0.26214E-01 0.00000E+00
 0.70125E+01 0.36382E-01 0.26806E+01
 0.68771E+01 0.76909E-02 0.00000E+00
 0.68912E+01 0.20427E-01 0.26540E+01
 0.67867E+01 0.55153E-01 0.00000E+00
 0.68106E+01 0.16735E-01 0.26410E+01
 0.67858E+01 0.15837E-02 0.00000E+00
    36.000         8
 0.81469E+01 0.77911E-01 0.15708E+01
 0.72661E+01 0.27877E-01 0.00000E+00
 0.73313E+01 0.28061E-01 0.28035E+01
 0.71392E+01 0.87252E-02 0.00000E+00
 0.71483E+01 0.13814E-01 0.27872E+01
 0.69667E+01 0.43657E-01 0.00000E+00
 0.69692E+01 0.14601E-01 0.29835E+01
 0.69277E+01 0.23186E-02 0.00000E+00
    37.000         6
 0.87473E+01 0.68545E-01 0.15708E+01
 0.76135E+01 0.29182E-01 0.00000E+00
 0.76538E+01 0.21761E-01 0.28983E+01
 0.73994E+01 0.92200E-02 0.00000E+00
 0.74047E+01 0.10631E-01 0.28855E+01
 0.70677E+01 0.31004E-02 0.00000E+00
    38.000         6
 0.93562E+01 0.61035E-01 0.15708E+01
 0.79569E+01 0.29901E-01 0.00000E+00
 0.79787E+01 0.18276E-01 0.29751E+01
 0.76572E+01 0.96398E-02 0.00000E+00
 0.76603E+01 0.88217E-02 0.29637E+01
 0.72023E+01 0.35287E-02 0.00000E+00
    39.000         6
 0.99722E+01 0.54862E-01 0.15708E+01
 0.82959E+01 0.30256E-01 0.00000E+00
 0.83050E+01 0.16662E-01 0.30398E+01
 0.79141E+01 0.10378E-01 0.00000E+00
 0.79154E+01 0.76480E-02 0.30323E+01
 0.73360E+01 0.37760E-02 0.00000E+00
    40.000         6
 0.10594E+02 0.49643E-01 0.15708E+01
 0.86298E+01 0.30484E-01 0.00000E+00
 0.86316E+01 0.15920E-01 0.30971E+01
 0.81691E+01 0.11005E-01 0.00000E+00
 0.81693E+01 0.71414E-02 0.30906E+01
 0.74740E+01 0.40627E-02 0.00000E+00
    41.000         2
 0.11220E+02 0.45266E-01 0.15708E+01
 0.76146E+01 0.43583E-02 0.00000E+00
    42.000         2
 0.11850E+02 0.41467E-01 0.15708E+01
 0.77562E+01 0.45485E-02 0.00000E+00
    43.000         2
 0.12483E+02 0.37871E-01 0.15708E+01
 0.78982E+01 0.46001E-02 0.00000E+00
    44.000         2
 0.13119E+02 0.34870E-01 0.15708E+01
 0.80398E+01 0.45524E-02 0.00000E+00
    45.000         2
 0.13757E+02 0.32162E-01 0.15708E+01
 0.81823E+01 0.44998E-02 0.00000E+00
    46.000         2
 0.14397E+02 0.29828E-01 0.15708E+01
 0.83264E+01 0.44727E-02 0.00000E+00
    47.000         2
 0.15040E+02 0.27702E-01 0.15708E+01
 0.84704E+01 0.44701E-02 0.00000E+00
    48.000         2
 0.15683E+02 0.25940E-01 0.15708E+01
 0.86143E+01 0.44758E-02 0.00000E+00
    49.000         2
 0.16328E+02 0.24338E-01 0.15708E+01
 0.87579E+01 0.44567E-02 0.00000E+00
    50.000         2
 0.16974E+02 0.23030E-01 0.15708E+01
 0.88998E+01 0.43916E-02 0.00000E+00
    51.000         2
 0.17621E+02 0.21855E-01 0.15708E+01
 0.90381E+01 0.43148E-02 0.00000E+00
    52.000         2
 0.18269E+02 0.20847E-01 0.15708E+01
 0.91751E+01 0.42727E-02 0.00000E+00
    53.000         2
 0.18918E+02 0.19938E-01 0.15708E+01
 0.93114E+01 0.42641E-02 0.00000E+00
    54.000         2
 0.19568E+02 0.19163E-01 0.15708E+01
 0.94470E+01 0.42601E-02 0.00000E+00
    55.000         2
 0.20218E+02 0.18485E-01 0.15708E+01
 0.95799E+01 0.42320E-02 0.00000E+00
    56.000         2
 0.20869E+02 0.17909E-01 0.15708E+01
 0.97094E+01 0.41763E-02 0.00000E+00
    57.000         2
 0.21520E+02 0.17357E-01 0.15708E+01
 0.98384E+01 0.41182E-02 0.00000E+00
    58.000         2
 0.22172E+02 0.16890E-01 0.15708E+01
 0.99669E+01 0.40826E-02 0.00000E+00
    59.000         2
 0.22824E+02 0.16422E-01 0.15708E+01
 0.10095E+02 0.21101E-02 0.00000E+00
    60.000         2
 0.23477E+02 0.16088E-01 0.15708E+01
 0.10223E+02 0.20821E-02 0.00000E+00
    61.000         2
 0.24131E+02 0.15785E-01 0.15708E+01
 0.10351E+02 0.20566E-02 0.00000E+00
    62.000         2
 0.24784E+02 0.15481E-01 0.15708E+01
 0.10479E+02 0.20306E-02 0.00000E+00
    63.000         2
 0.25438E+02 0.15224E-01 0.15708E+01
 0.10609E+02 0.20052E-02 0.00000E+00
    64.000         2
 0.26092E+02 0.14985E-01 0.15708E+01
 0.10739E+02 0.19814E-02 0.00000E+00
    65.000         2
 0.26746E+02 0.14746E-01 0.15708E+01
 0.10869E+02 0.19582E-02 0.00000E+00
    66.000         2
 0.27401E+02 0.14612E-01 0.15708E+01
 0.10998E+02 0.19351E-02 0.00000E+00
    67.000         2
 0.28056E+02 0.14522E-01 0.15708E+01
 0.11126E+02 0.19134E-02 0.00000E+00
    68.000         2
 0.28711E+02 0.14431E-01 0.15708E+01
 0.11254E+02 0.18905E-02 0.00000E+00
    69.000         2
 0.29367E+02 0.14340E-01 0.15708E+01
 0.11381E+02 0.18709E-02 0.00000E+00
    70.000         0
